[0.603s] Invoking command in '/home/yjh/Doosan/Real_project_ws/Week2/ros2_week2_ws/src/my_package': PYTHONPATH=/home/yjh/Doosan/Real_project_ws/Week2/ros2_week2_ws/build/my_package/prefix_override:/usr/lib/python3/dist-packages/colcon_core/task/python/colcon_distutils_commands:/home/yjh/Doosan/Real_project_ws/Week2/ros2_week2_ws/install/my_package/lib/python3.10/site-packages:${PYTHONPATH} /usr/bin/python3 -W ignore:setup.py install is deprecated setup.py egg_info --egg-base ../../build/my_package build --build-base /home/yjh/Doosan/Real_project_ws/Week2/ros2_week2_ws/build/my_package/build install --record /home/yjh/Doosan/Real_project_ws/Week2/ros2_week2_ws/build/my_package/install.log --single-version-externally-managed install_data
[0.814s] running egg_info
[0.829s] writing ../../build/my_package/my_package.egg-info/PKG-INFO
[0.830s] writing dependency_links to ../../build/my_package/my_package.egg-info/dependency_links.txt
[0.830s] writing entry points to ../../build/my_package/my_package.egg-info/entry_points.txt
[0.830s] writing requirements to ../../build/my_package/my_package.egg-info/requires.txt
[0.830s] writing top-level names to ../../build/my_package/my_package.egg-info/top_level.txt
[0.861s] reading manifest file '../../build/my_package/my_package.egg-info/SOURCES.txt'
[0.862s] writing manifest file '../../build/my_package/my_package.egg-info/SOURCES.txt'
[0.862s] running build
[0.862s] running build_py
[0.863s] copying my_package/data_subscriber.py -> /home/yjh/Doosan/Real_project_ws/Week2/ros2_week2_ws/build/my_package/build/lib/my_package
[0.863s] copying my_package/image_publisher.py -> /home/yjh/Doosan/Real_project_ws/Week2/ros2_week2_ws/build/my_package/build/lib/my_package
[0.863s] copying my_package/__init__.py -> /home/yjh/Doosan/Real_project_ws/Week2/ros2_week2_ws/build/my_package/build/lib/my_package
[0.863s] copying my_package/image_subscriber.py -> /home/yjh/Doosan/Real_project_ws/Week2/ros2_week2_ws/build/my_package/build/lib/my_package
[0.864s] copying my_package/data_publisher.py -> /home/yjh/Doosan/Real_project_ws/Week2/ros2_week2_ws/build/my_package/build/lib/my_package
[0.864s] running install
[0.867s] running install_lib
[0.882s] copying /home/yjh/Doosan/Real_project_ws/Week2/ros2_week2_ws/build/my_package/build/lib/my_package/image_subscriber.py -> /home/yjh/Doosan/Real_project_ws/Week2/ros2_week2_ws/install/my_package/lib/python3.10/site-packages/my_package
[0.883s] byte-compiling /home/yjh/Doosan/Real_project_ws/Week2/ros2_week2_ws/install/my_package/lib/python3.10/site-packages/my_package/image_subscriber.py to image_subscriber.cpython-310.pyc
[0.884s] running install_data
[0.884s] copying resource/my_package -> /home/yjh/Doosan/Real_project_ws/Week2/ros2_week2_ws/install/my_package/share/ament_index/resource_index/packages
[0.884s] copying package.xml -> /home/yjh/Doosan/Real_project_ws/Week2/ros2_week2_ws/install/my_package/share/my_package
[0.885s] running install_egg_info
[0.901s] removing '/home/yjh/Doosan/Real_project_ws/Week2/ros2_week2_ws/install/my_package/lib/python3.10/site-packages/my_package-0.0.0-py3.10.egg-info' (and everything under it)
[0.901s] Copying ../../build/my_package/my_package.egg-info to /home/yjh/Doosan/Real_project_ws/Week2/ros2_week2_ws/install/my_package/lib/python3.10/site-packages/my_package-0.0.0-py3.10.egg-info
[0.901s] running install_scripts
[1.023s] Installing data_publisher script to /home/yjh/Doosan/Real_project_ws/Week2/ros2_week2_ws/install/my_package/lib/my_package
[1.023s] Installing data_subscriber script to /home/yjh/Doosan/Real_project_ws/Week2/ros2_week2_ws/install/my_package/lib/my_package
[1.023s] Installing image_publisher script to /home/yjh/Doosan/Real_project_ws/Week2/ros2_week2_ws/install/my_package/lib/my_package
[1.023s] Installing image_subscriber script to /home/yjh/Doosan/Real_project_ws/Week2/ros2_week2_ws/install/my_package/lib/my_package
[1.023s] writing list of installed files to '/home/yjh/Doosan/Real_project_ws/Week2/ros2_week2_ws/build/my_package/install.log'
[1.044s] Invoked command in '/home/yjh/Doosan/Real_project_ws/Week2/ros2_week2_ws/src/my_package' returned '0': PYTHONPATH=/home/yjh/Doosan/Real_project_ws/Week2/ros2_week2_ws/build/my_package/prefix_override:/usr/lib/python3/dist-packages/colcon_core/task/python/colcon_distutils_commands:/home/yjh/Doosan/Real_project_ws/Week2/ros2_week2_ws/install/my_package/lib/python3.10/site-packages:${PYTHONPATH} /usr/bin/python3 -W ignore:setup.py install is deprecated setup.py egg_info --egg-base ../../build/my_package build --build-base /home/yjh/Doosan/Real_project_ws/Week2/ros2_week2_ws/build/my_package/build install --record /home/yjh/Doosan/Real_project_ws/Week2/ros2_week2_ws/build/my_package/install.log --single-version-externally-managed install_data
