[0.122s] DEBUG:colcon:Command line arguments: ['/usr/bin/colcon', 'list', '-p', '--base-paths', '/home/yjh/Doosan/Real_project_ws/Week4/B5']
[0.122s] DEBUG:colcon:Parsed command line arguments: Namespace(log_base=None, log_level=None, verb_name='list', build_base='build', ignore_user_meta=False, metas=['./colcon.meta'], base_paths=['/home/yjh/Doosan/Real_project_ws/Week4/B5'], packages_ignore=None, packages_ignore_regex=None, paths=None, packages_up_to=None, packages_up_to_regex=None, packages_above=None, packages_above_and_dependencies=None, packages_above_depth=None, packages_select_by_dep=None, packages_skip_by_dep=None, packages_skip_up_to=None, packages_select_build_failed=False, packages_skip_build_finished=False, packages_select_test_failures=False, packages_skip_test_passed=False, packages_select=None, packages_skip=None, packages_select_regex=None, packages_skip_regex=None, packages_start=None, packages_end=None, allow_overriding=[], topological_order=False, names_only=False, paths_only=True, topological_graph=False, topological_graph_dot=False, topological_graph_density=False, topological_graph_legend=False, topological_graph_dot_cluster=False, topological_graph_dot_include_skipped=False, mixin_files=None, mixin=None, verb_parser=<colcon_mixin.mixin.mixin_argument.MixinArgumentDecorator object at 0x7a724596ef20>, verb_extension=<colcon_package_information.verb.list.ListVerb object at 0x7a724596d390>, main=<bound method ListVerb.main of <colcon_package_information.verb.list.ListVerb object at 0x7a724596d390>>, mixin_verb=('list',))
[0.166s] Level 1:colcon.colcon_core.package_discovery:discover_packages(colcon_meta) check parameters
[0.166s] Level 1:colcon.colcon_core.package_discovery:discover_packages(recursive) check parameters
[0.166s] Level 1:colcon.colcon_core.package_discovery:discover_packages(ignore) check parameters
[0.167s] Level 1:colcon.colcon_core.package_discovery:discover_packages(path) check parameters
[0.167s] Level 1:colcon.colcon_core.package_discovery:discover_packages(recursive) discover
[0.167s] INFO:colcon.colcon_core.package_discovery:Crawling recursively for packages in '/home/yjh/Doosan/Real_project_ws/Week4/B5'
[0.167s] Level 1:colcon.colcon_core.package_identification:_identify(/home/yjh/Doosan/Real_project_ws/Week4/B5) by extensions ['ignore', 'ignore_ament_install']
[0.167s] Level 1:colcon.colcon_core.package_identification:_identify(/home/yjh/Doosan/Real_project_ws/Week4/B5) by extension 'ignore'
[0.167s] Level 1:colcon.colcon_core.package_identification:_identify(/home/yjh/Doosan/Real_project_ws/Week4/B5) by extension 'ignore_ament_install'
[0.167s] Level 1:colcon.colcon_core.package_identification:_identify(/home/yjh/Doosan/Real_project_ws/Week4/B5) by extensions ['colcon_pkg']
[0.167s] Level 1:colcon.colcon_core.package_identification:_identify(/home/yjh/Doosan/Real_project_ws/Week4/B5) by extension 'colcon_pkg'
[0.167s] Level 1:colcon.colcon_core.package_identification:_identify(/home/yjh/Doosan/Real_project_ws/Week4/B5) by extensions ['colcon_meta']
[0.167s] Level 1:colcon.colcon_core.package_identification:_identify(/home/yjh/Doosan/Real_project_ws/Week4/B5) by extension 'colcon_meta'
[0.167s] Level 1:colcon.colcon_core.package_identification:_identify(/home/yjh/Doosan/Real_project_ws/Week4/B5) by extensions ['ros']
[0.167s] Level 1:colcon.colcon_core.package_identification:_identify(/home/yjh/Doosan/Real_project_ws/Week4/B5) by extension 'ros'
[0.184s] Level 1:colcon.colcon_core.package_identification:_identify(/home/yjh/Doosan/Real_project_ws/Week4/B5) by extensions ['cmake', 'python']
[0.184s] Level 1:colcon.colcon_core.package_identification:_identify(/home/yjh/Doosan/Real_project_ws/Week4/B5) by extension 'cmake'
[0.185s] Level 1:colcon.colcon_core.package_identification:_identify(/home/yjh/Doosan/Real_project_ws/Week4/B5) by extension 'python'
[0.185s] Level 1:colcon.colcon_core.package_identification:_identify(/home/yjh/Doosan/Real_project_ws/Week4/B5) by extensions ['python_setup_py']
[0.185s] Level 1:colcon.colcon_core.package_identification:_identify(/home/yjh/Doosan/Real_project_ws/Week4/B5) by extension 'python_setup_py'
[0.185s] Level 1:colcon.colcon_core.package_identification:_identify(/home/yjh/Doosan/Real_project_ws/Week4/B5/build) by extensions ['ignore', 'ignore_ament_install']
[0.185s] Level 1:colcon.colcon_core.package_identification:_identify(/home/yjh/Doosan/Real_project_ws/Week4/B5/build) by extension 'ignore'
[0.185s] Level 1:colcon.colcon_core.package_identification:_identify(/home/yjh/Doosan/Real_project_ws/Week4/B5/build) ignored
[0.185s] Level 1:colcon.colcon_core.package_identification:_identify(/home/yjh/Doosan/Real_project_ws/Week4/B5/install) by extensions ['ignore', 'ignore_ament_install']
[0.185s] Level 1:colcon.colcon_core.package_identification:_identify(/home/yjh/Doosan/Real_project_ws/Week4/B5/install) by extension 'ignore'
[0.185s] Level 1:colcon.colcon_core.package_identification:_identify(/home/yjh/Doosan/Real_project_ws/Week4/B5/install) ignored
[0.186s] Level 1:colcon.colcon_core.package_identification:_identify(/home/yjh/Doosan/Real_project_ws/Week4/B5/log) by extensions ['ignore', 'ignore_ament_install']
[0.186s] Level 1:colcon.colcon_core.package_identification:_identify(/home/yjh/Doosan/Real_project_ws/Week4/B5/log) by extension 'ignore'
[0.186s] Level 1:colcon.colcon_core.package_identification:_identify(/home/yjh/Doosan/Real_project_ws/Week4/B5/log) ignored
[0.186s] Level 1:colcon.colcon_core.package_identification:_identify(/home/yjh/Doosan/Real_project_ws/Week4/B5/src) by extensions ['ignore', 'ignore_ament_install']
[0.186s] Level 1:colcon.colcon_core.package_identification:_identify(/home/yjh/Doosan/Real_project_ws/Week4/B5/src) by extension 'ignore'
[0.186s] Level 1:colcon.colcon_core.package_identification:_identify(/home/yjh/Doosan/Real_project_ws/Week4/B5/src) by extension 'ignore_ament_install'
[0.186s] Level 1:colcon.colcon_core.package_identification:_identify(/home/yjh/Doosan/Real_project_ws/Week4/B5/src) by extensions ['colcon_pkg']
[0.186s] Level 1:colcon.colcon_core.package_identification:_identify(/home/yjh/Doosan/Real_project_ws/Week4/B5/src) by extension 'colcon_pkg'
[0.186s] Level 1:colcon.colcon_core.package_identification:_identify(/home/yjh/Doosan/Real_project_ws/Week4/B5/src) by extensions ['colcon_meta']
[0.186s] Level 1:colcon.colcon_core.package_identification:_identify(/home/yjh/Doosan/Real_project_ws/Week4/B5/src) by extension 'colcon_meta'
[0.186s] Level 1:colcon.colcon_core.package_identification:_identify(/home/yjh/Doosan/Real_project_ws/Week4/B5/src) by extensions ['ros']
[0.187s] Level 1:colcon.colcon_core.package_identification:_identify(/home/yjh/Doosan/Real_project_ws/Week4/B5/src) by extension 'ros'
[0.187s] Level 1:colcon.colcon_core.package_identification:_identify(/home/yjh/Doosan/Real_project_ws/Week4/B5/src) by extensions ['cmake', 'python']
[0.187s] Level 1:colcon.colcon_core.package_identification:_identify(/home/yjh/Doosan/Real_project_ws/Week4/B5/src) by extension 'cmake'
[0.187s] Level 1:colcon.colcon_core.package_identification:_identify(/home/yjh/Doosan/Real_project_ws/Week4/B5/src) by extension 'python'
[0.187s] Level 1:colcon.colcon_core.package_identification:_identify(/home/yjh/Doosan/Real_project_ws/Week4/B5/src) by extensions ['python_setup_py']
[0.187s] Level 1:colcon.colcon_core.package_identification:_identify(/home/yjh/Doosan/Real_project_ws/Week4/B5/src) by extension 'python_setup_py'
[0.187s] Level 1:colcon.colcon_core.package_identification:_identify(/home/yjh/Doosan/Real_project_ws/Week4/B5/src/menu_order_interfaces) by extensions ['ignore', 'ignore_ament_install']
[0.187s] Level 1:colcon.colcon_core.package_identification:_identify(/home/yjh/Doosan/Real_project_ws/Week4/B5/src/menu_order_interfaces) by extension 'ignore'
[0.187s] Level 1:colcon.colcon_core.package_identification:_identify(/home/yjh/Doosan/Real_project_ws/Week4/B5/src/menu_order_interfaces) by extension 'ignore_ament_install'
[0.187s] Level 1:colcon.colcon_core.package_identification:_identify(/home/yjh/Doosan/Real_project_ws/Week4/B5/src/menu_order_interfaces) by extensions ['colcon_pkg']
[0.187s] Level 1:colcon.colcon_core.package_identification:_identify(/home/yjh/Doosan/Real_project_ws/Week4/B5/src/menu_order_interfaces) by extension 'colcon_pkg'
[0.187s] Level 1:colcon.colcon_core.package_identification:_identify(/home/yjh/Doosan/Real_project_ws/Week4/B5/src/menu_order_interfaces) by extensions ['colcon_meta']
[0.187s] Level 1:colcon.colcon_core.package_identification:_identify(/home/yjh/Doosan/Real_project_ws/Week4/B5/src/menu_order_interfaces) by extension 'colcon_meta'
[0.188s] Level 1:colcon.colcon_core.package_identification:_identify(/home/yjh/Doosan/Real_project_ws/Week4/B5/src/menu_order_interfaces) by extensions ['ros']
[0.188s] Level 1:colcon.colcon_core.package_identification:_identify(/home/yjh/Doosan/Real_project_ws/Week4/B5/src/menu_order_interfaces) by extension 'ros'
[0.191s] DEBUG:colcon.colcon_core.package_identification:Package '/home/yjh/Doosan/Real_project_ws/Week4/B5/src/menu_order_interfaces' with type 'ros.ament_cmake' and name 'menu_order_interfaces'
[0.191s] Level 1:colcon.colcon_core.package_identification:_identify(/home/yjh/Doosan/Real_project_ws/Week4/B5/src/menu_order_project) by extensions ['ignore', 'ignore_ament_install']
[0.191s] Level 1:colcon.colcon_core.package_identification:_identify(/home/yjh/Doosan/Real_project_ws/Week4/B5/src/menu_order_project) by extension 'ignore'
[0.191s] Level 1:colcon.colcon_core.package_identification:_identify(/home/yjh/Doosan/Real_project_ws/Week4/B5/src/menu_order_project) by extension 'ignore_ament_install'
[0.191s] Level 1:colcon.colcon_core.package_identification:_identify(/home/yjh/Doosan/Real_project_ws/Week4/B5/src/menu_order_project) by extensions ['colcon_pkg']
[0.191s] Level 1:colcon.colcon_core.package_identification:_identify(/home/yjh/Doosan/Real_project_ws/Week4/B5/src/menu_order_project) by extension 'colcon_pkg'
[0.191s] Level 1:colcon.colcon_core.package_identification:_identify(/home/yjh/Doosan/Real_project_ws/Week4/B5/src/menu_order_project) by extensions ['colcon_meta']
[0.191s] Level 1:colcon.colcon_core.package_identification:_identify(/home/yjh/Doosan/Real_project_ws/Week4/B5/src/menu_order_project) by extension 'colcon_meta'
[0.191s] Level 1:colcon.colcon_core.package_identification:_identify(/home/yjh/Doosan/Real_project_ws/Week4/B5/src/menu_order_project) by extensions ['ros']
[0.191s] Level 1:colcon.colcon_core.package_identification:_identify(/home/yjh/Doosan/Real_project_ws/Week4/B5/src/menu_order_project) by extension 'ros'
[0.192s] DEBUG:colcon.colcon_core.package_identification:Package '/home/yjh/Doosan/Real_project_ws/Week4/B5/src/menu_order_project' with type 'ros.ament_python' and name 'menu_order_project'
[0.192s] Level 1:colcon.colcon_core.package_discovery:discover_packages(recursive) using defaults
