[0.588s] Invoking command in '/home/yjh/Doosan/Real_project_ws/Week2/ros2_week2_ws/src/multi_image_package': PYTHONPATH=/home/yjh/Doosan/Real_project_ws/Week2/ros2_week2_ws/build/multi_image_package/prefix_override:/usr/lib/python3/dist-packages/colcon_core/task/python/colcon_distutils_commands:/home/yjh/Doosan/Real_project_ws/Week2/ros2_week2_ws/install/multi_image_package/lib/python3.10/site-packages:${PYTHONPATH} /usr/bin/python3 -W ignore:setup.py install is deprecated setup.py egg_info --egg-base ../../build/multi_image_package build --build-base /home/yjh/Doosan/Real_project_ws/Week2/ros2_week2_ws/build/multi_image_package/build install --record /home/yjh/Doosan/Real_project_ws/Week2/ros2_week2_ws/build/multi_image_package/install.log --single-version-externally-managed install_data
[0.712s] /home/yjh/.local/lib/python3.10/site-packages/setuptools/_distutils/dist.py:261: UserWarning: Unknown distribution option: 'tests_require'
[0.712s]   warnings.warn(msg)
[0.803s] running egg_info
[0.803s] creating ../../build/multi_image_package/multi_image_package.egg-info
[0.817s] writing ../../build/multi_image_package/multi_image_package.egg-info/PKG-INFO
[0.817s] writing dependency_links to ../../build/multi_image_package/multi_image_package.egg-info/dependency_links.txt
[0.818s] writing entry points to ../../build/multi_image_package/multi_image_package.egg-info/entry_points.txt
[0.818s] writing requirements to ../../build/multi_image_package/multi_image_package.egg-info/requires.txt
[0.818s] writing top-level names to ../../build/multi_image_package/multi_image_package.egg-info/top_level.txt
[0.818s] writing manifest file '../../build/multi_image_package/multi_image_package.egg-info/SOURCES.txt'
[0.849s] reading manifest file '../../build/multi_image_package/multi_image_package.egg-info/SOURCES.txt'
[0.850s] writing manifest file '../../build/multi_image_package/multi_image_package.egg-info/SOURCES.txt'
[0.850s] running build
[0.850s] running build_py
[0.850s] creating /home/yjh/Doosan/Real_project_ws/Week2/ros2_week2_ws/build/multi_image_package/build/lib/multi_image_package
[0.850s] copying multi_image_package/__init__.py -> /home/yjh/Doosan/Real_project_ws/Week2/ros2_week2_ws/build/multi_image_package/build/lib/multi_image_package
[0.850s] copying multi_image_package/image_publisher_1.py -> /home/yjh/Doosan/Real_project_ws/Week2/ros2_week2_ws/build/multi_image_package/build/lib/multi_image_package
[0.851s] copying multi_image_package/image_publisher_2.py -> /home/yjh/Doosan/Real_project_ws/Week2/ros2_week2_ws/build/multi_image_package/build/lib/multi_image_package
[0.851s] copying multi_image_package/image_subscriber.py -> /home/yjh/Doosan/Real_project_ws/Week2/ros2_week2_ws/build/multi_image_package/build/lib/multi_image_package
[0.851s] running install
[0.854s] running install_lib
[0.869s] creating /home/yjh/Doosan/Real_project_ws/Week2/ros2_week2_ws/install/multi_image_package/lib/python3.10/site-packages/multi_image_package
[0.870s] copying /home/yjh/Doosan/Real_project_ws/Week2/ros2_week2_ws/build/multi_image_package/build/lib/multi_image_package/__init__.py -> /home/yjh/Doosan/Real_project_ws/Week2/ros2_week2_ws/install/multi_image_package/lib/python3.10/site-packages/multi_image_package
[0.870s] copying /home/yjh/Doosan/Real_project_ws/Week2/ros2_week2_ws/build/multi_image_package/build/lib/multi_image_package/image_publisher_1.py -> /home/yjh/Doosan/Real_project_ws/Week2/ros2_week2_ws/install/multi_image_package/lib/python3.10/site-packages/multi_image_package
[0.870s] copying /home/yjh/Doosan/Real_project_ws/Week2/ros2_week2_ws/build/multi_image_package/build/lib/multi_image_package/image_publisher_2.py -> /home/yjh/Doosan/Real_project_ws/Week2/ros2_week2_ws/install/multi_image_package/lib/python3.10/site-packages/multi_image_package
[0.870s] copying /home/yjh/Doosan/Real_project_ws/Week2/ros2_week2_ws/build/multi_image_package/build/lib/multi_image_package/image_subscriber.py -> /home/yjh/Doosan/Real_project_ws/Week2/ros2_week2_ws/install/multi_image_package/lib/python3.10/site-packages/multi_image_package
[0.870s] byte-compiling /home/yjh/Doosan/Real_project_ws/Week2/ros2_week2_ws/install/multi_image_package/lib/python3.10/site-packages/multi_image_package/__init__.py to __init__.cpython-310.pyc
[0.870s] byte-compiling /home/yjh/Doosan/Real_project_ws/Week2/ros2_week2_ws/install/multi_image_package/lib/python3.10/site-packages/multi_image_package/image_publisher_1.py to image_publisher_1.cpython-310.pyc
[0.871s] byte-compiling /home/yjh/Doosan/Real_project_ws/Week2/ros2_week2_ws/install/multi_image_package/lib/python3.10/site-packages/multi_image_package/image_publisher_2.py to image_publisher_2.cpython-310.pyc
[0.871s] byte-compiling /home/yjh/Doosan/Real_project_ws/Week2/ros2_week2_ws/install/multi_image_package/lib/python3.10/site-packages/multi_image_package/image_subscriber.py to image_subscriber.cpython-310.pyc
[0.871s] running install_data
[0.872s] creating /home/yjh/Doosan/Real_project_ws/Week2/ros2_week2_ws/install/multi_image_package/share/ament_index/resource_index/packages
[0.872s] copying resource/multi_image_package -> /home/yjh/Doosan/Real_project_ws/Week2/ros2_week2_ws/install/multi_image_package/share/ament_index/resource_index/packages
[0.872s] copying package.xml -> /home/yjh/Doosan/Real_project_ws/Week2/ros2_week2_ws/install/multi_image_package/share/multi_image_package
[0.872s] running install_egg_info
[0.888s] Copying ../../build/multi_image_package/multi_image_package.egg-info to /home/yjh/Doosan/Real_project_ws/Week2/ros2_week2_ws/install/multi_image_package/lib/python3.10/site-packages/multi_image_package-0.0.0-py3.10.egg-info
[0.889s] running install_scripts
[1.010s] Installing image_publisher_1 script to /home/yjh/Doosan/Real_project_ws/Week2/ros2_week2_ws/install/multi_image_package/lib/multi_image_package
[1.010s] Installing image_publisher_2 script to /home/yjh/Doosan/Real_project_ws/Week2/ros2_week2_ws/install/multi_image_package/lib/multi_image_package
[1.010s] Installing image_subscriber script to /home/yjh/Doosan/Real_project_ws/Week2/ros2_week2_ws/install/multi_image_package/lib/multi_image_package
[1.010s] writing list of installed files to '/home/yjh/Doosan/Real_project_ws/Week2/ros2_week2_ws/build/multi_image_package/install.log'
[1.029s] Invoked command in '/home/yjh/Doosan/Real_project_ws/Week2/ros2_week2_ws/src/multi_image_package' returned '0': PYTHONPATH=/home/yjh/Doosan/Real_project_ws/Week2/ros2_week2_ws/build/multi_image_package/prefix_override:/usr/lib/python3/dist-packages/colcon_core/task/python/colcon_distutils_commands:/home/yjh/Doosan/Real_project_ws/Week2/ros2_week2_ws/install/multi_image_package/lib/python3.10/site-packages:${PYTHONPATH} /usr/bin/python3 -W ignore:setup.py install is deprecated setup.py egg_info --egg-base ../../build/multi_image_package build --build-base /home/yjh/Doosan/Real_project_ws/Week2/ros2_week2_ws/build/multi_image_package/build install --record /home/yjh/Doosan/Real_project_ws/Week2/ros2_week2_ws/build/multi_image_package/install.log --single-version-externally-managed install_data
