[1.125s] Invoking command in '/home/yjh/Doosan/Real_project_ws/Week2/ros2_week2_ws/src/my_package': PS1=(jun_env) \[\e]0;\u@\h: \w\a\]${debian_chroot:+($debian_chroot)}\[\033[01;32m\]\u@\h\[\033[00m\]:\[\033[01;34m\]\w\[\033[00m\]\$ PYTHONPATH=/home/yjh/Doosan/Real_project_ws/Week2/ros2_week2_ws/build/my_package/prefix_override:/usr/lib/python3/dist-packages/colcon_core/task/python/colcon_distutils_commands:/home/yjh/Doosan/Real_project_ws/Week2/ros2_week2_ws/install/my_package/lib/python3.10/site-packages:${PYTHONPATH} VIRTUAL_ENV_PROMPT=(jun_env) /usr/bin/python3 -W ignore:setup.py install is deprecated setup.py egg_info --egg-base ../../build/my_package build --build-base /home/yjh/Doosan/Real_project_ws/Week2/ros2_week2_ws/build/my_package/build install --record /home/yjh/Doosan/Real_project_ws/Week2/ros2_week2_ws/build/my_package/install.log --single-version-externally-managed install_data
[1.249s] /home/yjh/.local/lib/python3.10/site-packages/setuptools/_distutils/dist.py:261: UserWarning: Unknown distribution option: 'tests_require'
[1.250s]   warnings.warn(msg)
[1.341s] running egg_info
[1.342s] creating ../../build/my_package/my_package.egg-info
[1.357s] writing ../../build/my_package/my_package.egg-info/PKG-INFO
[1.357s] writing dependency_links to ../../build/my_package/my_package.egg-info/dependency_links.txt
[1.357s] writing requirements to ../../build/my_package/my_package.egg-info/requires.txt
[1.357s] writing top-level names to ../../build/my_package/my_package.egg-info/top_level.txt
[1.357s] writing manifest file '../../build/my_package/my_package.egg-info/SOURCES.txt'
[1.387s] reading manifest file '../../build/my_package/my_package.egg-info/SOURCES.txt'
[1.388s] writing manifest file '../../build/my_package/my_package.egg-info/SOURCES.txt'
[1.388s] running build
[1.388s] running build_py
[1.388s] creating /home/yjh/Doosan/Real_project_ws/Week2/ros2_week2_ws/build/my_package/build/lib/my_package
[1.388s] copying my_package/__init__.py -> /home/yjh/Doosan/Real_project_ws/Week2/ros2_week2_ws/build/my_package/build/lib/my_package
[1.388s] running install
[1.392s] running install_lib
[1.406s] creating /home/yjh/Doosan/Real_project_ws/Week2/ros2_week2_ws/install/my_package/lib/python3.10/site-packages/my_package
[1.406s] copying /home/yjh/Doosan/Real_project_ws/Week2/ros2_week2_ws/build/my_package/build/lib/my_package/__init__.py -> /home/yjh/Doosan/Real_project_ws/Week2/ros2_week2_ws/install/my_package/lib/python3.10/site-packages/my_package
[1.406s] byte-compiling /home/yjh/Doosan/Real_project_ws/Week2/ros2_week2_ws/install/my_package/lib/python3.10/site-packages/my_package/__init__.py to __init__.cpython-310.pyc
[1.406s] running install_data
[1.407s] creating /home/yjh/Doosan/Real_project_ws/Week2/ros2_week2_ws/install/my_package/share/ament_index/resource_index/packages
[1.407s] copying resource/my_package -> /home/yjh/Doosan/Real_project_ws/Week2/ros2_week2_ws/install/my_package/share/ament_index/resource_index/packages
[1.407s] copying package.xml -> /home/yjh/Doosan/Real_project_ws/Week2/ros2_week2_ws/install/my_package/share/my_package
[1.407s] running install_egg_info
[1.422s] Copying ../../build/my_package/my_package.egg-info to /home/yjh/Doosan/Real_project_ws/Week2/ros2_week2_ws/install/my_package/lib/python3.10/site-packages/my_package-0.0.0-py3.10.egg-info
[1.423s] running install_scripts
[1.541s] writing list of installed files to '/home/yjh/Doosan/Real_project_ws/Week2/ros2_week2_ws/build/my_package/install.log'
[1.560s] Invoked command in '/home/yjh/Doosan/Real_project_ws/Week2/ros2_week2_ws/src/my_package' returned '0': PS1=(jun_env) \[\e]0;\u@\h: \w\a\]${debian_chroot:+($debian_chroot)}\[\033[01;32m\]\u@\h\[\033[00m\]:\[\033[01;34m\]\w\[\033[00m\]\$ PYTHONPATH=/home/yjh/Doosan/Real_project_ws/Week2/ros2_week2_ws/build/my_package/prefix_override:/usr/lib/python3/dist-packages/colcon_core/task/python/colcon_distutils_commands:/home/yjh/Doosan/Real_project_ws/Week2/ros2_week2_ws/install/my_package/lib/python3.10/site-packages:${PYTHONPATH} VIRTUAL_ENV_PROMPT=(jun_env) /usr/bin/python3 -W ignore:setup.py install is deprecated setup.py egg_info --egg-base ../../build/my_package build --build-base /home/yjh/Doosan/Real_project_ws/Week2/ros2_week2_ws/build/my_package/build install --record /home/yjh/Doosan/Real_project_ws/Week2/ros2_week2_ws/build/my_package/install.log --single-version-externally-managed install_data
