[0.012s] Invoking command in '/home/yjh/Doosan/Real_project_ws/Week4/B5/build/menu_order_interfaces': CMAKE_PREFIX_PATH=${CMAKE_PREFIX_PATH}:/home/yjh/turtlebot3_ws/install/turtlebot3_teleop:/home/yjh/turtlebot3_ws/install/turtlebot3_example:/opt/ros/humble /usr/bin/cmake --build /home/yjh/Doosan/Real_project_ws/Week4/B5/build/menu_order_interfaces -- -j12 -l12
[0.055s] -- Found ament_cmake: 1.3.10 (/opt/ros/humble/share/ament_cmake/cmake)
[0.175s] -- Found rosidl_default_generators: 1.2.0 (/opt/ros/humble/share/rosidl_default_generators/cmake)
[0.179s] -- Using all available rosidl_typesupport_c: rosidl_typesupport_fastrtps_c;rosidl_typesupport_introspection_c
[0.182s] -- Found rosidl_adapter: 3.1.5 (/opt/ros/humble/share/rosidl_adapter/cmake)
[0.220s] -- Using all available rosidl_typesupport_cpp: rosidl_typesupport_fastrtps_cpp;rosidl_typesupport_introspection_cpp
[0.248s] -- Found std_msgs: 4.2.4 (/opt/ros/humble/share/std_msgs/cmake)
[0.528s] -- Found ament_cmake_ros: 0.10.0 (/opt/ros/humble/share/ament_cmake_ros/cmake)
[0.715s] -- Using all available rosidl_typesupport_c: rosidl_typesupport_fastrtps_c;rosidl_typesupport_introspection_c
[0.955s] -- Using all available rosidl_typesupport_cpp: rosidl_typesupport_fastrtps_cpp;rosidl_typesupport_introspection_cpp
[0.975s] -- Found python_cmake_module: 0.10.0 (/opt/ros/humble/share/python_cmake_module/cmake)
[0.995s] -- Using PYTHON_EXECUTABLE: /usr/bin/python3
[0.995s] -- Using PYTHON_INCLUDE_DIRS: /usr/include/python3.10
[0.995s] -- Using PYTHON_LIBRARIES: /usr/lib/x86_64-linux-gnu/libpython3.10.so
[1.024s] -- Found ament_lint_auto: 0.12.11 (/opt/ros/humble/share/ament_lint_auto/cmake)
[1.041s] -- Added test 'lint_cmake' to check CMake code style
[1.043s] -- Added test 'xmllint' to check XML markup files
[1.046s] -- Configuring done
[1.094s] -- Generating done
[1.097s] -- Build files have been written to: /home/yjh/Doosan/Real_project_ws/Week4/B5/build/menu_order_interfaces
[1.125s] [  2%] [34m[1mGenerating C code for ROS interfaces[0m
[1.134s] [  4%] [34m[1mGenerating C++ code for ROS interfaces[0m
[1.148s] [  4%] Built target ament_cmake_python_copy_menu_order_interfaces
[1.365s] running egg_info
[1.384s] writing menu_order_interfaces.egg-info/PKG-INFO
[1.384s] writing dependency_links to menu_order_interfaces.egg-info/dependency_links.txt
[1.384s] writing top-level names to menu_order_interfaces.egg-info/top_level.txt
[1.443s] reading manifest file 'menu_order_interfaces.egg-info/SOURCES.txt'
[1.444s] writing manifest file 'menu_order_interfaces.egg-info/SOURCES.txt'
[1.476s] [  4%] Built target ament_cmake_python_build_menu_order_interfaces_egg
[1.655s] [  4%] Built target menu_order_interfaces__cpp
[1.668s] [  6%] [34m[1mGenerating C++ type support dispatch for ROS interfaces[0m
[1.669s] [  8%] [34m[1mGenerating C++ type support for eProsima Fast-RTPS[0m
[1.675s] [ 10%] [34m[1mGenerating C++ introspection for ROS interfaces[0m
[1.687s] [35m[1mConsolidate compiler generated dependencies of target menu_order_interfaces__rosidl_generator_c[0m
[1.700s] [ 17%] [32mBuilding C object CMakeFiles/menu_order_interfaces__rosidl_generator_c.dir/rosidl_generator_c/menu_order_interfaces/action/detail/serve__functions.c.o[0m
[1.700s] [ 17%] [32mBuilding C object CMakeFiles/menu_order_interfaces__rosidl_generator_c.dir/rosidl_generator_c/menu_order_interfaces/srv/detail/menu_update__functions.c.o[0m
[1.700s] [ 17%] [32mBuilding C object CMakeFiles/menu_order_interfaces__rosidl_generator_c.dir/rosidl_generator_c/menu_order_interfaces/msg/detail/order__functions.c.o[0m
[1.831s] [ 19%] [32m[1mLinking C shared library libmenu_order_interfaces__rosidl_generator_c.so[0m
[1.879s] [ 19%] Built target menu_order_interfaces__rosidl_generator_c
[1.891s] [ 23%] [34m[1mGenerating C type support dispatch for ROS interfaces[0m
[1.891s] [ 23%] [34m[1mGenerating C introspection for ROS interfaces[0m
[1.894s] [ 25%] [34m[1mGenerating C type support for eProsima Fast-RTPS[0m
[2.153s] [35m[1mConsolidate compiler generated dependencies of target menu_order_interfaces__rosidl_typesupport_cpp[0m
[2.160s] [35m[1mConsolidate compiler generated dependencies of target menu_order_interfaces__rosidl_typesupport_introspection_cpp[0m
[2.171s] [ 27%] [32mBuilding CXX object CMakeFiles/menu_order_interfaces__rosidl_typesupport_cpp.dir/rosidl_typesupport_cpp/menu_order_interfaces/srv/menu_update__type_support.cpp.o[0m
[2.174s] [ 31%] [32mBuilding CXX object CMakeFiles/menu_order_interfaces__rosidl_typesupport_cpp.dir/rosidl_typesupport_cpp/menu_order_interfaces/msg/order__type_support.cpp.o[0m
[2.175s] [ 31%] [32mBuilding CXX object CMakeFiles/menu_order_interfaces__rosidl_typesupport_cpp.dir/rosidl_typesupport_cpp/menu_order_interfaces/action/serve__type_support.cpp.o[0m
[2.183s] [ 34%] [32mBuilding CXX object CMakeFiles/menu_order_interfaces__rosidl_typesupport_introspection_cpp.dir/rosidl_typesupport_introspection_cpp/menu_order_interfaces/msg/detail/order__type_support.cpp.o[0m
[2.183s] [ 36%] [32mBuilding CXX object CMakeFiles/menu_order_interfaces__rosidl_typesupport_introspection_cpp.dir/rosidl_typesupport_introspection_cpp/menu_order_interfaces/action/detail/serve__type_support.cpp.o[0m
[2.183s] [ 38%] [32mBuilding CXX object CMakeFiles/menu_order_interfaces__rosidl_typesupport_introspection_cpp.dir/rosidl_typesupport_introspection_cpp/menu_order_interfaces/srv/detail/menu_update__type_support.cpp.o[0m
[2.320s] [35m[1mConsolidate compiler generated dependencies of target menu_order_interfaces__rosidl_typesupport_fastrtps_cpp[0m
[2.356s] [ 40%] [32mBuilding CXX object CMakeFiles/menu_order_interfaces__rosidl_typesupport_fastrtps_cpp.dir/rosidl_typesupport_fastrtps_cpp/menu_order_interfaces/msg/detail/dds_fastrtps/order__type_support.cpp.o[0m
[2.365s] [ 44%] [32mBuilding CXX object CMakeFiles/menu_order_interfaces__rosidl_typesupport_fastrtps_cpp.dir/rosidl_typesupport_fastrtps_cpp/menu_order_interfaces/action/detail/dds_fastrtps/serve__type_support.cpp.o[0m
[2.365s] [ 44%] [32mBuilding CXX object CMakeFiles/menu_order_interfaces__rosidl_typesupport_fastrtps_cpp.dir/rosidl_typesupport_fastrtps_cpp/menu_order_interfaces/srv/detail/dds_fastrtps/menu_update__type_support.cpp.o[0m
[2.652s] [35m[1mConsolidate compiler generated dependencies of target menu_order_interfaces__rosidl_typesupport_introspection_c[0m
[2.680s] [ 46%] [32mBuilding C object CMakeFiles/menu_order_interfaces__rosidl_typesupport_introspection_c.dir/rosidl_typesupport_introspection_c/menu_order_interfaces/action/detail/serve__type_support.c.o[0m
[2.680s] [ 48%] [32mBuilding C object CMakeFiles/menu_order_interfaces__rosidl_typesupport_introspection_c.dir/rosidl_typesupport_introspection_c/menu_order_interfaces/srv/detail/menu_update__type_support.c.o[0m
[2.683s] [ 51%] [32mBuilding C object CMakeFiles/menu_order_interfaces__rosidl_typesupport_introspection_c.dir/rosidl_typesupport_introspection_c/menu_order_interfaces/msg/detail/order__type_support.c.o[0m
[2.699s] [35m[1mConsolidate compiler generated dependencies of target menu_order_interfaces__rosidl_typesupport_c[0m
[2.736s] [ 53%] [32mBuilding CXX object CMakeFiles/menu_order_interfaces__rosidl_typesupport_c.dir/rosidl_typesupport_c/menu_order_interfaces/msg/order__type_support.cpp.o[0m
[2.752s] [ 55%] [32mBuilding CXX object CMakeFiles/menu_order_interfaces__rosidl_typesupport_c.dir/rosidl_typesupport_c/menu_order_interfaces/srv/menu_update__type_support.cpp.o[0m
[2.764s] [ 57%] [32mBuilding CXX object CMakeFiles/menu_order_interfaces__rosidl_typesupport_c.dir/rosidl_typesupport_c/menu_order_interfaces/action/serve__type_support.cpp.o[0m
[2.784s] [ 59%] [32m[1mLinking C shared library libmenu_order_interfaces__rosidl_typesupport_introspection_c.so[0m
[2.839s] [ 61%] [32m[1mLinking CXX shared library libmenu_order_interfaces__rosidl_typesupport_c.so[0m
[2.844s] [35m[1mConsolidate compiler generated dependencies of target menu_order_interfaces__rosidl_typesupport_fastrtps_c[0m
[2.844s] [ 61%] Built target menu_order_interfaces__rosidl_typesupport_introspection_c
[2.867s] [ 63%] [32mBuilding CXX object CMakeFiles/menu_order_interfaces__rosidl_typesupport_fastrtps_c.dir/rosidl_typesupport_fastrtps_c/menu_order_interfaces/srv/detail/menu_update__type_support_c.cpp.o[0m
[2.869s] [ 65%] [32mBuilding CXX object CMakeFiles/menu_order_interfaces__rosidl_typesupport_fastrtps_c.dir/rosidl_typesupport_fastrtps_c/menu_order_interfaces/action/detail/serve__type_support_c.cpp.o[0m
[2.869s] [ 68%] [32mBuilding CXX object CMakeFiles/menu_order_interfaces__rosidl_typesupport_fastrtps_c.dir/rosidl_typesupport_fastrtps_c/menu_order_interfaces/msg/detail/order__type_support_c.cpp.o[0m
[2.898s] [ 68%] Built target menu_order_interfaces__rosidl_typesupport_c
[2.932s] [ 70%] [32m[1mLinking CXX shared library libmenu_order_interfaces__rosidl_typesupport_cpp.so[0m
[2.983s] [ 70%] Built target menu_order_interfaces__rosidl_typesupport_cpp
[3.044s] [ 72%] [32m[1mLinking CXX shared library libmenu_order_interfaces__rosidl_typesupport_introspection_cpp.so[0m
[3.121s] [ 74%] [32m[1mLinking CXX shared library libmenu_order_interfaces__rosidl_typesupport_fastrtps_cpp.so[0m
[3.131s] [ 74%] Built target menu_order_interfaces__rosidl_typesupport_introspection_cpp
[3.201s] [ 74%] Built target menu_order_interfaces__rosidl_typesupport_fastrtps_cpp
[3.266s] [ 76%] [32m[1mLinking CXX shared library libmenu_order_interfaces__rosidl_typesupport_fastrtps_c.so[0m
[3.332s] [ 76%] Built target menu_order_interfaces__rosidl_typesupport_fastrtps_c
[3.351s] [ 76%] Built target menu_order_interfaces
[3.370s] [ 78%] [34m[1mGenerating Python code for ROS interfaces[0m
[4.209s] [ 78%] Built target menu_order_interfaces__py
[4.221s] [35m[1mConsolidate compiler generated dependencies of target menu_order_interfaces__rosidl_generator_py[0m
[4.237s] [ 85%] [32mBuilding C object CMakeFiles/menu_order_interfaces__rosidl_generator_py.dir/rosidl_generator_py/menu_order_interfaces/srv/_menu_update_s.c.o[0m
[4.237s] [ 85%] [32mBuilding C object CMakeFiles/menu_order_interfaces__rosidl_generator_py.dir/rosidl_generator_py/menu_order_interfaces/msg/_order_s.c.o[0m
[4.237s] [ 85%] [32mBuilding C object CMakeFiles/menu_order_interfaces__rosidl_generator_py.dir/rosidl_generator_py/menu_order_interfaces/action/_serve_s.c.o[0m
[4.386s] [ 87%] [32m[1mLinking C shared library rosidl_generator_py/menu_order_interfaces/libmenu_order_interfaces__rosidl_generator_py.so[0m
[4.432s] [ 87%] Built target menu_order_interfaces__rosidl_generator_py
[4.443s] [35m[1mConsolidate compiler generated dependencies of target menu_order_interfaces__rosidl_typesupport_c__pyext[0m
[4.443s] [35m[1mConsolidate compiler generated dependencies of target menu_order_interfaces__rosidl_typesupport_fastrtps_c__pyext[0m
[4.443s] [35m[1mConsolidate compiler generated dependencies of target menu_order_interfaces__rosidl_typesupport_introspection_c__pyext[0m
[4.456s] [ 93%] [32mBuilding C object CMakeFiles/menu_order_interfaces__rosidl_typesupport_fastrtps_c__pyext.dir/rosidl_generator_py/menu_order_interfaces/_menu_order_interfaces_s.ep.rosidl_typesupport_fastrtps_c.c.o[0m
[4.456s] [ 93%] [32mBuilding C object CMakeFiles/menu_order_interfaces__rosidl_typesupport_c__pyext.dir/rosidl_generator_py/menu_order_interfaces/_menu_order_interfaces_s.ep.rosidl_typesupport_c.c.o[0m
[4.456s] [ 93%] [32mBuilding C object CMakeFiles/menu_order_interfaces__rosidl_typesupport_introspection_c__pyext.dir/rosidl_generator_py/menu_order_interfaces/_menu_order_interfaces_s.ep.rosidl_typesupport_introspection_c.c.o[0m
[4.578s] [100%] [32m[1mLinking C shared library rosidl_generator_py/menu_order_interfaces/menu_order_interfaces_s__rosidl_typesupport_introspection_c.cpython-310-x86_64-linux-gnu.so[0m
[4.578s] [100%] [32m[1mLinking C shared library rosidl_generator_py/menu_order_interfaces/menu_order_interfaces_s__rosidl_typesupport_fastrtps_c.cpython-310-x86_64-linux-gnu.so[0m
[4.578s] [100%] [32m[1mLinking C shared library rosidl_generator_py/menu_order_interfaces/menu_order_interfaces_s__rosidl_typesupport_c.cpython-310-x86_64-linux-gnu.so[0m
[4.620s] [100%] Built target menu_order_interfaces__rosidl_typesupport_c__pyext
[4.620s] [100%] Built target menu_order_interfaces__rosidl_typesupport_fastrtps_c__pyext
[4.620s] [100%] Built target menu_order_interfaces__rosidl_typesupport_introspection_c__pyext
[4.633s] Invoked command in '/home/yjh/Doosan/Real_project_ws/Week4/B5/build/menu_order_interfaces' returned '0': CMAKE_PREFIX_PATH=${CMAKE_PREFIX_PATH}:/home/yjh/turtlebot3_ws/install/turtlebot3_teleop:/home/yjh/turtlebot3_ws/install/turtlebot3_example:/opt/ros/humble /usr/bin/cmake --build /home/yjh/Doosan/Real_project_ws/Week4/B5/build/menu_order_interfaces -- -j12 -l12
[4.733s] Invoking command in '/home/yjh/Doosan/Real_project_ws/Week4/B5/build/menu_order_interfaces': CMAKE_PREFIX_PATH=${CMAKE_PREFIX_PATH}:/home/yjh/turtlebot3_ws/install/turtlebot3_teleop:/home/yjh/turtlebot3_ws/install/turtlebot3_example:/opt/ros/humble /usr/bin/cmake --install /home/yjh/Doosan/Real_project_ws/Week4/B5/build/menu_order_interfaces
[4.741s] -- Install configuration: ""
[4.741s] -- Up-to-date: /home/yjh/Doosan/Real_project_ws/Week4/B5/install/menu_order_interfaces/share/ament_index/resource_index/rosidl_interfaces/menu_order_interfaces
[4.741s] -- Up-to-date: /home/yjh/Doosan/Real_project_ws/Week4/B5/install/menu_order_interfaces/include/menu_order_interfaces/menu_order_interfaces
[4.741s] -- Up-to-date: /home/yjh/Doosan/Real_project_ws/Week4/B5/install/menu_order_interfaces/include/menu_order_interfaces/menu_order_interfaces/action
[4.741s] -- Up-to-date: /home/yjh/Doosan/Real_project_ws/Week4/B5/install/menu_order_interfaces/include/menu_order_interfaces/menu_order_interfaces/action/detail
[4.741s] -- Installing: /home/yjh/Doosan/Real_project_ws/Week4/B5/install/menu_order_interfaces/include/menu_order_interfaces/menu_order_interfaces/action/detail/serve__functions.c
[4.741s] -- Installing: /home/yjh/Doosan/Real_project_ws/Week4/B5/install/menu_order_interfaces/include/menu_order_interfaces/menu_order_interfaces/action/detail/serve__type_support.h
[4.742s] -- Installing: /home/yjh/Doosan/Real_project_ws/Week4/B5/install/menu_order_interfaces/include/menu_order_interfaces/menu_order_interfaces/action/detail/serve__functions.h
[4.742s] -- Installing: /home/yjh/Doosan/Real_project_ws/Week4/B5/install/menu_order_interfaces/include/menu_order_interfaces/menu_order_interfaces/action/detail/serve__struct.h
[4.742s] -- Installing: /home/yjh/Doosan/Real_project_ws/Week4/B5/install/menu_order_interfaces/include/menu_order_interfaces/menu_order_interfaces/action/serve.h
[4.742s] -- Up-to-date: /home/yjh/Doosan/Real_project_ws/Week4/B5/install/menu_order_interfaces/include/menu_order_interfaces/menu_order_interfaces/srv
[4.742s] -- Up-to-date: /home/yjh/Doosan/Real_project_ws/Week4/B5/install/menu_order_interfaces/include/menu_order_interfaces/menu_order_interfaces/srv/detail
[4.742s] -- Installing: /home/yjh/Doosan/Real_project_ws/Week4/B5/install/menu_order_interfaces/include/menu_order_interfaces/menu_order_interfaces/srv/detail/menu_update__struct.h
[4.742s] -- Installing: /home/yjh/Doosan/Real_project_ws/Week4/B5/install/menu_order_interfaces/include/menu_order_interfaces/menu_order_interfaces/srv/detail/menu_update__functions.c
[4.742s] -- Installing: /home/yjh/Doosan/Real_project_ws/Week4/B5/install/menu_order_interfaces/include/menu_order_interfaces/menu_order_interfaces/srv/detail/menu_update__functions.h
[4.742s] -- Installing: /home/yjh/Doosan/Real_project_ws/Week4/B5/install/menu_order_interfaces/include/menu_order_interfaces/menu_order_interfaces/srv/detail/menu_update__type_support.h
[4.742s] -- Installing: /home/yjh/Doosan/Real_project_ws/Week4/B5/install/menu_order_interfaces/include/menu_order_interfaces/menu_order_interfaces/srv/menu_update.h
[4.743s] -- Up-to-date: /home/yjh/Doosan/Real_project_ws/Week4/B5/install/menu_order_interfaces/include/menu_order_interfaces/menu_order_interfaces/msg
[4.743s] -- Up-to-date: /home/yjh/Doosan/Real_project_ws/Week4/B5/install/menu_order_interfaces/include/menu_order_interfaces/menu_order_interfaces/msg/detail
[4.743s] -- Installing: /home/yjh/Doosan/Real_project_ws/Week4/B5/install/menu_order_interfaces/include/menu_order_interfaces/menu_order_interfaces/msg/detail/order__type_support.h
[4.743s] -- Installing: /home/yjh/Doosan/Real_project_ws/Week4/B5/install/menu_order_interfaces/include/menu_order_interfaces/menu_order_interfaces/msg/detail/order__functions.c
[4.743s] -- Installing: /home/yjh/Doosan/Real_project_ws/Week4/B5/install/menu_order_interfaces/include/menu_order_interfaces/menu_order_interfaces/msg/detail/order__struct.h
[4.743s] -- Installing: /home/yjh/Doosan/Real_project_ws/Week4/B5/install/menu_order_interfaces/include/menu_order_interfaces/menu_order_interfaces/msg/detail/order__functions.h
[4.743s] -- Installing: /home/yjh/Doosan/Real_project_ws/Week4/B5/install/menu_order_interfaces/include/menu_order_interfaces/menu_order_interfaces/msg/order.h
[4.743s] -- Up-to-date: /home/yjh/Doosan/Real_project_ws/Week4/B5/install/menu_order_interfaces/include/menu_order_interfaces/menu_order_interfaces/msg/rosidl_generator_c__visibility_control.h
[4.743s] -- Up-to-date: /home/yjh/Doosan/Real_project_ws/Week4/B5/install/menu_order_interfaces/share/menu_order_interfaces/environment/library_path.sh
[4.743s] -- Installing: /home/yjh/Doosan/Real_project_ws/Week4/B5/install/menu_order_interfaces/share/menu_order_interfaces/environment/library_path.dsv
[4.752s] -- Installing: /home/yjh/Doosan/Real_project_ws/Week4/B5/install/menu_order_interfaces/lib/libmenu_order_interfaces__rosidl_generator_c.so
[4.752s] -- Set runtime path of "/home/yjh/Doosan/Real_project_ws/Week4/B5/install/menu_order_interfaces/lib/libmenu_order_interfaces__rosidl_generator_c.so" to ""
[4.752s] -- Up-to-date: /home/yjh/Doosan/Real_project_ws/Week4/B5/install/menu_order_interfaces/include/menu_order_interfaces/menu_order_interfaces
[4.752s] -- Up-to-date: /home/yjh/Doosan/Real_project_ws/Week4/B5/install/menu_order_interfaces/include/menu_order_interfaces/menu_order_interfaces/action
[4.753s] -- Up-to-date: /home/yjh/Doosan/Real_project_ws/Week4/B5/install/menu_order_interfaces/include/menu_order_interfaces/menu_order_interfaces/action/detail
[4.753s] -- Installing: /home/yjh/Doosan/Real_project_ws/Week4/B5/install/menu_order_interfaces/include/menu_order_interfaces/menu_order_interfaces/action/detail/serve__rosidl_typesupport_fastrtps_c.h
[4.753s] -- Up-to-date: /home/yjh/Doosan/Real_project_ws/Week4/B5/install/menu_order_interfaces/include/menu_order_interfaces/menu_order_interfaces/srv
[4.753s] -- Up-to-date: /home/yjh/Doosan/Real_project_ws/Week4/B5/install/menu_order_interfaces/include/menu_order_interfaces/menu_order_interfaces/srv/detail
[4.753s] -- Installing: /home/yjh/Doosan/Real_project_ws/Week4/B5/install/menu_order_interfaces/include/menu_order_interfaces/menu_order_interfaces/srv/detail/menu_update__rosidl_typesupport_fastrtps_c.h
[4.753s] -- Up-to-date: /home/yjh/Doosan/Real_project_ws/Week4/B5/install/menu_order_interfaces/include/menu_order_interfaces/menu_order_interfaces/msg
[4.753s] -- Up-to-date: /home/yjh/Doosan/Real_project_ws/Week4/B5/install/menu_order_interfaces/include/menu_order_interfaces/menu_order_interfaces/msg/detail
[4.753s] -- Installing: /home/yjh/Doosan/Real_project_ws/Week4/B5/install/menu_order_interfaces/include/menu_order_interfaces/menu_order_interfaces/msg/detail/order__rosidl_typesupport_fastrtps_c.h
[4.753s] -- Up-to-date: /home/yjh/Doosan/Real_project_ws/Week4/B5/install/menu_order_interfaces/include/menu_order_interfaces/menu_order_interfaces/msg/rosidl_typesupport_fastrtps_c__visibility_control.h
[4.753s] -- Installing: /home/yjh/Doosan/Real_project_ws/Week4/B5/install/menu_order_interfaces/lib/libmenu_order_interfaces__rosidl_typesupport_fastrtps_c.so
[4.754s] -- Set runtime path of "/home/yjh/Doosan/Real_project_ws/Week4/B5/install/menu_order_interfaces/lib/libmenu_order_interfaces__rosidl_typesupport_fastrtps_c.so" to ""
[4.754s] -- Up-to-date: /home/yjh/Doosan/Real_project_ws/Week4/B5/install/menu_order_interfaces/include/menu_order_interfaces/menu_order_interfaces
[4.754s] -- Up-to-date: /home/yjh/Doosan/Real_project_ws/Week4/B5/install/menu_order_interfaces/include/menu_order_interfaces/menu_order_interfaces/action
[4.754s] -- Up-to-date: /home/yjh/Doosan/Real_project_ws/Week4/B5/install/menu_order_interfaces/include/menu_order_interfaces/menu_order_interfaces/action/detail
[4.754s] -- Installing: /home/yjh/Doosan/Real_project_ws/Week4/B5/install/menu_order_interfaces/include/menu_order_interfaces/menu_order_interfaces/action/detail/serve__rosidl_typesupport_introspection_c.h
[4.754s] -- Installing: /home/yjh/Doosan/Real_project_ws/Week4/B5/install/menu_order_interfaces/include/menu_order_interfaces/menu_order_interfaces/action/detail/serve__type_support.c
[4.754s] -- Up-to-date: /home/yjh/Doosan/Real_project_ws/Week4/B5/install/menu_order_interfaces/include/menu_order_interfaces/menu_order_interfaces/srv
[4.754s] -- Up-to-date: /home/yjh/Doosan/Real_project_ws/Week4/B5/install/menu_order_interfaces/include/menu_order_interfaces/menu_order_interfaces/srv/detail
[4.754s] -- Installing: /home/yjh/Doosan/Real_project_ws/Week4/B5/install/menu_order_interfaces/include/menu_order_interfaces/menu_order_interfaces/srv/detail/menu_update__type_support.c
[4.755s] -- Installing: /home/yjh/Doosan/Real_project_ws/Week4/B5/install/menu_order_interfaces/include/menu_order_interfaces/menu_order_interfaces/srv/detail/menu_update__rosidl_typesupport_introspection_c.h
[4.755s] -- Up-to-date: /home/yjh/Doosan/Real_project_ws/Week4/B5/install/menu_order_interfaces/include/menu_order_interfaces/menu_order_interfaces/msg
[4.755s] -- Up-to-date: /home/yjh/Doosan/Real_project_ws/Week4/B5/install/menu_order_interfaces/include/menu_order_interfaces/menu_order_interfaces/msg/detail
[4.755s] -- Installing: /home/yjh/Doosan/Real_project_ws/Week4/B5/install/menu_order_interfaces/include/menu_order_interfaces/menu_order_interfaces/msg/detail/order__rosidl_typesupport_introspection_c.h
[4.755s] -- Installing: /home/yjh/Doosan/Real_project_ws/Week4/B5/install/menu_order_interfaces/include/menu_order_interfaces/menu_order_interfaces/msg/detail/order__type_support.c
[4.755s] -- Up-to-date: /home/yjh/Doosan/Real_project_ws/Week4/B5/install/menu_order_interfaces/include/menu_order_interfaces/menu_order_interfaces/msg/rosidl_typesupport_introspection_c__visibility_control.h
[4.755s] -- Installing: /home/yjh/Doosan/Real_project_ws/Week4/B5/install/menu_order_interfaces/lib/libmenu_order_interfaces__rosidl_typesupport_introspection_c.so
[4.756s] -- Set runtime path of "/home/yjh/Doosan/Real_project_ws/Week4/B5/install/menu_order_interfaces/lib/libmenu_order_interfaces__rosidl_typesupport_introspection_c.so" to ""
[4.756s] -- Installing: /home/yjh/Doosan/Real_project_ws/Week4/B5/install/menu_order_interfaces/lib/libmenu_order_interfaces__rosidl_typesupport_c.so
[4.757s] -- Set runtime path of "/home/yjh/Doosan/Real_project_ws/Week4/B5/install/menu_order_interfaces/lib/libmenu_order_interfaces__rosidl_typesupport_c.so" to ""
[4.757s] -- Up-to-date: /home/yjh/Doosan/Real_project_ws/Week4/B5/install/menu_order_interfaces/include/menu_order_interfaces/menu_order_interfaces
[4.757s] -- Up-to-date: /home/yjh/Doosan/Real_project_ws/Week4/B5/install/menu_order_interfaces/include/menu_order_interfaces/menu_order_interfaces/action
[4.757s] -- Up-to-date: /home/yjh/Doosan/Real_project_ws/Week4/B5/install/menu_order_interfaces/include/menu_order_interfaces/menu_order_interfaces/action/detail
[4.757s] -- Installing: /home/yjh/Doosan/Real_project_ws/Week4/B5/install/menu_order_interfaces/include/menu_order_interfaces/menu_order_interfaces/action/detail/serve__struct.hpp
[4.757s] -- Installing: /home/yjh/Doosan/Real_project_ws/Week4/B5/install/menu_order_interfaces/include/menu_order_interfaces/menu_order_interfaces/action/detail/serve__traits.hpp
[4.757s] -- Installing: /home/yjh/Doosan/Real_project_ws/Week4/B5/install/menu_order_interfaces/include/menu_order_interfaces/menu_order_interfaces/action/detail/serve__builder.hpp
[4.757s] -- Installing: /home/yjh/Doosan/Real_project_ws/Week4/B5/install/menu_order_interfaces/include/menu_order_interfaces/menu_order_interfaces/action/serve.hpp
[4.757s] -- Up-to-date: /home/yjh/Doosan/Real_project_ws/Week4/B5/install/menu_order_interfaces/include/menu_order_interfaces/menu_order_interfaces/srv
[4.758s] -- Up-to-date: /home/yjh/Doosan/Real_project_ws/Week4/B5/install/menu_order_interfaces/include/menu_order_interfaces/menu_order_interfaces/srv/detail
[4.758s] -- Installing: /home/yjh/Doosan/Real_project_ws/Week4/B5/install/menu_order_interfaces/include/menu_order_interfaces/menu_order_interfaces/srv/detail/menu_update__struct.hpp
[4.758s] -- Installing: /home/yjh/Doosan/Real_project_ws/Week4/B5/install/menu_order_interfaces/include/menu_order_interfaces/menu_order_interfaces/srv/detail/menu_update__builder.hpp
[4.758s] -- Installing: /home/yjh/Doosan/Real_project_ws/Week4/B5/install/menu_order_interfaces/include/menu_order_interfaces/menu_order_interfaces/srv/detail/menu_update__traits.hpp
[4.758s] -- Installing: /home/yjh/Doosan/Real_project_ws/Week4/B5/install/menu_order_interfaces/include/menu_order_interfaces/menu_order_interfaces/srv/menu_update.hpp
[4.758s] -- Up-to-date: /home/yjh/Doosan/Real_project_ws/Week4/B5/install/menu_order_interfaces/include/menu_order_interfaces/menu_order_interfaces/msg
[4.758s] -- Up-to-date: /home/yjh/Doosan/Real_project_ws/Week4/B5/install/menu_order_interfaces/include/menu_order_interfaces/menu_order_interfaces/msg/detail
[4.758s] -- Installing: /home/yjh/Doosan/Real_project_ws/Week4/B5/install/menu_order_interfaces/include/menu_order_interfaces/menu_order_interfaces/msg/detail/order__struct.hpp
[4.758s] -- Installing: /home/yjh/Doosan/Real_project_ws/Week4/B5/install/menu_order_interfaces/include/menu_order_interfaces/menu_order_interfaces/msg/detail/order__builder.hpp
[4.759s] -- Installing: /home/yjh/Doosan/Real_project_ws/Week4/B5/install/menu_order_interfaces/include/menu_order_interfaces/menu_order_interfaces/msg/detail/order__traits.hpp
[4.759s] -- Installing: /home/yjh/Doosan/Real_project_ws/Week4/B5/install/menu_order_interfaces/include/menu_order_interfaces/menu_order_interfaces/msg/order.hpp
[4.759s] -- Up-to-date: /home/yjh/Doosan/Real_project_ws/Week4/B5/install/menu_order_interfaces/include/menu_order_interfaces/menu_order_interfaces
[4.759s] -- Up-to-date: /home/yjh/Doosan/Real_project_ws/Week4/B5/install/menu_order_interfaces/include/menu_order_interfaces/menu_order_interfaces/action
[4.759s] -- Up-to-date: /home/yjh/Doosan/Real_project_ws/Week4/B5/install/menu_order_interfaces/include/menu_order_interfaces/menu_order_interfaces/action/detail
[4.759s] -- Up-to-date: /home/yjh/Doosan/Real_project_ws/Week4/B5/install/menu_order_interfaces/include/menu_order_interfaces/menu_order_interfaces/action/detail/dds_fastrtps
[4.759s] -- Installing: /home/yjh/Doosan/Real_project_ws/Week4/B5/install/menu_order_interfaces/include/menu_order_interfaces/menu_order_interfaces/action/detail/serve__rosidl_typesupport_fastrtps_cpp.hpp
[4.759s] -- Up-to-date: /home/yjh/Doosan/Real_project_ws/Week4/B5/install/menu_order_interfaces/include/menu_order_interfaces/menu_order_interfaces/srv
[4.759s] -- Up-to-date: /home/yjh/Doosan/Real_project_ws/Week4/B5/install/menu_order_interfaces/include/menu_order_interfaces/menu_order_interfaces/srv/detail
[4.759s] -- Installing: /home/yjh/Doosan/Real_project_ws/Week4/B5/install/menu_order_interfaces/include/menu_order_interfaces/menu_order_interfaces/srv/detail/menu_update__rosidl_typesupport_fastrtps_cpp.hpp
[4.759s] -- Up-to-date: /home/yjh/Doosan/Real_project_ws/Week4/B5/install/menu_order_interfaces/include/menu_order_interfaces/menu_order_interfaces/srv/detail/dds_fastrtps
[4.759s] -- Up-to-date: /home/yjh/Doosan/Real_project_ws/Week4/B5/install/menu_order_interfaces/include/menu_order_interfaces/menu_order_interfaces/msg
[4.759s] -- Up-to-date: /home/yjh/Doosan/Real_project_ws/Week4/B5/install/menu_order_interfaces/include/menu_order_interfaces/menu_order_interfaces/msg/detail
[4.760s] -- Up-to-date: /home/yjh/Doosan/Real_project_ws/Week4/B5/install/menu_order_interfaces/include/menu_order_interfaces/menu_order_interfaces/msg/detail/dds_fastrtps
[4.760s] -- Installing: /home/yjh/Doosan/Real_project_ws/Week4/B5/install/menu_order_interfaces/include/menu_order_interfaces/menu_order_interfaces/msg/detail/order__rosidl_typesupport_fastrtps_cpp.hpp
[4.760s] -- Up-to-date: /home/yjh/Doosan/Real_project_ws/Week4/B5/install/menu_order_interfaces/include/menu_order_interfaces/menu_order_interfaces/msg/rosidl_typesupport_fastrtps_cpp__visibility_control.h
[4.760s] -- Installing: /home/yjh/Doosan/Real_project_ws/Week4/B5/install/menu_order_interfaces/lib/libmenu_order_interfaces__rosidl_typesupport_fastrtps_cpp.so
[4.761s] -- Set runtime path of "/home/yjh/Doosan/Real_project_ws/Week4/B5/install/menu_order_interfaces/lib/libmenu_order_interfaces__rosidl_typesupport_fastrtps_cpp.so" to ""
[4.761s] -- Up-to-date: /home/yjh/Doosan/Real_project_ws/Week4/B5/install/menu_order_interfaces/include/menu_order_interfaces/menu_order_interfaces
[4.761s] -- Up-to-date: /home/yjh/Doosan/Real_project_ws/Week4/B5/install/menu_order_interfaces/include/menu_order_interfaces/menu_order_interfaces/action
[4.761s] -- Up-to-date: /home/yjh/Doosan/Real_project_ws/Week4/B5/install/menu_order_interfaces/include/menu_order_interfaces/menu_order_interfaces/action/detail
[4.761s] -- Installing: /home/yjh/Doosan/Real_project_ws/Week4/B5/install/menu_order_interfaces/include/menu_order_interfaces/menu_order_interfaces/action/detail/serve__rosidl_typesupport_introspection_cpp.hpp
[4.761s] -- Installing: /home/yjh/Doosan/Real_project_ws/Week4/B5/install/menu_order_interfaces/include/menu_order_interfaces/menu_order_interfaces/action/detail/serve__type_support.cpp
[4.761s] -- Up-to-date: /home/yjh/Doosan/Real_project_ws/Week4/B5/install/menu_order_interfaces/include/menu_order_interfaces/menu_order_interfaces/srv
[4.761s] -- Up-to-date: /home/yjh/Doosan/Real_project_ws/Week4/B5/install/menu_order_interfaces/include/menu_order_interfaces/menu_order_interfaces/srv/detail
[4.761s] -- Installing: /home/yjh/Doosan/Real_project_ws/Week4/B5/install/menu_order_interfaces/include/menu_order_interfaces/menu_order_interfaces/srv/detail/menu_update__rosidl_typesupport_introspection_cpp.hpp
[4.762s] -- Installing: /home/yjh/Doosan/Real_project_ws/Week4/B5/install/menu_order_interfaces/include/menu_order_interfaces/menu_order_interfaces/srv/detail/menu_update__type_support.cpp
[4.762s] -- Up-to-date: /home/yjh/Doosan/Real_project_ws/Week4/B5/install/menu_order_interfaces/include/menu_order_interfaces/menu_order_interfaces/msg
[4.762s] -- Up-to-date: /home/yjh/Doosan/Real_project_ws/Week4/B5/install/menu_order_interfaces/include/menu_order_interfaces/menu_order_interfaces/msg/detail
[4.762s] -- Installing: /home/yjh/Doosan/Real_project_ws/Week4/B5/install/menu_order_interfaces/include/menu_order_interfaces/menu_order_interfaces/msg/detail/order__rosidl_typesupport_introspection_cpp.hpp
[4.762s] -- Installing: /home/yjh/Doosan/Real_project_ws/Week4/B5/install/menu_order_interfaces/include/menu_order_interfaces/menu_order_interfaces/msg/detail/order__type_support.cpp
[4.763s] -- Installing: /home/yjh/Doosan/Real_project_ws/Week4/B5/install/menu_order_interfaces/lib/libmenu_order_interfaces__rosidl_typesupport_introspection_cpp.so
[4.763s] -- Set runtime path of "/home/yjh/Doosan/Real_project_ws/Week4/B5/install/menu_order_interfaces/lib/libmenu_order_interfaces__rosidl_typesupport_introspection_cpp.so" to ""
[4.764s] -- Installing: /home/yjh/Doosan/Real_project_ws/Week4/B5/install/menu_order_interfaces/lib/libmenu_order_interfaces__rosidl_typesupport_cpp.so
[4.764s] -- Set runtime path of "/home/yjh/Doosan/Real_project_ws/Week4/B5/install/menu_order_interfaces/lib/libmenu_order_interfaces__rosidl_typesupport_cpp.so" to ""
[4.764s] -- Up-to-date: /home/yjh/Doosan/Real_project_ws/Week4/B5/install/menu_order_interfaces/share/menu_order_interfaces/environment/pythonpath.sh
[4.764s] -- Installing: /home/yjh/Doosan/Real_project_ws/Week4/B5/install/menu_order_interfaces/share/menu_order_interfaces/environment/pythonpath.dsv
[4.764s] -- Up-to-date: /home/yjh/Doosan/Real_project_ws/Week4/B5/install/menu_order_interfaces/local/lib/python3.10/dist-packages/menu_order_interfaces-0.0.0-py3.10.egg-info
[4.765s] -- Installing: /home/yjh/Doosan/Real_project_ws/Week4/B5/install/menu_order_interfaces/local/lib/python3.10/dist-packages/menu_order_interfaces-0.0.0-py3.10.egg-info/dependency_links.txt
[4.765s] -- Installing: /home/yjh/Doosan/Real_project_ws/Week4/B5/install/menu_order_interfaces/local/lib/python3.10/dist-packages/menu_order_interfaces-0.0.0-py3.10.egg-info/PKG-INFO
[4.765s] -- Installing: /home/yjh/Doosan/Real_project_ws/Week4/B5/install/menu_order_interfaces/local/lib/python3.10/dist-packages/menu_order_interfaces-0.0.0-py3.10.egg-info/top_level.txt
[4.765s] -- Installing: /home/yjh/Doosan/Real_project_ws/Week4/B5/install/menu_order_interfaces/local/lib/python3.10/dist-packages/menu_order_interfaces-0.0.0-py3.10.egg-info/SOURCES.txt
[4.765s] -- Up-to-date: /home/yjh/Doosan/Real_project_ws/Week4/B5/install/menu_order_interfaces/local/lib/python3.10/dist-packages/menu_order_interfaces
[4.765s] -- Installing: /home/yjh/Doosan/Real_project_ws/Week4/B5/install/menu_order_interfaces/local/lib/python3.10/dist-packages/menu_order_interfaces/_menu_order_interfaces_s.ep.rosidl_typesupport_fastrtps_c.c
[4.766s] -- Installing: /home/yjh/Doosan/Real_project_ws/Week4/B5/install/menu_order_interfaces/local/lib/python3.10/dist-packages/menu_order_interfaces/menu_order_interfaces_s__rosidl_typesupport_fastrtps_c.cpython-310-x86_64-linux-gnu.so
[4.766s] -- Installing: /home/yjh/Doosan/Real_project_ws/Week4/B5/install/menu_order_interfaces/local/lib/python3.10/dist-packages/menu_order_interfaces/__init__.py
[4.766s] -- Up-to-date: /home/yjh/Doosan/Real_project_ws/Week4/B5/install/menu_order_interfaces/local/lib/python3.10/dist-packages/menu_order_interfaces/action
[4.766s] -- Installing: /home/yjh/Doosan/Real_project_ws/Week4/B5/install/menu_order_interfaces/local/lib/python3.10/dist-packages/menu_order_interfaces/action/_serve.py
[4.766s] -- Installing: /home/yjh/Doosan/Real_project_ws/Week4/B5/install/menu_order_interfaces/local/lib/python3.10/dist-packages/menu_order_interfaces/action/_serve_s.c
[4.767s] -- Installing: /home/yjh/Doosan/Real_project_ws/Week4/B5/install/menu_order_interfaces/local/lib/python3.10/dist-packages/menu_order_interfaces/action/__init__.py
[4.767s] -- Up-to-date: /home/yjh/Doosan/Real_project_ws/Week4/B5/install/menu_order_interfaces/local/lib/python3.10/dist-packages/menu_order_interfaces/srv
[4.767s] -- Installing: /home/yjh/Doosan/Real_project_ws/Week4/B5/install/menu_order_interfaces/local/lib/python3.10/dist-packages/menu_order_interfaces/srv/_menu_update.py
[4.767s] -- Installing: /home/yjh/Doosan/Real_project_ws/Week4/B5/install/menu_order_interfaces/local/lib/python3.10/dist-packages/menu_order_interfaces/srv/__init__.py
[4.767s] -- Installing: /home/yjh/Doosan/Real_project_ws/Week4/B5/install/menu_order_interfaces/local/lib/python3.10/dist-packages/menu_order_interfaces/srv/_menu_update_s.c
[4.768s] -- Up-to-date: /home/yjh/Doosan/Real_project_ws/Week4/B5/install/menu_order_interfaces/local/lib/python3.10/dist-packages/menu_order_interfaces/msg
[4.768s] -- Installing: /home/yjh/Doosan/Real_project_ws/Week4/B5/install/menu_order_interfaces/local/lib/python3.10/dist-packages/menu_order_interfaces/msg/_order_s.c
[4.768s] -- Installing: /home/yjh/Doosan/Real_project_ws/Week4/B5/install/menu_order_interfaces/local/lib/python3.10/dist-packages/menu_order_interfaces/msg/__init__.py
[4.768s] -- Installing: /home/yjh/Doosan/Real_project_ws/Week4/B5/install/menu_order_interfaces/local/lib/python3.10/dist-packages/menu_order_interfaces/msg/_order.py
[4.768s] -- Installing: /home/yjh/Doosan/Real_project_ws/Week4/B5/install/menu_order_interfaces/local/lib/python3.10/dist-packages/menu_order_interfaces/_menu_order_interfaces_s.ep.rosidl_typesupport_c.c
[4.768s] -- Installing: /home/yjh/Doosan/Real_project_ws/Week4/B5/install/menu_order_interfaces/local/lib/python3.10/dist-packages/menu_order_interfaces/menu_order_interfaces_s__rosidl_typesupport_introspection_c.cpython-310-x86_64-linux-gnu.so
[4.769s] -- Installing: /home/yjh/Doosan/Real_project_ws/Week4/B5/install/menu_order_interfaces/local/lib/python3.10/dist-packages/menu_order_interfaces/libmenu_order_interfaces__rosidl_generator_py.so
[4.769s] -- Installing: /home/yjh/Doosan/Real_project_ws/Week4/B5/install/menu_order_interfaces/local/lib/python3.10/dist-packages/menu_order_interfaces/menu_order_interfaces_s__rosidl_typesupport_c.cpython-310-x86_64-linux-gnu.so
[4.769s] -- Installing: /home/yjh/Doosan/Real_project_ws/Week4/B5/install/menu_order_interfaces/local/lib/python3.10/dist-packages/menu_order_interfaces/_menu_order_interfaces_s.ep.rosidl_typesupport_introspection_c.c
[4.805s] Listing '/home/yjh/Doosan/Real_project_ws/Week4/B5/install/menu_order_interfaces/local/lib/python3.10/dist-packages/menu_order_interfaces'...
[4.805s] Compiling '/home/yjh/Doosan/Real_project_ws/Week4/B5/install/menu_order_interfaces/local/lib/python3.10/dist-packages/menu_order_interfaces/__init__.py'...
[4.806s] Listing '/home/yjh/Doosan/Real_project_ws/Week4/B5/install/menu_order_interfaces/local/lib/python3.10/dist-packages/menu_order_interfaces/action'...
[4.806s] Compiling '/home/yjh/Doosan/Real_project_ws/Week4/B5/install/menu_order_interfaces/local/lib/python3.10/dist-packages/menu_order_interfaces/action/__init__.py'...
[4.806s] Compiling '/home/yjh/Doosan/Real_project_ws/Week4/B5/install/menu_order_interfaces/local/lib/python3.10/dist-packages/menu_order_interfaces/action/_serve.py'...
[4.806s] Listing '/home/yjh/Doosan/Real_project_ws/Week4/B5/install/menu_order_interfaces/local/lib/python3.10/dist-packages/menu_order_interfaces/msg'...
[4.806s] Compiling '/home/yjh/Doosan/Real_project_ws/Week4/B5/install/menu_order_interfaces/local/lib/python3.10/dist-packages/menu_order_interfaces/msg/__init__.py'...
[4.806s] Compiling '/home/yjh/Doosan/Real_project_ws/Week4/B5/install/menu_order_interfaces/local/lib/python3.10/dist-packages/menu_order_interfaces/msg/_order.py'...
[4.806s] Listing '/home/yjh/Doosan/Real_project_ws/Week4/B5/install/menu_order_interfaces/local/lib/python3.10/dist-packages/menu_order_interfaces/srv'...
[4.806s] Compiling '/home/yjh/Doosan/Real_project_ws/Week4/B5/install/menu_order_interfaces/local/lib/python3.10/dist-packages/menu_order_interfaces/srv/__init__.py'...
[4.806s] Compiling '/home/yjh/Doosan/Real_project_ws/Week4/B5/install/menu_order_interfaces/local/lib/python3.10/dist-packages/menu_order_interfaces/srv/_menu_update.py'...
[4.809s] -- Installing: /home/yjh/Doosan/Real_project_ws/Week4/B5/install/menu_order_interfaces/local/lib/python3.10/dist-packages/menu_order_interfaces/menu_order_interfaces_s__rosidl_typesupport_fastrtps_c.cpython-310-x86_64-linux-gnu.so
[4.810s] -- Set runtime path of "/home/yjh/Doosan/Real_project_ws/Week4/B5/install/menu_order_interfaces/local/lib/python3.10/dist-packages/menu_order_interfaces/menu_order_interfaces_s__rosidl_typesupport_fastrtps_c.cpython-310-x86_64-linux-gnu.so" to ""
[4.810s] -- Installing: /home/yjh/Doosan/Real_project_ws/Week4/B5/install/menu_order_interfaces/local/lib/python3.10/dist-packages/menu_order_interfaces/menu_order_interfaces_s__rosidl_typesupport_introspection_c.cpython-310-x86_64-linux-gnu.so
[4.811s] -- Set runtime path of "/home/yjh/Doosan/Real_project_ws/Week4/B5/install/menu_order_interfaces/local/lib/python3.10/dist-packages/menu_order_interfaces/menu_order_interfaces_s__rosidl_typesupport_introspection_c.cpython-310-x86_64-linux-gnu.so" to ""
[4.811s] -- Installing: /home/yjh/Doosan/Real_project_ws/Week4/B5/install/menu_order_interfaces/local/lib/python3.10/dist-packages/menu_order_interfaces/menu_order_interfaces_s__rosidl_typesupport_c.cpython-310-x86_64-linux-gnu.so
[4.811s] -- Set runtime path of "/home/yjh/Doosan/Real_project_ws/Week4/B5/install/menu_order_interfaces/local/lib/python3.10/dist-packages/menu_order_interfaces/menu_order_interfaces_s__rosidl_typesupport_c.cpython-310-x86_64-linux-gnu.so" to ""
[4.812s] -- Installing: /home/yjh/Doosan/Real_project_ws/Week4/B5/install/menu_order_interfaces/lib/libmenu_order_interfaces__rosidl_generator_py.so
[4.813s] -- Set runtime path of "/home/yjh/Doosan/Real_project_ws/Week4/B5/install/menu_order_interfaces/lib/libmenu_order_interfaces__rosidl_generator_py.so" to ""
[4.813s] -- Up-to-date: /home/yjh/Doosan/Real_project_ws/Week4/B5/install/menu_order_interfaces/share/menu_order_interfaces/msg/Order.idl
[4.813s] -- Installing: /home/yjh/Doosan/Real_project_ws/Week4/B5/install/menu_order_interfaces/share/menu_order_interfaces/srv/MenuUpdate.idl
[4.813s] -- Up-to-date: /home/yjh/Doosan/Real_project_ws/Week4/B5/install/menu_order_interfaces/share/menu_order_interfaces/action/Serve.idl
[4.813s] -- Up-to-date: /home/yjh/Doosan/Real_project_ws/Week4/B5/install/menu_order_interfaces/share/menu_order_interfaces/msg/Order.msg
[4.813s] -- Installing: /home/yjh/Doosan/Real_project_ws/Week4/B5/install/menu_order_interfaces/share/menu_order_interfaces/srv/MenuUpdate.srv
[4.813s] -- Installing: /home/yjh/Doosan/Real_project_ws/Week4/B5/install/menu_order_interfaces/share/menu_order_interfaces/srv/MenuUpdate_Request.msg
[4.813s] -- Installing: /home/yjh/Doosan/Real_project_ws/Week4/B5/install/menu_order_interfaces/share/menu_order_interfaces/srv/MenuUpdate_Response.msg
[4.814s] -- Up-to-date: /home/yjh/Doosan/Real_project_ws/Week4/B5/install/menu_order_interfaces/share/menu_order_interfaces/action/Serve.action
[4.814s] -- Installing: /home/yjh/Doosan/Real_project_ws/Week4/B5/install/menu_order_interfaces/share/ament_index/resource_index/package_run_dependencies/menu_order_interfaces
[4.814s] -- Installing: /home/yjh/Doosan/Real_project_ws/Week4/B5/install/menu_order_interfaces/share/ament_index/resource_index/parent_prefix_path/menu_order_interfaces
[4.814s] -- Up-to-date: /home/yjh/Doosan/Real_project_ws/Week4/B5/install/menu_order_interfaces/share/menu_order_interfaces/environment/ament_prefix_path.sh
[4.814s] -- Installing: /home/yjh/Doosan/Real_project_ws/Week4/B5/install/menu_order_interfaces/share/menu_order_interfaces/environment/ament_prefix_path.dsv
[4.815s] -- Up-to-date: /home/yjh/Doosan/Real_project_ws/Week4/B5/install/menu_order_interfaces/share/menu_order_interfaces/environment/path.sh
[4.815s] -- Installing: /home/yjh/Doosan/Real_project_ws/Week4/B5/install/menu_order_interfaces/share/menu_order_interfaces/environment/path.dsv
[4.815s] -- Up-to-date: /home/yjh/Doosan/Real_project_ws/Week4/B5/install/menu_order_interfaces/share/menu_order_interfaces/local_setup.bash
[4.815s] -- Up-to-date: /home/yjh/Doosan/Real_project_ws/Week4/B5/install/menu_order_interfaces/share/menu_order_interfaces/local_setup.sh
[4.815s] -- Up-to-date: /home/yjh/Doosan/Real_project_ws/Week4/B5/install/menu_order_interfaces/share/menu_order_interfaces/local_setup.zsh
[4.815s] -- Installing: /home/yjh/Doosan/Real_project_ws/Week4/B5/install/menu_order_interfaces/share/menu_order_interfaces/local_setup.dsv
[4.815s] -- Installing: /home/yjh/Doosan/Real_project_ws/Week4/B5/install/menu_order_interfaces/share/menu_order_interfaces/package.dsv
[4.815s] -- Up-to-date: /home/yjh/Doosan/Real_project_ws/Week4/B5/install/menu_order_interfaces/share/ament_index/resource_index/packages/menu_order_interfaces
[4.816s] -- Up-to-date: /home/yjh/Doosan/Real_project_ws/Week4/B5/install/menu_order_interfaces/share/menu_order_interfaces/cmake/export_menu_order_interfaces__rosidl_generator_cExport.cmake
[4.816s] -- Up-to-date: /home/yjh/Doosan/Real_project_ws/Week4/B5/install/menu_order_interfaces/share/menu_order_interfaces/cmake/export_menu_order_interfaces__rosidl_generator_cExport-noconfig.cmake
[4.816s] -- Up-to-date: /home/yjh/Doosan/Real_project_ws/Week4/B5/install/menu_order_interfaces/share/menu_order_interfaces/cmake/export_menu_order_interfaces__rosidl_typesupport_fastrtps_cExport.cmake
[4.816s] -- Up-to-date: /home/yjh/Doosan/Real_project_ws/Week4/B5/install/menu_order_interfaces/share/menu_order_interfaces/cmake/export_menu_order_interfaces__rosidl_typesupport_fastrtps_cExport-noconfig.cmake
[4.817s] -- Up-to-date: /home/yjh/Doosan/Real_project_ws/Week4/B5/install/menu_order_interfaces/share/menu_order_interfaces/cmake/menu_order_interfaces__rosidl_typesupport_introspection_cExport.cmake
[4.817s] -- Up-to-date: /home/yjh/Doosan/Real_project_ws/Week4/B5/install/menu_order_interfaces/share/menu_order_interfaces/cmake/menu_order_interfaces__rosidl_typesupport_introspection_cExport-noconfig.cmake
[4.817s] -- Up-to-date: /home/yjh/Doosan/Real_project_ws/Week4/B5/install/menu_order_interfaces/share/menu_order_interfaces/cmake/menu_order_interfaces__rosidl_typesupport_cExport.cmake
[4.817s] -- Up-to-date: /home/yjh/Doosan/Real_project_ws/Week4/B5/install/menu_order_interfaces/share/menu_order_interfaces/cmake/menu_order_interfaces__rosidl_typesupport_cExport-noconfig.cmake
[4.817s] -- Up-to-date: /home/yjh/Doosan/Real_project_ws/Week4/B5/install/menu_order_interfaces/share/menu_order_interfaces/cmake/export_menu_order_interfaces__rosidl_generator_cppExport.cmake
[4.817s] -- Up-to-date: /home/yjh/Doosan/Real_project_ws/Week4/B5/install/menu_order_interfaces/share/menu_order_interfaces/cmake/export_menu_order_interfaces__rosidl_typesupport_fastrtps_cppExport.cmake
[4.817s] -- Up-to-date: /home/yjh/Doosan/Real_project_ws/Week4/B5/install/menu_order_interfaces/share/menu_order_interfaces/cmake/export_menu_order_interfaces__rosidl_typesupport_fastrtps_cppExport-noconfig.cmake
[4.818s] -- Up-to-date: /home/yjh/Doosan/Real_project_ws/Week4/B5/install/menu_order_interfaces/share/menu_order_interfaces/cmake/menu_order_interfaces__rosidl_typesupport_introspection_cppExport.cmake
[4.818s] -- Up-to-date: /home/yjh/Doosan/Real_project_ws/Week4/B5/install/menu_order_interfaces/share/menu_order_interfaces/cmake/menu_order_interfaces__rosidl_typesupport_introspection_cppExport-noconfig.cmake
[4.818s] -- Up-to-date: /home/yjh/Doosan/Real_project_ws/Week4/B5/install/menu_order_interfaces/share/menu_order_interfaces/cmake/menu_order_interfaces__rosidl_typesupport_cppExport.cmake
[4.818s] -- Up-to-date: /home/yjh/Doosan/Real_project_ws/Week4/B5/install/menu_order_interfaces/share/menu_order_interfaces/cmake/menu_order_interfaces__rosidl_typesupport_cppExport-noconfig.cmake
[4.818s] -- Up-to-date: /home/yjh/Doosan/Real_project_ws/Week4/B5/install/menu_order_interfaces/share/menu_order_interfaces/cmake/export_menu_order_interfaces__rosidl_generator_pyExport.cmake
[4.818s] -- Up-to-date: /home/yjh/Doosan/Real_project_ws/Week4/B5/install/menu_order_interfaces/share/menu_order_interfaces/cmake/export_menu_order_interfaces__rosidl_generator_pyExport-noconfig.cmake
[4.818s] -- Up-to-date: /home/yjh/Doosan/Real_project_ws/Week4/B5/install/menu_order_interfaces/share/menu_order_interfaces/cmake/rosidl_cmake-extras.cmake
[4.819s] -- Up-to-date: /home/yjh/Doosan/Real_project_ws/Week4/B5/install/menu_order_interfaces/share/menu_order_interfaces/cmake/ament_cmake_export_dependencies-extras.cmake
[4.819s] -- Up-to-date: /home/yjh/Doosan/Real_project_ws/Week4/B5/install/menu_order_interfaces/share/menu_order_interfaces/cmake/ament_cmake_export_include_directories-extras.cmake
[4.819s] -- Up-to-date: /home/yjh/Doosan/Real_project_ws/Week4/B5/install/menu_order_interfaces/share/menu_order_interfaces/cmake/ament_cmake_export_libraries-extras.cmake
[4.819s] -- Up-to-date: /home/yjh/Doosan/Real_project_ws/Week4/B5/install/menu_order_interfaces/share/menu_order_interfaces/cmake/ament_cmake_export_targets-extras.cmake
[4.819s] -- Up-to-date: /home/yjh/Doosan/Real_project_ws/Week4/B5/install/menu_order_interfaces/share/menu_order_interfaces/cmake/rosidl_cmake_export_typesupport_targets-extras.cmake
[4.819s] -- Up-to-date: /home/yjh/Doosan/Real_project_ws/Week4/B5/install/menu_order_interfaces/share/menu_order_interfaces/cmake/rosidl_cmake_export_typesupport_libraries-extras.cmake
[4.819s] -- Up-to-date: /home/yjh/Doosan/Real_project_ws/Week4/B5/install/menu_order_interfaces/share/menu_order_interfaces/cmake/menu_order_interfacesConfig.cmake
[4.819s] -- Up-to-date: /home/yjh/Doosan/Real_project_ws/Week4/B5/install/menu_order_interfaces/share/menu_order_interfaces/cmake/menu_order_interfacesConfig-version.cmake
[4.819s] -- Installing: /home/yjh/Doosan/Real_project_ws/Week4/B5/install/menu_order_interfaces/share/menu_order_interfaces/package.xml
[4.822s] Invoked command in '/home/yjh/Doosan/Real_project_ws/Week4/B5/build/menu_order_interfaces' returned '0': CMAKE_PREFIX_PATH=${CMAKE_PREFIX_PATH}:/home/yjh/turtlebot3_ws/install/turtlebot3_teleop:/home/yjh/turtlebot3_ws/install/turtlebot3_example:/opt/ros/humble /usr/bin/cmake --install /home/yjh/Doosan/Real_project_ws/Week4/B5/build/menu_order_interfaces
