[0.401s] Invoking command in '/home/juwon/RokeyProjects/src/boxproject': AMENT_PREFIX_PATH=/home/juwon/Week5Project_ws/src/install/boxproject_interfaces:${AMENT_PREFIX_PATH} CMAKE_PREFIX_PATH=/home/juwon/RokeyProjects/src/install/boxproject_interfaces LD_LIBRARY_PATH=/home/juwon/Week5Project_ws/src/install/boxproject_interfaces/lib:/home/juwon/RokeyProjects/src/install/boxproject_interfaces/lib:${LD_LIBRARY_PATH} PYTHONPATH=/home/juwon/RokeyProjects/src/build/boxproject/prefix_override:/usr/lib/python3/dist-packages/colcon_core/task/python/colcon_distutils_commands:/home/juwon/RokeyProjects/src/install/boxproject/lib/python3.10/site-packages:/home/juwon/Week5Project_ws/src/install/boxproject_interfaces/local/lib/python3.10/dist-packages:${PYTHONPATH} /usr/bin/python3 -W ignore:setup.py install is deprecated -W ignore:easy_install command is deprecated setup.py egg_info --egg-base ../build/boxproject build --build-base /home/juwon/RokeyProjects/src/build/boxproject/build install --record /home/juwon/RokeyProjects/src/build/boxproject/install.log --single-version-externally-managed install_data
[0.529s] running egg_info
[0.529s] writing ../build/boxproject/boxproject.egg-info/PKG-INFO
[0.530s] writing dependency_links to ../build/boxproject/boxproject.egg-info/dependency_links.txt
[0.530s] writing entry points to ../build/boxproject/boxproject.egg-info/entry_points.txt
[0.530s] writing requirements to ../build/boxproject/boxproject.egg-info/requires.txt
[0.530s] writing top-level names to ../build/boxproject/boxproject.egg-info/top_level.txt
[0.531s] reading manifest file '../build/boxproject/boxproject.egg-info/SOURCES.txt'
[0.534s] writing manifest file '../build/boxproject/boxproject.egg-info/SOURCES.txt'
[0.534s] running build
[0.534s] running build_py
[0.535s] copying boxproject/web_camera_node.py -> /home/juwon/RokeyProjects/src/build/boxproject/build/lib/boxproject
[0.535s] running install
[0.535s] running install_lib
[0.536s] copying /home/juwon/RokeyProjects/src/build/boxproject/build/lib/boxproject/web_camera_node.py -> /home/juwon/RokeyProjects/src/install/boxproject/lib/python3.10/site-packages/boxproject
[0.536s] byte-compiling /home/juwon/RokeyProjects/src/install/boxproject/lib/python3.10/site-packages/boxproject/web_camera_node.py to web_camera_node.cpython-310.pyc
[0.537s] running install_data
[0.537s] running install_egg_info
[0.539s] removing '/home/juwon/RokeyProjects/src/install/boxproject/lib/python3.10/site-packages/boxproject-0.0.0-py3.10.egg-info' (and everything under it)
[0.539s] Copying ../build/boxproject/boxproject.egg-info to /home/juwon/RokeyProjects/src/install/boxproject/lib/python3.10/site-packages/boxproject-0.0.0-py3.10.egg-info
[0.541s] running install_scripts
[0.555s] Installing gui_node script to /home/juwon/RokeyProjects/src/install/boxproject/lib/boxproject
[0.555s] Installing robot_arm_node script to /home/juwon/RokeyProjects/src/install/boxproject/lib/boxproject
[0.556s] Installing robot_status script to /home/juwon/RokeyProjects/src/install/boxproject/lib/boxproject
[0.556s] Installing test_node script to /home/juwon/RokeyProjects/src/install/boxproject/lib/boxproject
[0.556s] Installing webcam_node script to /home/juwon/RokeyProjects/src/install/boxproject/lib/boxproject
[0.556s] writing list of installed files to '/home/juwon/RokeyProjects/src/build/boxproject/install.log'
[0.569s] Invoked command in '/home/juwon/RokeyProjects/src/boxproject' returned '0': AMENT_PREFIX_PATH=/home/juwon/Week5Project_ws/src/install/boxproject_interfaces:${AMENT_PREFIX_PATH} CMAKE_PREFIX_PATH=/home/juwon/RokeyProjects/src/install/boxproject_interfaces LD_LIBRARY_PATH=/home/juwon/Week5Project_ws/src/install/boxproject_interfaces/lib:/home/juwon/RokeyProjects/src/install/boxproject_interfaces/lib:${LD_LIBRARY_PATH} PYTHONPATH=/home/juwon/RokeyProjects/src/build/boxproject/prefix_override:/usr/lib/python3/dist-packages/colcon_core/task/python/colcon_distutils_commands:/home/juwon/RokeyProjects/src/install/boxproject/lib/python3.10/site-packages:/home/juwon/Week5Project_ws/src/install/boxproject_interfaces/local/lib/python3.10/dist-packages:${PYTHONPATH} /usr/bin/python3 -W ignore:setup.py install is deprecated -W ignore:easy_install command is deprecated setup.py egg_info --egg-base ../build/boxproject build --build-base /home/juwon/RokeyProjects/src/build/boxproject/build install --record /home/juwon/RokeyProjects/src/build/boxproject/install.log --single-version-externally-managed install_data
