[0.330s] Invoking command in '/home/juwon/Week5Project_ws/src/boxproject': PYTHONPATH=/home/juwon/Week5Project_ws/src/build/boxproject/prefix_override:/usr/lib/python3/dist-packages/colcon_core/task/python/colcon_distutils_commands:/home/juwon/Week5Project_ws/src/install/boxproject/lib/python3.10/site-packages:${PYTHONPATH} /usr/bin/python3 -W ignore:setup.py install is deprecated -W ignore:easy_install command is deprecated setup.py egg_info --egg-base ../build/boxproject build --build-base /home/juwon/Week5Project_ws/src/build/boxproject/build install --record /home/juwon/Week5Project_ws/src/build/boxproject/install.log --single-version-externally-managed install_data
[0.453s] running egg_info
[0.454s] writing ../build/boxproject/boxproject.egg-info/PKG-INFO
[0.454s] writing dependency_links to ../build/boxproject/boxproject.egg-info/dependency_links.txt
[0.454s] writing entry points to ../build/boxproject/boxproject.egg-info/entry_points.txt
[0.454s] writing requirements to ../build/boxproject/boxproject.egg-info/requires.txt
[0.455s] writing top-level names to ../build/boxproject/boxproject.egg-info/top_level.txt
[0.456s] reading manifest file '../build/boxproject/boxproject.egg-info/SOURCES.txt'
[0.456s] writing manifest file '../build/boxproject/boxproject.egg-info/SOURCES.txt'
[0.456s] running build
[0.456s] running build_py
[0.456s] running install
[0.457s] running install_lib
[0.457s] running install_data
[0.457s] running install_egg_info
[0.458s] removing '/home/juwon/Week5Project_ws/src/install/boxproject/lib/python3.10/site-packages/boxproject-0.0.0-py3.10.egg-info' (and everything under it)
[0.458s] Copying ../build/boxproject/boxproject.egg-info to /home/juwon/Week5Project_ws/src/install/boxproject/lib/python3.10/site-packages/boxproject-0.0.0-py3.10.egg-info
[0.459s] running install_scripts
[0.471s] Installing gui_node script to /home/juwon/Week5Project_ws/src/install/boxproject/lib/boxproject
[0.471s] Installing robot_arm_node script to /home/juwon/Week5Project_ws/src/install/boxproject/lib/boxproject
[0.471s] Installing robot_status script to /home/juwon/Week5Project_ws/src/install/boxproject/lib/boxproject
[0.471s] Installing test_node script to /home/juwon/Week5Project_ws/src/install/boxproject/lib/boxproject
[0.471s] Installing webcam_node script to /home/juwon/Week5Project_ws/src/install/boxproject/lib/boxproject
[0.472s] writing list of installed files to '/home/juwon/Week5Project_ws/src/build/boxproject/install.log'
[0.485s] Invoked command in '/home/juwon/Week5Project_ws/src/boxproject' returned '0': PYTHONPATH=/home/juwon/Week5Project_ws/src/build/boxproject/prefix_override:/usr/lib/python3/dist-packages/colcon_core/task/python/colcon_distutils_commands:/home/juwon/Week5Project_ws/src/install/boxproject/lib/python3.10/site-packages:${PYTHONPATH} /usr/bin/python3 -W ignore:setup.py install is deprecated -W ignore:easy_install command is deprecated setup.py egg_info --egg-base ../build/boxproject build --build-base /home/juwon/Week5Project_ws/src/build/boxproject/build install --record /home/juwon/Week5Project_ws/src/build/boxproject/install.log --single-version-externally-managed install_data
