[0.060s] DEBUG:colcon:Command line arguments: ['/usr/bin/colcon', 'build']
[0.060s] DEBUG:colcon:Parsed command line arguments: Namespace(log_base=None, log_level=None, verb_name='build', build_base='build', install_base='install', merge_install=False, symlink_install=False, test_result_base=None, continue_on_error=False, executor='parallel', parallel_workers=6, event_handlers=None, ignore_user_meta=False, metas=['./colcon.meta'], base_paths=['.'], packages_ignore=None, packages_ignore_regex=None, paths=None, packages_up_to=None, packages_up_to_regex=None, packages_above=None, packages_above_and_dependencies=None, packages_above_depth=None, packages_select_by_dep=None, packages_skip_by_dep=None, packages_skip_up_to=None, packages_select_build_failed=False, packages_skip_build_finished=False, packages_select_test_failures=False, packages_skip_test_passed=False, packages_select=None, packages_skip=None, packages_select_regex=None, packages_skip_regex=None, packages_start=None, packages_end=None, allow_overriding=[], cmake_args=None, cmake_target=None, cmake_target_skip_unavailable=False, cmake_clean_cache=False, cmake_clean_first=False, cmake_force_configure=False, ament_cmake_args=None, catkin_cmake_args=None, catkin_skip_building_tests=False, mixin_files=None, mixin=None, verb_parser=<colcon_mixin.mixin.mixin_argument.MixinArgumentDecorator object at 0x74b7b2f510c0>, verb_extension=<colcon_core.verb.build.BuildVerb object at 0x74b7b2f50b50>, main=<bound method BuildVerb.main of <colcon_core.verb.build.BuildVerb object at 0x74b7b2f50b50>>, mixin_verb=('build',))
[0.134s] Level 1:colcon.colcon_core.package_discovery:discover_packages(colcon_meta) check parameters
[0.134s] Level 1:colcon.colcon_core.package_discovery:discover_packages(recursive) check parameters
[0.134s] Level 1:colcon.colcon_core.package_discovery:discover_packages(ignore) check parameters
[0.134s] Level 1:colcon.colcon_core.package_discovery:discover_packages(path) check parameters
[0.135s] Level 1:colcon.colcon_core.package_discovery:discover_packages(colcon_meta) discover
[0.135s] Level 1:colcon.colcon_core.package_discovery:discover_packages(recursive) discover
[0.135s] INFO:colcon.colcon_core.package_discovery:Crawling recursively for packages in '/home/juwon/Week5Project_ws/src'
[0.135s] Level 1:colcon.colcon_core.package_identification:_identify(.) by extensions ['ignore', 'ignore_ament_install']
[0.135s] Level 1:colcon.colcon_core.package_identification:_identify(.) by extension 'ignore'
[0.135s] Level 1:colcon.colcon_core.package_identification:_identify(.) by extension 'ignore_ament_install'
[0.135s] Level 1:colcon.colcon_core.package_identification:_identify(.) by extensions ['colcon_pkg']
[0.135s] Level 1:colcon.colcon_core.package_identification:_identify(.) by extension 'colcon_pkg'
[0.135s] Level 1:colcon.colcon_core.package_identification:_identify(.) by extensions ['colcon_meta']
[0.135s] Level 1:colcon.colcon_core.package_identification:_identify(.) by extension 'colcon_meta'
[0.135s] Level 1:colcon.colcon_core.package_identification:_identify(.) by extensions ['ros']
[0.135s] Level 1:colcon.colcon_core.package_identification:_identify(.) by extension 'ros'
[0.141s] Level 1:colcon.colcon_core.package_identification:_identify(.) by extensions ['cmake', 'python']
[0.142s] Level 1:colcon.colcon_core.package_identification:_identify(.) by extension 'cmake'
[0.142s] Level 1:colcon.colcon_core.package_identification:_identify(.) by extension 'python'
[0.142s] Level 1:colcon.colcon_core.package_identification:_identify(.) by extensions ['python_setup_py']
[0.142s] Level 1:colcon.colcon_core.package_identification:_identify(.) by extension 'python_setup_py'
[0.142s] Level 1:colcon.colcon_core.package_identification:_identify(boxproject) by extensions ['ignore', 'ignore_ament_install']
[0.142s] Level 1:colcon.colcon_core.package_identification:_identify(boxproject) by extension 'ignore'
[0.142s] Level 1:colcon.colcon_core.package_identification:_identify(boxproject) by extension 'ignore_ament_install'
[0.142s] Level 1:colcon.colcon_core.package_identification:_identify(boxproject) by extensions ['colcon_pkg']
[0.142s] Level 1:colcon.colcon_core.package_identification:_identify(boxproject) by extension 'colcon_pkg'
[0.142s] Level 1:colcon.colcon_core.package_identification:_identify(boxproject) by extensions ['colcon_meta']
[0.142s] Level 1:colcon.colcon_core.package_identification:_identify(boxproject) by extension 'colcon_meta'
[0.142s] Level 1:colcon.colcon_core.package_identification:_identify(boxproject) by extensions ['ros']
[0.142s] Level 1:colcon.colcon_core.package_identification:_identify(boxproject) by extension 'ros'
[0.143s] DEBUG:colcon.colcon_core.package_identification:Package 'boxproject' with type 'ros.ament_python' and name 'boxproject'
[0.143s] Level 1:colcon.colcon_core.package_identification:_identify(boxproject_interfaces) by extensions ['ignore', 'ignore_ament_install']
[0.144s] Level 1:colcon.colcon_core.package_identification:_identify(boxproject_interfaces) by extension 'ignore'
[0.144s] Level 1:colcon.colcon_core.package_identification:_identify(boxproject_interfaces) by extension 'ignore_ament_install'
[0.144s] Level 1:colcon.colcon_core.package_identification:_identify(boxproject_interfaces) by extensions ['colcon_pkg']
[0.144s] Level 1:colcon.colcon_core.package_identification:_identify(boxproject_interfaces) by extension 'colcon_pkg'
[0.144s] Level 1:colcon.colcon_core.package_identification:_identify(boxproject_interfaces) by extensions ['colcon_meta']
[0.144s] Level 1:colcon.colcon_core.package_identification:_identify(boxproject_interfaces) by extension 'colcon_meta'
[0.144s] Level 1:colcon.colcon_core.package_identification:_identify(boxproject_interfaces) by extensions ['ros']
[0.144s] Level 1:colcon.colcon_core.package_identification:_identify(boxproject_interfaces) by extension 'ros'
[0.144s] DEBUG:colcon.colcon_core.package_identification:Package 'boxproject_interfaces' with type 'ros.ament_cmake' and name 'boxproject_interfaces'
[0.144s] Level 1:colcon.colcon_core.package_identification:_identify(build) by extensions ['ignore', 'ignore_ament_install']
[0.144s] Level 1:colcon.colcon_core.package_identification:_identify(build) by extension 'ignore'
[0.144s] Level 1:colcon.colcon_core.package_identification:_identify(build) ignored
[0.144s] Level 1:colcon.colcon_core.package_identification:_identify(install) by extensions ['ignore', 'ignore_ament_install']
[0.144s] Level 1:colcon.colcon_core.package_identification:_identify(install) by extension 'ignore'
[0.144s] Level 1:colcon.colcon_core.package_identification:_identify(install) ignored
[0.144s] Level 1:colcon.colcon_core.package_identification:_identify(log) by extensions ['ignore', 'ignore_ament_install']
[0.144s] Level 1:colcon.colcon_core.package_identification:_identify(log) by extension 'ignore'
[0.144s] Level 1:colcon.colcon_core.package_identification:_identify(log) ignored
[0.144s] Level 1:colcon.colcon_core.package_discovery:discover_packages(recursive) using defaults
[0.144s] Level 1:colcon.colcon_core.package_discovery:discover_packages(ignore) discover
[0.144s] Level 1:colcon.colcon_core.package_discovery:discover_packages(ignore) using defaults
[0.144s] Level 1:colcon.colcon_core.package_discovery:discover_packages(path) discover
[0.144s] Level 1:colcon.colcon_core.package_discovery:discover_packages(path) using defaults
[0.155s] Level 1:colcon.colcon_core.package_discovery:discover_packages(prefix_path) check parameters
[0.155s] Level 1:colcon.colcon_core.package_discovery:discover_packages(prefix_path) discover
[0.157s] DEBUG:colcon.colcon_installed_package_information.package_discovery:Found 2 installed packages in /home/juwon/Week5Project_ws/install
[0.157s] DEBUG:colcon.colcon_installed_package_information.package_discovery:Found 180 installed packages in /opt/ros/humble
[0.158s] Level 1:colcon.colcon_core.package_discovery:discover_packages(prefix_path) using defaults
[0.177s] Level 5:colcon.colcon_core.verb:set package 'boxproject_interfaces' build argument 'cmake_args' from command line to 'None'
[0.177s] Level 5:colcon.colcon_core.verb:set package 'boxproject_interfaces' build argument 'cmake_target' from command line to 'None'
[0.177s] Level 5:colcon.colcon_core.verb:set package 'boxproject_interfaces' build argument 'cmake_target_skip_unavailable' from command line to 'False'
[0.177s] Level 5:colcon.colcon_core.verb:set package 'boxproject_interfaces' build argument 'cmake_clean_cache' from command line to 'False'
[0.177s] Level 5:colcon.colcon_core.verb:set package 'boxproject_interfaces' build argument 'cmake_clean_first' from command line to 'False'
[0.177s] Level 5:colcon.colcon_core.verb:set package 'boxproject_interfaces' build argument 'cmake_force_configure' from command line to 'False'
[0.177s] Level 5:colcon.colcon_core.verb:set package 'boxproject_interfaces' build argument 'ament_cmake_args' from command line to 'None'
[0.177s] Level 5:colcon.colcon_core.verb:set package 'boxproject_interfaces' build argument 'catkin_cmake_args' from command line to 'None'
[0.177s] Level 5:colcon.colcon_core.verb:set package 'boxproject_interfaces' build argument 'catkin_skip_building_tests' from command line to 'False'
[0.177s] DEBUG:colcon.colcon_core.verb:Building package 'boxproject_interfaces' with the following arguments: {'ament_cmake_args': None, 'build_base': '/home/juwon/Week5Project_ws/src/build/boxproject_interfaces', 'catkin_cmake_args': None, 'catkin_skip_building_tests': False, 'cmake_args': None, 'cmake_clean_cache': False, 'cmake_clean_first': False, 'cmake_force_configure': False, 'cmake_target': None, 'cmake_target_skip_unavailable': False, 'install_base': '/home/juwon/Week5Project_ws/src/install/boxproject_interfaces', 'merge_install': False, 'path': '/home/juwon/Week5Project_ws/src/boxproject_interfaces', 'symlink_install': False, 'test_result_base': None}
[0.177s] Level 5:colcon.colcon_core.verb:set package 'boxproject' build argument 'cmake_args' from command line to 'None'
[0.177s] Level 5:colcon.colcon_core.verb:set package 'boxproject' build argument 'cmake_target' from command line to 'None'
[0.177s] Level 5:colcon.colcon_core.verb:set package 'boxproject' build argument 'cmake_target_skip_unavailable' from command line to 'False'
[0.177s] Level 5:colcon.colcon_core.verb:set package 'boxproject' build argument 'cmake_clean_cache' from command line to 'False'
[0.177s] Level 5:colcon.colcon_core.verb:set package 'boxproject' build argument 'cmake_clean_first' from command line to 'False'
[0.177s] Level 5:colcon.colcon_core.verb:set package 'boxproject' build argument 'cmake_force_configure' from command line to 'False'
[0.177s] Level 5:colcon.colcon_core.verb:set package 'boxproject' build argument 'ament_cmake_args' from command line to 'None'
[0.177s] Level 5:colcon.colcon_core.verb:set package 'boxproject' build argument 'catkin_cmake_args' from command line to 'None'
[0.177s] Level 5:colcon.colcon_core.verb:set package 'boxproject' build argument 'catkin_skip_building_tests' from command line to 'False'
[0.177s] DEBUG:colcon.colcon_core.verb:Building package 'boxproject' with the following arguments: {'ament_cmake_args': None, 'build_base': '/home/juwon/Week5Project_ws/src/build/boxproject', 'catkin_cmake_args': None, 'catkin_skip_building_tests': False, 'cmake_args': None, 'cmake_clean_cache': False, 'cmake_clean_first': False, 'cmake_force_configure': False, 'cmake_target': None, 'cmake_target_skip_unavailable': False, 'install_base': '/home/juwon/Week5Project_ws/src/install/boxproject', 'merge_install': False, 'path': '/home/juwon/Week5Project_ws/src/boxproject', 'symlink_install': False, 'test_result_base': None}
[0.178s] INFO:colcon.colcon_core.executor:Executing jobs using 'parallel' executor
[0.178s] DEBUG:colcon.colcon_parallel_executor.executor.parallel:run_until_complete
[0.178s] INFO:colcon.colcon_ros.task.ament_cmake.build:Building ROS package in '/home/juwon/Week5Project_ws/src/boxproject_interfaces' with build type 'ament_cmake'
[0.178s] INFO:colcon.colcon_cmake.task.cmake.build:Building CMake package in '/home/juwon/Week5Project_ws/src/boxproject_interfaces'
[0.180s] INFO:colcon.colcon_core.plugin_system:Skipping extension 'colcon_core.shell.bat': Not used on non-Windows systems
[0.180s] INFO:colcon.colcon_core.shell:Skip shell extension 'powershell' for command environment: Not usable outside of PowerShell
[0.180s] DEBUG:colcon.colcon_core.shell:Skip shell extension 'dsv' for command environment
[0.186s] DEBUG:colcon.colcon_core.event_handler.log_command:Invoking command in '/home/juwon/Week5Project_ws/src/build/boxproject_interfaces': CMAKE_PREFIX_PATH=${CMAKE_PREFIX_PATH}:/home/juwon/Week5Project_ws/install/boxproject:/opt/ros/humble /usr/bin/cmake /home/juwon/Week5Project_ws/src/boxproject_interfaces -DCMAKE_INSTALL_PREFIX=/home/juwon/Week5Project_ws/src/install/boxproject_interfaces
[1.142s] DEBUG:colcon.colcon_core.event_handler.log_command:Invoked command in '/home/juwon/Week5Project_ws/src/build/boxproject_interfaces' returned '0': CMAKE_PREFIX_PATH=${CMAKE_PREFIX_PATH}:/home/juwon/Week5Project_ws/install/boxproject:/opt/ros/humble /usr/bin/cmake /home/juwon/Week5Project_ws/src/boxproject_interfaces -DCMAKE_INSTALL_PREFIX=/home/juwon/Week5Project_ws/src/install/boxproject_interfaces
[1.143s] DEBUG:colcon.colcon_core.event_handler.log_command:Invoking command in '/home/juwon/Week5Project_ws/src/build/boxproject_interfaces': CMAKE_PREFIX_PATH=${CMAKE_PREFIX_PATH}:/home/juwon/Week5Project_ws/install/boxproject:/opt/ros/humble /usr/bin/cmake --build /home/juwon/Week5Project_ws/src/build/boxproject_interfaces -- -j6 -l6
[2.946s] DEBUG:colcon.colcon_core.event_handler.log_command:Invoked command in '/home/juwon/Week5Project_ws/src/build/boxproject_interfaces' returned '0': CMAKE_PREFIX_PATH=${CMAKE_PREFIX_PATH}:/home/juwon/Week5Project_ws/install/boxproject:/opt/ros/humble /usr/bin/cmake --build /home/juwon/Week5Project_ws/src/build/boxproject_interfaces -- -j6 -l6
[2.953s] DEBUG:colcon.colcon_core.event_handler.log_command:Invoking command in '/home/juwon/Week5Project_ws/src/build/boxproject_interfaces': CMAKE_PREFIX_PATH=${CMAKE_PREFIX_PATH}:/home/juwon/Week5Project_ws/install/boxproject:/opt/ros/humble /usr/bin/cmake --install /home/juwon/Week5Project_ws/src/build/boxproject_interfaces
[2.996s] Level 1:colcon.colcon_core.environment:create_environment_scripts_only(boxproject_interfaces)
[2.996s] DEBUG:colcon.colcon_core.event_handler.log_command:Invoked command in '/home/juwon/Week5Project_ws/src/build/boxproject_interfaces' returned '0': CMAKE_PREFIX_PATH=${CMAKE_PREFIX_PATH}:/home/juwon/Week5Project_ws/install/boxproject:/opt/ros/humble /usr/bin/cmake --install /home/juwon/Week5Project_ws/src/build/boxproject_interfaces
[2.998s] Level 1:colcon.colcon_core.environment:checking '/home/juwon/Week5Project_ws/src/install/boxproject_interfaces' for CMake module files
[2.998s] Level 1:colcon.colcon_core.environment:checking '/home/juwon/Week5Project_ws/src/install/boxproject_interfaces' for CMake config files
[2.998s] Level 1:colcon.colcon_core.shell:create_environment_hook('boxproject_interfaces', 'cmake_prefix_path')
[2.998s] INFO:colcon.colcon_core.shell:Creating environment hook '/home/juwon/Week5Project_ws/src/install/boxproject_interfaces/share/boxproject_interfaces/hook/cmake_prefix_path.ps1'
[2.999s] INFO:colcon.colcon_core.shell:Creating environment descriptor '/home/juwon/Week5Project_ws/src/install/boxproject_interfaces/share/boxproject_interfaces/hook/cmake_prefix_path.dsv'
[2.999s] INFO:colcon.colcon_core.shell:Creating environment hook '/home/juwon/Week5Project_ws/src/install/boxproject_interfaces/share/boxproject_interfaces/hook/cmake_prefix_path.sh'
[2.999s] Level 1:colcon.colcon_core.environment:checking '/home/juwon/Week5Project_ws/src/install/boxproject_interfaces/lib'
[2.999s] Level 1:colcon.colcon_core.shell:create_environment_hook('boxproject_interfaces', 'ld_library_path_lib')
[2.999s] INFO:colcon.colcon_core.shell:Creating environment hook '/home/juwon/Week5Project_ws/src/install/boxproject_interfaces/share/boxproject_interfaces/hook/ld_library_path_lib.ps1'
[2.999s] INFO:colcon.colcon_core.shell:Creating environment descriptor '/home/juwon/Week5Project_ws/src/install/boxproject_interfaces/share/boxproject_interfaces/hook/ld_library_path_lib.dsv'
[3.000s] INFO:colcon.colcon_core.shell:Creating environment hook '/home/juwon/Week5Project_ws/src/install/boxproject_interfaces/share/boxproject_interfaces/hook/ld_library_path_lib.sh'
[3.000s] Level 1:colcon.colcon_core.environment:checking '/home/juwon/Week5Project_ws/src/install/boxproject_interfaces/bin'
[3.000s] Level 1:colcon.colcon_core.environment:checking '/home/juwon/Week5Project_ws/src/install/boxproject_interfaces/lib/pkgconfig/boxproject_interfaces.pc'
[3.000s] Level 1:colcon.colcon_core.environment:checking '/home/juwon/Week5Project_ws/src/install/boxproject_interfaces/lib/python3.10/site-packages'
[3.000s] Level 1:colcon.colcon_core.environment:checking '/home/juwon/Week5Project_ws/src/install/boxproject_interfaces/bin'
[3.000s] INFO:colcon.colcon_core.shell:Creating package script '/home/juwon/Week5Project_ws/src/install/boxproject_interfaces/share/boxproject_interfaces/package.ps1'
[3.001s] INFO:colcon.colcon_core.shell:Creating package descriptor '/home/juwon/Week5Project_ws/src/install/boxproject_interfaces/share/boxproject_interfaces/package.dsv'
[3.001s] INFO:colcon.colcon_core.shell:Creating package script '/home/juwon/Week5Project_ws/src/install/boxproject_interfaces/share/boxproject_interfaces/package.sh'
[3.001s] INFO:colcon.colcon_core.shell:Creating package script '/home/juwon/Week5Project_ws/src/install/boxproject_interfaces/share/boxproject_interfaces/package.bash'
[3.002s] INFO:colcon.colcon_core.shell:Creating package script '/home/juwon/Week5Project_ws/src/install/boxproject_interfaces/share/boxproject_interfaces/package.zsh'
[3.002s] Level 1:colcon.colcon_core.environment:create_file_with_runtime_dependencies(/home/juwon/Week5Project_ws/src/install/boxproject_interfaces/share/colcon-core/packages/boxproject_interfaces)
[3.002s] Level 1:colcon.colcon_core.environment:create_environment_scripts_only(boxproject_interfaces)
[3.003s] Level 1:colcon.colcon_core.environment:checking '/home/juwon/Week5Project_ws/src/install/boxproject_interfaces' for CMake module files
[3.003s] Level 1:colcon.colcon_core.environment:checking '/home/juwon/Week5Project_ws/src/install/boxproject_interfaces' for CMake config files
[3.003s] Level 1:colcon.colcon_core.shell:create_environment_hook('boxproject_interfaces', 'cmake_prefix_path')
[3.003s] INFO:colcon.colcon_core.shell:Creating environment hook '/home/juwon/Week5Project_ws/src/install/boxproject_interfaces/share/boxproject_interfaces/hook/cmake_prefix_path.ps1'
[3.003s] INFO:colcon.colcon_core.shell:Creating environment descriptor '/home/juwon/Week5Project_ws/src/install/boxproject_interfaces/share/boxproject_interfaces/hook/cmake_prefix_path.dsv'
[3.003s] INFO:colcon.colcon_core.shell:Creating environment hook '/home/juwon/Week5Project_ws/src/install/boxproject_interfaces/share/boxproject_interfaces/hook/cmake_prefix_path.sh'
[3.004s] Level 1:colcon.colcon_core.environment:checking '/home/juwon/Week5Project_ws/src/install/boxproject_interfaces/lib'
[3.004s] Level 1:colcon.colcon_core.shell:create_environment_hook('boxproject_interfaces', 'ld_library_path_lib')
[3.004s] INFO:colcon.colcon_core.shell:Creating environment hook '/home/juwon/Week5Project_ws/src/install/boxproject_interfaces/share/boxproject_interfaces/hook/ld_library_path_lib.ps1'
[3.004s] INFO:colcon.colcon_core.shell:Creating environment descriptor '/home/juwon/Week5Project_ws/src/install/boxproject_interfaces/share/boxproject_interfaces/hook/ld_library_path_lib.dsv'
[3.005s] INFO:colcon.colcon_core.shell:Creating environment hook '/home/juwon/Week5Project_ws/src/install/boxproject_interfaces/share/boxproject_interfaces/hook/ld_library_path_lib.sh'
[3.005s] Level 1:colcon.colcon_core.environment:checking '/home/juwon/Week5Project_ws/src/install/boxproject_interfaces/bin'
[3.005s] Level 1:colcon.colcon_core.environment:checking '/home/juwon/Week5Project_ws/src/install/boxproject_interfaces/lib/pkgconfig/boxproject_interfaces.pc'
[3.005s] Level 1:colcon.colcon_core.environment:checking '/home/juwon/Week5Project_ws/src/install/boxproject_interfaces/lib/python3.10/site-packages'
[3.005s] Level 1:colcon.colcon_core.environment:checking '/home/juwon/Week5Project_ws/src/install/boxproject_interfaces/bin'
[3.005s] INFO:colcon.colcon_core.shell:Creating package script '/home/juwon/Week5Project_ws/src/install/boxproject_interfaces/share/boxproject_interfaces/package.ps1'
[3.006s] INFO:colcon.colcon_core.shell:Creating package descriptor '/home/juwon/Week5Project_ws/src/install/boxproject_interfaces/share/boxproject_interfaces/package.dsv'
[3.006s] INFO:colcon.colcon_core.shell:Creating package script '/home/juwon/Week5Project_ws/src/install/boxproject_interfaces/share/boxproject_interfaces/package.sh'
[3.006s] INFO:colcon.colcon_core.shell:Creating package script '/home/juwon/Week5Project_ws/src/install/boxproject_interfaces/share/boxproject_interfaces/package.bash'
[3.006s] INFO:colcon.colcon_core.shell:Creating package script '/home/juwon/Week5Project_ws/src/install/boxproject_interfaces/share/boxproject_interfaces/package.zsh'
[3.007s] Level 1:colcon.colcon_core.environment:create_file_with_runtime_dependencies(/home/juwon/Week5Project_ws/src/install/boxproject_interfaces/share/colcon-core/packages/boxproject_interfaces)
[3.007s] INFO:colcon.colcon_ros.task.ament_python.build:Building ROS package in '/home/juwon/Week5Project_ws/src/boxproject' with build type 'ament_python'
[3.007s] Level 1:colcon.colcon_core.shell:create_environment_hook('boxproject', 'ament_prefix_path')
[3.007s] INFO:colcon.colcon_core.shell:Creating environment hook '/home/juwon/Week5Project_ws/src/install/boxproject/share/boxproject/hook/ament_prefix_path.ps1'
[3.008s] INFO:colcon.colcon_core.shell:Creating environment descriptor '/home/juwon/Week5Project_ws/src/install/boxproject/share/boxproject/hook/ament_prefix_path.dsv'
[3.008s] INFO:colcon.colcon_core.shell:Creating environment hook '/home/juwon/Week5Project_ws/src/install/boxproject/share/boxproject/hook/ament_prefix_path.sh'
[3.008s] INFO:colcon.colcon_core.shell:Skip shell extension 'powershell' for command environment: Not usable outside of PowerShell
[3.008s] DEBUG:colcon.colcon_core.shell:Skip shell extension 'dsv' for command environment
[3.135s] INFO:colcon.colcon_core.task.python.build:Building Python package in '/home/juwon/Week5Project_ws/src/boxproject'
[3.135s] INFO:colcon.colcon_core.shell:Skip shell extension 'powershell' for command environment: Not usable outside of PowerShell
[3.135s] DEBUG:colcon.colcon_core.shell:Skip shell extension 'dsv' for command environment
[3.307s] DEBUG:colcon.colcon_core.event_handler.log_command:Invoking command in '/home/juwon/Week5Project_ws/src/boxproject': AMENT_PREFIX_PATH=/home/juwon/Week5Project_ws/src/install/boxproject_interfaces:${AMENT_PREFIX_PATH} CMAKE_PREFIX_PATH=/home/juwon/Week5Project_ws/src/install/boxproject_interfaces:${CMAKE_PREFIX_PATH} LD_LIBRARY_PATH=/home/juwon/Week5Project_ws/src/install/boxproject_interfaces/lib:${LD_LIBRARY_PATH} PYTHONPATH=/home/juwon/Week5Project_ws/src/build/boxproject/prefix_override:/usr/lib/python3/dist-packages/colcon_core/task/python/colcon_distutils_commands:/home/juwon/Week5Project_ws/src/install/boxproject/lib/python3.10/site-packages:/home/juwon/Week5Project_ws/src/install/boxproject_interfaces/local/lib/python3.10/dist-packages:${PYTHONPATH} /usr/bin/python3 -W ignore:setup.py install is deprecated -W ignore:easy_install command is deprecated setup.py egg_info --egg-base ../build/boxproject build --build-base /home/juwon/Week5Project_ws/src/build/boxproject/build install --record /home/juwon/Week5Project_ws/src/build/boxproject/install.log --single-version-externally-managed install_data
[3.453s] Level 1:colcon.colcon_core.environment:checking '/home/juwon/Week5Project_ws/src/install/boxproject' for CMake module files
[3.453s] DEBUG:colcon.colcon_core.event_handler.log_command:Invoked command in '/home/juwon/Week5Project_ws/src/boxproject' returned '0': AMENT_PREFIX_PATH=/home/juwon/Week5Project_ws/src/install/boxproject_interfaces:${AMENT_PREFIX_PATH} CMAKE_PREFIX_PATH=/home/juwon/Week5Project_ws/src/install/boxproject_interfaces:${CMAKE_PREFIX_PATH} LD_LIBRARY_PATH=/home/juwon/Week5Project_ws/src/install/boxproject_interfaces/lib:${LD_LIBRARY_PATH} PYTHONPATH=/home/juwon/Week5Project_ws/src/build/boxproject/prefix_override:/usr/lib/python3/dist-packages/colcon_core/task/python/colcon_distutils_commands:/home/juwon/Week5Project_ws/src/install/boxproject/lib/python3.10/site-packages:/home/juwon/Week5Project_ws/src/install/boxproject_interfaces/local/lib/python3.10/dist-packages:${PYTHONPATH} /usr/bin/python3 -W ignore:setup.py install is deprecated -W ignore:easy_install command is deprecated setup.py egg_info --egg-base ../build/boxproject build --build-base /home/juwon/Week5Project_ws/src/build/boxproject/build install --record /home/juwon/Week5Project_ws/src/build/boxproject/install.log --single-version-externally-managed install_data
[3.454s] Level 1:colcon.colcon_core.environment:checking '/home/juwon/Week5Project_ws/src/install/boxproject' for CMake config files
[3.454s] Level 1:colcon.colcon_core.environment:checking '/home/juwon/Week5Project_ws/src/install/boxproject/lib'
[3.454s] Level 1:colcon.colcon_core.environment:checking '/home/juwon/Week5Project_ws/src/install/boxproject/bin'
[3.454s] Level 1:colcon.colcon_core.environment:checking '/home/juwon/Week5Project_ws/src/install/boxproject/lib/pkgconfig/boxproject.pc'
[3.454s] Level 1:colcon.colcon_core.environment:checking '/home/juwon/Week5Project_ws/src/install/boxproject/lib/python3.10/site-packages'
[3.454s] Level 1:colcon.colcon_core.shell:create_environment_hook('boxproject', 'pythonpath')
[3.454s] INFO:colcon.colcon_core.shell:Creating environment hook '/home/juwon/Week5Project_ws/src/install/boxproject/share/boxproject/hook/pythonpath.ps1'
[3.455s] INFO:colcon.colcon_core.shell:Creating environment descriptor '/home/juwon/Week5Project_ws/src/install/boxproject/share/boxproject/hook/pythonpath.dsv'
[3.455s] INFO:colcon.colcon_core.shell:Creating environment hook '/home/juwon/Week5Project_ws/src/install/boxproject/share/boxproject/hook/pythonpath.sh'
[3.455s] Level 1:colcon.colcon_core.environment:checking '/home/juwon/Week5Project_ws/src/install/boxproject/bin'
[3.455s] Level 1:colcon.colcon_core.environment:create_environment_scripts_only(boxproject)
[3.455s] INFO:colcon.colcon_core.shell:Creating package script '/home/juwon/Week5Project_ws/src/install/boxproject/share/boxproject/package.ps1'
[3.455s] INFO:colcon.colcon_core.shell:Creating package descriptor '/home/juwon/Week5Project_ws/src/install/boxproject/share/boxproject/package.dsv'
[3.456s] INFO:colcon.colcon_core.shell:Creating package script '/home/juwon/Week5Project_ws/src/install/boxproject/share/boxproject/package.sh'
[3.456s] INFO:colcon.colcon_core.shell:Creating package script '/home/juwon/Week5Project_ws/src/install/boxproject/share/boxproject/package.bash'
[3.456s] INFO:colcon.colcon_core.shell:Creating package script '/home/juwon/Week5Project_ws/src/install/boxproject/share/boxproject/package.zsh'
[3.456s] Level 1:colcon.colcon_core.environment:create_file_with_runtime_dependencies(/home/juwon/Week5Project_ws/src/install/boxproject/share/colcon-core/packages/boxproject)
[3.456s] DEBUG:colcon.colcon_parallel_executor.executor.parallel:closing loop
[3.456s] DEBUG:colcon.colcon_parallel_executor.executor.parallel:loop closed
[3.456s] DEBUG:colcon.colcon_parallel_executor.executor.parallel:run_until_complete finished with '0'
[3.457s] DEBUG:colcon.colcon_core.event_reactor:joining thread
[3.460s] INFO:colcon.colcon_core.plugin_system:Skipping extension 'colcon_notification.desktop_notification.terminal_notifier': Not used on non-Darwin systems
[3.460s] INFO:colcon.colcon_core.plugin_system:Skipping extension 'colcon_notification.desktop_notification.win32': Not used on non-Windows systems
[3.460s] INFO:colcon.colcon_notification.desktop_notification:Sending desktop notification using 'notify2'
[3.469s] DEBUG:colcon.colcon_core.event_reactor:joined thread
[3.469s] INFO:colcon.colcon_core.shell:Creating prefix script '/home/juwon/Week5Project_ws/src/install/local_setup.ps1'
[3.470s] INFO:colcon.colcon_core.shell:Creating prefix util module '/home/juwon/Week5Project_ws/src/install/_local_setup_util_ps1.py'
[3.471s] INFO:colcon.colcon_core.shell:Creating prefix chain script '/home/juwon/Week5Project_ws/src/install/setup.ps1'
[3.471s] INFO:colcon.colcon_core.shell:Creating prefix script '/home/juwon/Week5Project_ws/src/install/local_setup.sh'
[3.472s] INFO:colcon.colcon_core.shell:Creating prefix util module '/home/juwon/Week5Project_ws/src/install/_local_setup_util_sh.py'
[3.472s] INFO:colcon.colcon_core.shell:Creating prefix chain script '/home/juwon/Week5Project_ws/src/install/setup.sh'
[3.473s] INFO:colcon.colcon_core.shell:Creating prefix script '/home/juwon/Week5Project_ws/src/install/local_setup.bash'
[3.473s] INFO:colcon.colcon_core.shell:Creating prefix chain script '/home/juwon/Week5Project_ws/src/install/setup.bash'
[3.473s] INFO:colcon.colcon_core.shell:Creating prefix script '/home/juwon/Week5Project_ws/src/install/local_setup.zsh'
[3.473s] INFO:colcon.colcon_core.shell:Creating prefix chain script '/home/juwon/Week5Project_ws/src/install/setup.zsh'
