[0.070s] DEBUG:colcon:Command line arguments: ['/usr/bin/colcon', 'build']
[0.070s] DEBUG:colcon:Parsed command line arguments: Namespace(log_base=None, log_level=None, verb_name='build', build_base='build', install_base='install', merge_install=False, symlink_install=False, test_result_base=None, continue_on_error=False, executor='parallel', parallel_workers=6, event_handlers=None, ignore_user_meta=False, metas=['./colcon.meta'], base_paths=['.'], packages_ignore=None, packages_ignore_regex=None, paths=None, packages_up_to=None, packages_up_to_regex=None, packages_above=None, packages_above_and_dependencies=None, packages_above_depth=None, packages_select_by_dep=None, packages_skip_by_dep=None, packages_skip_up_to=None, packages_select_build_failed=False, packages_skip_build_finished=False, packages_select_test_failures=False, packages_skip_test_passed=False, packages_select=None, packages_skip=None, packages_select_regex=None, packages_skip_regex=None, packages_start=None, packages_end=None, allow_overriding=[], cmake_args=None, cmake_target=None, cmake_target_skip_unavailable=False, cmake_clean_cache=False, cmake_clean_first=False, cmake_force_configure=False, ament_cmake_args=None, catkin_cmake_args=None, catkin_skip_building_tests=False, mixin_files=None, mixin=None, verb_parser=<colcon_mixin.mixin.mixin_argument.MixinArgumentDecorator object at 0x78ec80d46230>, verb_extension=<colcon_core.verb.build.BuildVerb object at 0x78ec80d45c30>, main=<bound method BuildVerb.main of <colcon_core.verb.build.BuildVerb object at 0x78ec80d45c30>>, mixin_verb=('build',))
[0.151s] Level 1:colcon.colcon_core.package_discovery:discover_packages(colcon_meta) check parameters
[0.152s] Level 1:colcon.colcon_core.package_discovery:discover_packages(recursive) check parameters
[0.152s] Level 1:colcon.colcon_core.package_discovery:discover_packages(ignore) check parameters
[0.152s] Level 1:colcon.colcon_core.package_discovery:discover_packages(path) check parameters
[0.152s] Level 1:colcon.colcon_core.package_discovery:discover_packages(colcon_meta) discover
[0.152s] Level 1:colcon.colcon_core.package_discovery:discover_packages(recursive) discover
[0.152s] INFO:colcon.colcon_core.package_discovery:Crawling recursively for packages in '/home/juwon/RokeyProjects/src'
[0.152s] Level 1:colcon.colcon_core.package_identification:_identify(.) by extensions ['ignore', 'ignore_ament_install']
[0.152s] Level 1:colcon.colcon_core.package_identification:_identify(.) by extension 'ignore'
[0.152s] Level 1:colcon.colcon_core.package_identification:_identify(.) by extension 'ignore_ament_install'
[0.152s] Level 1:colcon.colcon_core.package_identification:_identify(.) by extensions ['colcon_pkg']
[0.152s] Level 1:colcon.colcon_core.package_identification:_identify(.) by extension 'colcon_pkg'
[0.152s] Level 1:colcon.colcon_core.package_identification:_identify(.) by extensions ['colcon_meta']
[0.152s] Level 1:colcon.colcon_core.package_identification:_identify(.) by extension 'colcon_meta'
[0.152s] Level 1:colcon.colcon_core.package_identification:_identify(.) by extensions ['ros']
[0.152s] Level 1:colcon.colcon_core.package_identification:_identify(.) by extension 'ros'
[0.159s] Level 1:colcon.colcon_core.package_identification:_identify(.) by extensions ['cmake', 'python']
[0.159s] Level 1:colcon.colcon_core.package_identification:_identify(.) by extension 'cmake'
[0.159s] Level 1:colcon.colcon_core.package_identification:_identify(.) by extension 'python'
[0.159s] Level 1:colcon.colcon_core.package_identification:_identify(.) by extensions ['python_setup_py']
[0.159s] Level 1:colcon.colcon_core.package_identification:_identify(.) by extension 'python_setup_py'
[0.159s] Level 1:colcon.colcon_core.package_identification:_identify(boxproject) by extensions ['ignore', 'ignore_ament_install']
[0.159s] Level 1:colcon.colcon_core.package_identification:_identify(boxproject) by extension 'ignore'
[0.159s] Level 1:colcon.colcon_core.package_identification:_identify(boxproject) by extension 'ignore_ament_install'
[0.159s] Level 1:colcon.colcon_core.package_identification:_identify(boxproject) by extensions ['colcon_pkg']
[0.159s] Level 1:colcon.colcon_core.package_identification:_identify(boxproject) by extension 'colcon_pkg'
[0.159s] Level 1:colcon.colcon_core.package_identification:_identify(boxproject) by extensions ['colcon_meta']
[0.159s] Level 1:colcon.colcon_core.package_identification:_identify(boxproject) by extension 'colcon_meta'
[0.159s] Level 1:colcon.colcon_core.package_identification:_identify(boxproject) by extensions ['ros']
[0.160s] Level 1:colcon.colcon_core.package_identification:_identify(boxproject) by extension 'ros'
[0.161s] DEBUG:colcon.colcon_core.package_identification:Package 'boxproject' with type 'ros.ament_python' and name 'boxproject'
[0.161s] Level 1:colcon.colcon_core.package_identification:_identify(boxproject_interfaces) by extensions ['ignore', 'ignore_ament_install']
[0.161s] Level 1:colcon.colcon_core.package_identification:_identify(boxproject_interfaces) by extension 'ignore'
[0.161s] Level 1:colcon.colcon_core.package_identification:_identify(boxproject_interfaces) by extension 'ignore_ament_install'
[0.161s] Level 1:colcon.colcon_core.package_identification:_identify(boxproject_interfaces) by extensions ['colcon_pkg']
[0.161s] Level 1:colcon.colcon_core.package_identification:_identify(boxproject_interfaces) by extension 'colcon_pkg'
[0.161s] Level 1:colcon.colcon_core.package_identification:_identify(boxproject_interfaces) by extensions ['colcon_meta']
[0.161s] Level 1:colcon.colcon_core.package_identification:_identify(boxproject_interfaces) by extension 'colcon_meta'
[0.161s] Level 1:colcon.colcon_core.package_identification:_identify(boxproject_interfaces) by extensions ['ros']
[0.161s] Level 1:colcon.colcon_core.package_identification:_identify(boxproject_interfaces) by extension 'ros'
[0.162s] DEBUG:colcon.colcon_core.package_identification:Package 'boxproject_interfaces' with type 'ros.ament_cmake' and name 'boxproject_interfaces'
[0.162s] Level 1:colcon.colcon_core.package_identification:_identify(build) by extensions ['ignore', 'ignore_ament_install']
[0.162s] Level 1:colcon.colcon_core.package_identification:_identify(build) by extension 'ignore'
[0.162s] Level 1:colcon.colcon_core.package_identification:_identify(build) ignored
[0.162s] Level 1:colcon.colcon_core.package_identification:_identify(install) by extensions ['ignore', 'ignore_ament_install']
[0.162s] Level 1:colcon.colcon_core.package_identification:_identify(install) by extension 'ignore'
[0.162s] Level 1:colcon.colcon_core.package_identification:_identify(install) ignored
[0.162s] Level 1:colcon.colcon_core.package_identification:_identify(log) by extensions ['ignore', 'ignore_ament_install']
[0.162s] Level 1:colcon.colcon_core.package_identification:_identify(log) by extension 'ignore'
[0.162s] Level 1:colcon.colcon_core.package_identification:_identify(log) ignored
[0.162s] Level 1:colcon.colcon_core.package_discovery:discover_packages(recursive) using defaults
[0.162s] Level 1:colcon.colcon_core.package_discovery:discover_packages(ignore) discover
[0.162s] Level 1:colcon.colcon_core.package_discovery:discover_packages(ignore) using defaults
[0.162s] Level 1:colcon.colcon_core.package_discovery:discover_packages(path) discover
[0.162s] Level 1:colcon.colcon_core.package_discovery:discover_packages(path) using defaults
[0.176s] Level 1:colcon.colcon_core.package_discovery:discover_packages(prefix_path) check parameters
[0.177s] Level 1:colcon.colcon_core.package_discovery:discover_packages(prefix_path) discover
[0.178s] DEBUG:colcon.colcon_installed_package_information.package_discovery:Found 2 installed packages in /home/juwon/RokeyProjects/src/install
[0.178s] DEBUG:colcon.colcon_installed_package_information.package_discovery:Found 232 installed packages in /opt/ros/humble
[0.184s] Level 1:colcon.colcon_core.package_discovery:discover_packages(prefix_path) using defaults
[0.201s] Level 5:colcon.colcon_core.verb:set package 'boxproject_interfaces' build argument 'cmake_args' from command line to 'None'
[0.201s] Level 5:colcon.colcon_core.verb:set package 'boxproject_interfaces' build argument 'cmake_target' from command line to 'None'
[0.201s] Level 5:colcon.colcon_core.verb:set package 'boxproject_interfaces' build argument 'cmake_target_skip_unavailable' from command line to 'False'
[0.202s] Level 5:colcon.colcon_core.verb:set package 'boxproject_interfaces' build argument 'cmake_clean_cache' from command line to 'False'
[0.202s] Level 5:colcon.colcon_core.verb:set package 'boxproject_interfaces' build argument 'cmake_clean_first' from command line to 'False'
[0.202s] Level 5:colcon.colcon_core.verb:set package 'boxproject_interfaces' build argument 'cmake_force_configure' from command line to 'False'
[0.202s] Level 5:colcon.colcon_core.verb:set package 'boxproject_interfaces' build argument 'ament_cmake_args' from command line to 'None'
[0.202s] Level 5:colcon.colcon_core.verb:set package 'boxproject_interfaces' build argument 'catkin_cmake_args' from command line to 'None'
[0.202s] Level 5:colcon.colcon_core.verb:set package 'boxproject_interfaces' build argument 'catkin_skip_building_tests' from command line to 'False'
[0.202s] DEBUG:colcon.colcon_core.verb:Building package 'boxproject_interfaces' with the following arguments: {'ament_cmake_args': None, 'build_base': '/home/juwon/RokeyProjects/src/build/boxproject_interfaces', 'catkin_cmake_args': None, 'catkin_skip_building_tests': False, 'cmake_args': None, 'cmake_clean_cache': False, 'cmake_clean_first': False, 'cmake_force_configure': False, 'cmake_target': None, 'cmake_target_skip_unavailable': False, 'install_base': '/home/juwon/RokeyProjects/src/install/boxproject_interfaces', 'merge_install': False, 'path': '/home/juwon/RokeyProjects/src/boxproject_interfaces', 'symlink_install': False, 'test_result_base': None}
[0.202s] Level 5:colcon.colcon_core.verb:set package 'boxproject' build argument 'cmake_args' from command line to 'None'
[0.202s] Level 5:colcon.colcon_core.verb:set package 'boxproject' build argument 'cmake_target' from command line to 'None'
[0.202s] Level 5:colcon.colcon_core.verb:set package 'boxproject' build argument 'cmake_target_skip_unavailable' from command line to 'False'
[0.202s] Level 5:colcon.colcon_core.verb:set package 'boxproject' build argument 'cmake_clean_cache' from command line to 'False'
[0.202s] Level 5:colcon.colcon_core.verb:set package 'boxproject' build argument 'cmake_clean_first' from command line to 'False'
[0.202s] Level 5:colcon.colcon_core.verb:set package 'boxproject' build argument 'cmake_force_configure' from command line to 'False'
[0.202s] Level 5:colcon.colcon_core.verb:set package 'boxproject' build argument 'ament_cmake_args' from command line to 'None'
[0.202s] Level 5:colcon.colcon_core.verb:set package 'boxproject' build argument 'catkin_cmake_args' from command line to 'None'
[0.202s] Level 5:colcon.colcon_core.verb:set package 'boxproject' build argument 'catkin_skip_building_tests' from command line to 'False'
[0.202s] DEBUG:colcon.colcon_core.verb:Building package 'boxproject' with the following arguments: {'ament_cmake_args': None, 'build_base': '/home/juwon/RokeyProjects/src/build/boxproject', 'catkin_cmake_args': None, 'catkin_skip_building_tests': False, 'cmake_args': None, 'cmake_clean_cache': False, 'cmake_clean_first': False, 'cmake_force_configure': False, 'cmake_target': None, 'cmake_target_skip_unavailable': False, 'install_base': '/home/juwon/RokeyProjects/src/install/boxproject', 'merge_install': False, 'path': '/home/juwon/RokeyProjects/src/boxproject', 'symlink_install': False, 'test_result_base': None}
[0.202s] INFO:colcon.colcon_core.executor:Executing jobs using 'parallel' executor
[0.203s] DEBUG:colcon.colcon_parallel_executor.executor.parallel:run_until_complete
[0.203s] INFO:colcon.colcon_ros.task.ament_cmake.build:Building ROS package in '/home/juwon/RokeyProjects/src/boxproject_interfaces' with build type 'ament_cmake'
[0.203s] INFO:colcon.colcon_cmake.task.cmake.build:Building CMake package in '/home/juwon/RokeyProjects/src/boxproject_interfaces'
[0.204s] INFO:colcon.colcon_core.plugin_system:Skipping extension 'colcon_core.shell.bat': Not used on non-Windows systems
[0.204s] INFO:colcon.colcon_core.shell:Skip shell extension 'powershell' for command environment: Not usable outside of PowerShell
[0.204s] DEBUG:colcon.colcon_core.shell:Skip shell extension 'dsv' for command environment
[0.211s] DEBUG:colcon.colcon_core.event_handler.log_command:Invoking command in '/home/juwon/RokeyProjects/src/build/boxproject_interfaces': CMAKE_PREFIX_PATH=${CMAKE_PREFIX_PATH}:/home/juwon/RokeyProjects/src/install/boxproject:/opt/ros/humble /usr/bin/cmake --build /home/juwon/RokeyProjects/src/build/boxproject_interfaces -- -j6 -l6
[1.193s] DEBUG:colcon.colcon_core.event_handler.log_command:Invoked command in '/home/juwon/RokeyProjects/src/build/boxproject_interfaces' returned '0': CMAKE_PREFIX_PATH=${CMAKE_PREFIX_PATH}:/home/juwon/RokeyProjects/src/install/boxproject:/opt/ros/humble /usr/bin/cmake --build /home/juwon/RokeyProjects/src/build/boxproject_interfaces -- -j6 -l6
[1.201s] DEBUG:colcon.colcon_core.event_handler.log_command:Invoking command in '/home/juwon/RokeyProjects/src/build/boxproject_interfaces': CMAKE_PREFIX_PATH=${CMAKE_PREFIX_PATH}:/home/juwon/RokeyProjects/src/install/boxproject:/opt/ros/humble /usr/bin/cmake --install /home/juwon/RokeyProjects/src/build/boxproject_interfaces
[1.241s] Level 1:colcon.colcon_core.environment:create_environment_scripts_only(boxproject_interfaces)
[1.242s] DEBUG:colcon.colcon_core.event_handler.log_command:Invoked command in '/home/juwon/RokeyProjects/src/build/boxproject_interfaces' returned '0': CMAKE_PREFIX_PATH=${CMAKE_PREFIX_PATH}:/home/juwon/RokeyProjects/src/install/boxproject:/opt/ros/humble /usr/bin/cmake --install /home/juwon/RokeyProjects/src/build/boxproject_interfaces
[1.243s] Level 1:colcon.colcon_core.environment:checking '/home/juwon/RokeyProjects/src/install/boxproject_interfaces' for CMake module files
[1.244s] Level 1:colcon.colcon_core.environment:checking '/home/juwon/RokeyProjects/src/install/boxproject_interfaces' for CMake config files
[1.245s] Level 1:colcon.colcon_core.shell:create_environment_hook('boxproject_interfaces', 'cmake_prefix_path')
[1.245s] INFO:colcon.colcon_core.shell:Creating environment hook '/home/juwon/RokeyProjects/src/install/boxproject_interfaces/share/boxproject_interfaces/hook/cmake_prefix_path.ps1'
[1.246s] INFO:colcon.colcon_core.shell:Creating environment descriptor '/home/juwon/RokeyProjects/src/install/boxproject_interfaces/share/boxproject_interfaces/hook/cmake_prefix_path.dsv'
[1.246s] INFO:colcon.colcon_core.shell:Creating environment hook '/home/juwon/RokeyProjects/src/install/boxproject_interfaces/share/boxproject_interfaces/hook/cmake_prefix_path.sh'
[1.247s] Level 1:colcon.colcon_core.environment:checking '/home/juwon/RokeyProjects/src/install/boxproject_interfaces/lib'
[1.247s] Level 1:colcon.colcon_core.shell:create_environment_hook('boxproject_interfaces', 'ld_library_path_lib')
[1.247s] INFO:colcon.colcon_core.shell:Creating environment hook '/home/juwon/RokeyProjects/src/install/boxproject_interfaces/share/boxproject_interfaces/hook/ld_library_path_lib.ps1'
[1.248s] INFO:colcon.colcon_core.shell:Creating environment descriptor '/home/juwon/RokeyProjects/src/install/boxproject_interfaces/share/boxproject_interfaces/hook/ld_library_path_lib.dsv'
[1.248s] INFO:colcon.colcon_core.shell:Creating environment hook '/home/juwon/RokeyProjects/src/install/boxproject_interfaces/share/boxproject_interfaces/hook/ld_library_path_lib.sh'
[1.249s] Level 1:colcon.colcon_core.environment:checking '/home/juwon/RokeyProjects/src/install/boxproject_interfaces/bin'
[1.249s] Level 1:colcon.colcon_core.environment:checking '/home/juwon/RokeyProjects/src/install/boxproject_interfaces/lib/pkgconfig/boxproject_interfaces.pc'
[1.249s] Level 1:colcon.colcon_core.environment:checking '/home/juwon/RokeyProjects/src/install/boxproject_interfaces/lib/python3.10/site-packages'
[1.249s] Level 1:colcon.colcon_core.environment:checking '/home/juwon/RokeyProjects/src/install/boxproject_interfaces/bin'
[1.250s] INFO:colcon.colcon_core.shell:Creating package script '/home/juwon/RokeyProjects/src/install/boxproject_interfaces/share/boxproject_interfaces/package.ps1'
[1.251s] INFO:colcon.colcon_core.shell:Creating package descriptor '/home/juwon/RokeyProjects/src/install/boxproject_interfaces/share/boxproject_interfaces/package.dsv'
[1.252s] INFO:colcon.colcon_core.shell:Creating package script '/home/juwon/RokeyProjects/src/install/boxproject_interfaces/share/boxproject_interfaces/package.sh'
[1.252s] INFO:colcon.colcon_core.shell:Creating package script '/home/juwon/RokeyProjects/src/install/boxproject_interfaces/share/boxproject_interfaces/package.bash'
[1.253s] INFO:colcon.colcon_core.shell:Creating package script '/home/juwon/RokeyProjects/src/install/boxproject_interfaces/share/boxproject_interfaces/package.zsh'
[1.254s] Level 1:colcon.colcon_core.environment:create_file_with_runtime_dependencies(/home/juwon/RokeyProjects/src/install/boxproject_interfaces/share/colcon-core/packages/boxproject_interfaces)
[1.255s] Level 1:colcon.colcon_core.environment:create_environment_scripts_only(boxproject_interfaces)
[1.255s] Level 1:colcon.colcon_core.environment:checking '/home/juwon/RokeyProjects/src/install/boxproject_interfaces' for CMake module files
[1.255s] Level 1:colcon.colcon_core.environment:checking '/home/juwon/RokeyProjects/src/install/boxproject_interfaces' for CMake config files
[1.255s] Level 1:colcon.colcon_core.shell:create_environment_hook('boxproject_interfaces', 'cmake_prefix_path')
[1.255s] INFO:colcon.colcon_core.shell:Creating environment hook '/home/juwon/RokeyProjects/src/install/boxproject_interfaces/share/boxproject_interfaces/hook/cmake_prefix_path.ps1'
[1.256s] INFO:colcon.colcon_core.shell:Creating environment descriptor '/home/juwon/RokeyProjects/src/install/boxproject_interfaces/share/boxproject_interfaces/hook/cmake_prefix_path.dsv'
[1.256s] INFO:colcon.colcon_core.shell:Creating environment hook '/home/juwon/RokeyProjects/src/install/boxproject_interfaces/share/boxproject_interfaces/hook/cmake_prefix_path.sh'
[1.257s] Level 1:colcon.colcon_core.environment:checking '/home/juwon/RokeyProjects/src/install/boxproject_interfaces/lib'
[1.257s] Level 1:colcon.colcon_core.shell:create_environment_hook('boxproject_interfaces', 'ld_library_path_lib')
[1.257s] INFO:colcon.colcon_core.shell:Creating environment hook '/home/juwon/RokeyProjects/src/install/boxproject_interfaces/share/boxproject_interfaces/hook/ld_library_path_lib.ps1'
[1.257s] INFO:colcon.colcon_core.shell:Creating environment descriptor '/home/juwon/RokeyProjects/src/install/boxproject_interfaces/share/boxproject_interfaces/hook/ld_library_path_lib.dsv'
[1.258s] INFO:colcon.colcon_core.shell:Creating environment hook '/home/juwon/RokeyProjects/src/install/boxproject_interfaces/share/boxproject_interfaces/hook/ld_library_path_lib.sh'
[1.258s] Level 1:colcon.colcon_core.environment:checking '/home/juwon/RokeyProjects/src/install/boxproject_interfaces/bin'
[1.258s] Level 1:colcon.colcon_core.environment:checking '/home/juwon/RokeyProjects/src/install/boxproject_interfaces/lib/pkgconfig/boxproject_interfaces.pc'
[1.259s] Level 1:colcon.colcon_core.environment:checking '/home/juwon/RokeyProjects/src/install/boxproject_interfaces/lib/python3.10/site-packages'
[1.259s] Level 1:colcon.colcon_core.environment:checking '/home/juwon/RokeyProjects/src/install/boxproject_interfaces/bin'
[1.259s] INFO:colcon.colcon_core.shell:Creating package script '/home/juwon/RokeyProjects/src/install/boxproject_interfaces/share/boxproject_interfaces/package.ps1'
[1.259s] INFO:colcon.colcon_core.shell:Creating package descriptor '/home/juwon/RokeyProjects/src/install/boxproject_interfaces/share/boxproject_interfaces/package.dsv'
[1.260s] INFO:colcon.colcon_core.shell:Creating package script '/home/juwon/RokeyProjects/src/install/boxproject_interfaces/share/boxproject_interfaces/package.sh'
[1.260s] INFO:colcon.colcon_core.shell:Creating package script '/home/juwon/RokeyProjects/src/install/boxproject_interfaces/share/boxproject_interfaces/package.bash'
[1.260s] INFO:colcon.colcon_core.shell:Creating package script '/home/juwon/RokeyProjects/src/install/boxproject_interfaces/share/boxproject_interfaces/package.zsh'
[1.261s] Level 1:colcon.colcon_core.environment:create_file_with_runtime_dependencies(/home/juwon/RokeyProjects/src/install/boxproject_interfaces/share/colcon-core/packages/boxproject_interfaces)
[1.261s] INFO:colcon.colcon_ros.task.ament_python.build:Building ROS package in '/home/juwon/RokeyProjects/src/boxproject' with build type 'ament_python'
[1.261s] Level 1:colcon.colcon_core.shell:create_environment_hook('boxproject', 'ament_prefix_path')
[1.261s] INFO:colcon.colcon_core.shell:Creating environment hook '/home/juwon/RokeyProjects/src/install/boxproject/share/boxproject/hook/ament_prefix_path.ps1'
[1.262s] INFO:colcon.colcon_core.shell:Creating environment descriptor '/home/juwon/RokeyProjects/src/install/boxproject/share/boxproject/hook/ament_prefix_path.dsv'
[1.262s] INFO:colcon.colcon_core.shell:Creating environment hook '/home/juwon/RokeyProjects/src/install/boxproject/share/boxproject/hook/ament_prefix_path.sh'
[1.263s] INFO:colcon.colcon_core.shell:Skip shell extension 'powershell' for command environment: Not usable outside of PowerShell
[1.263s] DEBUG:colcon.colcon_core.shell:Skip shell extension 'dsv' for command environment
[1.405s] INFO:colcon.colcon_core.task.python.build:Building Python package in '/home/juwon/RokeyProjects/src/boxproject'
[1.405s] INFO:colcon.colcon_core.shell:Skip shell extension 'powershell' for command environment: Not usable outside of PowerShell
[1.405s] DEBUG:colcon.colcon_core.shell:Skip shell extension 'dsv' for command environment
[1.614s] DEBUG:colcon.colcon_core.event_handler.log_command:Invoking command in '/home/juwon/RokeyProjects/src/boxproject': AMENT_PREFIX_PATH=/home/juwon/Week5Project_ws/src/install/boxproject_interfaces:${AMENT_PREFIX_PATH} LD_LIBRARY_PATH=/home/juwon/Week5Project_ws/src/install/boxproject_interfaces/lib:${LD_LIBRARY_PATH} PYTHONPATH=/home/juwon/RokeyProjects/src/build/boxproject/prefix_override:/usr/lib/python3/dist-packages/colcon_core/task/python/colcon_distutils_commands:/home/juwon/RokeyProjects/src/install/boxproject/lib/python3.10/site-packages:/home/juwon/Week5Project_ws/src/install/boxproject_interfaces/local/lib/python3.10/dist-packages:${PYTHONPATH} /usr/bin/python3 -W ignore:setup.py install is deprecated -W ignore:easy_install command is deprecated setup.py egg_info --egg-base ../build/boxproject build --build-base /home/juwon/RokeyProjects/src/build/boxproject/build install --record /home/juwon/RokeyProjects/src/build/boxproject/install.log --single-version-externally-managed install_data
[1.776s] Level 1:colcon.colcon_core.environment:checking '/home/juwon/RokeyProjects/src/install/boxproject' for CMake module files
[1.777s] Level 1:colcon.colcon_core.environment:checking '/home/juwon/RokeyProjects/src/install/boxproject' for CMake config files
[1.777s] DEBUG:colcon.colcon_core.event_handler.log_command:Invoked command in '/home/juwon/RokeyProjects/src/boxproject' returned '0': AMENT_PREFIX_PATH=/home/juwon/Week5Project_ws/src/install/boxproject_interfaces:${AMENT_PREFIX_PATH} LD_LIBRARY_PATH=/home/juwon/Week5Project_ws/src/install/boxproject_interfaces/lib:${LD_LIBRARY_PATH} PYTHONPATH=/home/juwon/RokeyProjects/src/build/boxproject/prefix_override:/usr/lib/python3/dist-packages/colcon_core/task/python/colcon_distutils_commands:/home/juwon/RokeyProjects/src/install/boxproject/lib/python3.10/site-packages:/home/juwon/Week5Project_ws/src/install/boxproject_interfaces/local/lib/python3.10/dist-packages:${PYTHONPATH} /usr/bin/python3 -W ignore:setup.py install is deprecated -W ignore:easy_install command is deprecated setup.py egg_info --egg-base ../build/boxproject build --build-base /home/juwon/RokeyProjects/src/build/boxproject/build install --record /home/juwon/RokeyProjects/src/build/boxproject/install.log --single-version-externally-managed install_data
[1.777s] Level 1:colcon.colcon_core.environment:checking '/home/juwon/RokeyProjects/src/install/boxproject/lib'
[1.778s] Level 1:colcon.colcon_core.environment:checking '/home/juwon/RokeyProjects/src/install/boxproject/bin'
[1.778s] Level 1:colcon.colcon_core.environment:checking '/home/juwon/RokeyProjects/src/install/boxproject/lib/pkgconfig/boxproject.pc'
[1.778s] Level 1:colcon.colcon_core.environment:checking '/home/juwon/RokeyProjects/src/install/boxproject/lib/python3.10/site-packages'
[1.778s] Level 1:colcon.colcon_core.shell:create_environment_hook('boxproject', 'pythonpath')
[1.778s] INFO:colcon.colcon_core.shell:Creating environment hook '/home/juwon/RokeyProjects/src/install/boxproject/share/boxproject/hook/pythonpath.ps1'
[1.778s] INFO:colcon.colcon_core.shell:Creating environment descriptor '/home/juwon/RokeyProjects/src/install/boxproject/share/boxproject/hook/pythonpath.dsv'
[1.779s] INFO:colcon.colcon_core.shell:Creating environment hook '/home/juwon/RokeyProjects/src/install/boxproject/share/boxproject/hook/pythonpath.sh'
[1.779s] Level 1:colcon.colcon_core.environment:checking '/home/juwon/RokeyProjects/src/install/boxproject/bin'
[1.779s] Level 1:colcon.colcon_core.environment:create_environment_scripts_only(boxproject)
[1.779s] INFO:colcon.colcon_core.shell:Creating package script '/home/juwon/RokeyProjects/src/install/boxproject/share/boxproject/package.ps1'
[1.780s] INFO:colcon.colcon_core.shell:Creating package descriptor '/home/juwon/RokeyProjects/src/install/boxproject/share/boxproject/package.dsv'
[1.780s] INFO:colcon.colcon_core.shell:Creating package script '/home/juwon/RokeyProjects/src/install/boxproject/share/boxproject/package.sh'
[1.780s] INFO:colcon.colcon_core.shell:Creating package script '/home/juwon/RokeyProjects/src/install/boxproject/share/boxproject/package.bash'
[1.781s] INFO:colcon.colcon_core.shell:Creating package script '/home/juwon/RokeyProjects/src/install/boxproject/share/boxproject/package.zsh'
[1.781s] Level 1:colcon.colcon_core.environment:create_file_with_runtime_dependencies(/home/juwon/RokeyProjects/src/install/boxproject/share/colcon-core/packages/boxproject)
[1.781s] DEBUG:colcon.colcon_parallel_executor.executor.parallel:closing loop
[1.781s] DEBUG:colcon.colcon_parallel_executor.executor.parallel:loop closed
[1.781s] DEBUG:colcon.colcon_parallel_executor.executor.parallel:run_until_complete finished with '0'
[1.781s] DEBUG:colcon.colcon_core.event_reactor:joining thread
[1.785s] INFO:colcon.colcon_core.plugin_system:Skipping extension 'colcon_notification.desktop_notification.terminal_notifier': Not used on non-Darwin systems
[1.785s] INFO:colcon.colcon_core.plugin_system:Skipping extension 'colcon_notification.desktop_notification.win32': Not used on non-Windows systems
[1.785s] INFO:colcon.colcon_notification.desktop_notification:Sending desktop notification using 'notify2'
[1.793s] DEBUG:colcon.colcon_core.event_reactor:joined thread
[1.793s] INFO:colcon.colcon_core.shell:Creating prefix script '/home/juwon/RokeyProjects/src/install/local_setup.ps1'
[1.794s] INFO:colcon.colcon_core.shell:Creating prefix util module '/home/juwon/RokeyProjects/src/install/_local_setup_util_ps1.py'
[1.795s] INFO:colcon.colcon_core.shell:Creating prefix chain script '/home/juwon/RokeyProjects/src/install/setup.ps1'
[1.796s] INFO:colcon.colcon_core.shell:Creating prefix script '/home/juwon/RokeyProjects/src/install/local_setup.sh'
[1.796s] INFO:colcon.colcon_core.shell:Creating prefix util module '/home/juwon/RokeyProjects/src/install/_local_setup_util_sh.py'
[1.797s] INFO:colcon.colcon_core.shell:Creating prefix chain script '/home/juwon/RokeyProjects/src/install/setup.sh'
[1.798s] INFO:colcon.colcon_core.shell:Creating prefix script '/home/juwon/RokeyProjects/src/install/local_setup.bash'
[1.798s] INFO:colcon.colcon_core.shell:Creating prefix chain script '/home/juwon/RokeyProjects/src/install/setup.bash'
[1.799s] INFO:colcon.colcon_core.shell:Creating prefix script '/home/juwon/RokeyProjects/src/install/local_setup.zsh'
[1.799s] INFO:colcon.colcon_core.shell:Creating prefix chain script '/home/juwon/RokeyProjects/src/install/setup.zsh'
