[0.025s] Invoking command in '/home/rokey/Documents/RokeyProjects/ServiceRobotProject/B5/build/menu_order_interfaces': CMAKE_PREFIX_PATH=${CMAKE_PREFIX_PATH}:/home/rokey/Documents/RokeyProjects/ServiceRobotProject/B5/install/menu_order_project:/home/rokey/turtlebot3_ws/install/turtlebot3_teleop:/home/rokey/turtlebot3_ws/install/turtlebot3_example:/opt/ros/humble /usr/local/bin/cmake --build /home/rokey/Documents/RokeyProjects/ServiceRobotProject/B5/build/menu_order_interfaces -- -j8 -l8
[0.101s] [  1%] Built target menu_order_interfaces__cpp
[0.109s] [  1%] Built target ament_cmake_python_symlink_menu_order_interfaces
[0.114s] [ 12%] Built target menu_order_interfaces__rosidl_generator_c
[0.157s] [ 23%] Built target menu_order_interfaces__rosidl_typesupport_cpp
[0.162s] [ 34%] Built target menu_order_interfaces__rosidl_typesupport_fastrtps_cpp
[0.162s] [ 45%] Built target menu_order_interfaces__rosidl_typesupport_c
[0.163s] [ 56%] Built target menu_order_interfaces__rosidl_typesupport_introspection_cpp
[0.166s] [ 67%] Built target menu_order_interfaces__rosidl_typesupport_introspection_c
[0.166s] [ 78%] Built target menu_order_interfaces__rosidl_typesupport_fastrtps_c
[0.181s] [ 78%] Built target menu_order_interfaces
[0.195s] [ 80%] Built target menu_order_interfaces__py
[0.220s] [ 89%] Built target menu_order_interfaces__rosidl_generator_py
[0.248s] [ 92%] Built target menu_order_interfaces__rosidl_typesupport_introspection_c__pyext
[0.249s] [ 96%] Built target menu_order_interfaces__rosidl_typesupport_fastrtps_c__pyext
[0.253s] [100%] Built target menu_order_interfaces__rosidl_typesupport_c__pyext
[0.624s] running egg_info
[0.626s] writing menu_order_interfaces.egg-info/PKG-INFO
[0.626s] writing dependency_links to menu_order_interfaces.egg-info/dependency_links.txt
[0.627s] writing top-level names to menu_order_interfaces.egg-info/top_level.txt
[0.638s] reading manifest file 'menu_order_interfaces.egg-info/SOURCES.txt'
[0.639s] writing manifest file 'menu_order_interfaces.egg-info/SOURCES.txt'
[0.679s] [100%] Built target ament_cmake_python_build_menu_order_interfaces_egg
[0.689s] Invoked command in '/home/rokey/Documents/RokeyProjects/ServiceRobotProject/B5/build/menu_order_interfaces' returned '0': CMAKE_PREFIX_PATH=${CMAKE_PREFIX_PATH}:/home/rokey/Documents/RokeyProjects/ServiceRobotProject/B5/install/menu_order_project:/home/rokey/turtlebot3_ws/install/turtlebot3_teleop:/home/rokey/turtlebot3_ws/install/turtlebot3_example:/opt/ros/humble /usr/local/bin/cmake --build /home/rokey/Documents/RokeyProjects/ServiceRobotProject/B5/build/menu_order_interfaces -- -j8 -l8
[0.850s] Invoking command in '/home/rokey/Documents/RokeyProjects/ServiceRobotProject/B5/build/menu_order_interfaces': CMAKE_PREFIX_PATH=${CMAKE_PREFIX_PATH}:/home/rokey/Documents/RokeyProjects/ServiceRobotProject/B5/install/menu_order_project:/home/rokey/turtlebot3_ws/install/turtlebot3_teleop:/home/rokey/turtlebot3_ws/install/turtlebot3_example:/opt/ros/humble /usr/local/bin/cmake --install /home/rokey/Documents/RokeyProjects/ServiceRobotProject/B5/build/menu_order_interfaces
[0.856s] -- Install configuration: ""
[0.857s] -- Execute custom install script
[0.858s] -- Up-to-date symlink: /home/rokey/Documents/RokeyProjects/ServiceRobotProject/B5/install/menu_order_interfaces/share/ament_index/resource_index/rosidl_interfaces/menu_order_interfaces
[0.859s] -- Up-to-date symlink: /home/rokey/Documents/RokeyProjects/ServiceRobotProject/B5/install/menu_order_interfaces/include/menu_order_interfaces/menu_order_interfaces/action/detail/serve__functions.h
[0.859s] -- Up-to-date symlink: /home/rokey/Documents/RokeyProjects/ServiceRobotProject/B5/install/menu_order_interfaces/include/menu_order_interfaces/menu_order_interfaces/action/detail/serve__struct.h
[0.859s] -- Up-to-date symlink: /home/rokey/Documents/RokeyProjects/ServiceRobotProject/B5/install/menu_order_interfaces/include/menu_order_interfaces/menu_order_interfaces/action/detail/serve__type_support.h
[0.859s] -- Up-to-date symlink: /home/rokey/Documents/RokeyProjects/ServiceRobotProject/B5/install/menu_order_interfaces/include/menu_order_interfaces/menu_order_interfaces/action/serve.h
[0.859s] -- Up-to-date symlink: /home/rokey/Documents/RokeyProjects/ServiceRobotProject/B5/install/menu_order_interfaces/include/menu_order_interfaces/menu_order_interfaces/msg/detail/order__functions.h
[0.860s] -- Up-to-date symlink: /home/rokey/Documents/RokeyProjects/ServiceRobotProject/B5/install/menu_order_interfaces/include/menu_order_interfaces/menu_order_interfaces/msg/detail/order__struct.h
[0.860s] -- Up-to-date symlink: /home/rokey/Documents/RokeyProjects/ServiceRobotProject/B5/install/menu_order_interfaces/include/menu_order_interfaces/menu_order_interfaces/msg/detail/order__type_support.h
[0.860s] -- Up-to-date symlink: /home/rokey/Documents/RokeyProjects/ServiceRobotProject/B5/install/menu_order_interfaces/include/menu_order_interfaces/menu_order_interfaces/msg/order.h
[0.860s] -- Up-to-date symlink: /home/rokey/Documents/RokeyProjects/ServiceRobotProject/B5/install/menu_order_interfaces/include/menu_order_interfaces/menu_order_interfaces/msg/rosidl_generator_c__visibility_control.h
[0.860s] -- Up-to-date symlink: /home/rokey/Documents/RokeyProjects/ServiceRobotProject/B5/install/menu_order_interfaces/include/menu_order_interfaces/menu_order_interfaces/srv/detail/menu_table__functions.h
[0.860s] -- Up-to-date symlink: /home/rokey/Documents/RokeyProjects/ServiceRobotProject/B5/install/menu_order_interfaces/include/menu_order_interfaces/menu_order_interfaces/srv/detail/menu_table__struct.h
[0.861s] -- Up-to-date symlink: /home/rokey/Documents/RokeyProjects/ServiceRobotProject/B5/install/menu_order_interfaces/include/menu_order_interfaces/menu_order_interfaces/srv/detail/menu_table__type_support.h
[0.861s] -- Up-to-date symlink: /home/rokey/Documents/RokeyProjects/ServiceRobotProject/B5/install/menu_order_interfaces/include/menu_order_interfaces/menu_order_interfaces/srv/detail/menu_update__functions.h
[0.861s] -- Up-to-date symlink: /home/rokey/Documents/RokeyProjects/ServiceRobotProject/B5/install/menu_order_interfaces/include/menu_order_interfaces/menu_order_interfaces/srv/detail/menu_update__struct.h
[0.861s] -- Up-to-date symlink: /home/rokey/Documents/RokeyProjects/ServiceRobotProject/B5/install/menu_order_interfaces/include/menu_order_interfaces/menu_order_interfaces/srv/detail/menu_update__type_support.h
[0.862s] -- Up-to-date symlink: /home/rokey/Documents/RokeyProjects/ServiceRobotProject/B5/install/menu_order_interfaces/include/menu_order_interfaces/menu_order_interfaces/srv/menu_table.h
[0.862s] -- Up-to-date symlink: /home/rokey/Documents/RokeyProjects/ServiceRobotProject/B5/install/menu_order_interfaces/include/menu_order_interfaces/menu_order_interfaces/srv/menu_update.h
[0.862s] -- Up-to-date symlink: /home/rokey/Documents/RokeyProjects/ServiceRobotProject/B5/install/menu_order_interfaces/share/menu_order_interfaces/environment/library_path.sh
[0.862s] -- Up-to-date symlink: /home/rokey/Documents/RokeyProjects/ServiceRobotProject/B5/install/menu_order_interfaces/share/menu_order_interfaces/environment/library_path.dsv
[0.863s] -- Up-to-date symlink: /home/rokey/Documents/RokeyProjects/ServiceRobotProject/B5/install/menu_order_interfaces/include/menu_order_interfaces/menu_order_interfaces/action/detail/serve__rosidl_typesupport_fastrtps_c.h
[0.863s] -- Up-to-date symlink: /home/rokey/Documents/RokeyProjects/ServiceRobotProject/B5/install/menu_order_interfaces/include/menu_order_interfaces/menu_order_interfaces/msg/detail/order__rosidl_typesupport_fastrtps_c.h
[0.863s] -- Up-to-date symlink: /home/rokey/Documents/RokeyProjects/ServiceRobotProject/B5/install/menu_order_interfaces/include/menu_order_interfaces/menu_order_interfaces/msg/rosidl_typesupport_fastrtps_c__visibility_control.h
[0.863s] -- Up-to-date symlink: /home/rokey/Documents/RokeyProjects/ServiceRobotProject/B5/install/menu_order_interfaces/include/menu_order_interfaces/menu_order_interfaces/srv/detail/menu_table__rosidl_typesupport_fastrtps_c.h
[0.863s] -- Up-to-date symlink: /home/rokey/Documents/RokeyProjects/ServiceRobotProject/B5/install/menu_order_interfaces/include/menu_order_interfaces/menu_order_interfaces/srv/detail/menu_update__rosidl_typesupport_fastrtps_c.h
[0.864s] -- Up-to-date symlink: /home/rokey/Documents/RokeyProjects/ServiceRobotProject/B5/install/menu_order_interfaces/include/menu_order_interfaces/menu_order_interfaces/action/detail/serve__rosidl_typesupport_introspection_c.h
[0.864s] -- Up-to-date symlink: /home/rokey/Documents/RokeyProjects/ServiceRobotProject/B5/install/menu_order_interfaces/include/menu_order_interfaces/menu_order_interfaces/msg/detail/order__rosidl_typesupport_introspection_c.h
[0.864s] -- Up-to-date symlink: /home/rokey/Documents/RokeyProjects/ServiceRobotProject/B5/install/menu_order_interfaces/include/menu_order_interfaces/menu_order_interfaces/msg/rosidl_typesupport_introspection_c__visibility_control.h
[0.864s] -- Up-to-date symlink: /home/rokey/Documents/RokeyProjects/ServiceRobotProject/B5/install/menu_order_interfaces/include/menu_order_interfaces/menu_order_interfaces/srv/detail/menu_table__rosidl_typesupport_introspection_c.h
[0.864s] -- Up-to-date symlink: /home/rokey/Documents/RokeyProjects/ServiceRobotProject/B5/install/menu_order_interfaces/include/menu_order_interfaces/menu_order_interfaces/srv/detail/menu_update__rosidl_typesupport_introspection_c.h
[0.865s] -- Up-to-date symlink: /home/rokey/Documents/RokeyProjects/ServiceRobotProject/B5/install/menu_order_interfaces/include/menu_order_interfaces/menu_order_interfaces/action/detail/serve__builder.hpp
[0.866s] -- Up-to-date symlink: /home/rokey/Documents/RokeyProjects/ServiceRobotProject/B5/install/menu_order_interfaces/include/menu_order_interfaces/menu_order_interfaces/action/detail/serve__struct.hpp
[0.866s] -- Up-to-date symlink: /home/rokey/Documents/RokeyProjects/ServiceRobotProject/B5/install/menu_order_interfaces/include/menu_order_interfaces/menu_order_interfaces/action/detail/serve__traits.hpp
[0.866s] -- Up-to-date symlink: /home/rokey/Documents/RokeyProjects/ServiceRobotProject/B5/install/menu_order_interfaces/include/menu_order_interfaces/menu_order_interfaces/action/serve.hpp
[0.866s] -- Up-to-date symlink: /home/rokey/Documents/RokeyProjects/ServiceRobotProject/B5/install/menu_order_interfaces/include/menu_order_interfaces/menu_order_interfaces/msg/detail/order__builder.hpp
[0.866s] -- Up-to-date symlink: /home/rokey/Documents/RokeyProjects/ServiceRobotProject/B5/install/menu_order_interfaces/include/menu_order_interfaces/menu_order_interfaces/msg/detail/order__struct.hpp
[0.866s] -- Up-to-date symlink: /home/rokey/Documents/RokeyProjects/ServiceRobotProject/B5/install/menu_order_interfaces/include/menu_order_interfaces/menu_order_interfaces/msg/detail/order__traits.hpp
[0.866s] -- Up-to-date symlink: /home/rokey/Documents/RokeyProjects/ServiceRobotProject/B5/install/menu_order_interfaces/include/menu_order_interfaces/menu_order_interfaces/msg/order.hpp
[0.866s] -- Up-to-date symlink: /home/rokey/Documents/RokeyProjects/ServiceRobotProject/B5/install/menu_order_interfaces/include/menu_order_interfaces/menu_order_interfaces/srv/detail/menu_table__builder.hpp
[0.866s] -- Up-to-date symlink: /home/rokey/Documents/RokeyProjects/ServiceRobotProject/B5/install/menu_order_interfaces/include/menu_order_interfaces/menu_order_interfaces/srv/detail/menu_table__struct.hpp
[0.867s] -- Up-to-date symlink: /home/rokey/Documents/RokeyProjects/ServiceRobotProject/B5/install/menu_order_interfaces/include/menu_order_interfaces/menu_order_interfaces/srv/detail/menu_table__traits.hpp
[0.867s] -- Up-to-date symlink: /home/rokey/Documents/RokeyProjects/ServiceRobotProject/B5/install/menu_order_interfaces/include/menu_order_interfaces/menu_order_interfaces/srv/detail/menu_update__builder.hpp
[0.867s] -- Up-to-date symlink: /home/rokey/Documents/RokeyProjects/ServiceRobotProject/B5/install/menu_order_interfaces/include/menu_order_interfaces/menu_order_interfaces/srv/detail/menu_update__struct.hpp
[0.867s] -- Up-to-date symlink: /home/rokey/Documents/RokeyProjects/ServiceRobotProject/B5/install/menu_order_interfaces/include/menu_order_interfaces/menu_order_interfaces/srv/detail/menu_update__traits.hpp
[0.867s] -- Up-to-date symlink: /home/rokey/Documents/RokeyProjects/ServiceRobotProject/B5/install/menu_order_interfaces/include/menu_order_interfaces/menu_order_interfaces/srv/menu_table.hpp
[0.867s] -- Up-to-date symlink: /home/rokey/Documents/RokeyProjects/ServiceRobotProject/B5/install/menu_order_interfaces/include/menu_order_interfaces/menu_order_interfaces/srv/menu_update.hpp
[0.868s] -- Up-to-date symlink: /home/rokey/Documents/RokeyProjects/ServiceRobotProject/B5/install/menu_order_interfaces/include/menu_order_interfaces/menu_order_interfaces/action/detail/serve__rosidl_typesupport_fastrtps_cpp.hpp
[0.869s] -- Up-to-date symlink: /home/rokey/Documents/RokeyProjects/ServiceRobotProject/B5/install/menu_order_interfaces/include/menu_order_interfaces/menu_order_interfaces/msg/detail/order__rosidl_typesupport_fastrtps_cpp.hpp
[0.869s] -- Up-to-date symlink: /home/rokey/Documents/RokeyProjects/ServiceRobotProject/B5/install/menu_order_interfaces/include/menu_order_interfaces/menu_order_interfaces/msg/rosidl_typesupport_fastrtps_cpp__visibility_control.h
[0.869s] -- Up-to-date symlink: /home/rokey/Documents/RokeyProjects/ServiceRobotProject/B5/install/menu_order_interfaces/include/menu_order_interfaces/menu_order_interfaces/srv/detail/menu_table__rosidl_typesupport_fastrtps_cpp.hpp
[0.869s] -- Up-to-date symlink: /home/rokey/Documents/RokeyProjects/ServiceRobotProject/B5/install/menu_order_interfaces/include/menu_order_interfaces/menu_order_interfaces/srv/detail/menu_update__rosidl_typesupport_fastrtps_cpp.hpp
[0.870s] -- Up-to-date symlink: /home/rokey/Documents/RokeyProjects/ServiceRobotProject/B5/install/menu_order_interfaces/include/menu_order_interfaces/menu_order_interfaces/action/detail/serve__rosidl_typesupport_introspection_cpp.hpp
[0.870s] -- Up-to-date symlink: /home/rokey/Documents/RokeyProjects/ServiceRobotProject/B5/install/menu_order_interfaces/include/menu_order_interfaces/menu_order_interfaces/msg/detail/order__rosidl_typesupport_introspection_cpp.hpp
[0.871s] -- Up-to-date symlink: /home/rokey/Documents/RokeyProjects/ServiceRobotProject/B5/install/menu_order_interfaces/include/menu_order_interfaces/menu_order_interfaces/srv/detail/menu_table__rosidl_typesupport_introspection_cpp.hpp
[0.871s] -- Up-to-date symlink: /home/rokey/Documents/RokeyProjects/ServiceRobotProject/B5/install/menu_order_interfaces/include/menu_order_interfaces/menu_order_interfaces/srv/detail/menu_update__rosidl_typesupport_introspection_cpp.hpp
[0.872s] -- Up-to-date symlink: /home/rokey/Documents/RokeyProjects/ServiceRobotProject/B5/install/menu_order_interfaces/share/menu_order_interfaces/environment/pythonpath.sh
[0.872s] -- Up-to-date symlink: /home/rokey/Documents/RokeyProjects/ServiceRobotProject/B5/install/menu_order_interfaces/share/menu_order_interfaces/environment/pythonpath.dsv
[0.873s] -- Up-to-date symlink: /home/rokey/Documents/RokeyProjects/ServiceRobotProject/B5/install/menu_order_interfaces/local/lib/python3.10/dist-packages/menu_order_interfaces-0.0.0-py3.10.egg-info/PKG-INFO
[0.873s] -- Up-to-date symlink: /home/rokey/Documents/RokeyProjects/ServiceRobotProject/B5/install/menu_order_interfaces/local/lib/python3.10/dist-packages/menu_order_interfaces-0.0.0-py3.10.egg-info/SOURCES.txt
[0.873s] -- Up-to-date symlink: /home/rokey/Documents/RokeyProjects/ServiceRobotProject/B5/install/menu_order_interfaces/local/lib/python3.10/dist-packages/menu_order_interfaces-0.0.0-py3.10.egg-info/dependency_links.txt
[0.873s] -- Up-to-date symlink: /home/rokey/Documents/RokeyProjects/ServiceRobotProject/B5/install/menu_order_interfaces/local/lib/python3.10/dist-packages/menu_order_interfaces-0.0.0-py3.10.egg-info/top_level.txt
[0.874s] -- Up-to-date symlink: /home/rokey/Documents/RokeyProjects/ServiceRobotProject/B5/install/menu_order_interfaces/local/lib/python3.10/dist-packages/menu_order_interfaces/__init__.py
[0.875s] -- Up-to-date symlink: /home/rokey/Documents/RokeyProjects/ServiceRobotProject/B5/install/menu_order_interfaces/local/lib/python3.10/dist-packages/menu_order_interfaces/_menu_order_interfaces_s.ep.rosidl_typesupport_c.c
[0.875s] -- Up-to-date symlink: /home/rokey/Documents/RokeyProjects/ServiceRobotProject/B5/install/menu_order_interfaces/local/lib/python3.10/dist-packages/menu_order_interfaces/_menu_order_interfaces_s.ep.rosidl_typesupport_fastrtps_c.c
[0.875s] -- Up-to-date symlink: /home/rokey/Documents/RokeyProjects/ServiceRobotProject/B5/install/menu_order_interfaces/local/lib/python3.10/dist-packages/menu_order_interfaces/_menu_order_interfaces_s.ep.rosidl_typesupport_introspection_c.c
[0.875s] -- Up-to-date symlink: /home/rokey/Documents/RokeyProjects/ServiceRobotProject/B5/install/menu_order_interfaces/local/lib/python3.10/dist-packages/menu_order_interfaces/action/__init__.py
[0.875s] -- Up-to-date symlink: /home/rokey/Documents/RokeyProjects/ServiceRobotProject/B5/install/menu_order_interfaces/local/lib/python3.10/dist-packages/menu_order_interfaces/action/_serve.py
[0.875s] -- Up-to-date symlink: /home/rokey/Documents/RokeyProjects/ServiceRobotProject/B5/install/menu_order_interfaces/local/lib/python3.10/dist-packages/menu_order_interfaces/action/_serve_s.c
[0.876s] -- Up-to-date symlink: /home/rokey/Documents/RokeyProjects/ServiceRobotProject/B5/install/menu_order_interfaces/local/lib/python3.10/dist-packages/menu_order_interfaces/libmenu_order_interfaces__rosidl_generator_py.so
[0.876s] -- Up-to-date symlink: /home/rokey/Documents/RokeyProjects/ServiceRobotProject/B5/install/menu_order_interfaces/local/lib/python3.10/dist-packages/menu_order_interfaces/menu_order_interfaces_s__rosidl_typesupport_c.cpython-310-x86_64-linux-gnu.so
[0.876s] -- Up-to-date symlink: /home/rokey/Documents/RokeyProjects/ServiceRobotProject/B5/install/menu_order_interfaces/local/lib/python3.10/dist-packages/menu_order_interfaces/menu_order_interfaces_s__rosidl_typesupport_fastrtps_c.cpython-310-x86_64-linux-gnu.so
[0.876s] -- Up-to-date symlink: /home/rokey/Documents/RokeyProjects/ServiceRobotProject/B5/install/menu_order_interfaces/local/lib/python3.10/dist-packages/menu_order_interfaces/menu_order_interfaces_s__rosidl_typesupport_introspection_c.cpython-310-x86_64-linux-gnu.so
[0.876s] -- Up-to-date symlink: /home/rokey/Documents/RokeyProjects/ServiceRobotProject/B5/install/menu_order_interfaces/local/lib/python3.10/dist-packages/menu_order_interfaces/msg/__init__.py
[0.876s] -- Up-to-date symlink: /home/rokey/Documents/RokeyProjects/ServiceRobotProject/B5/install/menu_order_interfaces/local/lib/python3.10/dist-packages/menu_order_interfaces/msg/_order.py
[0.876s] -- Up-to-date symlink: /home/rokey/Documents/RokeyProjects/ServiceRobotProject/B5/install/menu_order_interfaces/local/lib/python3.10/dist-packages/menu_order_interfaces/msg/_order_s.c
[0.877s] -- Up-to-date symlink: /home/rokey/Documents/RokeyProjects/ServiceRobotProject/B5/install/menu_order_interfaces/local/lib/python3.10/dist-packages/menu_order_interfaces/srv/__init__.py
[0.877s] -- Up-to-date symlink: /home/rokey/Documents/RokeyProjects/ServiceRobotProject/B5/install/menu_order_interfaces/local/lib/python3.10/dist-packages/menu_order_interfaces/srv/_menu_table.py
[0.877s] -- Up-to-date symlink: /home/rokey/Documents/RokeyProjects/ServiceRobotProject/B5/install/menu_order_interfaces/local/lib/python3.10/dist-packages/menu_order_interfaces/srv/_menu_table_s.c
[0.877s] -- Up-to-date symlink: /home/rokey/Documents/RokeyProjects/ServiceRobotProject/B5/install/menu_order_interfaces/local/lib/python3.10/dist-packages/menu_order_interfaces/srv/_menu_update.py
[0.877s] -- Up-to-date symlink: /home/rokey/Documents/RokeyProjects/ServiceRobotProject/B5/install/menu_order_interfaces/local/lib/python3.10/dist-packages/menu_order_interfaces/srv/_menu_update_s.c
[0.877s] -- Up-to-date symlink: /home/rokey/Documents/RokeyProjects/ServiceRobotProject/B5/install/menu_order_interfaces/local/lib/python3.10/dist-packages/menu_order_interfaces/menu_order_interfaces_s__rosidl_typesupport_fastrtps_c.cpython-310-x86_64-linux-gnu.so
[0.878s] -- Up-to-date symlink: /home/rokey/Documents/RokeyProjects/ServiceRobotProject/B5/install/menu_order_interfaces/local/lib/python3.10/dist-packages/menu_order_interfaces/menu_order_interfaces_s__rosidl_typesupport_introspection_c.cpython-310-x86_64-linux-gnu.so
[0.878s] -- Up-to-date symlink: /home/rokey/Documents/RokeyProjects/ServiceRobotProject/B5/install/menu_order_interfaces/local/lib/python3.10/dist-packages/menu_order_interfaces/menu_order_interfaces_s__rosidl_typesupport_c.cpython-310-x86_64-linux-gnu.so
[0.878s] -- Up-to-date symlink: /home/rokey/Documents/RokeyProjects/ServiceRobotProject/B5/install/menu_order_interfaces/share/menu_order_interfaces/msg/Order.idl
[0.879s] -- Up-to-date symlink: /home/rokey/Documents/RokeyProjects/ServiceRobotProject/B5/install/menu_order_interfaces/share/menu_order_interfaces/srv/MenuUpdate.idl
[0.879s] -- Up-to-date symlink: /home/rokey/Documents/RokeyProjects/ServiceRobotProject/B5/install/menu_order_interfaces/share/menu_order_interfaces/srv/MenuTable.idl
[0.879s] -- Up-to-date symlink: /home/rokey/Documents/RokeyProjects/ServiceRobotProject/B5/install/menu_order_interfaces/share/menu_order_interfaces/action/Serve.idl
[0.879s] -- Up-to-date symlink: /home/rokey/Documents/RokeyProjects/ServiceRobotProject/B5/install/menu_order_interfaces/share/menu_order_interfaces/msg/Order.msg
[0.879s] -- Up-to-date symlink: /home/rokey/Documents/RokeyProjects/ServiceRobotProject/B5/install/menu_order_interfaces/share/menu_order_interfaces/srv/MenuUpdate.srv
[0.880s] -- Up-to-date symlink: /home/rokey/Documents/RokeyProjects/ServiceRobotProject/B5/install/menu_order_interfaces/share/menu_order_interfaces/srv/MenuUpdate_Request.msg
[0.880s] -- Up-to-date symlink: /home/rokey/Documents/RokeyProjects/ServiceRobotProject/B5/install/menu_order_interfaces/share/menu_order_interfaces/srv/MenuUpdate_Response.msg
[0.880s] -- Up-to-date symlink: /home/rokey/Documents/RokeyProjects/ServiceRobotProject/B5/install/menu_order_interfaces/share/menu_order_interfaces/srv/MenuTable.srv
[0.881s] -- Up-to-date symlink: /home/rokey/Documents/RokeyProjects/ServiceRobotProject/B5/install/menu_order_interfaces/share/menu_order_interfaces/srv/MenuTable_Request.msg
[0.883s] -- Up-to-date symlink: /home/rokey/Documents/RokeyProjects/ServiceRobotProject/B5/install/menu_order_interfaces/share/menu_order_interfaces/srv/MenuTable_Response.msg
[0.883s] -- Up-to-date symlink: /home/rokey/Documents/RokeyProjects/ServiceRobotProject/B5/install/menu_order_interfaces/share/menu_order_interfaces/action/Serve.action
[0.883s] -- Up-to-date symlink: /home/rokey/Documents/RokeyProjects/ServiceRobotProject/B5/install/menu_order_interfaces/share/ament_index/resource_index/package_run_dependencies/menu_order_interfaces
[0.883s] -- Up-to-date symlink: /home/rokey/Documents/RokeyProjects/ServiceRobotProject/B5/install/menu_order_interfaces/share/ament_index/resource_index/parent_prefix_path/menu_order_interfaces
[0.883s] -- Up-to-date symlink: /home/rokey/Documents/RokeyProjects/ServiceRobotProject/B5/install/menu_order_interfaces/share/menu_order_interfaces/environment/ament_prefix_path.sh
[0.883s] -- Up-to-date symlink: /home/rokey/Documents/RokeyProjects/ServiceRobotProject/B5/install/menu_order_interfaces/share/menu_order_interfaces/environment/ament_prefix_path.dsv
[0.883s] -- Up-to-date symlink: /home/rokey/Documents/RokeyProjects/ServiceRobotProject/B5/install/menu_order_interfaces/share/menu_order_interfaces/environment/path.sh
[0.884s] -- Up-to-date symlink: /home/rokey/Documents/RokeyProjects/ServiceRobotProject/B5/install/menu_order_interfaces/share/menu_order_interfaces/environment/path.dsv
[0.884s] -- Up-to-date symlink: /home/rokey/Documents/RokeyProjects/ServiceRobotProject/B5/install/menu_order_interfaces/share/menu_order_interfaces/local_setup.bash
[0.884s] -- Up-to-date symlink: /home/rokey/Documents/RokeyProjects/ServiceRobotProject/B5/install/menu_order_interfaces/share/menu_order_interfaces/local_setup.sh
[0.884s] -- Up-to-date symlink: /home/rokey/Documents/RokeyProjects/ServiceRobotProject/B5/install/menu_order_interfaces/share/menu_order_interfaces/local_setup.zsh
[0.884s] -- Up-to-date symlink: /home/rokey/Documents/RokeyProjects/ServiceRobotProject/B5/install/menu_order_interfaces/share/menu_order_interfaces/local_setup.dsv
[0.884s] -- Symlinking: /home/rokey/Documents/RokeyProjects/ServiceRobotProject/B5/install/menu_order_interfaces/share/menu_order_interfaces/package.dsv
[0.889s] -- Up-to-date symlink: /home/rokey/Documents/RokeyProjects/ServiceRobotProject/B5/install/menu_order_interfaces/share/ament_index/resource_index/packages/menu_order_interfaces
[0.889s] -- Up-to-date symlink: /home/rokey/Documents/RokeyProjects/ServiceRobotProject/B5/install/menu_order_interfaces/share/menu_order_interfaces/cmake/rosidl_cmake-extras.cmake
[0.890s] -- Up-to-date symlink: /home/rokey/Documents/RokeyProjects/ServiceRobotProject/B5/install/menu_order_interfaces/share/menu_order_interfaces/cmake/ament_cmake_export_dependencies-extras.cmake
[0.890s] -- Up-to-date symlink: /home/rokey/Documents/RokeyProjects/ServiceRobotProject/B5/install/menu_order_interfaces/share/menu_order_interfaces/cmake/ament_cmake_export_include_directories-extras.cmake
[0.890s] -- Up-to-date symlink: /home/rokey/Documents/RokeyProjects/ServiceRobotProject/B5/install/menu_order_interfaces/share/menu_order_interfaces/cmake/ament_cmake_export_libraries-extras.cmake
[0.891s] -- Up-to-date symlink: /home/rokey/Documents/RokeyProjects/ServiceRobotProject/B5/install/menu_order_interfaces/share/menu_order_interfaces/cmake/ament_cmake_export_targets-extras.cmake
[0.891s] -- Up-to-date symlink: /home/rokey/Documents/RokeyProjects/ServiceRobotProject/B5/install/menu_order_interfaces/share/menu_order_interfaces/cmake/rosidl_cmake_export_typesupport_targets-extras.cmake
[0.891s] -- Up-to-date symlink: /home/rokey/Documents/RokeyProjects/ServiceRobotProject/B5/install/menu_order_interfaces/share/menu_order_interfaces/cmake/rosidl_cmake_export_typesupport_libraries-extras.cmake
[0.891s] -- Up-to-date symlink: /home/rokey/Documents/RokeyProjects/ServiceRobotProject/B5/install/menu_order_interfaces/share/menu_order_interfaces/cmake/menu_order_interfacesConfig.cmake
[0.891s] -- Up-to-date symlink: /home/rokey/Documents/RokeyProjects/ServiceRobotProject/B5/install/menu_order_interfaces/share/menu_order_interfaces/cmake/menu_order_interfacesConfig-version.cmake
[0.892s] -- Up-to-date symlink: /home/rokey/Documents/RokeyProjects/ServiceRobotProject/B5/install/menu_order_interfaces/share/menu_order_interfaces/package.xml
[0.892s] -- Up-to-date: /home/rokey/Documents/RokeyProjects/ServiceRobotProject/B5/install/menu_order_interfaces/lib/libmenu_order_interfaces__rosidl_generator_c.so
[0.892s] -- Up-to-date: /home/rokey/Documents/RokeyProjects/ServiceRobotProject/B5/install/menu_order_interfaces/lib/libmenu_order_interfaces__rosidl_typesupport_fastrtps_c.so
[0.893s] -- Up-to-date: /home/rokey/Documents/RokeyProjects/ServiceRobotProject/B5/install/menu_order_interfaces/lib/libmenu_order_interfaces__rosidl_typesupport_introspection_c.so
[0.893s] -- Up-to-date: /home/rokey/Documents/RokeyProjects/ServiceRobotProject/B5/install/menu_order_interfaces/lib/libmenu_order_interfaces__rosidl_typesupport_c.so
[0.894s] -- Up-to-date: /home/rokey/Documents/RokeyProjects/ServiceRobotProject/B5/install/menu_order_interfaces/lib/libmenu_order_interfaces__rosidl_typesupport_fastrtps_cpp.so
[0.895s] -- Up-to-date: /home/rokey/Documents/RokeyProjects/ServiceRobotProject/B5/install/menu_order_interfaces/lib/libmenu_order_interfaces__rosidl_typesupport_introspection_cpp.so
[0.896s] -- Up-to-date: /home/rokey/Documents/RokeyProjects/ServiceRobotProject/B5/install/menu_order_interfaces/lib/libmenu_order_interfaces__rosidl_typesupport_cpp.so
[0.978s] Listing '/home/rokey/Documents/RokeyProjects/ServiceRobotProject/B5/install/menu_order_interfaces/local/lib/python3.10/dist-packages/menu_order_interfaces'...
[0.979s] Listing '/home/rokey/Documents/RokeyProjects/ServiceRobotProject/B5/install/menu_order_interfaces/local/lib/python3.10/dist-packages/menu_order_interfaces/action'...
[0.979s] Listing '/home/rokey/Documents/RokeyProjects/ServiceRobotProject/B5/install/menu_order_interfaces/local/lib/python3.10/dist-packages/menu_order_interfaces/msg'...
[0.979s] Listing '/home/rokey/Documents/RokeyProjects/ServiceRobotProject/B5/install/menu_order_interfaces/local/lib/python3.10/dist-packages/menu_order_interfaces/srv'...
[0.990s] -- Up-to-date: /home/rokey/Documents/RokeyProjects/ServiceRobotProject/B5/install/menu_order_interfaces/lib/libmenu_order_interfaces__rosidl_generator_py.so
[0.991s] -- Up-to-date: /home/rokey/Documents/RokeyProjects/ServiceRobotProject/B5/install/menu_order_interfaces/share/menu_order_interfaces/cmake/export_menu_order_interfaces__rosidl_generator_cExport.cmake
[0.991s] -- Up-to-date: /home/rokey/Documents/RokeyProjects/ServiceRobotProject/B5/install/menu_order_interfaces/share/menu_order_interfaces/cmake/export_menu_order_interfaces__rosidl_generator_cExport-noconfig.cmake
[0.991s] -- Up-to-date: /home/rokey/Documents/RokeyProjects/ServiceRobotProject/B5/install/menu_order_interfaces/share/menu_order_interfaces/cmake/export_menu_order_interfaces__rosidl_typesupport_fastrtps_cExport.cmake
[0.992s] -- Up-to-date: /home/rokey/Documents/RokeyProjects/ServiceRobotProject/B5/install/menu_order_interfaces/share/menu_order_interfaces/cmake/export_menu_order_interfaces__rosidl_typesupport_fastrtps_cExport-noconfig.cmake
[0.992s] -- Up-to-date: /home/rokey/Documents/RokeyProjects/ServiceRobotProject/B5/install/menu_order_interfaces/share/menu_order_interfaces/cmake/menu_order_interfaces__rosidl_typesupport_introspection_cExport.cmake
[0.992s] -- Up-to-date: /home/rokey/Documents/RokeyProjects/ServiceRobotProject/B5/install/menu_order_interfaces/share/menu_order_interfaces/cmake/menu_order_interfaces__rosidl_typesupport_introspection_cExport-noconfig.cmake
[0.992s] -- Up-to-date: /home/rokey/Documents/RokeyProjects/ServiceRobotProject/B5/install/menu_order_interfaces/share/menu_order_interfaces/cmake/menu_order_interfaces__rosidl_typesupport_cExport.cmake
[0.992s] -- Up-to-date: /home/rokey/Documents/RokeyProjects/ServiceRobotProject/B5/install/menu_order_interfaces/share/menu_order_interfaces/cmake/menu_order_interfaces__rosidl_typesupport_cExport-noconfig.cmake
[0.993s] -- Up-to-date: /home/rokey/Documents/RokeyProjects/ServiceRobotProject/B5/install/menu_order_interfaces/share/menu_order_interfaces/cmake/export_menu_order_interfaces__rosidl_generator_cppExport.cmake
[0.993s] -- Up-to-date: /home/rokey/Documents/RokeyProjects/ServiceRobotProject/B5/install/menu_order_interfaces/share/menu_order_interfaces/cmake/export_menu_order_interfaces__rosidl_typesupport_fastrtps_cppExport.cmake
[0.993s] -- Up-to-date: /home/rokey/Documents/RokeyProjects/ServiceRobotProject/B5/install/menu_order_interfaces/share/menu_order_interfaces/cmake/export_menu_order_interfaces__rosidl_typesupport_fastrtps_cppExport-noconfig.cmake
[0.993s] -- Up-to-date: /home/rokey/Documents/RokeyProjects/ServiceRobotProject/B5/install/menu_order_interfaces/share/menu_order_interfaces/cmake/menu_order_interfaces__rosidl_typesupport_introspection_cppExport.cmake
[0.993s] -- Up-to-date: /home/rokey/Documents/RokeyProjects/ServiceRobotProject/B5/install/menu_order_interfaces/share/menu_order_interfaces/cmake/menu_order_interfaces__rosidl_typesupport_introspection_cppExport-noconfig.cmake
[0.993s] -- Up-to-date: /home/rokey/Documents/RokeyProjects/ServiceRobotProject/B5/install/menu_order_interfaces/share/menu_order_interfaces/cmake/menu_order_interfaces__rosidl_typesupport_cppExport.cmake
[0.993s] -- Up-to-date: /home/rokey/Documents/RokeyProjects/ServiceRobotProject/B5/install/menu_order_interfaces/share/menu_order_interfaces/cmake/menu_order_interfaces__rosidl_typesupport_cppExport-noconfig.cmake
[0.994s] -- Up-to-date: /home/rokey/Documents/RokeyProjects/ServiceRobotProject/B5/install/menu_order_interfaces/share/menu_order_interfaces/cmake/export_menu_order_interfaces__rosidl_generator_pyExport.cmake
[0.994s] -- Up-to-date: /home/rokey/Documents/RokeyProjects/ServiceRobotProject/B5/install/menu_order_interfaces/share/menu_order_interfaces/cmake/export_menu_order_interfaces__rosidl_generator_pyExport-noconfig.cmake
[0.995s] Invoked command in '/home/rokey/Documents/RokeyProjects/ServiceRobotProject/B5/build/menu_order_interfaces' returned '0': CMAKE_PREFIX_PATH=${CMAKE_PREFIX_PATH}:/home/rokey/Documents/RokeyProjects/ServiceRobotProject/B5/install/menu_order_project:/home/rokey/turtlebot3_ws/install/turtlebot3_teleop:/home/rokey/turtlebot3_ws/install/turtlebot3_example:/opt/ros/humble /usr/local/bin/cmake --install /home/rokey/Documents/RokeyProjects/ServiceRobotProject/B5/build/menu_order_interfaces
