[0.316s] Invoking command in '/home/juwon/Week5Project_ws/src/boxproject': PYTHONPATH=/home/juwon/Week5Project_ws/src/build/boxproject/prefix_override:/usr/lib/python3/dist-packages/colcon_core/task/python/colcon_distutils_commands:/home/juwon/Week5Project_ws/src/install/boxproject/lib/python3.10/site-packages:${PYTHONPATH} /usr/bin/python3 -W ignore:setup.py install is deprecated -W ignore:easy_install command is deprecated setup.py egg_info --egg-base ../build/boxproject build --build-base /home/juwon/Week5Project_ws/src/build/boxproject/build install --record /home/juwon/Week5Project_ws/src/build/boxproject/install.log --single-version-externally-managed install_data
[0.432s] running egg_info
[0.432s] writing ../build/boxproject/boxproject.egg-info/PKG-INFO
[0.432s] writing dependency_links to ../build/boxproject/boxproject.egg-info/dependency_links.txt
[0.433s] writing entry points to ../build/boxproject/boxproject.egg-info/entry_points.txt
[0.433s] writing requirements to ../build/boxproject/boxproject.egg-info/requires.txt
[0.434s] writing top-level names to ../build/boxproject/boxproject.egg-info/top_level.txt
[0.434s] reading manifest file '../build/boxproject/boxproject.egg-info/SOURCES.txt'
[0.435s] writing manifest file '../build/boxproject/boxproject.egg-info/SOURCES.txt'
[0.435s] running build
[0.435s] running build_py
[0.435s] copying boxproject/debug_node.py -> /home/juwon/Week5Project_ws/src/build/boxproject/build/lib/boxproject
[0.435s] running install
[0.436s] running install_lib
[0.436s] copying /home/juwon/Week5Project_ws/src/build/boxproject/build/lib/boxproject/debug_node.py -> /home/juwon/Week5Project_ws/src/install/boxproject/lib/python3.10/site-packages/boxproject
[0.437s] byte-compiling /home/juwon/Week5Project_ws/src/install/boxproject/lib/python3.10/site-packages/boxproject/debug_node.py to debug_node.cpython-310.pyc
[0.438s] running install_data
[0.438s] running install_egg_info
[0.439s] removing '/home/juwon/Week5Project_ws/src/install/boxproject/lib/python3.10/site-packages/boxproject-0.0.0-py3.10.egg-info' (and everything under it)
[0.440s] Copying ../build/boxproject/boxproject.egg-info to /home/juwon/Week5Project_ws/src/install/boxproject/lib/python3.10/site-packages/boxproject-0.0.0-py3.10.egg-info
[0.440s] running install_scripts
[0.452s] Installing gui_node script to /home/juwon/Week5Project_ws/src/install/boxproject/lib/boxproject
[0.453s] Installing robot_arm_node script to /home/juwon/Week5Project_ws/src/install/boxproject/lib/boxproject
[0.453s] Installing robot_status script to /home/juwon/Week5Project_ws/src/install/boxproject/lib/boxproject
[0.453s] Installing test_node script to /home/juwon/Week5Project_ws/src/install/boxproject/lib/boxproject
[0.453s] Installing webcam_node script to /home/juwon/Week5Project_ws/src/install/boxproject/lib/boxproject
[0.453s] writing list of installed files to '/home/juwon/Week5Project_ws/src/build/boxproject/install.log'
[0.466s] Invoked command in '/home/juwon/Week5Project_ws/src/boxproject' returned '0': PYTHONPATH=/home/juwon/Week5Project_ws/src/build/boxproject/prefix_override:/usr/lib/python3/dist-packages/colcon_core/task/python/colcon_distutils_commands:/home/juwon/Week5Project_ws/src/install/boxproject/lib/python3.10/site-packages:${PYTHONPATH} /usr/bin/python3 -W ignore:setup.py install is deprecated -W ignore:easy_install command is deprecated setup.py egg_info --egg-base ../build/boxproject build --build-base /home/juwon/Week5Project_ws/src/build/boxproject/build install --record /home/juwon/Week5Project_ws/src/build/boxproject/install.log --single-version-externally-managed install_data
