[0.017s] Invoking command in '/home/rokey/turtlebot3_ws/build/turtlebot3_manipulation_teleop': CMAKE_PREFIX_PATH=/home/rokey/turtlebot3_ws/install/turtlebot3_manipulation_moveit_config:/home/rokey/turtlebot3_ws/install/turtlebot3_manipulation_bringup:/home/rokey/turtlebot3_ws/install/turtlebot3_manipulation_description:/home/rokey/turtlebot3_ws/install/turtlebot3:/home/rokey/turtlebot3_ws/install/turtlebot3_simulations:/home/rokey/turtlebot3_ws/install/turtlebot3_bringup:/home/rokey/turtlebot3_ws/install/turtlebot3_node:/home/rokey/turtlebot3_ws/install/turtlebot3_navigation2:/home/rokey/turtlebot3_ws/install/turtlebot3_fake_node:/home/rokey/turtlebot3_ws/install/turtlebot3_msgs:/home/rokey/turtlebot3_ws/install/turtlebot3_manipulation:/home/rokey/turtlebot3_ws/install/turtlebot3_manipulation_teleop:/home/rokey/turtlebot3_ws/install/turtlebot3_manipulation_navigation2:/home/rokey/turtlebot3_ws/install/turtlebot3_manipulation_hardware:/home/rokey/turtlebot3_ws/install/turtlebot3_manipulation_cartographer:/home/rokey/turtlebot3_ws/install/turtlebot3_gazebo:/home/rokey/turtlebot3_ws/install/turtlebot3_description:/home/rokey/turtlebot3_ws/install/turtlebot3_cartographer:/home/rokey/turtlebot3_ws/install/turtlebot3_teleop:/home/rokey/turtlebot3_ws/install/turtlebot3_example:/opt/ros/humble /usr/local/bin/cmake /home/rokey/turtlebot3_ws/src/turtlebot3_manipulation/turtlebot3_manipulation_teleop -DAMENT_CMAKE_SYMLINK_INSTALL=1 -DCMAKE_INSTALL_PREFIX=/home/rokey/turtlebot3_ws/install/turtlebot3_manipulation_teleop
[0.103s] -- The C compiler identification is GNU 11.4.0
[0.205s] -- The CXX compiler identification is GNU 11.4.0
[0.216s] -- Detecting C compiler ABI info
[0.300s] -- Detecting C compiler ABI info - done
[0.336s] -- Check for working C compiler: /usr/bin/cc - skipped
[0.336s] -- Detecting C compile features
[0.336s] -- Detecting C compile features - done
[0.341s] -- Detecting CXX compiler ABI info
[0.436s] -- Detecting CXX compiler ABI info - done
[0.467s] -- Check for working CXX compiler: /usr/bin/c++ - skipped
[0.467s] -- Detecting CXX compile features
[0.468s] -- Detecting CXX compile features - done
[0.471s] -- Found ament_cmake: 1.3.10 (/opt/ros/humble/share/ament_cmake/cmake)
[0.644s] -- Found Python3: /usr/bin/python3 (found version "3.10.12") found components: Interpreter
[0.768s] -- Override CMake install command with custom implementation using symlinks instead of copying resources
[0.828s] -- Found rclcpp: 16.0.10 (/opt/ros/humble/share/rclcpp/cmake)
[0.924s] -- Found rosidl_generator_c: 3.1.5 (/opt/ros/humble/share/rosidl_generator_c/cmake)
[0.932s] -- Found rosidl_adapter: 3.1.5 (/opt/ros/humble/share/rosidl_adapter/cmake)
[0.953s] -- Found rosidl_generator_cpp: 3.1.5 (/opt/ros/humble/share/rosidl_generator_cpp/cmake)
[0.980s] -- Using all available rosidl_typesupport_c: rosidl_typesupport_fastrtps_c;rosidl_typesupport_introspection_c
[1.020s] -- Using all available rosidl_typesupport_cpp: rosidl_typesupport_fastrtps_cpp;rosidl_typesupport_introspection_cpp
[1.126s] -- Found rmw_implementation_cmake: 6.1.2 (/opt/ros/humble/share/rmw_implementation_cmake/cmake)
[1.133s] -- Found rmw_fastrtps_cpp: 6.2.7 (/opt/ros/humble/share/rmw_fastrtps_cpp/cmake)
[1.274s] -- Found OpenSSL: /usr/lib/x86_64-linux-gnu/libcrypto.so (found version "3.0.2")
[1.313s] -- Found FastRTPS: /opt/ros/humble/include
[1.366s] -- Using RMW implementation 'rmw_fastrtps_cpp' as default
[1.383s] -- Performing Test CMAKE_HAVE_LIBC_PTHREAD
[1.456s] -- Performing Test CMAKE_HAVE_LIBC_PTHREAD - Success
[1.456s] -- Found Threads: TRUE
[1.576s] -- Found turtlebot3_manipulation_bringup: 2.1.1 (/home/rokey/turtlebot3_ws/install/turtlebot3_manipulation_bringup/share/turtlebot3_manipulation_bringup/cmake)
[1.577s] -- Found turtlebot3_manipulation_moveit_config: 2.1.1 (/home/rokey/turtlebot3_ws/install/turtlebot3_manipulation_moveit_config/share/turtlebot3_manipulation_moveit_config/cmake)
[1.579s] -- Found turtlebot3_manipulation_description: 2.1.1 (/home/rokey/turtlebot3_ws/install/turtlebot3_manipulation_description/share/turtlebot3_manipulation_description/cmake)
[1.585s] -- Found geometry_msgs: 4.2.4 (/opt/ros/humble/share/geometry_msgs/cmake)
[1.622s] -- Found nav_msgs: 4.2.4 (/opt/ros/humble/share/nav_msgs/cmake)
[1.672s] -- Found control_msgs: 4.6.0 (/opt/ros/humble/share/control_msgs/cmake)
[1.923s] -- Found std_srvs: 4.2.4 (/opt/ros/humble/share/std_srvs/cmake)
[1.954s] -- Found rclcpp_action: 16.0.10 (/opt/ros/humble/share/rclcpp_action/cmake)
[2.000s] -- Found ament_lint_auto: 0.12.11 (/opt/ros/humble/share/ament_lint_auto/cmake)
[2.199s] -- Added test 'copyright' to check source files copyright and LICENSE
[2.202s] -- Added test 'cppcheck' to perform static code analysis on C / C++ code
[2.202s] -- Configured cppcheck include dirs: $<BUILD_INTERFACE:/home/rokey/turtlebot3_ws/src/turtlebot3_manipulation/turtlebot3_manipulation_teleop/include>
[2.202s] -- Configured cppcheck exclude dirs and/or files: 
[2.204s] -- Added test 'cpplint' to check C / C++ code against the Google style
[2.204s] -- Configured cpplint exclude dirs and/or files: 
[2.208s] -- Added test 'lint_cmake' to check CMake code style
[2.211s] -- Added test 'uncrustify' to check C / C++ code style
[2.211s] -- Configured uncrustify additional arguments: 
[2.213s] -- Added test 'xmllint' to check XML markup files
[2.217s] -- Configuring done (2.2s)
[2.258s] -- Generating done (0.0s)
[2.263s] -- Build files have been written to: /home/rokey/turtlebot3_ws/build/turtlebot3_manipulation_teleop
[2.294s] Invoked command in '/home/rokey/turtlebot3_ws/build/turtlebot3_manipulation_teleop' returned '0': CMAKE_PREFIX_PATH=/home/rokey/turtlebot3_ws/install/turtlebot3_manipulation_moveit_config:/home/rokey/turtlebot3_ws/install/turtlebot3_manipulation_bringup:/home/rokey/turtlebot3_ws/install/turtlebot3_manipulation_description:/home/rokey/turtlebot3_ws/install/turtlebot3:/home/rokey/turtlebot3_ws/install/turtlebot3_simulations:/home/rokey/turtlebot3_ws/install/turtlebot3_bringup:/home/rokey/turtlebot3_ws/install/turtlebot3_node:/home/rokey/turtlebot3_ws/install/turtlebot3_navigation2:/home/rokey/turtlebot3_ws/install/turtlebot3_fake_node:/home/rokey/turtlebot3_ws/install/turtlebot3_msgs:/home/rokey/turtlebot3_ws/install/turtlebot3_manipulation:/home/rokey/turtlebot3_ws/install/turtlebot3_manipulation_teleop:/home/rokey/turtlebot3_ws/install/turtlebot3_manipulation_navigation2:/home/rokey/turtlebot3_ws/install/turtlebot3_manipulation_hardware:/home/rokey/turtlebot3_ws/install/turtlebot3_manipulation_cartographer:/home/rokey/turtlebot3_ws/install/turtlebot3_gazebo:/home/rokey/turtlebot3_ws/install/turtlebot3_description:/home/rokey/turtlebot3_ws/install/turtlebot3_cartographer:/home/rokey/turtlebot3_ws/install/turtlebot3_teleop:/home/rokey/turtlebot3_ws/install/turtlebot3_example:/opt/ros/humble /usr/local/bin/cmake /home/rokey/turtlebot3_ws/src/turtlebot3_manipulation/turtlebot3_manipulation_teleop -DAMENT_CMAKE_SYMLINK_INSTALL=1 -DCMAKE_INSTALL_PREFIX=/home/rokey/turtlebot3_ws/install/turtlebot3_manipulation_teleop
[2.298s] Invoking command in '/home/rokey/turtlebot3_ws/build/turtlebot3_manipulation_teleop': CMAKE_PREFIX_PATH=/home/rokey/turtlebot3_ws/install/turtlebot3_manipulation_moveit_config:/home/rokey/turtlebot3_ws/install/turtlebot3_manipulation_bringup:/home/rokey/turtlebot3_ws/install/turtlebot3_manipulation_description:/home/rokey/turtlebot3_ws/install/turtlebot3:/home/rokey/turtlebot3_ws/install/turtlebot3_simulations:/home/rokey/turtlebot3_ws/install/turtlebot3_bringup:/home/rokey/turtlebot3_ws/install/turtlebot3_node:/home/rokey/turtlebot3_ws/install/turtlebot3_navigation2:/home/rokey/turtlebot3_ws/install/turtlebot3_fake_node:/home/rokey/turtlebot3_ws/install/turtlebot3_msgs:/home/rokey/turtlebot3_ws/install/turtlebot3_manipulation:/home/rokey/turtlebot3_ws/install/turtlebot3_manipulation_teleop:/home/rokey/turtlebot3_ws/install/turtlebot3_manipulation_navigation2:/home/rokey/turtlebot3_ws/install/turtlebot3_manipulation_hardware:/home/rokey/turtlebot3_ws/install/turtlebot3_manipulation_cartographer:/home/rokey/turtlebot3_ws/install/turtlebot3_gazebo:/home/rokey/turtlebot3_ws/install/turtlebot3_description:/home/rokey/turtlebot3_ws/install/turtlebot3_cartographer:/home/rokey/turtlebot3_ws/install/turtlebot3_teleop:/home/rokey/turtlebot3_ws/install/turtlebot3_example:/opt/ros/humble /usr/local/bin/cmake --build /home/rokey/turtlebot3_ws/build/turtlebot3_manipulation_teleop -- -j8 -l8
[2.343s] [ 50%] [32mBuilding CXX object CMakeFiles/turtlebot3_manipulation_teleop.dir/src/turtlebot3_manipulation_teleop.cpp.o[0m
[20.169s] [100%] [32m[1mLinking CXX executable turtlebot3_manipulation_teleop[0m
[21.531s] [100%] Built target turtlebot3_manipulation_teleop
[21.548s] Invoked command in '/home/rokey/turtlebot3_ws/build/turtlebot3_manipulation_teleop' returned '0': CMAKE_PREFIX_PATH=/home/rokey/turtlebot3_ws/install/turtlebot3_manipulation_moveit_config:/home/rokey/turtlebot3_ws/install/turtlebot3_manipulation_bringup:/home/rokey/turtlebot3_ws/install/turtlebot3_manipulation_description:/home/rokey/turtlebot3_ws/install/turtlebot3:/home/rokey/turtlebot3_ws/install/turtlebot3_simulations:/home/rokey/turtlebot3_ws/install/turtlebot3_bringup:/home/rokey/turtlebot3_ws/install/turtlebot3_node:/home/rokey/turtlebot3_ws/install/turtlebot3_navigation2:/home/rokey/turtlebot3_ws/install/turtlebot3_fake_node:/home/rokey/turtlebot3_ws/install/turtlebot3_msgs:/home/rokey/turtlebot3_ws/install/turtlebot3_manipulation:/home/rokey/turtlebot3_ws/install/turtlebot3_manipulation_teleop:/home/rokey/turtlebot3_ws/install/turtlebot3_manipulation_navigation2:/home/rokey/turtlebot3_ws/install/turtlebot3_manipulation_hardware:/home/rokey/turtlebot3_ws/install/turtlebot3_manipulation_cartographer:/home/rokey/turtlebot3_ws/install/turtlebot3_gazebo:/home/rokey/turtlebot3_ws/install/turtlebot3_description:/home/rokey/turtlebot3_ws/install/turtlebot3_cartographer:/home/rokey/turtlebot3_ws/install/turtlebot3_teleop:/home/rokey/turtlebot3_ws/install/turtlebot3_example:/opt/ros/humble /usr/local/bin/cmake --build /home/rokey/turtlebot3_ws/build/turtlebot3_manipulation_teleop -- -j8 -l8
[21.552s] Invoking command in '/home/rokey/turtlebot3_ws/build/turtlebot3_manipulation_teleop': CMAKE_PREFIX_PATH=/home/rokey/turtlebot3_ws/install/turtlebot3_manipulation_moveit_config:/home/rokey/turtlebot3_ws/install/turtlebot3_manipulation_bringup:/home/rokey/turtlebot3_ws/install/turtlebot3_manipulation_description:/home/rokey/turtlebot3_ws/install/turtlebot3:/home/rokey/turtlebot3_ws/install/turtlebot3_simulations:/home/rokey/turtlebot3_ws/install/turtlebot3_bringup:/home/rokey/turtlebot3_ws/install/turtlebot3_node:/home/rokey/turtlebot3_ws/install/turtlebot3_navigation2:/home/rokey/turtlebot3_ws/install/turtlebot3_fake_node:/home/rokey/turtlebot3_ws/install/turtlebot3_msgs:/home/rokey/turtlebot3_ws/install/turtlebot3_manipulation:/home/rokey/turtlebot3_ws/install/turtlebot3_manipulation_teleop:/home/rokey/turtlebot3_ws/install/turtlebot3_manipulation_navigation2:/home/rokey/turtlebot3_ws/install/turtlebot3_manipulation_hardware:/home/rokey/turtlebot3_ws/install/turtlebot3_manipulation_cartographer:/home/rokey/turtlebot3_ws/install/turtlebot3_gazebo:/home/rokey/turtlebot3_ws/install/turtlebot3_description:/home/rokey/turtlebot3_ws/install/turtlebot3_cartographer:/home/rokey/turtlebot3_ws/install/turtlebot3_teleop:/home/rokey/turtlebot3_ws/install/turtlebot3_example:/opt/ros/humble /usr/local/bin/cmake --install /home/rokey/turtlebot3_ws/build/turtlebot3_manipulation_teleop
[21.557s] -- Install configuration: ""
[21.558s] -- Execute custom install script
[21.563s] -- Symlinking: /home/rokey/turtlebot3_ws/install/turtlebot3_manipulation_teleop/lib/turtlebot3_manipulation_teleop/turtlebot3_manipulation_teleop
[21.566s] -- Symlinking: /home/rokey/turtlebot3_ws/install/turtlebot3_manipulation_teleop/share/ament_index/resource_index/package_run_dependencies/turtlebot3_manipulation_teleop
[21.574s] -- Symlinking: /home/rokey/turtlebot3_ws/install/turtlebot3_manipulation_teleop/share/ament_index/resource_index/parent_prefix_path/turtlebot3_manipulation_teleop
[21.583s] -- Symlinking: /home/rokey/turtlebot3_ws/install/turtlebot3_manipulation_teleop/share/turtlebot3_manipulation_teleop/environment/ament_prefix_path.sh
[21.592s] -- Symlinking: /home/rokey/turtlebot3_ws/install/turtlebot3_manipulation_teleop/share/turtlebot3_manipulation_teleop/environment/ament_prefix_path.dsv
[21.601s] -- Symlinking: /home/rokey/turtlebot3_ws/install/turtlebot3_manipulation_teleop/share/turtlebot3_manipulation_teleop/environment/path.sh
[21.611s] -- Symlinking: /home/rokey/turtlebot3_ws/install/turtlebot3_manipulation_teleop/share/turtlebot3_manipulation_teleop/environment/path.dsv
[21.620s] -- Symlinking: /home/rokey/turtlebot3_ws/install/turtlebot3_manipulation_teleop/share/turtlebot3_manipulation_teleop/local_setup.bash
[21.630s] -- Symlinking: /home/rokey/turtlebot3_ws/install/turtlebot3_manipulation_teleop/share/turtlebot3_manipulation_teleop/local_setup.sh
[21.642s] -- Symlinking: /home/rokey/turtlebot3_ws/install/turtlebot3_manipulation_teleop/share/turtlebot3_manipulation_teleop/local_setup.zsh
[21.651s] -- Symlinking: /home/rokey/turtlebot3_ws/install/turtlebot3_manipulation_teleop/share/turtlebot3_manipulation_teleop/local_setup.dsv
[21.660s] -- Symlinking: /home/rokey/turtlebot3_ws/install/turtlebot3_manipulation_teleop/share/turtlebot3_manipulation_teleop/package.dsv
[21.667s] -- Symlinking: /home/rokey/turtlebot3_ws/install/turtlebot3_manipulation_teleop/share/ament_index/resource_index/packages/turtlebot3_manipulation_teleop
[21.675s] -- Symlinking: /home/rokey/turtlebot3_ws/install/turtlebot3_manipulation_teleop/share/turtlebot3_manipulation_teleop/cmake/turtlebot3_manipulation_teleopConfig.cmake
[21.682s] -- Symlinking: /home/rokey/turtlebot3_ws/install/turtlebot3_manipulation_teleop/share/turtlebot3_manipulation_teleop/cmake/turtlebot3_manipulation_teleopConfig-version.cmake
[21.689s] -- Symlinking: /home/rokey/turtlebot3_ws/install/turtlebot3_manipulation_teleop/share/turtlebot3_manipulation_teleop/package.xml
[21.702s] Invoked command in '/home/rokey/turtlebot3_ws/build/turtlebot3_manipulation_teleop' returned '0': CMAKE_PREFIX_PATH=/home/rokey/turtlebot3_ws/install/turtlebot3_manipulation_moveit_config:/home/rokey/turtlebot3_ws/install/turtlebot3_manipulation_bringup:/home/rokey/turtlebot3_ws/install/turtlebot3_manipulation_description:/home/rokey/turtlebot3_ws/install/turtlebot3:/home/rokey/turtlebot3_ws/install/turtlebot3_simulations:/home/rokey/turtlebot3_ws/install/turtlebot3_bringup:/home/rokey/turtlebot3_ws/install/turtlebot3_node:/home/rokey/turtlebot3_ws/install/turtlebot3_navigation2:/home/rokey/turtlebot3_ws/install/turtlebot3_fake_node:/home/rokey/turtlebot3_ws/install/turtlebot3_msgs:/home/rokey/turtlebot3_ws/install/turtlebot3_manipulation:/home/rokey/turtlebot3_ws/install/turtlebot3_manipulation_teleop:/home/rokey/turtlebot3_ws/install/turtlebot3_manipulation_navigation2:/home/rokey/turtlebot3_ws/install/turtlebot3_manipulation_hardware:/home/rokey/turtlebot3_ws/install/turtlebot3_manipulation_cartographer:/home/rokey/turtlebot3_ws/install/turtlebot3_gazebo:/home/rokey/turtlebot3_ws/install/turtlebot3_description:/home/rokey/turtlebot3_ws/install/turtlebot3_cartographer:/home/rokey/turtlebot3_ws/install/turtlebot3_teleop:/home/rokey/turtlebot3_ws/install/turtlebot3_example:/opt/ros/humble /usr/local/bin/cmake --install /home/rokey/turtlebot3_ws/build/turtlebot3_manipulation_teleop
