[0.687s] Invoking command in '/home/yjh/Doosan/Real_project_ws/Week4/B5/src/menu_order_project': LD_LIBRARY_PATH=/home/yjh/Doosan/Real_project_ws/Week4/B5/install/menu_order_interfaces/lib:/home/yjh/turtlebot3_ws/install/turtlebot3_msgs/lib:/usr/lib/x86_64-linux-gnu/gazebo-11/plugins:/opt/ros/humble/opt/rviz_ogre_vendor/lib:/opt/ros/humble/lib/x86_64-linux-gnu:/opt/ros/humble/lib:/usr/lib/x86_64-linux-gnu/gazebo-11/plugins:/usr/lib/x86_64-linux-gnu/gazebo-11/plugins:/usr/lib/x86_64-linux-gnu/gazebo-11/plugins PYTHONPATH=/home/yjh/Doosan/Real_project_ws/Week4/B5/build/menu_order_project/prefix_override:/usr/lib/python3/dist-packages/colcon_core/task/python/colcon_distutils_commands:/home/yjh/Doosan/Real_project_ws/Week4/B5/install/menu_order_project/lib/python3.10/site-packages:${PYTHONPATH} /usr/bin/python3 -W ignore:setup.py install is deprecated setup.py egg_info --egg-base ../../build/menu_order_project build --build-base /home/yjh/Doosan/Real_project_ws/Week4/B5/build/menu_order_project/build install --record /home/yjh/Doosan/Real_project_ws/Week4/B5/build/menu_order_project/install.log --single-version-externally-managed install_data
[0.920s] running egg_info
[0.937s] writing ../../build/menu_order_project/menu_order_project.egg-info/PKG-INFO
[0.938s] writing dependency_links to ../../build/menu_order_project/menu_order_project.egg-info/dependency_links.txt
[0.938s] writing entry points to ../../build/menu_order_project/menu_order_project.egg-info/entry_points.txt
[0.938s] writing requirements to ../../build/menu_order_project/menu_order_project.egg-info/requires.txt
[0.938s] writing top-level names to ../../build/menu_order_project/menu_order_project.egg-info/top_level.txt
[0.974s] reading manifest file '../../build/menu_order_project/menu_order_project.egg-info/SOURCES.txt'
[0.975s] writing manifest file '../../build/menu_order_project/menu_order_project.egg-info/SOURCES.txt'
[0.975s] running build
[0.975s] running build_py
[0.976s] copying menu_order_project/menu_order.py -> /home/yjh/Doosan/Real_project_ws/Week4/B5/build/menu_order_project/build/lib/menu_order_project
[0.976s] copying menu_order_project/table_order.py -> /home/yjh/Doosan/Real_project_ws/Week4/B5/build/menu_order_project/build/lib/menu_order_project
[0.976s] copying menu_order_project/kitchen_monitoring.py -> /home/yjh/Doosan/Real_project_ws/Week4/B5/build/menu_order_project/build/lib/menu_order_project
[0.976s] copying menu_order_project/test_order.py -> /home/yjh/Doosan/Real_project_ws/Week4/B5/build/menu_order_project/build/lib/menu_order_project
[0.976s] copying menu_order_project/test_sub.py -> /home/yjh/Doosan/Real_project_ws/Week4/B5/build/menu_order_project/build/lib/menu_order_project
[0.977s] copying menu_order_project/__init__.py -> /home/yjh/Doosan/Real_project_ws/Week4/B5/build/menu_order_project/build/lib/menu_order_project
[0.977s] running install
[0.980s] running install_lib
[0.998s] copying /home/yjh/Doosan/Real_project_ws/Week4/B5/build/menu_order_project/build/lib/menu_order_project/test_sub.py -> /home/yjh/Doosan/Real_project_ws/Week4/B5/install/menu_order_project/lib/python3.10/site-packages/menu_order_project
[0.998s] byte-compiling /home/yjh/Doosan/Real_project_ws/Week4/B5/install/menu_order_project/lib/python3.10/site-packages/menu_order_project/test_sub.py to test_sub.cpython-310.pyc
[1.001s] running install_data
[1.001s] copying resource/menu_order_project -> /home/yjh/Doosan/Real_project_ws/Week4/B5/install/menu_order_project/share/ament_index/resource_index/packages
[1.001s] copying package.xml -> /home/yjh/Doosan/Real_project_ws/Week4/B5/install/menu_order_project/share/menu_order_project
[1.001s] copying ../menu_order_interfaces/srv/MenuUpdate.srv -> /home/yjh/Doosan/Real_project_ws/Week4/B5/install/menu_order_project/share/menu_order_project/srv
[1.001s] running install_egg_info
[1.020s] removing '/home/yjh/Doosan/Real_project_ws/Week4/B5/install/menu_order_project/lib/python3.10/site-packages/menu_order_project-0.0.0-py3.10.egg-info' (and everything under it)
[1.020s] Copying ../../build/menu_order_project/menu_order_project.egg-info to /home/yjh/Doosan/Real_project_ws/Week4/B5/install/menu_order_project/lib/python3.10/site-packages/menu_order_project-0.0.0-py3.10.egg-info
[1.021s] running install_scripts
[1.158s] Installing P script to /home/yjh/Doosan/Real_project_ws/Week4/B5/install/menu_order_project/lib/menu_order_project
[1.158s] Installing S script to /home/yjh/Doosan/Real_project_ws/Week4/B5/install/menu_order_project/lib/menu_order_project
[1.159s] Installing test_P script to /home/yjh/Doosan/Real_project_ws/Week4/B5/install/menu_order_project/lib/menu_order_project
[1.159s] Installing test_S script to /home/yjh/Doosan/Real_project_ws/Week4/B5/install/menu_order_project/lib/menu_order_project
[1.159s] writing list of installed files to '/home/yjh/Doosan/Real_project_ws/Week4/B5/build/menu_order_project/install.log'
[1.180s] Invoked command in '/home/yjh/Doosan/Real_project_ws/Week4/B5/src/menu_order_project' returned '0': LD_LIBRARY_PATH=/home/yjh/Doosan/Real_project_ws/Week4/B5/install/menu_order_interfaces/lib:/home/yjh/turtlebot3_ws/install/turtlebot3_msgs/lib:/usr/lib/x86_64-linux-gnu/gazebo-11/plugins:/opt/ros/humble/opt/rviz_ogre_vendor/lib:/opt/ros/humble/lib/x86_64-linux-gnu:/opt/ros/humble/lib:/usr/lib/x86_64-linux-gnu/gazebo-11/plugins:/usr/lib/x86_64-linux-gnu/gazebo-11/plugins:/usr/lib/x86_64-linux-gnu/gazebo-11/plugins PYTHONPATH=/home/yjh/Doosan/Real_project_ws/Week4/B5/build/menu_order_project/prefix_override:/usr/lib/python3/dist-packages/colcon_core/task/python/colcon_distutils_commands:/home/yjh/Doosan/Real_project_ws/Week4/B5/install/menu_order_project/lib/python3.10/site-packages:${PYTHONPATH} /usr/bin/python3 -W ignore:setup.py install is deprecated setup.py egg_info --egg-base ../../build/menu_order_project build --build-base /home/yjh/Doosan/Real_project_ws/Week4/B5/build/menu_order_project/build install --record /home/yjh/Doosan/Real_project_ws/Week4/B5/build/menu_order_project/install.log --single-version-externally-managed install_data
