running egg_info
writing ../../build/menu_order_project/menu_order_project.egg-info/PKG-INFO
writing dependency_links to ../../build/menu_order_project/menu_order_project.egg-info/dependency_links.txt
writing entry points to ../../build/menu_order_project/menu_order_project.egg-info/entry_points.txt
writing requirements to ../../build/menu_order_project/menu_order_project.egg-info/requires.txt
writing top-level names to ../../build/menu_order_project/menu_order_project.egg-info/top_level.txt
reading manifest file '../../build/menu_order_project/menu_order_project.egg-info/SOURCES.txt'
writing manifest file '../../build/menu_order_project/menu_order_project.egg-info/SOURCES.txt'
running build
running build_py
copying menu_order_project/menu_order.py -> /home/yjh/Doosan/Real_project_ws/Week4/B5/build/menu_order_project/build/lib/menu_order_project
copying menu_order_project/table_order.py -> /home/yjh/Doosan/Real_project_ws/Week4/B5/build/menu_order_project/build/lib/menu_order_project
copying menu_order_project/kitchen_monitoring.py -> /home/yjh/Doosan/Real_project_ws/Week4/B5/build/menu_order_project/build/lib/menu_order_project
copying menu_order_project/__init__.py -> /home/yjh/Doosan/Real_project_ws/Week4/B5/build/menu_order_project/build/lib/menu_order_project
running install
running install_lib
running install_data
copying resource/menu_order_project -> /home/yjh/Doosan/Real_project_ws/Week4/B5/install/menu_order_project/share/ament_index/resource_index/packages
copying package.xml -> /home/yjh/Doosan/Real_project_ws/Week4/B5/install/menu_order_project/share/menu_order_project
creating /home/yjh/Doosan/Real_project_ws/Week4/B5/install/menu_order_project/share/menu_order_project/srv
error: can't copy 'srv/MenuUpdate.srv': doesn't exist or not a regular file
