[0.604s] Invoking command in '/home/yjh/Doosan/Real_project_ws/Week2/ros2_week2_ws/src/my_package': PYTHONPATH=/home/yjh/Doosan/Real_project_ws/Week2/ros2_week2_ws/build/my_package/prefix_override:/usr/lib/python3/dist-packages/colcon_core/task/python/colcon_distutils_commands:/home/yjh/Doosan/Real_project_ws/Week2/ros2_week2_ws/install/my_package/lib/python3.10/site-packages:${PYTHONPATH} /usr/bin/python3 -W ignore:setup.py install is deprecated setup.py egg_info --egg-base ../../build/my_package build --build-base /home/yjh/Doosan/Real_project_ws/Week2/ros2_week2_ws/build/my_package/build install --record /home/yjh/Doosan/Real_project_ws/Week2/ros2_week2_ws/build/my_package/install.log --single-version-externally-managed install_data
[0.727s] /home/yjh/.local/lib/python3.10/site-packages/setuptools/_distutils/dist.py:261: UserWarning: Unknown distribution option: 'tests_require'
[0.727s]   warnings.warn(msg)
[0.822s] running egg_info
[0.838s] writing ../../build/my_package/my_package.egg-info/PKG-INFO
[0.838s] writing dependency_links to ../../build/my_package/my_package.egg-info/dependency_links.txt
[0.838s] writing entry points to ../../build/my_package/my_package.egg-info/entry_points.txt
[0.838s] writing requirements to ../../build/my_package/my_package.egg-info/requires.txt
[0.839s] writing top-level names to ../../build/my_package/my_package.egg-info/top_level.txt
[0.870s] reading manifest file '../../build/my_package/my_package.egg-info/SOURCES.txt'
[0.871s] writing manifest file '../../build/my_package/my_package.egg-info/SOURCES.txt'
[0.871s] running build
[0.871s] running build_py
[0.872s] copying my_package/__init__.py -> /home/yjh/Doosan/Real_project_ws/Week2/ros2_week2_ws/build/my_package/build/lib/my_package
[0.872s] copying my_package/8.data_publisher.py -> /home/yjh/Doosan/Real_project_ws/Week2/ros2_week2_ws/build/my_package/build/lib/my_package
[0.872s] copying my_package/9.data_subscriber.py -> /home/yjh/Doosan/Real_project_ws/Week2/ros2_week2_ws/build/my_package/build/lib/my_package
[0.872s] running install
[0.875s] running install_lib
[0.891s] copying /home/yjh/Doosan/Real_project_ws/Week2/ros2_week2_ws/build/my_package/build/lib/my_package/8.data_publisher.py -> /home/yjh/Doosan/Real_project_ws/Week2/ros2_week2_ws/install/my_package/lib/python3.10/site-packages/my_package
[0.891s] copying /home/yjh/Doosan/Real_project_ws/Week2/ros2_week2_ws/build/my_package/build/lib/my_package/9.data_subscriber.py -> /home/yjh/Doosan/Real_project_ws/Week2/ros2_week2_ws/install/my_package/lib/python3.10/site-packages/my_package
[0.891s] byte-compiling /home/yjh/Doosan/Real_project_ws/Week2/ros2_week2_ws/install/my_package/lib/python3.10/site-packages/my_package/8.data_publisher.py to 8.data_publisher.cpython-310.pyc
[0.892s] byte-compiling /home/yjh/Doosan/Real_project_ws/Week2/ros2_week2_ws/install/my_package/lib/python3.10/site-packages/my_package/9.data_subscriber.py to 9.data_subscriber.cpython-310.pyc
[0.892s] running install_data
[0.892s] copying resource/my_package -> /home/yjh/Doosan/Real_project_ws/Week2/ros2_week2_ws/install/my_package/share/ament_index/resource_index/packages
[0.892s] copying package.xml -> /home/yjh/Doosan/Real_project_ws/Week2/ros2_week2_ws/install/my_package/share/my_package
[0.893s] running install_egg_info
[0.908s] removing '/home/yjh/Doosan/Real_project_ws/Week2/ros2_week2_ws/install/my_package/lib/python3.10/site-packages/my_package-0.0.0-py3.10.egg-info' (and everything under it)
[0.909s] Copying ../../build/my_package/my_package.egg-info to /home/yjh/Doosan/Real_project_ws/Week2/ros2_week2_ws/install/my_package/lib/python3.10/site-packages/my_package-0.0.0-py3.10.egg-info
[0.910s] running install_scripts
[1.028s] Installing data_publisher script to /home/yjh/Doosan/Real_project_ws/Week2/ros2_week2_ws/install/my_package/lib/my_package
[1.029s] Installing data_subscriber script to /home/yjh/Doosan/Real_project_ws/Week2/ros2_week2_ws/install/my_package/lib/my_package
[1.029s] writing list of installed files to '/home/yjh/Doosan/Real_project_ws/Week2/ros2_week2_ws/build/my_package/install.log'
[1.050s] Invoked command in '/home/yjh/Doosan/Real_project_ws/Week2/ros2_week2_ws/src/my_package' returned '0': PYTHONPATH=/home/yjh/Doosan/Real_project_ws/Week2/ros2_week2_ws/build/my_package/prefix_override:/usr/lib/python3/dist-packages/colcon_core/task/python/colcon_distutils_commands:/home/yjh/Doosan/Real_project_ws/Week2/ros2_week2_ws/install/my_package/lib/python3.10/site-packages:${PYTHONPATH} /usr/bin/python3 -W ignore:setup.py install is deprecated setup.py egg_info --egg-base ../../build/my_package build --build-base /home/yjh/Doosan/Real_project_ws/Week2/ros2_week2_ws/build/my_package/build install --record /home/yjh/Doosan/Real_project_ws/Week2/ros2_week2_ws/build/my_package/install.log --single-version-externally-managed install_data
