running egg_info
writing ../build/boxproject/boxproject.egg-info/PKG-INFO
writing dependency_links to ../build/boxproject/boxproject.egg-info/dependency_links.txt
writing entry points to ../build/boxproject/boxproject.egg-info/entry_points.txt
writing requirements to ../build/boxproject/boxproject.egg-info/requires.txt
writing top-level names to ../build/boxproject/boxproject.egg-info/top_level.txt
reading manifest file '../build/boxproject/boxproject.egg-info/SOURCES.txt'
writing manifest file '../build/boxproject/boxproject.egg-info/SOURCES.txt'
running build
running build_py
copying boxproject/web_camera_node.py -> /home/juwon/Week5Project_ws/src/build/boxproject/build/lib/boxproject
running install
running install_lib
copying /home/juwon/Week5Project_ws/src/build/boxproject/build/lib/boxproject/web_camera_node.py -> /home/juwon/Week5Project_ws/src/install/boxproject/lib/python3.10/site-packages/boxproject
byte-compiling /home/juwon/Week5Project_ws/src/install/boxproject/lib/python3.10/site-packages/boxproject/web_camera_node.py to web_camera_node.cpython-310.pyc
running install_data
running install_egg_info
removing '/home/juwon/Week5Project_ws/src/install/boxproject/lib/python3.10/site-packages/boxproject-0.0.0-py3.10.egg-info' (and everything under it)
Copying ../build/boxproject/boxproject.egg-info to /home/juwon/Week5Project_ws/src/install/boxproject/lib/python3.10/site-packages/boxproject-0.0.0-py3.10.egg-info
running install_scripts
Installing gui_node script to /home/juwon/Week5Project_ws/src/install/boxproject/lib/boxproject
Installing robot_arm_node script to /home/juwon/Week5Project_ws/src/install/boxproject/lib/boxproject
Installing robot_status script to /home/juwon/Week5Project_ws/src/install/boxproject/lib/boxproject
Installing test_node script to /home/juwon/Week5Project_ws/src/install/boxproject/lib/boxproject
Installing webcam_node script to /home/juwon/Week5Project_ws/src/install/boxproject/lib/boxproject
writing list of installed files to '/home/juwon/Week5Project_ws/src/build/boxproject/install.log'
