[0.815s] Invoking command in '/home/rokey/Documents/RokeyProjects/ServiceRobotProject/B5/build/menu_order_project': LD_LIBRARY_PATH=/home/rokey/Documents/RokeyProjects/ServiceRobotProject/B5/install/menu_order_interfaces/lib:/home/rokey/turtlebot3_ws/install/turtlebot3_msgs/lib:/opt/ros/humble/opt/rviz_ogre_vendor/lib:/opt/ros/humble/lib/x86_64-linux-gnu:/opt/ros/humble/lib:/usr/lib/x86_64-linux-gnu/gazebo-11/plugins:/usr/lib/x86_64-linux-gnu/gazebo-11/plugins:/usr/lib/x86_64-linux-gnu/gazebo-11/plugins PYTHONPATH=/home/rokey/Documents/RokeyProjects/ServiceRobotProject/B5/build/menu_order_project/prefix_override:/usr/lib/python3/dist-packages/colcon_core/task/python/colcon_distutils_commands:/home/rokey/Documents/RokeyProjects/ServiceRobotProject/B5/install/menu_order_project/lib/python3.10/site-packages:${PYTHONPATH} /usr/bin/python3 -W ignore:setup.py install is deprecated setup.py develop --editable --build-directory /home/rokey/Documents/RokeyProjects/ServiceRobotProject/B5/build/menu_order_project/build --no-deps symlink_data
[1.127s] running develop
[1.128s] /usr/lib/python3/dist-packages/setuptools/command/easy_install.py:158: EasyInstallDeprecationWarning: easy_install command is deprecated. Use build and pip and other standards-based tools.
[1.128s]   warnings.warn(
[1.365s] running egg_info
[1.366s] writing menu_order_project.egg-info/PKG-INFO
[1.366s] writing dependency_links to menu_order_project.egg-info/dependency_links.txt
[1.366s] writing entry points to menu_order_project.egg-info/entry_points.txt
[1.366s] writing requirements to menu_order_project.egg-info/requires.txt
[1.366s] writing top-level names to menu_order_project.egg-info/top_level.txt
[1.368s] reading manifest file 'menu_order_project.egg-info/SOURCES.txt'
[1.369s] writing manifest file 'menu_order_project.egg-info/SOURCES.txt'
[1.370s] running build_ext
[1.371s] Creating /home/rokey/Documents/RokeyProjects/ServiceRobotProject/B5/install/menu_order_project/lib/python3.10/site-packages/menu-order-project.egg-link (link to .)
[1.372s] Installing P script to /home/rokey/Documents/RokeyProjects/ServiceRobotProject/B5/install/menu_order_project/lib/menu_order_project
[1.372s] Installing S script to /home/rokey/Documents/RokeyProjects/ServiceRobotProject/B5/install/menu_order_project/lib/menu_order_project
[1.372s] Installing test_P script to /home/rokey/Documents/RokeyProjects/ServiceRobotProject/B5/install/menu_order_project/lib/menu_order_project
[1.372s] Installing test_R script to /home/rokey/Documents/RokeyProjects/ServiceRobotProject/B5/install/menu_order_project/lib/menu_order_project
[1.372s] Installing test_S script to /home/rokey/Documents/RokeyProjects/ServiceRobotProject/B5/install/menu_order_project/lib/menu_order_project
[1.372s] 
[1.373s] Installed /home/rokey/Documents/RokeyProjects/ServiceRobotProject/B5/build/menu_order_project
[1.373s] running symlink_data
[1.413s] Invoked command in '/home/rokey/Documents/RokeyProjects/ServiceRobotProject/B5/build/menu_order_project' returned '0': LD_LIBRARY_PATH=/home/rokey/Documents/RokeyProjects/ServiceRobotProject/B5/install/menu_order_interfaces/lib:/home/rokey/turtlebot3_ws/install/turtlebot3_msgs/lib:/opt/ros/humble/opt/rviz_ogre_vendor/lib:/opt/ros/humble/lib/x86_64-linux-gnu:/opt/ros/humble/lib:/usr/lib/x86_64-linux-gnu/gazebo-11/plugins:/usr/lib/x86_64-linux-gnu/gazebo-11/plugins:/usr/lib/x86_64-linux-gnu/gazebo-11/plugins PYTHONPATH=/home/rokey/Documents/RokeyProjects/ServiceRobotProject/B5/build/menu_order_project/prefix_override:/usr/lib/python3/dist-packages/colcon_core/task/python/colcon_distutils_commands:/home/rokey/Documents/RokeyProjects/ServiceRobotProject/B5/install/menu_order_project/lib/python3.10/site-packages:${PYTHONPATH} /usr/bin/python3 -W ignore:setup.py install is deprecated setup.py develop --editable --build-directory /home/rokey/Documents/RokeyProjects/ServiceRobotProject/B5/build/menu_order_project/build --no-deps symlink_data
