[0.595s] Invoking command in '/home/yjh/Doosan/Real_project_ws/Week2/ros2_week2_ws/src/multi_image_package': PYTHONPATH=/home/yjh/Doosan/Real_project_ws/Week2/ros2_week2_ws/build/multi_image_package/prefix_override:/usr/lib/python3/dist-packages/colcon_core/task/python/colcon_distutils_commands:/home/yjh/Doosan/Real_project_ws/Week2/ros2_week2_ws/install/multi_image_package/lib/python3.10/site-packages:${PYTHONPATH} /usr/bin/python3 -W ignore:setup.py install is deprecated setup.py egg_info --egg-base ../../build/multi_image_package build --build-base /home/yjh/Doosan/Real_project_ws/Week2/ros2_week2_ws/build/multi_image_package/build install --record /home/yjh/Doosan/Real_project_ws/Week2/ros2_week2_ws/build/multi_image_package/install.log --single-version-externally-managed install_data
[0.811s] running egg_info
[0.825s] writing ../../build/multi_image_package/multi_image_package.egg-info/PKG-INFO
[0.826s] writing dependency_links to ../../build/multi_image_package/multi_image_package.egg-info/dependency_links.txt
[0.826s] writing entry points to ../../build/multi_image_package/multi_image_package.egg-info/entry_points.txt
[0.826s] writing requirements to ../../build/multi_image_package/multi_image_package.egg-info/requires.txt
[0.826s] writing top-level names to ../../build/multi_image_package/multi_image_package.egg-info/top_level.txt
[0.857s] reading manifest file '../../build/multi_image_package/multi_image_package.egg-info/SOURCES.txt'
[0.858s] writing manifest file '../../build/multi_image_package/multi_image_package.egg-info/SOURCES.txt'
[0.858s] running build
[0.858s] running build_py
[0.859s] copying multi_image_package/__init__.py -> /home/yjh/Doosan/Real_project_ws/Week2/ros2_week2_ws/build/multi_image_package/build/lib/multi_image_package
[0.859s] copying multi_image_package/image_publisher_1.py -> /home/yjh/Doosan/Real_project_ws/Week2/ros2_week2_ws/build/multi_image_package/build/lib/multi_image_package
[0.859s] copying multi_image_package/image_publisher_2.py -> /home/yjh/Doosan/Real_project_ws/Week2/ros2_week2_ws/build/multi_image_package/build/lib/multi_image_package
[0.859s] copying multi_image_package/image_subscriber.py -> /home/yjh/Doosan/Real_project_ws/Week2/ros2_week2_ws/build/multi_image_package/build/lib/multi_image_package
[0.859s] running install
[0.863s] running install_lib
[0.878s] running install_data
[0.879s] copying resource/multi_image_package -> /home/yjh/Doosan/Real_project_ws/Week2/ros2_week2_ws/install/multi_image_package/share/ament_index/resource_index/packages
[0.879s] copying package.xml -> /home/yjh/Doosan/Real_project_ws/Week2/ros2_week2_ws/install/multi_image_package/share/multi_image_package
[0.879s] running install_egg_info
[0.895s] removing '/home/yjh/Doosan/Real_project_ws/Week2/ros2_week2_ws/install/multi_image_package/lib/python3.10/site-packages/multi_image_package-0.0.0-py3.10.egg-info' (and everything under it)
[0.895s] Copying ../../build/multi_image_package/multi_image_package.egg-info to /home/yjh/Doosan/Real_project_ws/Week2/ros2_week2_ws/install/multi_image_package/lib/python3.10/site-packages/multi_image_package-0.0.0-py3.10.egg-info
[0.896s] running install_scripts
[1.018s] Installing image_publisher_1 script to /home/yjh/Doosan/Real_project_ws/Week2/ros2_week2_ws/install/multi_image_package/lib/multi_image_package
[1.018s] Installing image_publisher_2 script to /home/yjh/Doosan/Real_project_ws/Week2/ros2_week2_ws/install/multi_image_package/lib/multi_image_package
[1.019s] Installing image_subscriber script to /home/yjh/Doosan/Real_project_ws/Week2/ros2_week2_ws/install/multi_image_package/lib/multi_image_package
[1.019s] writing list of installed files to '/home/yjh/Doosan/Real_project_ws/Week2/ros2_week2_ws/build/multi_image_package/install.log'
[1.039s] Invoked command in '/home/yjh/Doosan/Real_project_ws/Week2/ros2_week2_ws/src/multi_image_package' returned '0': PYTHONPATH=/home/yjh/Doosan/Real_project_ws/Week2/ros2_week2_ws/build/multi_image_package/prefix_override:/usr/lib/python3/dist-packages/colcon_core/task/python/colcon_distutils_commands:/home/yjh/Doosan/Real_project_ws/Week2/ros2_week2_ws/install/multi_image_package/lib/python3.10/site-packages:${PYTHONPATH} /usr/bin/python3 -W ignore:setup.py install is deprecated setup.py egg_info --egg-base ../../build/multi_image_package build --build-base /home/yjh/Doosan/Real_project_ws/Week2/ros2_week2_ws/build/multi_image_package/build install --record /home/yjh/Doosan/Real_project_ws/Week2/ros2_week2_ws/build/multi_image_package/install.log --single-version-externally-managed install_data
