running develop
running egg_info
creating turtlebot3_python_nodes.egg-info
writing turtlebot3_python_nodes.egg-info/PKG-INFO
writing dependency_links to turtlebot3_python_nodes.egg-info/dependency_links.txt
writing entry points to turtlebot3_python_nodes.egg-info/entry_points.txt
writing requirements to turtlebot3_python_nodes.egg-info/requires.txt
writing top-level names to turtlebot3_python_nodes.egg-info/top_level.txt
writing manifest file 'turtlebot3_python_nodes.egg-info/SOURCES.txt'
reading manifest file 'turtlebot3_python_nodes.egg-info/SOURCES.txt'
writing manifest file 'turtlebot3_python_nodes.egg-info/SOURCES.txt'
running build_ext
Creating /home/rokey/Documents/RokeyProjects/multitb_ws/install/turtlebot3_python_nodes/lib/python3.10/site-packages/turtlebot3-python-nodes.egg-link (link to .)
Installing central_control_node script to /home/rokey/Documents/RokeyProjects/multitb_ws/install/turtlebot3_python_nodes/lib/turtlebot3_python_nodes
Installing gui_minimap script to /home/rokey/Documents/RokeyProjects/multitb_ws/install/turtlebot3_python_nodes/lib/turtlebot3_python_nodes
Installing kiosk_gui script to /home/rokey/Documents/RokeyProjects/multitb_ws/install/turtlebot3_python_nodes/lib/turtlebot3_python_nodes

Installed /home/rokey/Documents/RokeyProjects/multitb_ws/build/turtlebot3_python_nodes
running symlink_data
creating /home/rokey/Documents/RokeyProjects/multitb_ws/install/turtlebot3_python_nodes/share/ament_index/resource_index/packages
symbolically linking /home/rokey/Documents/RokeyProjects/multitb_ws/build/turtlebot3_python_nodes/resource/turtlebot3_python_nodes -> /home/rokey/Documents/RokeyProjects/multitb_ws/install/turtlebot3_python_nodes/share/ament_index/resource_index/packages
symbolically linking /home/rokey/Documents/RokeyProjects/multitb_ws/build/turtlebot3_python_nodes/package.xml -> /home/rokey/Documents/RokeyProjects/multitb_ws/install/turtlebot3_python_nodes/share/turtlebot3_python_nodes
creating /home/rokey/Documents/RokeyProjects/multitb_ws/install/turtlebot3_python_nodes/share/turtlebot3_python_nodes/srv
symbolically linking /home/rokey/Documents/RokeyProjects/multitb_ws/build/turtlebot3_interfaces/srv/ExitRequest.srv -> /home/rokey/Documents/RokeyProjects/multitb_ws/install/turtlebot3_python_nodes/share/turtlebot3_python_nodes/srv
