running egg_info
creating ../build/boxproject/boxproject.egg-info
writing ../build/boxproject/boxproject.egg-info/PKG-INFO
writing dependency_links to ../build/boxproject/boxproject.egg-info/dependency_links.txt
writing entry points to ../build/boxproject/boxproject.egg-info/entry_points.txt
writing requirements to ../build/boxproject/boxproject.egg-info/requires.txt
writing top-level names to ../build/boxproject/boxproject.egg-info/top_level.txt
writing manifest file '../build/boxproject/boxproject.egg-info/SOURCES.txt'
reading manifest file '../build/boxproject/boxproject.egg-info/SOURCES.txt'
writing manifest file '../build/boxproject/boxproject.egg-info/SOURCES.txt'
running build
running build_py
creating /home/juwon/Week5Project_ws/src/build/boxproject/build
creating /home/juwon/Week5Project_ws/src/build/boxproject/build/lib
creating /home/juwon/Week5Project_ws/src/build/boxproject/build/lib/boxproject
copying boxproject/GUI_node_JJ.py -> /home/juwon/Week5Project_ws/src/build/boxproject/build/lib/boxproject
copying boxproject/web_camera_node.py -> /home/juwon/Week5Project_ws/src/build/boxproject/build/lib/boxproject
copying boxproject/GUI_node.py -> /home/juwon/Week5Project_ws/src/build/boxproject/build/lib/boxproject
copying boxproject/__init__.py -> /home/juwon/Week5Project_ws/src/build/boxproject/build/lib/boxproject
copying boxproject/robot_arm_node.py -> /home/juwon/Week5Project_ws/src/build/boxproject/build/lib/boxproject
copying boxproject/robot_status.py -> /home/juwon/Week5Project_ws/src/build/boxproject/build/lib/boxproject
running install
running install_lib
creating /home/juwon/Week5Project_ws/src/install/boxproject/lib/python3.10/site-packages/boxproject
copying /home/juwon/Week5Project_ws/src/build/boxproject/build/lib/boxproject/GUI_node_JJ.py -> /home/juwon/Week5Project_ws/src/install/boxproject/lib/python3.10/site-packages/boxproject
copying /home/juwon/Week5Project_ws/src/build/boxproject/build/lib/boxproject/web_camera_node.py -> /home/juwon/Week5Project_ws/src/install/boxproject/lib/python3.10/site-packages/boxproject
copying /home/juwon/Week5Project_ws/src/build/boxproject/build/lib/boxproject/GUI_node.py -> /home/juwon/Week5Project_ws/src/install/boxproject/lib/python3.10/site-packages/boxproject
copying /home/juwon/Week5Project_ws/src/build/boxproject/build/lib/boxproject/__init__.py -> /home/juwon/Week5Project_ws/src/install/boxproject/lib/python3.10/site-packages/boxproject
copying /home/juwon/Week5Project_ws/src/build/boxproject/build/lib/boxproject/robot_arm_node.py -> /home/juwon/Week5Project_ws/src/install/boxproject/lib/python3.10/site-packages/boxproject
copying /home/juwon/Week5Project_ws/src/build/boxproject/build/lib/boxproject/robot_status.py -> /home/juwon/Week5Project_ws/src/install/boxproject/lib/python3.10/site-packages/boxproject
byte-compiling /home/juwon/Week5Project_ws/src/install/boxproject/lib/python3.10/site-packages/boxproject/GUI_node_JJ.py to GUI_node_JJ.cpython-310.pyc
byte-compiling /home/juwon/Week5Project_ws/src/install/boxproject/lib/python3.10/site-packages/boxproject/web_camera_node.py to web_camera_node.cpython-310.pyc
byte-compiling /home/juwon/Week5Project_ws/src/install/boxproject/lib/python3.10/site-packages/boxproject/GUI_node.py to GUI_node.cpython-310.pyc
byte-compiling /home/juwon/Week5Project_ws/src/install/boxproject/lib/python3.10/site-packages/boxproject/__init__.py to __init__.cpython-310.pyc
byte-compiling /home/juwon/Week5Project_ws/src/install/boxproject/lib/python3.10/site-packages/boxproject/robot_arm_node.py to robot_arm_node.cpython-310.pyc
byte-compiling /home/juwon/Week5Project_ws/src/install/boxproject/lib/python3.10/site-packages/boxproject/robot_status.py to robot_status.cpython-310.pyc
running install_data
creating /home/juwon/Week5Project_ws/src/install/boxproject/share/ament_index
creating /home/juwon/Week5Project_ws/src/install/boxproject/share/ament_index/resource_index
creating /home/juwon/Week5Project_ws/src/install/boxproject/share/ament_index/resource_index/packages
copying resource/boxproject -> /home/juwon/Week5Project_ws/src/install/boxproject/share/ament_index/resource_index/packages
copying package.xml -> /home/juwon/Week5Project_ws/src/install/boxproject/share/boxproject
running install_egg_info
Copying ../build/boxproject/boxproject.egg-info to /home/juwon/Week5Project_ws/src/install/boxproject/lib/python3.10/site-packages/boxproject-0.0.0-py3.10.egg-info
running install_scripts
Installing gui_node script to /home/juwon/Week5Project_ws/src/install/boxproject/lib/boxproject
Installing robot_arm_node script to /home/juwon/Week5Project_ws/src/install/boxproject/lib/boxproject
Installing robot_status script to /home/juwon/Week5Project_ws/src/install/boxproject/lib/boxproject
Installing webcam_node script to /home/juwon/Week5Project_ws/src/install/boxproject/lib/boxproject
writing list of installed files to '/home/juwon/Week5Project_ws/src/build/boxproject/install.log'
