running egg_info
creating ../../build/boxproject/boxproject.egg-info
writing ../../build/boxproject/boxproject.egg-info/PKG-INFO
writing dependency_links to ../../build/boxproject/boxproject.egg-info/dependency_links.txt
writing requirements to ../../build/boxproject/boxproject.egg-info/requires.txt
writing top-level names to ../../build/boxproject/boxproject.egg-info/top_level.txt
writing manifest file '../../build/boxproject/boxproject.egg-info/SOURCES.txt'
reading manifest file '../../build/boxproject/boxproject.egg-info/SOURCES.txt'
writing manifest file '../../build/boxproject/boxproject.egg-info/SOURCES.txt'
running build
running build_py
creating /home/yjh/Doosan/Real_project_ws/Week5/Week5Project_ws/build/boxproject/build/lib/boxproject
copying boxproject/__init__.py -> /home/yjh/Doosan/Real_project_ws/Week5/Week5Project_ws/build/boxproject/build/lib/boxproject
running install
running install_lib
creating /home/yjh/Doosan/Real_project_ws/Week5/Week5Project_ws/install/boxproject/lib/python3.10/site-packages/boxproject
copying /home/yjh/Doosan/Real_project_ws/Week5/Week5Project_ws/build/boxproject/build/lib/boxproject/__init__.py -> /home/yjh/Doosan/Real_project_ws/Week5/Week5Project_ws/install/boxproject/lib/python3.10/site-packages/boxproject
byte-compiling /home/yjh/Doosan/Real_project_ws/Week5/Week5Project_ws/install/boxproject/lib/python3.10/site-packages/boxproject/__init__.py to __init__.cpython-310.pyc
running install_data
creating /home/yjh/Doosan/Real_project_ws/Week5/Week5Project_ws/install/boxproject/share/ament_index/resource_index/packages
copying resource/boxproject -> /home/yjh/Doosan/Real_project_ws/Week5/Week5Project_ws/install/boxproject/share/ament_index/resource_index/packages
copying package.xml -> /home/yjh/Doosan/Real_project_ws/Week5/Week5Project_ws/install/boxproject/share/boxproject
running install_egg_info
Copying ../../build/boxproject/boxproject.egg-info to /home/yjh/Doosan/Real_project_ws/Week5/Week5Project_ws/install/boxproject/lib/python3.10/site-packages/boxproject-0.0.0-py3.10.egg-info
running install_scripts
writing list of installed files to '/home/yjh/Doosan/Real_project_ws/Week5/Week5Project_ws/build/boxproject/install.log'
