[0.675s] Invoking command in '/home/yjh/Doosan/Real_project_ws/Week5/Week5Project_ws/src/boxproject': PYTHONPATH=/home/yjh/Doosan/Real_project_ws/Week5/Week5Project_ws/build/boxproject/prefix_override:/usr/lib/python3/dist-packages/colcon_core/task/python/colcon_distutils_commands:/home/yjh/Doosan/Real_project_ws/Week5/Week5Project_ws/install/boxproject/lib/python3.10/site-packages:${PYTHONPATH} /usr/bin/python3 -W ignore:setup.py install is deprecated setup.py egg_info --egg-base ../../build/boxproject build --build-base /home/yjh/Doosan/Real_project_ws/Week5/Week5Project_ws/build/boxproject/build install --record /home/yjh/Doosan/Real_project_ws/Week5/Week5Project_ws/build/boxproject/install.log --single-version-externally-managed install_data
[0.818s] /home/yjh/.local/lib/python3.10/site-packages/setuptools/_distutils/dist.py:261: UserWarning: Unknown distribution option: 'tests_require'
[0.818s]   warnings.warn(msg)
[0.935s] running egg_info
[0.936s] creating ../../build/boxproject/boxproject.egg-info
[0.956s] writing ../../build/boxproject/boxproject.egg-info/PKG-INFO
[0.956s] writing dependency_links to ../../build/boxproject/boxproject.egg-info/dependency_links.txt
[0.957s] writing requirements to ../../build/boxproject/boxproject.egg-info/requires.txt
[0.957s] writing top-level names to ../../build/boxproject/boxproject.egg-info/top_level.txt
[0.957s] writing manifest file '../../build/boxproject/boxproject.egg-info/SOURCES.txt'
[0.995s] reading manifest file '../../build/boxproject/boxproject.egg-info/SOURCES.txt'
[0.995s] writing manifest file '../../build/boxproject/boxproject.egg-info/SOURCES.txt'
[0.996s] running build
[0.996s] running build_py
[0.996s] creating /home/yjh/Doosan/Real_project_ws/Week5/Week5Project_ws/build/boxproject/build/lib/boxproject
[0.996s] copying boxproject/__init__.py -> /home/yjh/Doosan/Real_project_ws/Week5/Week5Project_ws/build/boxproject/build/lib/boxproject
[0.996s] running install
[1.000s] running install_lib
[1.018s] creating /home/yjh/Doosan/Real_project_ws/Week5/Week5Project_ws/install/boxproject/lib/python3.10/site-packages/boxproject
[1.019s] copying /home/yjh/Doosan/Real_project_ws/Week5/Week5Project_ws/build/boxproject/build/lib/boxproject/__init__.py -> /home/yjh/Doosan/Real_project_ws/Week5/Week5Project_ws/install/boxproject/lib/python3.10/site-packages/boxproject
[1.019s] byte-compiling /home/yjh/Doosan/Real_project_ws/Week5/Week5Project_ws/install/boxproject/lib/python3.10/site-packages/boxproject/__init__.py to __init__.cpython-310.pyc
[1.019s] running install_data
[1.019s] creating /home/yjh/Doosan/Real_project_ws/Week5/Week5Project_ws/install/boxproject/share/ament_index/resource_index/packages
[1.020s] copying resource/boxproject -> /home/yjh/Doosan/Real_project_ws/Week5/Week5Project_ws/install/boxproject/share/ament_index/resource_index/packages
[1.020s] copying package.xml -> /home/yjh/Doosan/Real_project_ws/Week5/Week5Project_ws/install/boxproject/share/boxproject
[1.020s] running install_egg_info
[1.040s] Copying ../../build/boxproject/boxproject.egg-info to /home/yjh/Doosan/Real_project_ws/Week5/Week5Project_ws/install/boxproject/lib/python3.10/site-packages/boxproject-0.0.0-py3.10.egg-info
[1.041s] running install_scripts
[1.192s] writing list of installed files to '/home/yjh/Doosan/Real_project_ws/Week5/Week5Project_ws/build/boxproject/install.log'
[1.223s] Invoked command in '/home/yjh/Doosan/Real_project_ws/Week5/Week5Project_ws/src/boxproject' returned '0': PYTHONPATH=/home/yjh/Doosan/Real_project_ws/Week5/Week5Project_ws/build/boxproject/prefix_override:/usr/lib/python3/dist-packages/colcon_core/task/python/colcon_distutils_commands:/home/yjh/Doosan/Real_project_ws/Week5/Week5Project_ws/install/boxproject/lib/python3.10/site-packages:${PYTHONPATH} /usr/bin/python3 -W ignore:setup.py install is deprecated setup.py egg_info --egg-base ../../build/boxproject build --build-base /home/yjh/Doosan/Real_project_ws/Week5/Week5Project_ws/build/boxproject/build install --record /home/yjh/Doosan/Real_project_ws/Week5/Week5Project_ws/build/boxproject/install.log --single-version-externally-managed install_data
