/home/yjh/Doosan/Real_project_ws/Week2/ros2_week2_ws/install/multi_image_package/lib/python3.10/site-packages/multi_image_package/__init__.py
/home/yjh/Doosan/Real_project_ws/Week2/ros2_week2_ws/install/multi_image_package/lib/python3.10/site-packages/multi_image_package/image_publisher_1.py
/home/yjh/Doosan/Real_project_ws/Week2/ros2_week2_ws/install/multi_image_package/lib/python3.10/site-packages/multi_image_package/image_publisher_2.py
/home/yjh/Doosan/Real_project_ws/Week2/ros2_week2_ws/install/multi_image_package/lib/python3.10/site-packages/multi_image_package/image_sub_init.py
/home/yjh/Doosan/Real_project_ws/Week2/ros2_week2_ws/install/multi_image_package/lib/python3.10/site-packages/multi_image_package/image_subscriber.py
/home/yjh/Doosan/Real_project_ws/Week2/ros2_week2_ws/install/multi_image_package/lib/python3.10/site-packages/multi_image_package/__pycache__/__init__.cpython-310.pyc
/home/yjh/Doosan/Real_project_ws/Week2/ros2_week2_ws/install/multi_image_package/lib/python3.10/site-packages/multi_image_package/__pycache__/image_publisher_1.cpython-310.pyc
/home/yjh/Doosan/Real_project_ws/Week2/ros2_week2_ws/install/multi_image_package/lib/python3.10/site-packages/multi_image_package/__pycache__/image_publisher_2.cpython-310.pyc
/home/yjh/Doosan/Real_project_ws/Week2/ros2_week2_ws/install/multi_image_package/lib/python3.10/site-packages/multi_image_package/__pycache__/image_sub_init.cpython-310.pyc
/home/yjh/Doosan/Real_project_ws/Week2/ros2_week2_ws/install/multi_image_package/lib/python3.10/site-packages/multi_image_package/__pycache__/image_subscriber.cpython-310.pyc
/home/yjh/Doosan/Real_project_ws/Week2/ros2_week2_ws/install/multi_image_package/share/ament_index/resource_index/packages/multi_image_package
/home/yjh/Doosan/Real_project_ws/Week2/ros2_week2_ws/install/multi_image_package/share/multi_image_package/package.xml
/home/yjh/Doosan/Real_project_ws/Week2/ros2_week2_ws/install/multi_image_package/lib/python3.10/site-packages/multi_image_package-0.0.0-py3.10.egg-info/dependency_links.txt
/home/yjh/Doosan/Real_project_ws/Week2/ros2_week2_ws/install/multi_image_package/lib/python3.10/site-packages/multi_image_package-0.0.0-py3.10.egg-info/PKG-INFO
/home/yjh/Doosan/Real_project_ws/Week2/ros2_week2_ws/install/multi_image_package/lib/python3.10/site-packages/multi_image_package-0.0.0-py3.10.egg-info/top_level.txt
/home/yjh/Doosan/Real_project_ws/Week2/ros2_week2_ws/install/multi_image_package/lib/python3.10/site-packages/multi_image_package-0.0.0-py3.10.egg-info/requires.txt
/home/yjh/Doosan/Real_project_ws/Week2/ros2_week2_ws/install/multi_image_package/lib/python3.10/site-packages/multi_image_package-0.0.0-py3.10.egg-info/entry_points.txt
/home/yjh/Doosan/Real_project_ws/Week2/ros2_week2_ws/install/multi_image_package/lib/python3.10/site-packages/multi_image_package-0.0.0-py3.10.egg-info/SOURCES.txt
/home/yjh/Doosan/Real_project_ws/Week2/ros2_week2_ws/install/multi_image_package/lib/python3.10/site-packages/multi_image_package-0.0.0-py3.10.egg-info/zip-safe
/home/yjh/Doosan/Real_project_ws/Week2/ros2_week2_ws/install/multi_image_package/lib/multi_image_package/image_publisher_1
/home/yjh/Doosan/Real_project_ws/Week2/ros2_week2_ws/install/multi_image_package/lib/multi_image_package/image_publisher_2
/home/yjh/Doosan/Real_project_ws/Week2/ros2_week2_ws/install/multi_image_package/lib/multi_image_package/image_subscriber
