/home/yjh/.local/lib/python3.10/site-packages/setuptools/_distutils/dist.py:261: UserWarning: Unknown distribution option: 'tests_require'
  warnings.warn(msg)
running egg_info
creating ../../build/menu_order_project/menu_order_project.egg-info
writing ../../build/menu_order_project/menu_order_project.egg-info/PKG-INFO
writing dependency_links to ../../build/menu_order_project/menu_order_project.egg-info/dependency_links.txt
writing requirements to ../../build/menu_order_project/menu_order_project.egg-info/requires.txt
writing top-level names to ../../build/menu_order_project/menu_order_project.egg-info/top_level.txt
writing manifest file '../../build/menu_order_project/menu_order_project.egg-info/SOURCES.txt'
reading manifest file '../../build/menu_order_project/menu_order_project.egg-info/SOURCES.txt'
writing manifest file '../../build/menu_order_project/menu_order_project.egg-info/SOURCES.txt'
running build
running build_py
creating /home/yjh/Doosan/Real_project_ws/Week4/project4_ws/build/menu_order_project/build/lib/menu_order_project
copying menu_order_project/__init__.py -> /home/yjh/Doosan/Real_project_ws/Week4/project4_ws/build/menu_order_project/build/lib/menu_order_project
running install
running install_lib
creating /home/yjh/Doosan/Real_project_ws/Week4/project4_ws/install/menu_order_project/lib/python3.10/site-packages/menu_order_project
copying /home/yjh/Doosan/Real_project_ws/Week4/project4_ws/build/menu_order_project/build/lib/menu_order_project/__init__.py -> /home/yjh/Doosan/Real_project_ws/Week4/project4_ws/install/menu_order_project/lib/python3.10/site-packages/menu_order_project
byte-compiling /home/yjh/Doosan/Real_project_ws/Week4/project4_ws/install/menu_order_project/lib/python3.10/site-packages/menu_order_project/__init__.py to __init__.cpython-310.pyc
running install_data
creating /home/yjh/Doosan/Real_project_ws/Week4/project4_ws/install/menu_order_project/share/ament_index/resource_index/packages
copying resource/menu_order_project -> /home/yjh/Doosan/Real_project_ws/Week4/project4_ws/install/menu_order_project/share/ament_index/resource_index/packages
copying package.xml -> /home/yjh/Doosan/Real_project_ws/Week4/project4_ws/install/menu_order_project/share/menu_order_project
running install_egg_info
Copying ../../build/menu_order_project/menu_order_project.egg-info to /home/yjh/Doosan/Real_project_ws/Week4/project4_ws/install/menu_order_project/lib/python3.10/site-packages/menu_order_project-0.0.0-py3.10.egg-info
running install_scripts
writing list of installed files to '/home/yjh/Doosan/Real_project_ws/Week4/project4_ws/build/menu_order_project/install.log'
