[0.810s] Invoking command in '/home/yjh/Doosan/Real_project_ws/Week4/project4_ws/src/menu_order_project': PYTHONPATH=/home/yjh/Doosan/Real_project_ws/Week4/project4_ws/build/menu_order_project/prefix_override:/usr/lib/python3/dist-packages/colcon_core/task/python/colcon_distutils_commands:/home/yjh/Doosan/Real_project_ws/Week4/project4_ws/install/menu_order_project/lib/python3.10/site-packages:${PYTHONPATH} /usr/bin/python3 -W ignore:setup.py install is deprecated setup.py egg_info --egg-base ../../build/menu_order_project build --build-base /home/yjh/Doosan/Real_project_ws/Week4/project4_ws/build/menu_order_project/build install --record /home/yjh/Doosan/Real_project_ws/Week4/project4_ws/build/menu_order_project/install.log --single-version-externally-managed install_data
[0.935s] /home/yjh/.local/lib/python3.10/site-packages/setuptools/_distutils/dist.py:261: UserWarning: Unknown distribution option: 'tests_require'
[0.935s]   warnings.warn(msg)
[1.035s] running egg_info
[1.036s] creating ../../build/menu_order_project/menu_order_project.egg-info
[1.052s] writing ../../build/menu_order_project/menu_order_project.egg-info/PKG-INFO
[1.052s] writing dependency_links to ../../build/menu_order_project/menu_order_project.egg-info/dependency_links.txt
[1.053s] writing requirements to ../../build/menu_order_project/menu_order_project.egg-info/requires.txt
[1.053s] writing top-level names to ../../build/menu_order_project/menu_order_project.egg-info/top_level.txt
[1.053s] writing manifest file '../../build/menu_order_project/menu_order_project.egg-info/SOURCES.txt'
[1.087s] reading manifest file '../../build/menu_order_project/menu_order_project.egg-info/SOURCES.txt'
[1.088s] writing manifest file '../../build/menu_order_project/menu_order_project.egg-info/SOURCES.txt'
[1.088s] running build
[1.088s] running build_py
[1.088s] creating /home/yjh/Doosan/Real_project_ws/Week4/project4_ws/build/menu_order_project/build/lib/menu_order_project
[1.088s] copying menu_order_project/__init__.py -> /home/yjh/Doosan/Real_project_ws/Week4/project4_ws/build/menu_order_project/build/lib/menu_order_project
[1.088s] running install
[1.092s] running install_lib
[1.108s] creating /home/yjh/Doosan/Real_project_ws/Week4/project4_ws/install/menu_order_project/lib/python3.10/site-packages/menu_order_project
[1.109s] copying /home/yjh/Doosan/Real_project_ws/Week4/project4_ws/build/menu_order_project/build/lib/menu_order_project/__init__.py -> /home/yjh/Doosan/Real_project_ws/Week4/project4_ws/install/menu_order_project/lib/python3.10/site-packages/menu_order_project
[1.109s] byte-compiling /home/yjh/Doosan/Real_project_ws/Week4/project4_ws/install/menu_order_project/lib/python3.10/site-packages/menu_order_project/__init__.py to __init__.cpython-310.pyc
[1.109s] running install_data
[1.109s] creating /home/yjh/Doosan/Real_project_ws/Week4/project4_ws/install/menu_order_project/share/ament_index/resource_index/packages
[1.110s] copying resource/menu_order_project -> /home/yjh/Doosan/Real_project_ws/Week4/project4_ws/install/menu_order_project/share/ament_index/resource_index/packages
[1.110s] copying package.xml -> /home/yjh/Doosan/Real_project_ws/Week4/project4_ws/install/menu_order_project/share/menu_order_project
[1.110s] running install_egg_info
[1.127s] Copying ../../build/menu_order_project/menu_order_project.egg-info to /home/yjh/Doosan/Real_project_ws/Week4/project4_ws/install/menu_order_project/lib/python3.10/site-packages/menu_order_project-0.0.0-py3.10.egg-info
[1.128s] running install_scripts
[1.261s] writing list of installed files to '/home/yjh/Doosan/Real_project_ws/Week4/project4_ws/build/menu_order_project/install.log'
[1.287s] Invoked command in '/home/yjh/Doosan/Real_project_ws/Week4/project4_ws/src/menu_order_project' returned '0': PYTHONPATH=/home/yjh/Doosan/Real_project_ws/Week4/project4_ws/build/menu_order_project/prefix_override:/usr/lib/python3/dist-packages/colcon_core/task/python/colcon_distutils_commands:/home/yjh/Doosan/Real_project_ws/Week4/project4_ws/install/menu_order_project/lib/python3.10/site-packages:${PYTHONPATH} /usr/bin/python3 -W ignore:setup.py install is deprecated setup.py egg_info --egg-base ../../build/menu_order_project build --build-base /home/yjh/Doosan/Real_project_ws/Week4/project4_ws/build/menu_order_project/build install --record /home/yjh/Doosan/Real_project_ws/Week4/project4_ws/build/menu_order_project/install.log --single-version-externally-managed install_data
