[0.090s] DEBUG:colcon:Command line arguments: ['/usr/bin/colcon', 'build']
[0.090s] DEBUG:colcon:Parsed command line arguments: Namespace(log_base=None, log_level=None, verb_name='build', build_base='build', install_base='install', merge_install=False, symlink_install=False, test_result_base=None, continue_on_error=False, executor='parallel', parallel_workers=12, event_handlers=None, ignore_user_meta=False, metas=['./colcon.meta'], base_paths=['.'], packages_ignore=None, packages_ignore_regex=None, paths=None, packages_up_to=None, packages_up_to_regex=None, packages_above=None, packages_above_and_dependencies=None, packages_above_depth=None, packages_select_by_dep=None, packages_skip_by_dep=None, packages_skip_up_to=None, packages_select_build_failed=False, packages_skip_build_finished=False, packages_select_test_failures=False, packages_skip_test_passed=False, packages_select=None, packages_skip=None, packages_select_regex=None, packages_skip_regex=None, packages_start=None, packages_end=None, allow_overriding=[], cmake_args=None, cmake_target=None, cmake_target_skip_unavailable=False, cmake_clean_cache=False, cmake_clean_first=False, cmake_force_configure=False, ament_cmake_args=None, catkin_cmake_args=None, catkin_skip_building_tests=False, mixin_files=None, mixin=None, verb_parser=<colcon_mixin.mixin.mixin_argument.MixinArgumentDecorator object at 0x753c26b82500>, verb_extension=<colcon_core.verb.build.BuildVerb object at 0x753c26c772e0>, main=<bound method BuildVerb.main of <colcon_core.verb.build.BuildVerb object at 0x753c26c772e0>>, mixin_verb=('build',))
[0.119s] Level 1:colcon.colcon_core.package_discovery:discover_packages(colcon_meta) check parameters
[0.119s] Level 1:colcon.colcon_core.package_discovery:discover_packages(recursive) check parameters
[0.119s] Level 1:colcon.colcon_core.package_discovery:discover_packages(ignore) check parameters
[0.119s] Level 1:colcon.colcon_core.package_discovery:discover_packages(path) check parameters
[0.119s] Level 1:colcon.colcon_core.package_discovery:discover_packages(colcon_meta) discover
[0.119s] Level 1:colcon.colcon_core.package_discovery:discover_packages(recursive) discover
[0.119s] INFO:colcon.colcon_core.package_discovery:Crawling recursively for packages in '/home/yjh/Doosan/Real_project_ws/Week4/B5'
[0.119s] Level 1:colcon.colcon_core.package_identification:_identify(.) by extensions ['ignore', 'ignore_ament_install']
[0.119s] Level 1:colcon.colcon_core.package_identification:_identify(.) by extension 'ignore'
[0.119s] Level 1:colcon.colcon_core.package_identification:_identify(.) by extension 'ignore_ament_install'
[0.119s] Level 1:colcon.colcon_core.package_identification:_identify(.) by extensions ['colcon_pkg']
[0.119s] Level 1:colcon.colcon_core.package_identification:_identify(.) by extension 'colcon_pkg'
[0.119s] Level 1:colcon.colcon_core.package_identification:_identify(.) by extensions ['colcon_meta']
[0.119s] Level 1:colcon.colcon_core.package_identification:_identify(.) by extension 'colcon_meta'
[0.119s] Level 1:colcon.colcon_core.package_identification:_identify(.) by extensions ['ros']
[0.119s] Level 1:colcon.colcon_core.package_identification:_identify(.) by extension 'ros'
[0.131s] Level 1:colcon.colcon_core.package_identification:_identify(.) by extensions ['cmake', 'python']
[0.131s] Level 1:colcon.colcon_core.package_identification:_identify(.) by extension 'cmake'
[0.131s] Level 1:colcon.colcon_core.package_identification:_identify(.) by extension 'python'
[0.131s] Level 1:colcon.colcon_core.package_identification:_identify(.) by extensions ['python_setup_py']
[0.131s] Level 1:colcon.colcon_core.package_identification:_identify(.) by extension 'python_setup_py'
[0.132s] Level 1:colcon.colcon_core.package_identification:_identify(build) by extensions ['ignore', 'ignore_ament_install']
[0.132s] Level 1:colcon.colcon_core.package_identification:_identify(build) by extension 'ignore'
[0.132s] Level 1:colcon.colcon_core.package_identification:_identify(build) ignored
[0.132s] Level 1:colcon.colcon_core.package_identification:_identify(install) by extensions ['ignore', 'ignore_ament_install']
[0.132s] Level 1:colcon.colcon_core.package_identification:_identify(install) by extension 'ignore'
[0.132s] Level 1:colcon.colcon_core.package_identification:_identify(install) ignored
[0.132s] Level 1:colcon.colcon_core.package_identification:_identify(log) by extensions ['ignore', 'ignore_ament_install']
[0.132s] Level 1:colcon.colcon_core.package_identification:_identify(log) by extension 'ignore'
[0.132s] Level 1:colcon.colcon_core.package_identification:_identify(log) ignored
[0.132s] Level 1:colcon.colcon_core.package_identification:_identify(src) by extensions ['ignore', 'ignore_ament_install']
[0.132s] Level 1:colcon.colcon_core.package_identification:_identify(src) by extension 'ignore'
[0.132s] Level 1:colcon.colcon_core.package_identification:_identify(src) by extension 'ignore_ament_install'
[0.132s] Level 1:colcon.colcon_core.package_identification:_identify(src) by extensions ['colcon_pkg']
[0.132s] Level 1:colcon.colcon_core.package_identification:_identify(src) by extension 'colcon_pkg'
[0.132s] Level 1:colcon.colcon_core.package_identification:_identify(src) by extensions ['colcon_meta']
[0.132s] Level 1:colcon.colcon_core.package_identification:_identify(src) by extension 'colcon_meta'
[0.133s] Level 1:colcon.colcon_core.package_identification:_identify(src) by extensions ['ros']
[0.133s] Level 1:colcon.colcon_core.package_identification:_identify(src) by extension 'ros'
[0.133s] Level 1:colcon.colcon_core.package_identification:_identify(src) by extensions ['cmake', 'python']
[0.133s] Level 1:colcon.colcon_core.package_identification:_identify(src) by extension 'cmake'
[0.133s] Level 1:colcon.colcon_core.package_identification:_identify(src) by extension 'python'
[0.133s] Level 1:colcon.colcon_core.package_identification:_identify(src) by extensions ['python_setup_py']
[0.133s] Level 1:colcon.colcon_core.package_identification:_identify(src) by extension 'python_setup_py'
[0.133s] Level 1:colcon.colcon_core.package_identification:_identify(src/menu_order_interfaces) by extensions ['ignore', 'ignore_ament_install']
[0.133s] Level 1:colcon.colcon_core.package_identification:_identify(src/menu_order_interfaces) by extension 'ignore'
[0.133s] Level 1:colcon.colcon_core.package_identification:_identify(src/menu_order_interfaces) by extension 'ignore_ament_install'
[0.133s] Level 1:colcon.colcon_core.package_identification:_identify(src/menu_order_interfaces) by extensions ['colcon_pkg']
[0.133s] Level 1:colcon.colcon_core.package_identification:_identify(src/menu_order_interfaces) by extension 'colcon_pkg'
[0.133s] Level 1:colcon.colcon_core.package_identification:_identify(src/menu_order_interfaces) by extensions ['colcon_meta']
[0.133s] Level 1:colcon.colcon_core.package_identification:_identify(src/menu_order_interfaces) by extension 'colcon_meta'
[0.133s] Level 1:colcon.colcon_core.package_identification:_identify(src/menu_order_interfaces) by extensions ['ros']
[0.133s] Level 1:colcon.colcon_core.package_identification:_identify(src/menu_order_interfaces) by extension 'ros'
[0.135s] DEBUG:colcon.colcon_core.package_identification:Package 'src/menu_order_interfaces' with type 'ros.ament_cmake' and name 'menu_order_interfaces'
[0.135s] Level 1:colcon.colcon_core.package_identification:_identify(src/menu_order_project) by extensions ['ignore', 'ignore_ament_install']
[0.135s] Level 1:colcon.colcon_core.package_identification:_identify(src/menu_order_project) by extension 'ignore'
[0.135s] Level 1:colcon.colcon_core.package_identification:_identify(src/menu_order_project) by extension 'ignore_ament_install'
[0.135s] Level 1:colcon.colcon_core.package_identification:_identify(src/menu_order_project) by extensions ['colcon_pkg']
[0.135s] Level 1:colcon.colcon_core.package_identification:_identify(src/menu_order_project) by extension 'colcon_pkg'
[0.135s] Level 1:colcon.colcon_core.package_identification:_identify(src/menu_order_project) by extensions ['colcon_meta']
[0.135s] Level 1:colcon.colcon_core.package_identification:_identify(src/menu_order_project) by extension 'colcon_meta'
[0.135s] Level 1:colcon.colcon_core.package_identification:_identify(src/menu_order_project) by extensions ['ros']
[0.135s] Level 1:colcon.colcon_core.package_identification:_identify(src/menu_order_project) by extension 'ros'
[0.136s] DEBUG:colcon.colcon_core.package_identification:Package 'src/menu_order_project' with type 'ros.ament_python' and name 'menu_order_project'
[0.136s] Level 1:colcon.colcon_core.package_discovery:discover_packages(recursive) using defaults
[0.136s] Level 1:colcon.colcon_core.package_discovery:discover_packages(ignore) discover
[0.136s] Level 1:colcon.colcon_core.package_discovery:discover_packages(ignore) using defaults
[0.136s] Level 1:colcon.colcon_core.package_discovery:discover_packages(path) discover
[0.136s] Level 1:colcon.colcon_core.package_discovery:discover_packages(path) using defaults
[0.151s] Level 1:colcon.colcon_core.package_discovery:discover_packages(prefix_path) check parameters
[0.151s] Level 1:colcon.colcon_core.package_discovery:discover_packages(prefix_path) discover
[0.153s] DEBUG:colcon.colcon_installed_package_information.package_discovery:Found 2 installed packages in /home/yjh/Doosan/Real_project_ws/Week4/B5/install
[0.154s] DEBUG:colcon.colcon_installed_package_information.package_discovery:Found 12 installed packages in /home/yjh/turtlebot3_ws/install
[0.155s] DEBUG:colcon.colcon_installed_package_information.package_discovery:Found 375 installed packages in /opt/ros/humble
[0.157s] Level 1:colcon.colcon_core.package_discovery:discover_packages(prefix_path) using defaults
[0.192s] Level 5:colcon.colcon_core.verb:set package 'menu_order_interfaces' build argument 'cmake_args' from command line to 'None'
[0.192s] Level 5:colcon.colcon_core.verb:set package 'menu_order_interfaces' build argument 'cmake_target' from command line to 'None'
[0.192s] Level 5:colcon.colcon_core.verb:set package 'menu_order_interfaces' build argument 'cmake_target_skip_unavailable' from command line to 'False'
[0.192s] Level 5:colcon.colcon_core.verb:set package 'menu_order_interfaces' build argument 'cmake_clean_cache' from command line to 'False'
[0.192s] Level 5:colcon.colcon_core.verb:set package 'menu_order_interfaces' build argument 'cmake_clean_first' from command line to 'False'
[0.192s] Level 5:colcon.colcon_core.verb:set package 'menu_order_interfaces' build argument 'cmake_force_configure' from command line to 'False'
[0.192s] Level 5:colcon.colcon_core.verb:set package 'menu_order_interfaces' build argument 'ament_cmake_args' from command line to 'None'
[0.192s] Level 5:colcon.colcon_core.verb:set package 'menu_order_interfaces' build argument 'catkin_cmake_args' from command line to 'None'
[0.192s] Level 5:colcon.colcon_core.verb:set package 'menu_order_interfaces' build argument 'catkin_skip_building_tests' from command line to 'False'
[0.192s] DEBUG:colcon.colcon_core.verb:Building package 'menu_order_interfaces' with the following arguments: {'ament_cmake_args': None, 'build_base': '/home/yjh/Doosan/Real_project_ws/Week4/B5/build/menu_order_interfaces', 'catkin_cmake_args': None, 'catkin_skip_building_tests': False, 'cmake_args': None, 'cmake_clean_cache': False, 'cmake_clean_first': False, 'cmake_force_configure': False, 'cmake_target': None, 'cmake_target_skip_unavailable': False, 'install_base': '/home/yjh/Doosan/Real_project_ws/Week4/B5/install/menu_order_interfaces', 'merge_install': False, 'path': '/home/yjh/Doosan/Real_project_ws/Week4/B5/src/menu_order_interfaces', 'symlink_install': False, 'test_result_base': None}
[0.192s] Level 5:colcon.colcon_core.verb:set package 'menu_order_project' build argument 'cmake_args' from command line to 'None'
[0.192s] Level 5:colcon.colcon_core.verb:set package 'menu_order_project' build argument 'cmake_target' from command line to 'None'
[0.192s] Level 5:colcon.colcon_core.verb:set package 'menu_order_project' build argument 'cmake_target_skip_unavailable' from command line to 'False'
[0.192s] Level 5:colcon.colcon_core.verb:set package 'menu_order_project' build argument 'cmake_clean_cache' from command line to 'False'
[0.192s] Level 5:colcon.colcon_core.verb:set package 'menu_order_project' build argument 'cmake_clean_first' from command line to 'False'
[0.192s] Level 5:colcon.colcon_core.verb:set package 'menu_order_project' build argument 'cmake_force_configure' from command line to 'False'
[0.192s] Level 5:colcon.colcon_core.verb:set package 'menu_order_project' build argument 'ament_cmake_args' from command line to 'None'
[0.192s] Level 5:colcon.colcon_core.verb:set package 'menu_order_project' build argument 'catkin_cmake_args' from command line to 'None'
[0.192s] Level 5:colcon.colcon_core.verb:set package 'menu_order_project' build argument 'catkin_skip_building_tests' from command line to 'False'
[0.192s] DEBUG:colcon.colcon_core.verb:Building package 'menu_order_project' with the following arguments: {'ament_cmake_args': None, 'build_base': '/home/yjh/Doosan/Real_project_ws/Week4/B5/build/menu_order_project', 'catkin_cmake_args': None, 'catkin_skip_building_tests': False, 'cmake_args': None, 'cmake_clean_cache': False, 'cmake_clean_first': False, 'cmake_force_configure': False, 'cmake_target': None, 'cmake_target_skip_unavailable': False, 'install_base': '/home/yjh/Doosan/Real_project_ws/Week4/B5/install/menu_order_project', 'merge_install': False, 'path': '/home/yjh/Doosan/Real_project_ws/Week4/B5/src/menu_order_project', 'symlink_install': False, 'test_result_base': None}
[0.193s] INFO:colcon.colcon_core.executor:Executing jobs using 'parallel' executor
[0.193s] DEBUG:colcon.colcon_parallel_executor.executor.parallel:run_until_complete
[0.194s] INFO:colcon.colcon_ros.task.ament_cmake.build:Building ROS package in '/home/yjh/Doosan/Real_project_ws/Week4/B5/src/menu_order_interfaces' with build type 'ament_cmake'
[0.194s] INFO:colcon.colcon_cmake.task.cmake.build:Building CMake package in '/home/yjh/Doosan/Real_project_ws/Week4/B5/src/menu_order_interfaces'
[0.195s] INFO:colcon.colcon_core.plugin_system:Skipping extension 'colcon_core.shell.bat': Not used on non-Windows systems
[0.195s] INFO:colcon.colcon_core.shell:Skip shell extension 'powershell' for command environment: Not usable outside of PowerShell
[0.195s] DEBUG:colcon.colcon_core.shell:Skip shell extension 'dsv' for command environment
[0.205s] DEBUG:colcon.colcon_core.event_handler.log_command:Invoking command in '/home/yjh/Doosan/Real_project_ws/Week4/B5/build/menu_order_interfaces': CMAKE_PREFIX_PATH=${CMAKE_PREFIX_PATH}:/home/yjh/Doosan/Real_project_ws/Week4/B5/install/menu_order_project:/home/yjh/turtlebot3_ws/install/turtlebot3_teleop:/home/yjh/turtlebot3_ws/install/turtlebot3_example:/opt/ros/humble /usr/bin/cmake --build /home/yjh/Doosan/Real_project_ws/Week4/B5/build/menu_order_interfaces -- -j12 -l12
[4.975s] DEBUG:colcon.colcon_core.event_handler.log_command:Invoked command in '/home/yjh/Doosan/Real_project_ws/Week4/B5/build/menu_order_interfaces' returned '0': CMAKE_PREFIX_PATH=${CMAKE_PREFIX_PATH}:/home/yjh/Doosan/Real_project_ws/Week4/B5/install/menu_order_project:/home/yjh/turtlebot3_ws/install/turtlebot3_teleop:/home/yjh/turtlebot3_ws/install/turtlebot3_example:/opt/ros/humble /usr/bin/cmake --build /home/yjh/Doosan/Real_project_ws/Week4/B5/build/menu_order_interfaces -- -j12 -l12
[5.078s] DEBUG:colcon.colcon_core.event_handler.log_command:Invoking command in '/home/yjh/Doosan/Real_project_ws/Week4/B5/build/menu_order_interfaces': CMAKE_PREFIX_PATH=${CMAKE_PREFIX_PATH}:/home/yjh/Doosan/Real_project_ws/Week4/B5/install/menu_order_project:/home/yjh/turtlebot3_ws/install/turtlebot3_teleop:/home/yjh/turtlebot3_ws/install/turtlebot3_example:/opt/ros/humble /usr/bin/cmake --install /home/yjh/Doosan/Real_project_ws/Week4/B5/build/menu_order_interfaces
[5.173s] Level 1:colcon.colcon_core.environment:create_environment_scripts_only(menu_order_interfaces)
[5.175s] DEBUG:colcon.colcon_core.event_handler.log_command:Invoked command in '/home/yjh/Doosan/Real_project_ws/Week4/B5/build/menu_order_interfaces' returned '0': CMAKE_PREFIX_PATH=${CMAKE_PREFIX_PATH}:/home/yjh/Doosan/Real_project_ws/Week4/B5/install/menu_order_project:/home/yjh/turtlebot3_ws/install/turtlebot3_teleop:/home/yjh/turtlebot3_ws/install/turtlebot3_example:/opt/ros/humble /usr/bin/cmake --install /home/yjh/Doosan/Real_project_ws/Week4/B5/build/menu_order_interfaces
[5.178s] Level 1:colcon.colcon_core.environment:checking '/home/yjh/Doosan/Real_project_ws/Week4/B5/install/menu_order_interfaces' for CMake module files
[5.179s] Level 1:colcon.colcon_core.environment:checking '/home/yjh/Doosan/Real_project_ws/Week4/B5/install/menu_order_interfaces' for CMake config files
[5.181s] Level 1:colcon.colcon_core.shell:create_environment_hook('menu_order_interfaces', 'cmake_prefix_path')
[5.181s] INFO:colcon.colcon_core.shell:Creating environment hook '/home/yjh/Doosan/Real_project_ws/Week4/B5/install/menu_order_interfaces/share/menu_order_interfaces/hook/cmake_prefix_path.ps1'
[5.182s] INFO:colcon.colcon_core.shell:Creating environment descriptor '/home/yjh/Doosan/Real_project_ws/Week4/B5/install/menu_order_interfaces/share/menu_order_interfaces/hook/cmake_prefix_path.dsv'
[5.183s] INFO:colcon.colcon_core.shell:Creating environment hook '/home/yjh/Doosan/Real_project_ws/Week4/B5/install/menu_order_interfaces/share/menu_order_interfaces/hook/cmake_prefix_path.sh'
[5.184s] Level 1:colcon.colcon_core.environment:checking '/home/yjh/Doosan/Real_project_ws/Week4/B5/install/menu_order_interfaces/lib'
[5.184s] Level 1:colcon.colcon_core.shell:create_environment_hook('menu_order_interfaces', 'ld_library_path_lib')
[5.185s] INFO:colcon.colcon_core.shell:Creating environment hook '/home/yjh/Doosan/Real_project_ws/Week4/B5/install/menu_order_interfaces/share/menu_order_interfaces/hook/ld_library_path_lib.ps1'
[5.185s] INFO:colcon.colcon_core.shell:Creating environment descriptor '/home/yjh/Doosan/Real_project_ws/Week4/B5/install/menu_order_interfaces/share/menu_order_interfaces/hook/ld_library_path_lib.dsv'
[5.186s] INFO:colcon.colcon_core.shell:Creating environment hook '/home/yjh/Doosan/Real_project_ws/Week4/B5/install/menu_order_interfaces/share/menu_order_interfaces/hook/ld_library_path_lib.sh'
[5.186s] Level 1:colcon.colcon_core.environment:checking '/home/yjh/Doosan/Real_project_ws/Week4/B5/install/menu_order_interfaces/bin'
[5.186s] Level 1:colcon.colcon_core.environment:checking '/home/yjh/Doosan/Real_project_ws/Week4/B5/install/menu_order_interfaces/lib/pkgconfig/menu_order_interfaces.pc'
[5.187s] Level 1:colcon.colcon_core.environment:checking '/home/yjh/Doosan/Real_project_ws/Week4/B5/install/menu_order_interfaces/lib/python3.10/site-packages'
[5.187s] Level 1:colcon.colcon_core.environment:checking '/home/yjh/Doosan/Real_project_ws/Week4/B5/install/menu_order_interfaces/bin'
[5.187s] INFO:colcon.colcon_core.shell:Creating package script '/home/yjh/Doosan/Real_project_ws/Week4/B5/install/menu_order_interfaces/share/menu_order_interfaces/package.ps1'
[5.188s] INFO:colcon.colcon_core.shell:Creating package descriptor '/home/yjh/Doosan/Real_project_ws/Week4/B5/install/menu_order_interfaces/share/menu_order_interfaces/package.dsv'
[5.189s] INFO:colcon.colcon_core.shell:Creating package script '/home/yjh/Doosan/Real_project_ws/Week4/B5/install/menu_order_interfaces/share/menu_order_interfaces/package.sh'
[5.190s] INFO:colcon.colcon_core.shell:Creating package script '/home/yjh/Doosan/Real_project_ws/Week4/B5/install/menu_order_interfaces/share/menu_order_interfaces/package.bash'
[5.191s] INFO:colcon.colcon_core.shell:Creating package script '/home/yjh/Doosan/Real_project_ws/Week4/B5/install/menu_order_interfaces/share/menu_order_interfaces/package.zsh'
[5.192s] Level 1:colcon.colcon_core.environment:create_file_with_runtime_dependencies(/home/yjh/Doosan/Real_project_ws/Week4/B5/install/menu_order_interfaces/share/colcon-core/packages/menu_order_interfaces)
[5.287s] Level 1:colcon.colcon_core.environment:create_environment_scripts_only(menu_order_interfaces)
[5.288s] Level 1:colcon.colcon_core.environment:checking '/home/yjh/Doosan/Real_project_ws/Week4/B5/install/menu_order_interfaces' for CMake module files
[5.288s] Level 1:colcon.colcon_core.environment:checking '/home/yjh/Doosan/Real_project_ws/Week4/B5/install/menu_order_interfaces' for CMake config files
[5.289s] Level 1:colcon.colcon_core.shell:create_environment_hook('menu_order_interfaces', 'cmake_prefix_path')
[5.289s] INFO:colcon.colcon_core.shell:Creating environment hook '/home/yjh/Doosan/Real_project_ws/Week4/B5/install/menu_order_interfaces/share/menu_order_interfaces/hook/cmake_prefix_path.ps1'
[5.290s] INFO:colcon.colcon_core.shell:Creating environment descriptor '/home/yjh/Doosan/Real_project_ws/Week4/B5/install/menu_order_interfaces/share/menu_order_interfaces/hook/cmake_prefix_path.dsv'
[5.290s] INFO:colcon.colcon_core.shell:Creating environment hook '/home/yjh/Doosan/Real_project_ws/Week4/B5/install/menu_order_interfaces/share/menu_order_interfaces/hook/cmake_prefix_path.sh'
[5.290s] Level 1:colcon.colcon_core.environment:checking '/home/yjh/Doosan/Real_project_ws/Week4/B5/install/menu_order_interfaces/lib'
[5.290s] Level 1:colcon.colcon_core.shell:create_environment_hook('menu_order_interfaces', 'ld_library_path_lib')
[5.291s] INFO:colcon.colcon_core.shell:Creating environment hook '/home/yjh/Doosan/Real_project_ws/Week4/B5/install/menu_order_interfaces/share/menu_order_interfaces/hook/ld_library_path_lib.ps1'
[5.291s] INFO:colcon.colcon_core.shell:Creating environment descriptor '/home/yjh/Doosan/Real_project_ws/Week4/B5/install/menu_order_interfaces/share/menu_order_interfaces/hook/ld_library_path_lib.dsv'
[5.291s] INFO:colcon.colcon_core.shell:Creating environment hook '/home/yjh/Doosan/Real_project_ws/Week4/B5/install/menu_order_interfaces/share/menu_order_interfaces/hook/ld_library_path_lib.sh'
[5.291s] Level 1:colcon.colcon_core.environment:checking '/home/yjh/Doosan/Real_project_ws/Week4/B5/install/menu_order_interfaces/bin'
[5.291s] Level 1:colcon.colcon_core.environment:checking '/home/yjh/Doosan/Real_project_ws/Week4/B5/install/menu_order_interfaces/lib/pkgconfig/menu_order_interfaces.pc'
[5.292s] Level 1:colcon.colcon_core.environment:checking '/home/yjh/Doosan/Real_project_ws/Week4/B5/install/menu_order_interfaces/lib/python3.10/site-packages'
[5.292s] Level 1:colcon.colcon_core.environment:checking '/home/yjh/Doosan/Real_project_ws/Week4/B5/install/menu_order_interfaces/bin'
[5.292s] INFO:colcon.colcon_core.shell:Creating package script '/home/yjh/Doosan/Real_project_ws/Week4/B5/install/menu_order_interfaces/share/menu_order_interfaces/package.ps1'
[5.292s] INFO:colcon.colcon_core.shell:Creating package descriptor '/home/yjh/Doosan/Real_project_ws/Week4/B5/install/menu_order_interfaces/share/menu_order_interfaces/package.dsv'
[5.293s] INFO:colcon.colcon_core.shell:Creating package script '/home/yjh/Doosan/Real_project_ws/Week4/B5/install/menu_order_interfaces/share/menu_order_interfaces/package.sh'
[5.293s] INFO:colcon.colcon_core.shell:Creating package script '/home/yjh/Doosan/Real_project_ws/Week4/B5/install/menu_order_interfaces/share/menu_order_interfaces/package.bash'
[5.293s] INFO:colcon.colcon_core.shell:Creating package script '/home/yjh/Doosan/Real_project_ws/Week4/B5/install/menu_order_interfaces/share/menu_order_interfaces/package.zsh'
[5.294s] Level 1:colcon.colcon_core.environment:create_file_with_runtime_dependencies(/home/yjh/Doosan/Real_project_ws/Week4/B5/install/menu_order_interfaces/share/colcon-core/packages/menu_order_interfaces)
[5.294s] INFO:colcon.colcon_ros.task.ament_python.build:Building ROS package in '/home/yjh/Doosan/Real_project_ws/Week4/B5/src/menu_order_project' with build type 'ament_python'
[5.294s] Level 1:colcon.colcon_core.shell:create_environment_hook('menu_order_project', 'ament_prefix_path')
[5.294s] INFO:colcon.colcon_core.shell:Creating environment hook '/home/yjh/Doosan/Real_project_ws/Week4/B5/install/menu_order_project/share/menu_order_project/hook/ament_prefix_path.ps1'
[5.295s] INFO:colcon.colcon_core.shell:Creating environment descriptor '/home/yjh/Doosan/Real_project_ws/Week4/B5/install/menu_order_project/share/menu_order_project/hook/ament_prefix_path.dsv'
[5.295s] INFO:colcon.colcon_core.shell:Creating environment hook '/home/yjh/Doosan/Real_project_ws/Week4/B5/install/menu_order_project/share/menu_order_project/hook/ament_prefix_path.sh'
[5.296s] INFO:colcon.colcon_core.shell:Skip shell extension 'powershell' for command environment: Not usable outside of PowerShell
[5.296s] DEBUG:colcon.colcon_core.shell:Skip shell extension 'dsv' for command environment
[5.491s] INFO:colcon.colcon_core.task.python.build:Building Python package in '/home/yjh/Doosan/Real_project_ws/Week4/B5/src/menu_order_project'
[5.491s] INFO:colcon.colcon_core.shell:Skip shell extension 'powershell' for command environment: Not usable outside of PowerShell
[5.491s] DEBUG:colcon.colcon_core.shell:Skip shell extension 'dsv' for command environment
[5.981s] DEBUG:colcon.colcon_core.event_handler.log_command:Invoking command in '/home/yjh/Doosan/Real_project_ws/Week4/B5/src/menu_order_project': LD_LIBRARY_PATH=/home/yjh/Doosan/Real_project_ws/Week4/B5/install/menu_order_interfaces/lib:/home/yjh/turtlebot3_ws/install/turtlebot3_msgs/lib:/usr/lib/x86_64-linux-gnu/gazebo-11/plugins:/opt/ros/humble/opt/rviz_ogre_vendor/lib:/opt/ros/humble/lib/x86_64-linux-gnu:/opt/ros/humble/lib:/usr/lib/x86_64-linux-gnu/gazebo-11/plugins:/usr/lib/x86_64-linux-gnu/gazebo-11/plugins:/usr/lib/x86_64-linux-gnu/gazebo-11/plugins PYTHONPATH=/home/yjh/Doosan/Real_project_ws/Week4/B5/build/menu_order_project/prefix_override:/usr/lib/python3/dist-packages/colcon_core/task/python/colcon_distutils_commands:/home/yjh/Doosan/Real_project_ws/Week4/B5/install/menu_order_project/lib/python3.10/site-packages:${PYTHONPATH} /usr/bin/python3 -W ignore:setup.py install is deprecated setup.py egg_info --egg-base ../../build/menu_order_project build --build-base /home/yjh/Doosan/Real_project_ws/Week4/B5/build/menu_order_project/build install --record /home/yjh/Doosan/Real_project_ws/Week4/B5/build/menu_order_project/install.log --single-version-externally-managed install_data
[6.504s] Level 1:colcon.colcon_core.environment:checking '/home/yjh/Doosan/Real_project_ws/Week4/B5/install/menu_order_project' for CMake module files
[6.505s] DEBUG:colcon.colcon_core.event_handler.log_command:Invoked command in '/home/yjh/Doosan/Real_project_ws/Week4/B5/src/menu_order_project' returned '0': LD_LIBRARY_PATH=/home/yjh/Doosan/Real_project_ws/Week4/B5/install/menu_order_interfaces/lib:/home/yjh/turtlebot3_ws/install/turtlebot3_msgs/lib:/usr/lib/x86_64-linux-gnu/gazebo-11/plugins:/opt/ros/humble/opt/rviz_ogre_vendor/lib:/opt/ros/humble/lib/x86_64-linux-gnu:/opt/ros/humble/lib:/usr/lib/x86_64-linux-gnu/gazebo-11/plugins:/usr/lib/x86_64-linux-gnu/gazebo-11/plugins:/usr/lib/x86_64-linux-gnu/gazebo-11/plugins PYTHONPATH=/home/yjh/Doosan/Real_project_ws/Week4/B5/build/menu_order_project/prefix_override:/usr/lib/python3/dist-packages/colcon_core/task/python/colcon_distutils_commands:/home/yjh/Doosan/Real_project_ws/Week4/B5/install/menu_order_project/lib/python3.10/site-packages:${PYTHONPATH} /usr/bin/python3 -W ignore:setup.py install is deprecated setup.py egg_info --egg-base ../../build/menu_order_project build --build-base /home/yjh/Doosan/Real_project_ws/Week4/B5/build/menu_order_project/build install --record /home/yjh/Doosan/Real_project_ws/Week4/B5/build/menu_order_project/install.log --single-version-externally-managed install_data
[6.505s] Level 1:colcon.colcon_core.environment:checking '/home/yjh/Doosan/Real_project_ws/Week4/B5/install/menu_order_project' for CMake config files
[6.506s] Level 1:colcon.colcon_core.environment:checking '/home/yjh/Doosan/Real_project_ws/Week4/B5/install/menu_order_project/lib'
[6.506s] Level 1:colcon.colcon_core.environment:checking '/home/yjh/Doosan/Real_project_ws/Week4/B5/install/menu_order_project/bin'
[6.506s] Level 1:colcon.colcon_core.environment:checking '/home/yjh/Doosan/Real_project_ws/Week4/B5/install/menu_order_project/lib/pkgconfig/menu_order_project.pc'
[6.506s] Level 1:colcon.colcon_core.environment:checking '/home/yjh/Doosan/Real_project_ws/Week4/B5/install/menu_order_project/lib/python3.10/site-packages'
[6.506s] Level 1:colcon.colcon_core.shell:create_environment_hook('menu_order_project', 'pythonpath')
[6.506s] INFO:colcon.colcon_core.shell:Creating environment hook '/home/yjh/Doosan/Real_project_ws/Week4/B5/install/menu_order_project/share/menu_order_project/hook/pythonpath.ps1'
[6.507s] INFO:colcon.colcon_core.shell:Creating environment descriptor '/home/yjh/Doosan/Real_project_ws/Week4/B5/install/menu_order_project/share/menu_order_project/hook/pythonpath.dsv'
[6.507s] INFO:colcon.colcon_core.shell:Creating environment hook '/home/yjh/Doosan/Real_project_ws/Week4/B5/install/menu_order_project/share/menu_order_project/hook/pythonpath.sh'
[6.507s] Level 1:colcon.colcon_core.environment:checking '/home/yjh/Doosan/Real_project_ws/Week4/B5/install/menu_order_project/bin'
[6.507s] Level 1:colcon.colcon_core.environment:create_environment_scripts_only(menu_order_project)
[6.508s] INFO:colcon.colcon_core.shell:Creating package script '/home/yjh/Doosan/Real_project_ws/Week4/B5/install/menu_order_project/share/menu_order_project/package.ps1'
[6.508s] INFO:colcon.colcon_core.shell:Creating package descriptor '/home/yjh/Doosan/Real_project_ws/Week4/B5/install/menu_order_project/share/menu_order_project/package.dsv'
[6.508s] INFO:colcon.colcon_core.shell:Creating package script '/home/yjh/Doosan/Real_project_ws/Week4/B5/install/menu_order_project/share/menu_order_project/package.sh'
[6.509s] INFO:colcon.colcon_core.shell:Creating package script '/home/yjh/Doosan/Real_project_ws/Week4/B5/install/menu_order_project/share/menu_order_project/package.bash'
[6.509s] INFO:colcon.colcon_core.shell:Creating package script '/home/yjh/Doosan/Real_project_ws/Week4/B5/install/menu_order_project/share/menu_order_project/package.zsh'
[6.509s] Level 1:colcon.colcon_core.environment:create_file_with_runtime_dependencies(/home/yjh/Doosan/Real_project_ws/Week4/B5/install/menu_order_project/share/colcon-core/packages/menu_order_project)
[6.509s] DEBUG:colcon.colcon_parallel_executor.executor.parallel:closing loop
[6.509s] DEBUG:colcon.colcon_parallel_executor.executor.parallel:loop closed
[6.510s] DEBUG:colcon.colcon_parallel_executor.executor.parallel:run_until_complete finished with '0'
[6.510s] DEBUG:colcon.colcon_core.event_reactor:joining thread
[6.514s] INFO:colcon.colcon_core.plugin_system:Skipping extension 'colcon_notification.desktop_notification.terminal_notifier': Not used on non-Darwin systems
[6.514s] INFO:colcon.colcon_core.plugin_system:Skipping extension 'colcon_notification.desktop_notification.win32': Not used on non-Windows systems
[6.514s] INFO:colcon.colcon_notification.desktop_notification:Sending desktop notification using 'notify2'
[6.524s] DEBUG:colcon.colcon_core.event_reactor:joined thread
[6.524s] INFO:colcon.colcon_core.shell:Creating prefix script '/home/yjh/Doosan/Real_project_ws/Week4/B5/install/local_setup.ps1'
[6.525s] INFO:colcon.colcon_core.shell:Creating prefix util module '/home/yjh/Doosan/Real_project_ws/Week4/B5/install/_local_setup_util_ps1.py'
[6.526s] INFO:colcon.colcon_core.shell:Creating prefix chain script '/home/yjh/Doosan/Real_project_ws/Week4/B5/install/setup.ps1'
[6.527s] INFO:colcon.colcon_core.shell:Creating prefix script '/home/yjh/Doosan/Real_project_ws/Week4/B5/install/local_setup.sh'
[6.527s] INFO:colcon.colcon_core.shell:Creating prefix util module '/home/yjh/Doosan/Real_project_ws/Week4/B5/install/_local_setup_util_sh.py'
[6.528s] INFO:colcon.colcon_core.shell:Creating prefix chain script '/home/yjh/Doosan/Real_project_ws/Week4/B5/install/setup.sh'
[6.529s] INFO:colcon.colcon_core.shell:Creating prefix script '/home/yjh/Doosan/Real_project_ws/Week4/B5/install/local_setup.bash'
[6.529s] INFO:colcon.colcon_core.shell:Creating prefix chain script '/home/yjh/Doosan/Real_project_ws/Week4/B5/install/setup.bash'
[6.530s] INFO:colcon.colcon_core.shell:Creating prefix script '/home/yjh/Doosan/Real_project_ws/Week4/B5/install/local_setup.zsh'
[6.531s] INFO:colcon.colcon_core.shell:Creating prefix chain script '/home/yjh/Doosan/Real_project_ws/Week4/B5/install/setup.zsh'
