[0.270s] DEBUG:colcon:Command line arguments: ['/usr/bin/colcon', 'build', '--symlink-install']
[0.270s] DEBUG:colcon:Parsed command line arguments: Namespace(log_base=None, log_level=None, verb_name='build', build_base='build', install_base='install', merge_install=False, symlink_install=True, test_result_base=None, continue_on_error=False, executor='parallel', parallel_workers=8, event_handlers=None, ignore_user_meta=False, metas=['./colcon.meta'], base_paths=['.'], packages_ignore=None, packages_ignore_regex=None, paths=None, packages_up_to=None, packages_up_to_regex=None, packages_above=None, packages_above_and_dependencies=None, packages_above_depth=None, packages_select_by_dep=None, packages_skip_by_dep=None, packages_skip_up_to=None, packages_select_build_failed=False, packages_skip_build_finished=False, packages_select_test_failures=False, packages_skip_test_passed=False, packages_select=None, packages_skip=None, packages_select_regex=None, packages_skip_regex=None, packages_start=None, packages_end=None, allow_overriding=[], cmake_args=None, cmake_target=None, cmake_target_skip_unavailable=False, cmake_clean_cache=False, cmake_clean_first=False, cmake_force_configure=False, ament_cmake_args=None, catkin_cmake_args=None, catkin_skip_building_tests=False, verb_parser=<colcon_defaults.argument_parser.defaults.DefaultArgumentsDecorator object at 0x738f555b63b0>, verb_extension=<colcon_core.verb.build.BuildVerb object at 0x738f555b5de0>, main=<bound method BuildVerb.main of <colcon_core.verb.build.BuildVerb object at 0x738f555b5de0>>)
[0.783s] Level 1:colcon.colcon_core.package_discovery:discover_packages(colcon_meta) check parameters
[0.783s] Level 1:colcon.colcon_core.package_discovery:discover_packages(recursive) check parameters
[0.783s] Level 1:colcon.colcon_core.package_discovery:discover_packages(ignore) check parameters
[0.783s] Level 1:colcon.colcon_core.package_discovery:discover_packages(path) check parameters
[0.783s] Level 1:colcon.colcon_core.package_discovery:discover_packages(colcon_meta) discover
[0.784s] Level 1:colcon.colcon_core.package_discovery:discover_packages(recursive) discover
[0.784s] INFO:colcon.colcon_core.package_discovery:Crawling recursively for packages in '/home/rokey/Documents/RokeyProjects/ServiceRobotProject/B5'
[0.784s] Level 1:colcon.colcon_core.package_identification:_identify(.) by extensions ['ignore', 'ignore_ament_install']
[0.784s] Level 1:colcon.colcon_core.package_identification:_identify(.) by extension 'ignore'
[0.784s] Level 1:colcon.colcon_core.package_identification:_identify(.) by extension 'ignore_ament_install'
[0.784s] Level 1:colcon.colcon_core.package_identification:_identify(.) by extensions ['colcon_pkg']
[0.784s] Level 1:colcon.colcon_core.package_identification:_identify(.) by extension 'colcon_pkg'
[0.784s] Level 1:colcon.colcon_core.package_identification:_identify(.) by extensions ['colcon_meta']
[0.784s] Level 1:colcon.colcon_core.package_identification:_identify(.) by extension 'colcon_meta'
[0.784s] Level 1:colcon.colcon_core.package_identification:_identify(.) by extensions ['ros']
[0.784s] Level 1:colcon.colcon_core.package_identification:_identify(.) by extension 'ros'
[0.800s] Level 1:colcon.colcon_core.package_identification:_identify(.) by extensions ['cmake', 'python']
[0.800s] Level 1:colcon.colcon_core.package_identification:_identify(.) by extension 'cmake'
[0.800s] Level 1:colcon.colcon_core.package_identification:_identify(.) by extension 'python'
[0.800s] Level 1:colcon.colcon_core.package_identification:_identify(.) by extensions ['python_setup_py']
[0.801s] Level 1:colcon.colcon_core.package_identification:_identify(.) by extension 'python_setup_py'
[0.801s] Level 1:colcon.colcon_core.package_identification:_identify(build) by extensions ['ignore', 'ignore_ament_install']
[0.801s] Level 1:colcon.colcon_core.package_identification:_identify(build) by extension 'ignore'
[0.801s] Level 1:colcon.colcon_core.package_identification:_identify(build) ignored
[0.801s] Level 1:colcon.colcon_core.package_identification:_identify(install) by extensions ['ignore', 'ignore_ament_install']
[0.801s] Level 1:colcon.colcon_core.package_identification:_identify(install) by extension 'ignore'
[0.801s] Level 1:colcon.colcon_core.package_identification:_identify(install) ignored
[0.801s] Level 1:colcon.colcon_core.package_identification:_identify(log) by extensions ['ignore', 'ignore_ament_install']
[0.801s] Level 1:colcon.colcon_core.package_identification:_identify(log) by extension 'ignore'
[0.801s] Level 1:colcon.colcon_core.package_identification:_identify(log) ignored
[0.801s] Level 1:colcon.colcon_core.package_identification:_identify(src) by extensions ['ignore', 'ignore_ament_install']
[0.801s] Level 1:colcon.colcon_core.package_identification:_identify(src) by extension 'ignore'
[0.802s] Level 1:colcon.colcon_core.package_identification:_identify(src) by extension 'ignore_ament_install'
[0.802s] Level 1:colcon.colcon_core.package_identification:_identify(src) by extensions ['colcon_pkg']
[0.802s] Level 1:colcon.colcon_core.package_identification:_identify(src) by extension 'colcon_pkg'
[0.802s] Level 1:colcon.colcon_core.package_identification:_identify(src) by extensions ['colcon_meta']
[0.802s] Level 1:colcon.colcon_core.package_identification:_identify(src) by extension 'colcon_meta'
[0.802s] Level 1:colcon.colcon_core.package_identification:_identify(src) by extensions ['ros']
[0.802s] Level 1:colcon.colcon_core.package_identification:_identify(src) by extension 'ros'
[0.802s] Level 1:colcon.colcon_core.package_identification:_identify(src) by extensions ['cmake', 'python']
[0.802s] Level 1:colcon.colcon_core.package_identification:_identify(src) by extension 'cmake'
[0.802s] Level 1:colcon.colcon_core.package_identification:_identify(src) by extension 'python'
[0.802s] Level 1:colcon.colcon_core.package_identification:_identify(src) by extensions ['python_setup_py']
[0.802s] Level 1:colcon.colcon_core.package_identification:_identify(src) by extension 'python_setup_py'
[0.802s] Level 1:colcon.colcon_core.package_identification:_identify(src/menu_order_interfaces) by extensions ['ignore', 'ignore_ament_install']
[0.802s] Level 1:colcon.colcon_core.package_identification:_identify(src/menu_order_interfaces) by extension 'ignore'
[0.802s] Level 1:colcon.colcon_core.package_identification:_identify(src/menu_order_interfaces) by extension 'ignore_ament_install'
[0.802s] Level 1:colcon.colcon_core.package_identification:_identify(src/menu_order_interfaces) by extensions ['colcon_pkg']
[0.802s] Level 1:colcon.colcon_core.package_identification:_identify(src/menu_order_interfaces) by extension 'colcon_pkg'
[0.802s] Level 1:colcon.colcon_core.package_identification:_identify(src/menu_order_interfaces) by extensions ['colcon_meta']
[0.803s] Level 1:colcon.colcon_core.package_identification:_identify(src/menu_order_interfaces) by extension 'colcon_meta'
[0.803s] Level 1:colcon.colcon_core.package_identification:_identify(src/menu_order_interfaces) by extensions ['ros']
[0.803s] Level 1:colcon.colcon_core.package_identification:_identify(src/menu_order_interfaces) by extension 'ros'
[0.805s] DEBUG:colcon.colcon_core.package_identification:Package 'src/menu_order_interfaces' with type 'ros.ament_cmake' and name 'menu_order_interfaces'
[0.806s] Level 1:colcon.colcon_core.package_identification:_identify(src/menu_order_project) by extensions ['ignore', 'ignore_ament_install']
[0.806s] Level 1:colcon.colcon_core.package_identification:_identify(src/menu_order_project) by extension 'ignore'
[0.806s] Level 1:colcon.colcon_core.package_identification:_identify(src/menu_order_project) by extension 'ignore_ament_install'
[0.806s] Level 1:colcon.colcon_core.package_identification:_identify(src/menu_order_project) by extensions ['colcon_pkg']
[0.806s] Level 1:colcon.colcon_core.package_identification:_identify(src/menu_order_project) by extension 'colcon_pkg'
[0.806s] Level 1:colcon.colcon_core.package_identification:_identify(src/menu_order_project) by extensions ['colcon_meta']
[0.806s] Level 1:colcon.colcon_core.package_identification:_identify(src/menu_order_project) by extension 'colcon_meta'
[0.806s] Level 1:colcon.colcon_core.package_identification:_identify(src/menu_order_project) by extensions ['ros']
[0.806s] Level 1:colcon.colcon_core.package_identification:_identify(src/menu_order_project) by extension 'ros'
[0.807s] DEBUG:colcon.colcon_core.package_identification:Package 'src/menu_order_project' with type 'ros.ament_python' and name 'menu_order_project'
[0.807s] Level 1:colcon.colcon_core.package_discovery:discover_packages(recursive) using defaults
[0.807s] Level 1:colcon.colcon_core.package_discovery:discover_packages(ignore) discover
[0.808s] Level 1:colcon.colcon_core.package_discovery:discover_packages(ignore) using defaults
[0.808s] Level 1:colcon.colcon_core.package_discovery:discover_packages(path) discover
[0.808s] Level 1:colcon.colcon_core.package_discovery:discover_packages(path) using defaults
[0.860s] Level 1:colcon.colcon_core.package_discovery:discover_packages(prefix_path) check parameters
[0.860s] Level 1:colcon.colcon_core.package_discovery:discover_packages(prefix_path) discover
[0.867s] DEBUG:colcon.colcon_installed_package_information.package_discovery:Found 2 installed packages in /home/rokey/Documents/RokeyProjects/ServiceRobotProject/B5/install
[0.868s] DEBUG:colcon.colcon_installed_package_information.package_discovery:Found 12 installed packages in /home/rokey/turtlebot3_ws/install
[0.871s] DEBUG:colcon.colcon_installed_package_information.package_discovery:Found 374 installed packages in /opt/ros/humble
[0.874s] Level 1:colcon.colcon_core.package_discovery:discover_packages(prefix_path) using defaults
[0.967s] Level 5:colcon.colcon_core.verb:set package 'menu_order_interfaces' build argument 'cmake_args' from command line to 'None'
[0.968s] Level 5:colcon.colcon_core.verb:set package 'menu_order_interfaces' build argument 'cmake_target' from command line to 'None'
[0.968s] Level 5:colcon.colcon_core.verb:set package 'menu_order_interfaces' build argument 'cmake_target_skip_unavailable' from command line to 'False'
[0.968s] Level 5:colcon.colcon_core.verb:set package 'menu_order_interfaces' build argument 'cmake_clean_cache' from command line to 'False'
[0.968s] Level 5:colcon.colcon_core.verb:set package 'menu_order_interfaces' build argument 'cmake_clean_first' from command line to 'False'
[0.968s] Level 5:colcon.colcon_core.verb:set package 'menu_order_interfaces' build argument 'cmake_force_configure' from command line to 'False'
[0.968s] Level 5:colcon.colcon_core.verb:set package 'menu_order_interfaces' build argument 'ament_cmake_args' from command line to 'None'
[0.968s] Level 5:colcon.colcon_core.verb:set package 'menu_order_interfaces' build argument 'catkin_cmake_args' from command line to 'None'
[0.968s] Level 5:colcon.colcon_core.verb:set package 'menu_order_interfaces' build argument 'catkin_skip_building_tests' from command line to 'False'
[0.968s] DEBUG:colcon.colcon_core.verb:Building package 'menu_order_interfaces' with the following arguments: {'ament_cmake_args': None, 'build_base': '/home/rokey/Documents/RokeyProjects/ServiceRobotProject/B5/build/menu_order_interfaces', 'catkin_cmake_args': None, 'catkin_skip_building_tests': False, 'cmake_args': None, 'cmake_clean_cache': False, 'cmake_clean_first': False, 'cmake_force_configure': False, 'cmake_target': None, 'cmake_target_skip_unavailable': False, 'install_base': '/home/rokey/Documents/RokeyProjects/ServiceRobotProject/B5/install/menu_order_interfaces', 'merge_install': False, 'path': '/home/rokey/Documents/RokeyProjects/ServiceRobotProject/B5/src/menu_order_interfaces', 'symlink_install': True, 'test_result_base': None}
[0.969s] Level 5:colcon.colcon_core.verb:set package 'menu_order_project' build argument 'cmake_args' from command line to 'None'
[0.969s] Level 5:colcon.colcon_core.verb:set package 'menu_order_project' build argument 'cmake_target' from command line to 'None'
[0.969s] Level 5:colcon.colcon_core.verb:set package 'menu_order_project' build argument 'cmake_target_skip_unavailable' from command line to 'False'
[0.969s] Level 5:colcon.colcon_core.verb:set package 'menu_order_project' build argument 'cmake_clean_cache' from command line to 'False'
[0.969s] Level 5:colcon.colcon_core.verb:set package 'menu_order_project' build argument 'cmake_clean_first' from command line to 'False'
[0.969s] Level 5:colcon.colcon_core.verb:set package 'menu_order_project' build argument 'cmake_force_configure' from command line to 'False'
[0.969s] Level 5:colcon.colcon_core.verb:set package 'menu_order_project' build argument 'ament_cmake_args' from command line to 'None'
[0.969s] Level 5:colcon.colcon_core.verb:set package 'menu_order_project' build argument 'catkin_cmake_args' from command line to 'None'
[0.969s] Level 5:colcon.colcon_core.verb:set package 'menu_order_project' build argument 'catkin_skip_building_tests' from command line to 'False'
[0.969s] DEBUG:colcon.colcon_core.verb:Building package 'menu_order_project' with the following arguments: {'ament_cmake_args': None, 'build_base': '/home/rokey/Documents/RokeyProjects/ServiceRobotProject/B5/build/menu_order_project', 'catkin_cmake_args': None, 'catkin_skip_building_tests': False, 'cmake_args': None, 'cmake_clean_cache': False, 'cmake_clean_first': False, 'cmake_force_configure': False, 'cmake_target': None, 'cmake_target_skip_unavailable': False, 'install_base': '/home/rokey/Documents/RokeyProjects/ServiceRobotProject/B5/install/menu_order_project', 'merge_install': False, 'path': '/home/rokey/Documents/RokeyProjects/ServiceRobotProject/B5/src/menu_order_project', 'symlink_install': True, 'test_result_base': None}
[0.969s] INFO:colcon.colcon_core.executor:Executing jobs using 'parallel' executor
[0.971s] DEBUG:colcon.colcon_parallel_executor.executor.parallel:run_until_complete
[0.971s] INFO:colcon.colcon_ros.task.ament_cmake.build:Building ROS package in '/home/rokey/Documents/RokeyProjects/ServiceRobotProject/B5/src/menu_order_interfaces' with build type 'ament_cmake'
[0.971s] INFO:colcon.colcon_cmake.task.cmake.build:Building CMake package in '/home/rokey/Documents/RokeyProjects/ServiceRobotProject/B5/src/menu_order_interfaces'
[0.976s] INFO:colcon.colcon_core.plugin_system:Skipping extension 'colcon_core.shell.bat': Not used on non-Windows systems
[0.976s] INFO:colcon.colcon_core.shell:Skip shell extension 'powershell' for command environment: Not usable outside of PowerShell
[0.976s] DEBUG:colcon.colcon_core.shell:Skip shell extension 'dsv' for command environment
[0.997s] DEBUG:colcon.colcon_core.event_handler.log_command:Invoking command in '/home/rokey/Documents/RokeyProjects/ServiceRobotProject/B5/build/menu_order_interfaces': CMAKE_PREFIX_PATH=${CMAKE_PREFIX_PATH}:/home/rokey/Documents/RokeyProjects/ServiceRobotProject/B5/install/menu_order_project:/home/rokey/turtlebot3_ws/install/turtlebot3_teleop:/home/rokey/turtlebot3_ws/install/turtlebot3_example:/opt/ros/humble /usr/local/bin/cmake --build /home/rokey/Documents/RokeyProjects/ServiceRobotProject/B5/build/menu_order_interfaces -- -j8 -l8
[1.661s] DEBUG:colcon.colcon_core.event_handler.log_command:Invoked command in '/home/rokey/Documents/RokeyProjects/ServiceRobotProject/B5/build/menu_order_interfaces' returned '0': CMAKE_PREFIX_PATH=${CMAKE_PREFIX_PATH}:/home/rokey/Documents/RokeyProjects/ServiceRobotProject/B5/install/menu_order_project:/home/rokey/turtlebot3_ws/install/turtlebot3_teleop:/home/rokey/turtlebot3_ws/install/turtlebot3_example:/opt/ros/humble /usr/local/bin/cmake --build /home/rokey/Documents/RokeyProjects/ServiceRobotProject/B5/build/menu_order_interfaces -- -j8 -l8
[1.822s] DEBUG:colcon.colcon_core.event_handler.log_command:Invoking command in '/home/rokey/Documents/RokeyProjects/ServiceRobotProject/B5/build/menu_order_interfaces': CMAKE_PREFIX_PATH=${CMAKE_PREFIX_PATH}:/home/rokey/Documents/RokeyProjects/ServiceRobotProject/B5/install/menu_order_project:/home/rokey/turtlebot3_ws/install/turtlebot3_teleop:/home/rokey/turtlebot3_ws/install/turtlebot3_example:/opt/ros/humble /usr/local/bin/cmake --install /home/rokey/Documents/RokeyProjects/ServiceRobotProject/B5/build/menu_order_interfaces
[1.967s] Level 1:colcon.colcon_core.environment:create_environment_scripts_only(menu_order_interfaces)
[1.968s] DEBUG:colcon.colcon_core.event_handler.log_command:Invoked command in '/home/rokey/Documents/RokeyProjects/ServiceRobotProject/B5/build/menu_order_interfaces' returned '0': CMAKE_PREFIX_PATH=${CMAKE_PREFIX_PATH}:/home/rokey/Documents/RokeyProjects/ServiceRobotProject/B5/install/menu_order_project:/home/rokey/turtlebot3_ws/install/turtlebot3_teleop:/home/rokey/turtlebot3_ws/install/turtlebot3_example:/opt/ros/humble /usr/local/bin/cmake --install /home/rokey/Documents/RokeyProjects/ServiceRobotProject/B5/build/menu_order_interfaces
[1.978s] Level 1:colcon.colcon_core.environment:checking '/home/rokey/Documents/RokeyProjects/ServiceRobotProject/B5/install/menu_order_interfaces' for CMake module files
[1.979s] Level 1:colcon.colcon_core.environment:checking '/home/rokey/Documents/RokeyProjects/ServiceRobotProject/B5/install/menu_order_interfaces' for CMake config files
[1.980s] Level 1:colcon.colcon_core.shell:create_environment_hook('menu_order_interfaces', 'cmake_prefix_path')
[1.981s] INFO:colcon.colcon_core.shell:Creating environment hook '/home/rokey/Documents/RokeyProjects/ServiceRobotProject/B5/install/menu_order_interfaces/share/menu_order_interfaces/hook/cmake_prefix_path.ps1'
[1.983s] INFO:colcon.colcon_core.shell:Creating environment descriptor '/home/rokey/Documents/RokeyProjects/ServiceRobotProject/B5/install/menu_order_interfaces/share/menu_order_interfaces/hook/cmake_prefix_path.dsv'
[1.984s] INFO:colcon.colcon_core.shell:Creating environment hook '/home/rokey/Documents/RokeyProjects/ServiceRobotProject/B5/install/menu_order_interfaces/share/menu_order_interfaces/hook/cmake_prefix_path.sh'
[1.985s] Level 1:colcon.colcon_core.environment:checking '/home/rokey/Documents/RokeyProjects/ServiceRobotProject/B5/install/menu_order_interfaces/lib'
[1.985s] Level 1:colcon.colcon_core.shell:create_environment_hook('menu_order_interfaces', 'ld_library_path_lib')
[1.986s] INFO:colcon.colcon_core.shell:Creating environment hook '/home/rokey/Documents/RokeyProjects/ServiceRobotProject/B5/install/menu_order_interfaces/share/menu_order_interfaces/hook/ld_library_path_lib.ps1'
[1.987s] INFO:colcon.colcon_core.shell:Creating environment descriptor '/home/rokey/Documents/RokeyProjects/ServiceRobotProject/B5/install/menu_order_interfaces/share/menu_order_interfaces/hook/ld_library_path_lib.dsv'
[1.988s] INFO:colcon.colcon_core.shell:Creating environment hook '/home/rokey/Documents/RokeyProjects/ServiceRobotProject/B5/install/menu_order_interfaces/share/menu_order_interfaces/hook/ld_library_path_lib.sh'
[1.989s] Level 1:colcon.colcon_core.environment:checking '/home/rokey/Documents/RokeyProjects/ServiceRobotProject/B5/install/menu_order_interfaces/bin'
[1.989s] Level 1:colcon.colcon_core.environment:checking '/home/rokey/Documents/RokeyProjects/ServiceRobotProject/B5/install/menu_order_interfaces/lib/pkgconfig/menu_order_interfaces.pc'
[1.989s] Level 1:colcon.colcon_core.environment:checking '/home/rokey/Documents/RokeyProjects/ServiceRobotProject/B5/install/menu_order_interfaces/lib/python3.10/site-packages'
[1.990s] Level 1:colcon.colcon_core.environment:checking '/home/rokey/Documents/RokeyProjects/ServiceRobotProject/B5/install/menu_order_interfaces/bin'
[1.990s] INFO:colcon.colcon_core.shell:Creating package script '/home/rokey/Documents/RokeyProjects/ServiceRobotProject/B5/install/menu_order_interfaces/share/menu_order_interfaces/package.ps1'
[1.993s] INFO:colcon.colcon_core.shell:Creating package descriptor '/home/rokey/Documents/RokeyProjects/ServiceRobotProject/B5/install/menu_order_interfaces/share/menu_order_interfaces/package.dsv'
[1.994s] INFO:colcon.colcon_core.shell:Creating package script '/home/rokey/Documents/RokeyProjects/ServiceRobotProject/B5/install/menu_order_interfaces/share/menu_order_interfaces/package.sh'
[1.996s] INFO:colcon.colcon_core.shell:Creating package script '/home/rokey/Documents/RokeyProjects/ServiceRobotProject/B5/install/menu_order_interfaces/share/menu_order_interfaces/package.bash'
[1.998s] INFO:colcon.colcon_core.shell:Creating package script '/home/rokey/Documents/RokeyProjects/ServiceRobotProject/B5/install/menu_order_interfaces/share/menu_order_interfaces/package.zsh'
[1.999s] Level 1:colcon.colcon_core.environment:create_file_with_runtime_dependencies(/home/rokey/Documents/RokeyProjects/ServiceRobotProject/B5/install/menu_order_interfaces/share/colcon-core/packages/menu_order_interfaces)
[2.233s] Level 1:colcon.colcon_core.environment:create_environment_scripts_only(menu_order_interfaces)
[2.236s] Level 1:colcon.colcon_core.environment:checking '/home/rokey/Documents/RokeyProjects/ServiceRobotProject/B5/install/menu_order_interfaces' for CMake module files
[2.238s] Level 1:colcon.colcon_core.environment:checking '/home/rokey/Documents/RokeyProjects/ServiceRobotProject/B5/install/menu_order_interfaces' for CMake config files
[2.240s] Level 1:colcon.colcon_core.shell:create_environment_hook('menu_order_interfaces', 'cmake_prefix_path')
[2.240s] INFO:colcon.colcon_core.shell:Creating environment hook '/home/rokey/Documents/RokeyProjects/ServiceRobotProject/B5/install/menu_order_interfaces/share/menu_order_interfaces/hook/cmake_prefix_path.ps1'
[2.245s] INFO:colcon.colcon_core.shell:Creating environment descriptor '/home/rokey/Documents/RokeyProjects/ServiceRobotProject/B5/install/menu_order_interfaces/share/menu_order_interfaces/hook/cmake_prefix_path.dsv'
[2.247s] INFO:colcon.colcon_core.shell:Creating environment hook '/home/rokey/Documents/RokeyProjects/ServiceRobotProject/B5/install/menu_order_interfaces/share/menu_order_interfaces/hook/cmake_prefix_path.sh'
[2.250s] Level 1:colcon.colcon_core.environment:checking '/home/rokey/Documents/RokeyProjects/ServiceRobotProject/B5/install/menu_order_interfaces/lib'
[2.250s] Level 1:colcon.colcon_core.shell:create_environment_hook('menu_order_interfaces', 'ld_library_path_lib')
[2.251s] INFO:colcon.colcon_core.shell:Creating environment hook '/home/rokey/Documents/RokeyProjects/ServiceRobotProject/B5/install/menu_order_interfaces/share/menu_order_interfaces/hook/ld_library_path_lib.ps1'
[2.252s] INFO:colcon.colcon_core.shell:Creating environment descriptor '/home/rokey/Documents/RokeyProjects/ServiceRobotProject/B5/install/menu_order_interfaces/share/menu_order_interfaces/hook/ld_library_path_lib.dsv'
[2.253s] INFO:colcon.colcon_core.shell:Creating environment hook '/home/rokey/Documents/RokeyProjects/ServiceRobotProject/B5/install/menu_order_interfaces/share/menu_order_interfaces/hook/ld_library_path_lib.sh'
[2.256s] Level 1:colcon.colcon_core.environment:checking '/home/rokey/Documents/RokeyProjects/ServiceRobotProject/B5/install/menu_order_interfaces/bin'
[2.257s] Level 1:colcon.colcon_core.environment:checking '/home/rokey/Documents/RokeyProjects/ServiceRobotProject/B5/install/menu_order_interfaces/lib/pkgconfig/menu_order_interfaces.pc'
[2.258s] Level 1:colcon.colcon_core.environment:checking '/home/rokey/Documents/RokeyProjects/ServiceRobotProject/B5/install/menu_order_interfaces/lib/python3.10/site-packages'
[2.258s] Level 1:colcon.colcon_core.environment:checking '/home/rokey/Documents/RokeyProjects/ServiceRobotProject/B5/install/menu_order_interfaces/bin'
[2.259s] INFO:colcon.colcon_core.shell:Creating package script '/home/rokey/Documents/RokeyProjects/ServiceRobotProject/B5/install/menu_order_interfaces/share/menu_order_interfaces/package.ps1'
[2.262s] INFO:colcon.colcon_core.shell:Creating package descriptor '/home/rokey/Documents/RokeyProjects/ServiceRobotProject/B5/install/menu_order_interfaces/share/menu_order_interfaces/package.dsv'
[2.265s] INFO:colcon.colcon_core.shell:Creating package script '/home/rokey/Documents/RokeyProjects/ServiceRobotProject/B5/install/menu_order_interfaces/share/menu_order_interfaces/package.sh'
[2.267s] INFO:colcon.colcon_core.shell:Creating package script '/home/rokey/Documents/RokeyProjects/ServiceRobotProject/B5/install/menu_order_interfaces/share/menu_order_interfaces/package.bash'
[2.270s] INFO:colcon.colcon_core.shell:Creating package script '/home/rokey/Documents/RokeyProjects/ServiceRobotProject/B5/install/menu_order_interfaces/share/menu_order_interfaces/package.zsh'
[2.274s] Level 1:colcon.colcon_core.environment:create_file_with_runtime_dependencies(/home/rokey/Documents/RokeyProjects/ServiceRobotProject/B5/install/menu_order_interfaces/share/colcon-core/packages/menu_order_interfaces)
[2.275s] INFO:colcon.colcon_ros.task.ament_python.build:Building ROS package in '/home/rokey/Documents/RokeyProjects/ServiceRobotProject/B5/src/menu_order_project' with build type 'ament_python'
[2.276s] Level 1:colcon.colcon_core.shell:create_environment_hook('menu_order_project', 'ament_prefix_path')
[2.277s] INFO:colcon.colcon_core.shell:Creating environment hook '/home/rokey/Documents/RokeyProjects/ServiceRobotProject/B5/install/menu_order_project/share/menu_order_project/hook/ament_prefix_path.ps1'
[2.281s] INFO:colcon.colcon_core.shell:Creating environment descriptor '/home/rokey/Documents/RokeyProjects/ServiceRobotProject/B5/install/menu_order_project/share/menu_order_project/hook/ament_prefix_path.dsv'
[2.282s] INFO:colcon.colcon_core.shell:Creating environment hook '/home/rokey/Documents/RokeyProjects/ServiceRobotProject/B5/install/menu_order_project/share/menu_order_project/hook/ament_prefix_path.sh'
[2.284s] INFO:colcon.colcon_core.shell:Skip shell extension 'powershell' for command environment: Not usable outside of PowerShell
[2.284s] DEBUG:colcon.colcon_core.shell:Skip shell extension 'dsv' for command environment
[3.354s] INFO:colcon.colcon_core.task.python.build:Building Python package in '/home/rokey/Documents/RokeyProjects/ServiceRobotProject/B5/src/menu_order_project'
[3.354s] INFO:colcon.colcon_core.shell:Skip shell extension 'powershell' for command environment: Not usable outside of PowerShell
[3.354s] DEBUG:colcon.colcon_core.shell:Skip shell extension 'dsv' for command environment
[4.618s] DEBUG:colcon.colcon_core.event_handler.log_command:Invoking command in '/home/rokey/Documents/RokeyProjects/ServiceRobotProject/B5/build/menu_order_project': LD_LIBRARY_PATH=/home/rokey/Documents/RokeyProjects/ServiceRobotProject/B5/install/menu_order_interfaces/lib:/home/rokey/turtlebot3_ws/install/turtlebot3_msgs/lib:/opt/ros/humble/opt/rviz_ogre_vendor/lib:/opt/ros/humble/lib/x86_64-linux-gnu:/opt/ros/humble/lib:/usr/lib/x86_64-linux-gnu/gazebo-11/plugins:/usr/lib/x86_64-linux-gnu/gazebo-11/plugins:/usr/lib/x86_64-linux-gnu/gazebo-11/plugins PYTHONPATH=/home/rokey/Documents/RokeyProjects/ServiceRobotProject/B5/build/menu_order_project/prefix_override:/usr/lib/python3/dist-packages/colcon_core/task/python/colcon_distutils_commands:/home/rokey/Documents/RokeyProjects/ServiceRobotProject/B5/install/menu_order_project/lib/python3.10/site-packages:${PYTHONPATH} /usr/bin/python3 -W ignore:setup.py install is deprecated setup.py develop --editable --build-directory /home/rokey/Documents/RokeyProjects/ServiceRobotProject/B5/build/menu_order_project/build --no-deps symlink_data
[5.866s] Level 1:colcon.colcon_core.shell:create_environment_hook('menu_order_project', 'pythonpath_develop')
[5.867s] INFO:colcon.colcon_core.shell:Creating environment hook '/home/rokey/Documents/RokeyProjects/ServiceRobotProject/B5/build/menu_order_project/share/menu_order_project/hook/pythonpath_develop.ps1'
[5.868s] INFO:colcon.colcon_core.shell:Creating environment descriptor '/home/rokey/Documents/RokeyProjects/ServiceRobotProject/B5/build/menu_order_project/share/menu_order_project/hook/pythonpath_develop.dsv'
[5.868s] DEBUG:colcon.colcon_core.event_handler.log_command:Invoked command in '/home/rokey/Documents/RokeyProjects/ServiceRobotProject/B5/build/menu_order_project' returned '0': LD_LIBRARY_PATH=/home/rokey/Documents/RokeyProjects/ServiceRobotProject/B5/install/menu_order_interfaces/lib:/home/rokey/turtlebot3_ws/install/turtlebot3_msgs/lib:/opt/ros/humble/opt/rviz_ogre_vendor/lib:/opt/ros/humble/lib/x86_64-linux-gnu:/opt/ros/humble/lib:/usr/lib/x86_64-linux-gnu/gazebo-11/plugins:/usr/lib/x86_64-linux-gnu/gazebo-11/plugins:/usr/lib/x86_64-linux-gnu/gazebo-11/plugins PYTHONPATH=/home/rokey/Documents/RokeyProjects/ServiceRobotProject/B5/build/menu_order_project/prefix_override:/usr/lib/python3/dist-packages/colcon_core/task/python/colcon_distutils_commands:/home/rokey/Documents/RokeyProjects/ServiceRobotProject/B5/install/menu_order_project/lib/python3.10/site-packages:${PYTHONPATH} /usr/bin/python3 -W ignore:setup.py install is deprecated setup.py develop --editable --build-directory /home/rokey/Documents/RokeyProjects/ServiceRobotProject/B5/build/menu_order_project/build --no-deps symlink_data
[5.868s] INFO:colcon.colcon_core.shell:Creating environment hook '/home/rokey/Documents/RokeyProjects/ServiceRobotProject/B5/build/menu_order_project/share/menu_order_project/hook/pythonpath_develop.sh'
[5.869s] Level 1:colcon.colcon_core.environment:checking '/home/rokey/Documents/RokeyProjects/ServiceRobotProject/B5/install/menu_order_project' for CMake module files
[5.870s] Level 1:colcon.colcon_core.environment:checking '/home/rokey/Documents/RokeyProjects/ServiceRobotProject/B5/install/menu_order_project' for CMake config files
[5.870s] Level 1:colcon.colcon_core.environment:checking '/home/rokey/Documents/RokeyProjects/ServiceRobotProject/B5/install/menu_order_project/lib'
[5.870s] Level 1:colcon.colcon_core.environment:checking '/home/rokey/Documents/RokeyProjects/ServiceRobotProject/B5/install/menu_order_project/bin'
[5.870s] Level 1:colcon.colcon_core.environment:checking '/home/rokey/Documents/RokeyProjects/ServiceRobotProject/B5/install/menu_order_project/lib/pkgconfig/menu_order_project.pc'
[5.871s] Level 1:colcon.colcon_core.environment:checking '/home/rokey/Documents/RokeyProjects/ServiceRobotProject/B5/install/menu_order_project/lib/python3.10/site-packages'
[5.871s] Level 1:colcon.colcon_core.shell:create_environment_hook('menu_order_project', 'pythonpath')
[5.871s] INFO:colcon.colcon_core.shell:Creating environment hook '/home/rokey/Documents/RokeyProjects/ServiceRobotProject/B5/install/menu_order_project/share/menu_order_project/hook/pythonpath.ps1'
[5.872s] INFO:colcon.colcon_core.shell:Creating environment descriptor '/home/rokey/Documents/RokeyProjects/ServiceRobotProject/B5/install/menu_order_project/share/menu_order_project/hook/pythonpath.dsv'
[5.872s] INFO:colcon.colcon_core.shell:Creating environment hook '/home/rokey/Documents/RokeyProjects/ServiceRobotProject/B5/install/menu_order_project/share/menu_order_project/hook/pythonpath.sh'
[5.874s] Level 1:colcon.colcon_core.environment:checking '/home/rokey/Documents/RokeyProjects/ServiceRobotProject/B5/install/menu_order_project/bin'
[5.874s] Level 1:colcon.colcon_core.environment:create_environment_scripts_only(menu_order_project)
[5.875s] INFO:colcon.colcon_core.shell:Creating package script '/home/rokey/Documents/RokeyProjects/ServiceRobotProject/B5/install/menu_order_project/share/menu_order_project/package.ps1'
[5.876s] INFO:colcon.colcon_core.shell:Creating package descriptor '/home/rokey/Documents/RokeyProjects/ServiceRobotProject/B5/install/menu_order_project/share/menu_order_project/package.dsv'
[5.877s] INFO:colcon.colcon_core.shell:Creating package script '/home/rokey/Documents/RokeyProjects/ServiceRobotProject/B5/install/menu_order_project/share/menu_order_project/package.sh'
[5.878s] INFO:colcon.colcon_core.shell:Creating package script '/home/rokey/Documents/RokeyProjects/ServiceRobotProject/B5/install/menu_order_project/share/menu_order_project/package.bash'
[5.878s] INFO:colcon.colcon_core.shell:Creating package script '/home/rokey/Documents/RokeyProjects/ServiceRobotProject/B5/install/menu_order_project/share/menu_order_project/package.zsh'
[5.878s] Level 1:colcon.colcon_core.environment:create_file_with_runtime_dependencies(/home/rokey/Documents/RokeyProjects/ServiceRobotProject/B5/install/menu_order_project/share/colcon-core/packages/menu_order_project)
[5.879s] DEBUG:colcon.colcon_parallel_executor.executor.parallel:closing loop
[5.879s] DEBUG:colcon.colcon_parallel_executor.executor.parallel:loop closed
[5.879s] DEBUG:colcon.colcon_parallel_executor.executor.parallel:run_until_complete finished with '0'
[5.879s] DEBUG:colcon.colcon_core.event_reactor:joining thread
[5.890s] INFO:colcon.colcon_core.plugin_system:Skipping extension 'colcon_notification.desktop_notification.terminal_notifier': Not used on non-Darwin systems
[5.890s] INFO:colcon.colcon_core.plugin_system:Skipping extension 'colcon_notification.desktop_notification.win32': Not used on non-Windows systems
[5.890s] INFO:colcon.colcon_notification.desktop_notification:Sending desktop notification using 'notify2'
[5.911s] DEBUG:colcon.colcon_core.event_reactor:joined thread
[5.912s] INFO:colcon.colcon_core.shell:Creating prefix script '/home/rokey/Documents/RokeyProjects/ServiceRobotProject/B5/install/local_setup.ps1'
[5.914s] INFO:colcon.colcon_core.shell:Creating prefix util module '/home/rokey/Documents/RokeyProjects/ServiceRobotProject/B5/install/_local_setup_util_ps1.py'
[5.916s] INFO:colcon.colcon_core.shell:Creating prefix chain script '/home/rokey/Documents/RokeyProjects/ServiceRobotProject/B5/install/setup.ps1'
[5.920s] INFO:colcon.colcon_core.shell:Creating prefix script '/home/rokey/Documents/RokeyProjects/ServiceRobotProject/B5/install/local_setup.sh'
[5.922s] INFO:colcon.colcon_core.shell:Creating prefix util module '/home/rokey/Documents/RokeyProjects/ServiceRobotProject/B5/install/_local_setup_util_sh.py'
[5.924s] INFO:colcon.colcon_core.shell:Creating prefix chain script '/home/rokey/Documents/RokeyProjects/ServiceRobotProject/B5/install/setup.sh'
[5.927s] INFO:colcon.colcon_core.shell:Creating prefix script '/home/rokey/Documents/RokeyProjects/ServiceRobotProject/B5/install/local_setup.bash'
[5.928s] INFO:colcon.colcon_core.shell:Creating prefix chain script '/home/rokey/Documents/RokeyProjects/ServiceRobotProject/B5/install/setup.bash'
[5.931s] INFO:colcon.colcon_core.shell:Creating prefix script '/home/rokey/Documents/RokeyProjects/ServiceRobotProject/B5/install/local_setup.zsh'
[5.932s] INFO:colcon.colcon_core.shell:Creating prefix chain script '/home/rokey/Documents/RokeyProjects/ServiceRobotProject/B5/install/setup.zsh'
