[0.832s] Invoking command in '/home/rokey/Documents/RokeyProjects/ServiceRobotProject/B5/build/menu_order_project': LD_LIBRARY_PATH=/home/rokey/Documents/RokeyProjects/ServiceRobotProject/B5/install/menu_order_interfaces/lib:/home/rokey/turtlebot3_ws/install/turtlebot3_msgs/lib:/opt/ros/humble/opt/rviz_ogre_vendor/lib:/opt/ros/humble/lib/x86_64-linux-gnu:/opt/ros/humble/lib:/usr/lib/x86_64-linux-gnu/gazebo-11/plugins:/usr/lib/x86_64-linux-gnu/gazebo-11/plugins:/usr/lib/x86_64-linux-gnu/gazebo-11/plugins PYTHONPATH=/home/rokey/Documents/RokeyProjects/ServiceRobotProject/B5/build/menu_order_project/prefix_override:/usr/lib/python3/dist-packages/colcon_core/task/python/colcon_distutils_commands:/home/rokey/Documents/RokeyProjects/ServiceRobotProject/B5/install/menu_order_project/lib/python3.10/site-packages:${PYTHONPATH} /usr/bin/python3 -W ignore:setup.py install is deprecated setup.py develop --editable --build-directory /home/rokey/Documents/RokeyProjects/ServiceRobotProject/B5/build/menu_order_project/build --no-deps symlink_data
[1.168s] running develop
[1.169s] /usr/lib/python3/dist-packages/setuptools/command/easy_install.py:158: EasyInstallDeprecationWarning: easy_install command is deprecated. Use build and pip and other standards-based tools.
[1.169s]   warnings.warn(
[1.564s] running egg_info
[1.565s] creating menu_order_project.egg-info
[1.565s] writing menu_order_project.egg-info/PKG-INFO
[1.565s] writing dependency_links to menu_order_project.egg-info/dependency_links.txt
[1.566s] writing entry points to menu_order_project.egg-info/entry_points.txt
[1.566s] writing requirements to menu_order_project.egg-info/requires.txt
[1.566s] writing top-level names to menu_order_project.egg-info/top_level.txt
[1.566s] writing manifest file 'menu_order_project.egg-info/SOURCES.txt'
[1.568s] reading manifest file 'menu_order_project.egg-info/SOURCES.txt'
[1.569s] writing manifest file 'menu_order_project.egg-info/SOURCES.txt'
[1.571s] running build_ext
[1.571s] Creating /home/rokey/Documents/RokeyProjects/ServiceRobotProject/B5/install/menu_order_project/lib/python3.10/site-packages/menu-order-project.egg-link (link to .)
[1.572s] Installing P script to /home/rokey/Documents/RokeyProjects/ServiceRobotProject/B5/install/menu_order_project/lib/menu_order_project
[1.573s] Installing S script to /home/rokey/Documents/RokeyProjects/ServiceRobotProject/B5/install/menu_order_project/lib/menu_order_project
[1.573s] Installing test_P script to /home/rokey/Documents/RokeyProjects/ServiceRobotProject/B5/install/menu_order_project/lib/menu_order_project
[1.573s] Installing test_S script to /home/rokey/Documents/RokeyProjects/ServiceRobotProject/B5/install/menu_order_project/lib/menu_order_project
[1.573s] 
[1.573s] Installed /home/rokey/Documents/RokeyProjects/ServiceRobotProject/B5/build/menu_order_project
[1.573s] running symlink_data
[1.574s] creating /home/rokey/Documents/RokeyProjects/ServiceRobotProject/B5/install/menu_order_project/share/ament_index
[1.574s] creating /home/rokey/Documents/RokeyProjects/ServiceRobotProject/B5/install/menu_order_project/share/ament_index/resource_index
[1.574s] creating /home/rokey/Documents/RokeyProjects/ServiceRobotProject/B5/install/menu_order_project/share/ament_index/resource_index/packages
[1.574s] symbolically linking /home/rokey/Documents/RokeyProjects/ServiceRobotProject/B5/build/menu_order_project/resource/menu_order_project -> /home/rokey/Documents/RokeyProjects/ServiceRobotProject/B5/install/menu_order_project/share/ament_index/resource_index/packages
[1.574s] symbolically linking /home/rokey/Documents/RokeyProjects/ServiceRobotProject/B5/build/menu_order_project/package.xml -> /home/rokey/Documents/RokeyProjects/ServiceRobotProject/B5/install/menu_order_project/share/menu_order_project
[1.574s] creating /home/rokey/Documents/RokeyProjects/ServiceRobotProject/B5/install/menu_order_project/share/menu_order_project/srv
[1.574s] symbolically linking /home/rokey/Documents/RokeyProjects/ServiceRobotProject/B5/build/menu_order_interfaces/srv/MenuUpdate.srv -> /home/rokey/Documents/RokeyProjects/ServiceRobotProject/B5/install/menu_order_project/share/menu_order_project/srv
[1.622s] Invoked command in '/home/rokey/Documents/RokeyProjects/ServiceRobotProject/B5/build/menu_order_project' returned '0': LD_LIBRARY_PATH=/home/rokey/Documents/RokeyProjects/ServiceRobotProject/B5/install/menu_order_interfaces/lib:/home/rokey/turtlebot3_ws/install/turtlebot3_msgs/lib:/opt/ros/humble/opt/rviz_ogre_vendor/lib:/opt/ros/humble/lib/x86_64-linux-gnu:/opt/ros/humble/lib:/usr/lib/x86_64-linux-gnu/gazebo-11/plugins:/usr/lib/x86_64-linux-gnu/gazebo-11/plugins:/usr/lib/x86_64-linux-gnu/gazebo-11/plugins PYTHONPATH=/home/rokey/Documents/RokeyProjects/ServiceRobotProject/B5/build/menu_order_project/prefix_override:/usr/lib/python3/dist-packages/colcon_core/task/python/colcon_distutils_commands:/home/rokey/Documents/RokeyProjects/ServiceRobotProject/B5/install/menu_order_project/lib/python3.10/site-packages:${PYTHONPATH} /usr/bin/python3 -W ignore:setup.py install is deprecated setup.py develop --editable --build-directory /home/rokey/Documents/RokeyProjects/ServiceRobotProject/B5/build/menu_order_project/build --no-deps symlink_data
