[2.677s] Invoking command in '/home/rokey/turtlebot3_ws/build/turtlebot3_fake_node': CMAKE_PREFIX_PATH=/home/rokey/turtlebot3_ws/install/turtlebot3_msgs:/home/rokey/turtlebot3_ws/install/turtlebot3:/home/rokey/turtlebot3_ws/install/turtlebot3_simulations:/home/rokey/turtlebot3_ws/install/turtlebot3_bringup:/home/rokey/turtlebot3_ws/install/turtlebot3_node:/home/rokey/turtlebot3_ws/install/turtlebot3_navigation2:/home/rokey/turtlebot3_ws/install/turtlebot3_fake_node:/home/rokey/turtlebot3_ws/install/turtlebot3_manipulation:/home/rokey/turtlebot3_ws/install/turtlebot3_manipulation_teleop:/home/rokey/turtlebot3_ws/install/turtlebot3_manipulation_navigation2:/home/rokey/turtlebot3_ws/install/turtlebot3_manipulation_moveit_config:/home/rokey/turtlebot3_ws/install/turtlebot3_manipulation_hardware:/home/rokey/turtlebot3_ws/install/turtlebot3_manipulation_bringup:/home/rokey/turtlebot3_ws/install/turtlebot3_manipulation_description:/home/rokey/turtlebot3_ws/install/turtlebot3_manipulation_cartographer:/home/rokey/turtlebot3_ws/install/turtlebot3_gazebo:/home/rokey/turtlebot3_ws/install/turtlebot3_description:/home/rokey/turtlebot3_ws/install/turtlebot3_cartographer:/home/rokey/turtlebot3_ws/install/turtlebot3_teleop:/home/rokey/turtlebot3_ws/install/turtlebot3_example:/opt/ros/humble LD_LIBRARY_PATH=/home/rokey/turtlebot3_ws/install/turtlebot3_msgs/lib:/usr/lib/x86_64-linux-gnu:/home/rokey/turtlebot3_ws/install/turtlebot3_manipulation_hardware/lib:/opt/ros/humble/opt/rviz_ogre_vendor/lib:/opt/ros/humble/lib/x86_64-linux-gnu:/opt/ros/humble/lib:/usr/lib/x86_64-linux-gnu/gazebo-11/plugins /usr/local/bin/cmake /home/rokey/turtlebot3_ws/src/turtlebot3_simulations/turtlebot3_fake_node -DAMENT_CMAKE_SYMLINK_INSTALL=1 -DCMAKE_INSTALL_PREFIX=/home/rokey/turtlebot3_ws/install/turtlebot3_fake_node
[2.851s] -- The C compiler identification is GNU 11.4.0
[2.983s] -- The CXX compiler identification is GNU 11.4.0
[3.006s] -- Detecting C compiler ABI info
[3.142s] -- Detecting C compiler ABI info - done
[3.186s] -- Check for working C compiler: /usr/bin/cc - skipped
[3.188s] -- Detecting C compile features
[3.189s] -- Detecting C compile features - done
[3.199s] -- Detecting CXX compiler ABI info
[3.345s] -- Detecting CXX compiler ABI info - done
[3.402s] -- Check for working CXX compiler: /usr/bin/c++ - skipped
[3.406s] -- Detecting CXX compile features
[3.406s] -- Detecting CXX compile features - done
[3.412s] -- Found ament_cmake: 1.3.10 (/opt/ros/humble/share/ament_cmake/cmake)
[3.808s] -- Found Python3: /usr/bin/python3 (found version "3.10.12") found components: Interpreter
[3.978s] -- Override CMake install command with custom implementation using symlinks instead of copying resources
[4.095s] -- Found geometry_msgs: 4.2.4 (/opt/ros/humble/share/geometry_msgs/cmake)
[4.205s] -- Found rosidl_generator_c: 3.1.5 (/opt/ros/humble/share/rosidl_generator_c/cmake)
[4.222s] -- Found rosidl_adapter: 3.1.5 (/opt/ros/humble/share/rosidl_adapter/cmake)
[4.249s] -- Found rosidl_generator_cpp: 3.1.5 (/opt/ros/humble/share/rosidl_generator_cpp/cmake)
[4.289s] -- Using all available rosidl_typesupport_c: rosidl_typesupport_fastrtps_c;rosidl_typesupport_introspection_c
[4.336s] -- Using all available rosidl_typesupport_cpp: rosidl_typesupport_fastrtps_cpp;rosidl_typesupport_introspection_cpp
[4.466s] -- Found nav_msgs: 4.2.4 (/opt/ros/humble/share/nav_msgs/cmake)
[4.542s] -- Found rclcpp: 16.0.10 (/opt/ros/humble/share/rclcpp/cmake)
[4.651s] -- Found rmw_implementation_cmake: 6.1.2 (/opt/ros/humble/share/rmw_implementation_cmake/cmake)
[4.660s] -- Found rmw_fastrtps_cpp: 6.2.7 (/opt/ros/humble/share/rmw_fastrtps_cpp/cmake)
[4.851s] -- Found OpenSSL: /usr/lib/x86_64-linux-gnu/libcrypto.so (found version "3.0.2")
[4.925s] -- Found FastRTPS: /opt/ros/humble/include
[5.031s] -- Using RMW implementation 'rmw_fastrtps_cpp' as default
[5.064s] -- Performing Test CMAKE_HAVE_LIBC_PTHREAD
[5.251s] -- Performing Test CMAKE_HAVE_LIBC_PTHREAD - Success
[5.254s] -- Found Threads: TRUE
[5.386s] -- Found sensor_msgs: 4.2.4 (/opt/ros/humble/share/sensor_msgs/cmake)
[5.450s] -- Found tf2: 0.25.8 (/opt/ros/humble/share/tf2/cmake)
[5.479s] -- Found tf2_msgs: 0.25.8 (/opt/ros/humble/share/tf2_msgs/cmake)
[5.594s] -- Found turtlebot3_msgs: 2.2.3 (/home/rokey/turtlebot3_ws/install/turtlebot3_msgs/share/turtlebot3_msgs/cmake)
[5.881s] -- Configuring done (3.2s)
[5.920s] -- Generating done (0.0s)
[5.925s] -- Build files have been written to: /home/rokey/turtlebot3_ws/build/turtlebot3_fake_node
[5.949s] Invoked command in '/home/rokey/turtlebot3_ws/build/turtlebot3_fake_node' returned '0': CMAKE_PREFIX_PATH=/home/rokey/turtlebot3_ws/install/turtlebot3_msgs:/home/rokey/turtlebot3_ws/install/turtlebot3:/home/rokey/turtlebot3_ws/install/turtlebot3_simulations:/home/rokey/turtlebot3_ws/install/turtlebot3_bringup:/home/rokey/turtlebot3_ws/install/turtlebot3_node:/home/rokey/turtlebot3_ws/install/turtlebot3_navigation2:/home/rokey/turtlebot3_ws/install/turtlebot3_fake_node:/home/rokey/turtlebot3_ws/install/turtlebot3_manipulation:/home/rokey/turtlebot3_ws/install/turtlebot3_manipulation_teleop:/home/rokey/turtlebot3_ws/install/turtlebot3_manipulation_navigation2:/home/rokey/turtlebot3_ws/install/turtlebot3_manipulation_moveit_config:/home/rokey/turtlebot3_ws/install/turtlebot3_manipulation_hardware:/home/rokey/turtlebot3_ws/install/turtlebot3_manipulation_bringup:/home/rokey/turtlebot3_ws/install/turtlebot3_manipulation_description:/home/rokey/turtlebot3_ws/install/turtlebot3_manipulation_cartographer:/home/rokey/turtlebot3_ws/install/turtlebot3_gazebo:/home/rokey/turtlebot3_ws/install/turtlebot3_description:/home/rokey/turtlebot3_ws/install/turtlebot3_cartographer:/home/rokey/turtlebot3_ws/install/turtlebot3_teleop:/home/rokey/turtlebot3_ws/install/turtlebot3_example:/opt/ros/humble LD_LIBRARY_PATH=/home/rokey/turtlebot3_ws/install/turtlebot3_msgs/lib:/usr/lib/x86_64-linux-gnu:/home/rokey/turtlebot3_ws/install/turtlebot3_manipulation_hardware/lib:/opt/ros/humble/opt/rviz_ogre_vendor/lib:/opt/ros/humble/lib/x86_64-linux-gnu:/opt/ros/humble/lib:/usr/lib/x86_64-linux-gnu/gazebo-11/plugins /usr/local/bin/cmake /home/rokey/turtlebot3_ws/src/turtlebot3_simulations/turtlebot3_fake_node -DAMENT_CMAKE_SYMLINK_INSTALL=1 -DCMAKE_INSTALL_PREFIX=/home/rokey/turtlebot3_ws/install/turtlebot3_fake_node
[5.954s] Invoking command in '/home/rokey/turtlebot3_ws/build/turtlebot3_fake_node': CMAKE_PREFIX_PATH=/home/rokey/turtlebot3_ws/install/turtlebot3_msgs:/home/rokey/turtlebot3_ws/install/turtlebot3:/home/rokey/turtlebot3_ws/install/turtlebot3_simulations:/home/rokey/turtlebot3_ws/install/turtlebot3_bringup:/home/rokey/turtlebot3_ws/install/turtlebot3_node:/home/rokey/turtlebot3_ws/install/turtlebot3_navigation2:/home/rokey/turtlebot3_ws/install/turtlebot3_fake_node:/home/rokey/turtlebot3_ws/install/turtlebot3_manipulation:/home/rokey/turtlebot3_ws/install/turtlebot3_manipulation_teleop:/home/rokey/turtlebot3_ws/install/turtlebot3_manipulation_navigation2:/home/rokey/turtlebot3_ws/install/turtlebot3_manipulation_moveit_config:/home/rokey/turtlebot3_ws/install/turtlebot3_manipulation_hardware:/home/rokey/turtlebot3_ws/install/turtlebot3_manipulation_bringup:/home/rokey/turtlebot3_ws/install/turtlebot3_manipulation_description:/home/rokey/turtlebot3_ws/install/turtlebot3_manipulation_cartographer:/home/rokey/turtlebot3_ws/install/turtlebot3_gazebo:/home/rokey/turtlebot3_ws/install/turtlebot3_description:/home/rokey/turtlebot3_ws/install/turtlebot3_cartographer:/home/rokey/turtlebot3_ws/install/turtlebot3_teleop:/home/rokey/turtlebot3_ws/install/turtlebot3_example:/opt/ros/humble LD_LIBRARY_PATH=/home/rokey/turtlebot3_ws/install/turtlebot3_msgs/lib:/usr/lib/x86_64-linux-gnu:/home/rokey/turtlebot3_ws/install/turtlebot3_manipulation_hardware/lib:/opt/ros/humble/opt/rviz_ogre_vendor/lib:/opt/ros/humble/lib/x86_64-linux-gnu:/opt/ros/humble/lib:/usr/lib/x86_64-linux-gnu/gazebo-11/plugins /usr/local/bin/cmake --build /home/rokey/turtlebot3_ws/build/turtlebot3_fake_node -- -j8 -l8
[6.045s] [ 50%] [32mBuilding CXX object CMakeFiles/turtlebot3_fake_node.dir/src/turtlebot3_fake_node.cpp.o[0m
[29.532s] [100%] [32m[1mLinking CXX executable turtlebot3_fake_node[0m
[30.382s] [100%] Built target turtlebot3_fake_node
[30.391s] Invoked command in '/home/rokey/turtlebot3_ws/build/turtlebot3_fake_node' returned '0': CMAKE_PREFIX_PATH=/home/rokey/turtlebot3_ws/install/turtlebot3_msgs:/home/rokey/turtlebot3_ws/install/turtlebot3:/home/rokey/turtlebot3_ws/install/turtlebot3_simulations:/home/rokey/turtlebot3_ws/install/turtlebot3_bringup:/home/rokey/turtlebot3_ws/install/turtlebot3_node:/home/rokey/turtlebot3_ws/install/turtlebot3_navigation2:/home/rokey/turtlebot3_ws/install/turtlebot3_fake_node:/home/rokey/turtlebot3_ws/install/turtlebot3_manipulation:/home/rokey/turtlebot3_ws/install/turtlebot3_manipulation_teleop:/home/rokey/turtlebot3_ws/install/turtlebot3_manipulation_navigation2:/home/rokey/turtlebot3_ws/install/turtlebot3_manipulation_moveit_config:/home/rokey/turtlebot3_ws/install/turtlebot3_manipulation_hardware:/home/rokey/turtlebot3_ws/install/turtlebot3_manipulation_bringup:/home/rokey/turtlebot3_ws/install/turtlebot3_manipulation_description:/home/rokey/turtlebot3_ws/install/turtlebot3_manipulation_cartographer:/home/rokey/turtlebot3_ws/install/turtlebot3_gazebo:/home/rokey/turtlebot3_ws/install/turtlebot3_description:/home/rokey/turtlebot3_ws/install/turtlebot3_cartographer:/home/rokey/turtlebot3_ws/install/turtlebot3_teleop:/home/rokey/turtlebot3_ws/install/turtlebot3_example:/opt/ros/humble LD_LIBRARY_PATH=/home/rokey/turtlebot3_ws/install/turtlebot3_msgs/lib:/usr/lib/x86_64-linux-gnu:/home/rokey/turtlebot3_ws/install/turtlebot3_manipulation_hardware/lib:/opt/ros/humble/opt/rviz_ogre_vendor/lib:/opt/ros/humble/lib/x86_64-linux-gnu:/opt/ros/humble/lib:/usr/lib/x86_64-linux-gnu/gazebo-11/plugins /usr/local/bin/cmake --build /home/rokey/turtlebot3_ws/build/turtlebot3_fake_node -- -j8 -l8
[30.395s] Invoking command in '/home/rokey/turtlebot3_ws/build/turtlebot3_fake_node': CMAKE_PREFIX_PATH=/home/rokey/turtlebot3_ws/install/turtlebot3_msgs:/home/rokey/turtlebot3_ws/install/turtlebot3:/home/rokey/turtlebot3_ws/install/turtlebot3_simulations:/home/rokey/turtlebot3_ws/install/turtlebot3_bringup:/home/rokey/turtlebot3_ws/install/turtlebot3_node:/home/rokey/turtlebot3_ws/install/turtlebot3_navigation2:/home/rokey/turtlebot3_ws/install/turtlebot3_fake_node:/home/rokey/turtlebot3_ws/install/turtlebot3_manipulation:/home/rokey/turtlebot3_ws/install/turtlebot3_manipulation_teleop:/home/rokey/turtlebot3_ws/install/turtlebot3_manipulation_navigation2:/home/rokey/turtlebot3_ws/install/turtlebot3_manipulation_moveit_config:/home/rokey/turtlebot3_ws/install/turtlebot3_manipulation_hardware:/home/rokey/turtlebot3_ws/install/turtlebot3_manipulation_bringup:/home/rokey/turtlebot3_ws/install/turtlebot3_manipulation_description:/home/rokey/turtlebot3_ws/install/turtlebot3_manipulation_cartographer:/home/rokey/turtlebot3_ws/install/turtlebot3_gazebo:/home/rokey/turtlebot3_ws/install/turtlebot3_description:/home/rokey/turtlebot3_ws/install/turtlebot3_cartographer:/home/rokey/turtlebot3_ws/install/turtlebot3_teleop:/home/rokey/turtlebot3_ws/install/turtlebot3_example:/opt/ros/humble LD_LIBRARY_PATH=/home/rokey/turtlebot3_ws/install/turtlebot3_msgs/lib:/usr/lib/x86_64-linux-gnu:/home/rokey/turtlebot3_ws/install/turtlebot3_manipulation_hardware/lib:/opt/ros/humble/opt/rviz_ogre_vendor/lib:/opt/ros/humble/lib/x86_64-linux-gnu:/opt/ros/humble/lib:/usr/lib/x86_64-linux-gnu/gazebo-11/plugins /usr/local/bin/cmake --install /home/rokey/turtlebot3_ws/build/turtlebot3_fake_node
[30.399s] -- Install configuration: ""
[30.401s] -- Execute custom install script
[30.401s] -- Symlinking: /home/rokey/turtlebot3_ws/install/turtlebot3_fake_node/lib/turtlebot3_fake_node/turtlebot3_fake_node
[30.408s] -- Symlinking: /home/rokey/turtlebot3_ws/install/turtlebot3_fake_node/share/turtlebot3_fake_node/launch/rviz2.launch.py
[30.414s] -- Symlinking: /home/rokey/turtlebot3_ws/install/turtlebot3_fake_node/share/turtlebot3_fake_node/launch/turtlebot3_fake_node.launch.py
[30.420s] -- Symlinking: /home/rokey/turtlebot3_ws/install/turtlebot3_fake_node/share/turtlebot3_fake_node/param/burger.yaml
[30.425s] -- Symlinking: /home/rokey/turtlebot3_ws/install/turtlebot3_fake_node/share/turtlebot3_fake_node/param/waffle.yaml
[30.431s] -- Symlinking: /home/rokey/turtlebot3_ws/install/turtlebot3_fake_node/share/turtlebot3_fake_node/param/waffle_pi.yaml
[30.437s] -- Symlinking: /home/rokey/turtlebot3_ws/install/turtlebot3_fake_node/include//turtlebot3_fake_node/turtlebot3_fake_node.hpp
[30.443s] -- Symlinking: /home/rokey/turtlebot3_ws/install/turtlebot3_fake_node/share/ament_index/resource_index/package_run_dependencies/turtlebot3_fake_node
[30.450s] -- Symlinking: /home/rokey/turtlebot3_ws/install/turtlebot3_fake_node/share/ament_index/resource_index/parent_prefix_path/turtlebot3_fake_node
[30.456s] -- Symlinking: /home/rokey/turtlebot3_ws/install/turtlebot3_fake_node/share/turtlebot3_fake_node/environment/ament_prefix_path.sh
[30.462s] -- Symlinking: /home/rokey/turtlebot3_ws/install/turtlebot3_fake_node/share/turtlebot3_fake_node/environment/ament_prefix_path.dsv
[30.467s] -- Symlinking: /home/rokey/turtlebot3_ws/install/turtlebot3_fake_node/share/turtlebot3_fake_node/environment/path.sh
[30.473s] -- Symlinking: /home/rokey/turtlebot3_ws/install/turtlebot3_fake_node/share/turtlebot3_fake_node/environment/path.dsv
[30.479s] -- Symlinking: /home/rokey/turtlebot3_ws/install/turtlebot3_fake_node/share/turtlebot3_fake_node/local_setup.bash
[30.485s] -- Symlinking: /home/rokey/turtlebot3_ws/install/turtlebot3_fake_node/share/turtlebot3_fake_node/local_setup.sh
[30.491s] -- Symlinking: /home/rokey/turtlebot3_ws/install/turtlebot3_fake_node/share/turtlebot3_fake_node/local_setup.zsh
[30.497s] -- Symlinking: /home/rokey/turtlebot3_ws/install/turtlebot3_fake_node/share/turtlebot3_fake_node/local_setup.dsv
[30.503s] -- Symlinking: /home/rokey/turtlebot3_ws/install/turtlebot3_fake_node/share/turtlebot3_fake_node/package.dsv
[30.508s] -- Symlinking: /home/rokey/turtlebot3_ws/install/turtlebot3_fake_node/share/ament_index/resource_index/packages/turtlebot3_fake_node
[30.514s] -- Symlinking: /home/rokey/turtlebot3_ws/install/turtlebot3_fake_node/share/turtlebot3_fake_node/cmake/ament_cmake_export_include_directories-extras.cmake
[30.519s] -- Symlinking: /home/rokey/turtlebot3_ws/install/turtlebot3_fake_node/share/turtlebot3_fake_node/cmake/ament_cmake_export_dependencies-extras.cmake
[30.524s] -- Symlinking: /home/rokey/turtlebot3_ws/install/turtlebot3_fake_node/share/turtlebot3_fake_node/cmake/turtlebot3_fake_nodeConfig.cmake
[30.528s] -- Symlinking: /home/rokey/turtlebot3_ws/install/turtlebot3_fake_node/share/turtlebot3_fake_node/cmake/turtlebot3_fake_nodeConfig-version.cmake
[30.532s] -- Symlinking: /home/rokey/turtlebot3_ws/install/turtlebot3_fake_node/share/turtlebot3_fake_node/package.xml
[30.538s] Invoked command in '/home/rokey/turtlebot3_ws/build/turtlebot3_fake_node' returned '0': CMAKE_PREFIX_PATH=/home/rokey/turtlebot3_ws/install/turtlebot3_msgs:/home/rokey/turtlebot3_ws/install/turtlebot3:/home/rokey/turtlebot3_ws/install/turtlebot3_simulations:/home/rokey/turtlebot3_ws/install/turtlebot3_bringup:/home/rokey/turtlebot3_ws/install/turtlebot3_node:/home/rokey/turtlebot3_ws/install/turtlebot3_navigation2:/home/rokey/turtlebot3_ws/install/turtlebot3_fake_node:/home/rokey/turtlebot3_ws/install/turtlebot3_manipulation:/home/rokey/turtlebot3_ws/install/turtlebot3_manipulation_teleop:/home/rokey/turtlebot3_ws/install/turtlebot3_manipulation_navigation2:/home/rokey/turtlebot3_ws/install/turtlebot3_manipulation_moveit_config:/home/rokey/turtlebot3_ws/install/turtlebot3_manipulation_hardware:/home/rokey/turtlebot3_ws/install/turtlebot3_manipulation_bringup:/home/rokey/turtlebot3_ws/install/turtlebot3_manipulation_description:/home/rokey/turtlebot3_ws/install/turtlebot3_manipulation_cartographer:/home/rokey/turtlebot3_ws/install/turtlebot3_gazebo:/home/rokey/turtlebot3_ws/install/turtlebot3_description:/home/rokey/turtlebot3_ws/install/turtlebot3_cartographer:/home/rokey/turtlebot3_ws/install/turtlebot3_teleop:/home/rokey/turtlebot3_ws/install/turtlebot3_example:/opt/ros/humble LD_LIBRARY_PATH=/home/rokey/turtlebot3_ws/install/turtlebot3_msgs/lib:/usr/lib/x86_64-linux-gnu:/home/rokey/turtlebot3_ws/install/turtlebot3_manipulation_hardware/lib:/opt/ros/humble/opt/rviz_ogre_vendor/lib:/opt/ros/humble/lib/x86_64-linux-gnu:/opt/ros/humble/lib:/usr/lib/x86_64-linux-gnu/gazebo-11/plugins /usr/local/bin/cmake --install /home/rokey/turtlebot3_ws/build/turtlebot3_fake_node
