/home/juwon/RokeyProjects/src/install/boxproject/lib/python3.10/site-packages/boxproject/GUI_node_JJ.py
/home/juwon/RokeyProjects/src/install/boxproject/lib/python3.10/site-packages/boxproject/web_camera_node.py
/home/juwon/RokeyProjects/src/install/boxproject/lib/python3.10/site-packages/boxproject/GUI_node.py
/home/juwon/RokeyProjects/src/install/boxproject/lib/python3.10/site-packages/boxproject/debug_node.py
/home/juwon/RokeyProjects/src/install/boxproject/lib/python3.10/site-packages/boxproject/cam_node.py
/home/juwon/RokeyProjects/src/install/boxproject/lib/python3.10/site-packages/boxproject/__init__.py
/home/juwon/RokeyProjects/src/install/boxproject/lib/python3.10/site-packages/boxproject/robot_arm_node.py
/home/juwon/RokeyProjects/src/install/boxproject/lib/python3.10/site-packages/boxproject/robot_status.py
/home/juwon/RokeyProjects/src/install/boxproject/lib/python3.10/site-packages/boxproject/__pycache__/GUI_node_JJ.cpython-310.pyc
/home/juwon/RokeyProjects/src/install/boxproject/lib/python3.10/site-packages/boxproject/__pycache__/web_camera_node.cpython-310.pyc
/home/juwon/RokeyProjects/src/install/boxproject/lib/python3.10/site-packages/boxproject/__pycache__/GUI_node.cpython-310.pyc
/home/juwon/RokeyProjects/src/install/boxproject/lib/python3.10/site-packages/boxproject/__pycache__/debug_node.cpython-310.pyc
/home/juwon/RokeyProjects/src/install/boxproject/lib/python3.10/site-packages/boxproject/__pycache__/cam_node.cpython-310.pyc
/home/juwon/RokeyProjects/src/install/boxproject/lib/python3.10/site-packages/boxproject/__pycache__/__init__.cpython-310.pyc
/home/juwon/RokeyProjects/src/install/boxproject/lib/python3.10/site-packages/boxproject/__pycache__/robot_arm_node.cpython-310.pyc
/home/juwon/RokeyProjects/src/install/boxproject/lib/python3.10/site-packages/boxproject/__pycache__/robot_status.cpython-310.pyc
/home/juwon/RokeyProjects/src/install/boxproject/share/ament_index/resource_index/packages/boxproject
/home/juwon/RokeyProjects/src/install/boxproject/share/boxproject/package.xml
/home/juwon/RokeyProjects/src/install/boxproject/lib/python3.10/site-packages/boxproject-0.0.0-py3.10.egg-info/top_level.txt
/home/juwon/RokeyProjects/src/install/boxproject/lib/python3.10/site-packages/boxproject-0.0.0-py3.10.egg-info/dependency_links.txt
/home/juwon/RokeyProjects/src/install/boxproject/lib/python3.10/site-packages/boxproject-0.0.0-py3.10.egg-info/requires.txt
/home/juwon/RokeyProjects/src/install/boxproject/lib/python3.10/site-packages/boxproject-0.0.0-py3.10.egg-info/zip-safe
/home/juwon/RokeyProjects/src/install/boxproject/lib/python3.10/site-packages/boxproject-0.0.0-py3.10.egg-info/entry_points.txt
/home/juwon/RokeyProjects/src/install/boxproject/lib/python3.10/site-packages/boxproject-0.0.0-py3.10.egg-info/PKG-INFO
/home/juwon/RokeyProjects/src/install/boxproject/lib/python3.10/site-packages/boxproject-0.0.0-py3.10.egg-info/SOURCES.txt
/home/juwon/RokeyProjects/src/install/boxproject/lib/boxproject/gui_node
/home/juwon/RokeyProjects/src/install/boxproject/lib/boxproject/robot_arm_node
/home/juwon/RokeyProjects/src/install/boxproject/lib/boxproject/robot_status
/home/juwon/RokeyProjects/src/install/boxproject/lib/boxproject/test_node
/home/juwon/RokeyProjects/src/install/boxproject/lib/boxproject/webcam_node
