[4.107s] Invoking command in '/home/rokey/turtlebot3_ws/build/turtlebot3_example': CMAKE_PREFIX_PATH=/home/rokey/turtlebot3_ws/install/turtlebot3_msgs:/home/rokey/turtlebot3_ws/install/turtlebot3:/home/rokey/turtlebot3_ws/install/turtlebot3_simulations:/home/rokey/turtlebot3_ws/install/turtlebot3_bringup:/home/rokey/turtlebot3_ws/install/turtlebot3_node:/home/rokey/turtlebot3_ws/install/turtlebot3_navigation2:/home/rokey/turtlebot3_ws/install/turtlebot3_fake_node:/home/rokey/turtlebot3_ws/install/turtlebot3_manipulation:/home/rokey/turtlebot3_ws/install/turtlebot3_manipulation_teleop:/home/rokey/turtlebot3_ws/install/turtlebot3_manipulation_navigation2:/home/rokey/turtlebot3_ws/install/turtlebot3_manipulation_moveit_config:/home/rokey/turtlebot3_ws/install/turtlebot3_manipulation_hardware:/home/rokey/turtlebot3_ws/install/turtlebot3_manipulation_bringup:/home/rokey/turtlebot3_ws/install/turtlebot3_manipulation_description:/home/rokey/turtlebot3_ws/install/turtlebot3_manipulation_cartographer:/home/rokey/turtlebot3_ws/install/turtlebot3_gazebo:/home/rokey/turtlebot3_ws/install/turtlebot3_description:/home/rokey/turtlebot3_ws/install/turtlebot3_cartographer LD_LIBRARY_PATH=/home/rokey/turtlebot3_ws/install/turtlebot3_msgs/lib:/usr/lib/x86_64-linux-gnu:/home/rokey/turtlebot3_ws/install/turtlebot3_manipulation_hardware/lib:/opt/ros/humble/opt/rviz_ogre_vendor/lib:/opt/ros/humble/lib/x86_64-linux-gnu:/opt/ros/humble/lib:/usr/lib/x86_64-linux-gnu/gazebo-11/plugins PYTHONPATH=/home/rokey/turtlebot3_ws/build/turtlebot3_example/prefix_override:/usr/lib/python3/dist-packages/colcon_core/task/python/colcon_distutils_commands:/home/rokey/turtlebot3_ws/install/turtlebot3_example/lib/python3.10/site-packages:${PYTHONPATH} /usr/bin/python3 -W ignore:setup.py install is deprecated -W ignore:easy_install command is deprecated setup.py develop --editable --build-directory /home/rokey/turtlebot3_ws/build/turtlebot3_example/build --no-deps symlink_data
[4.795s] running develop
[5.414s] running egg_info
[5.414s] creating turtlebot3_example.egg-info
[5.415s] writing turtlebot3_example.egg-info/PKG-INFO
[5.416s] writing dependency_links to turtlebot3_example.egg-info/dependency_links.txt
[5.416s] writing entry points to turtlebot3_example.egg-info/entry_points.txt
[5.416s] writing requirements to turtlebot3_example.egg-info/requires.txt
[5.416s] writing top-level names to turtlebot3_example.egg-info/top_level.txt
[5.419s] writing manifest file 'turtlebot3_example.egg-info/SOURCES.txt'
[5.422s] reading manifest file 'turtlebot3_example.egg-info/SOURCES.txt'
[5.424s] writing manifest file 'turtlebot3_example.egg-info/SOURCES.txt'
[5.428s] running build_ext
[5.428s] Creating /home/rokey/turtlebot3_ws/install/turtlebot3_example/lib/python3.10/site-packages/turtlebot3-example.egg-link (link to .)
[5.429s] Installing turtlebot3_obstacle_detection script to /home/rokey/turtlebot3_ws/install/turtlebot3_example/lib/turtlebot3_example
[5.429s] Installing turtlebot3_patrol_client script to /home/rokey/turtlebot3_ws/install/turtlebot3_example/lib/turtlebot3_example
[5.432s] Installing turtlebot3_patrol_server script to /home/rokey/turtlebot3_ws/install/turtlebot3_example/lib/turtlebot3_example
[5.432s] Installing turtlebot3_position_control script to /home/rokey/turtlebot3_ws/install/turtlebot3_example/lib/turtlebot3_example
[5.432s] 
[5.432s] Installed /home/rokey/turtlebot3_ws/build/turtlebot3_example
[5.432s] running symlink_data
[5.432s] creating /home/rokey/turtlebot3_ws/install/turtlebot3_example/share/ament_index
[5.432s] creating /home/rokey/turtlebot3_ws/install/turtlebot3_example/share/ament_index/resource_index
[5.433s] creating /home/rokey/turtlebot3_ws/install/turtlebot3_example/share/ament_index/resource_index/packages
[5.433s] symbolically linking /home/rokey/turtlebot3_ws/build/turtlebot3_example/resource/turtlebot3_example -> /home/rokey/turtlebot3_ws/install/turtlebot3_example/share/ament_index/resource_index/packages
[5.433s] symbolically linking /home/rokey/turtlebot3_ws/build/turtlebot3_example/package.xml -> /home/rokey/turtlebot3_ws/install/turtlebot3_example/share/turtlebot3_example
[5.513s] Invoked command in '/home/rokey/turtlebot3_ws/build/turtlebot3_example' returned '0': CMAKE_PREFIX_PATH=/home/rokey/turtlebot3_ws/install/turtlebot3_msgs:/home/rokey/turtlebot3_ws/install/turtlebot3:/home/rokey/turtlebot3_ws/install/turtlebot3_simulations:/home/rokey/turtlebot3_ws/install/turtlebot3_bringup:/home/rokey/turtlebot3_ws/install/turtlebot3_node:/home/rokey/turtlebot3_ws/install/turtlebot3_navigation2:/home/rokey/turtlebot3_ws/install/turtlebot3_fake_node:/home/rokey/turtlebot3_ws/install/turtlebot3_manipulation:/home/rokey/turtlebot3_ws/install/turtlebot3_manipulation_teleop:/home/rokey/turtlebot3_ws/install/turtlebot3_manipulation_navigation2:/home/rokey/turtlebot3_ws/install/turtlebot3_manipulation_moveit_config:/home/rokey/turtlebot3_ws/install/turtlebot3_manipulation_hardware:/home/rokey/turtlebot3_ws/install/turtlebot3_manipulation_bringup:/home/rokey/turtlebot3_ws/install/turtlebot3_manipulation_description:/home/rokey/turtlebot3_ws/install/turtlebot3_manipulation_cartographer:/home/rokey/turtlebot3_ws/install/turtlebot3_gazebo:/home/rokey/turtlebot3_ws/install/turtlebot3_description:/home/rokey/turtlebot3_ws/install/turtlebot3_cartographer LD_LIBRARY_PATH=/home/rokey/turtlebot3_ws/install/turtlebot3_msgs/lib:/usr/lib/x86_64-linux-gnu:/home/rokey/turtlebot3_ws/install/turtlebot3_manipulation_hardware/lib:/opt/ros/humble/opt/rviz_ogre_vendor/lib:/opt/ros/humble/lib/x86_64-linux-gnu:/opt/ros/humble/lib:/usr/lib/x86_64-linux-gnu/gazebo-11/plugins PYTHONPATH=/home/rokey/turtlebot3_ws/build/turtlebot3_example/prefix_override:/usr/lib/python3/dist-packages/colcon_core/task/python/colcon_distutils_commands:/home/rokey/turtlebot3_ws/install/turtlebot3_example/lib/python3.10/site-packages:${PYTHONPATH} /usr/bin/python3 -W ignore:setup.py install is deprecated -W ignore:easy_install command is deprecated setup.py develop --editable --build-directory /home/rokey/turtlebot3_ws/build/turtlebot3_example/build --no-deps symlink_data
