[0.064s] DEBUG:colcon:Command line arguments: ['/usr/bin/colcon', 'build']
[0.064s] DEBUG:colcon:Parsed command line arguments: Namespace(log_base=None, log_level=None, verb_name='build', build_base='build', install_base='install', merge_install=False, symlink_install=False, test_result_base=None, continue_on_error=False, executor='parallel', parallel_workers=6, event_handlers=None, ignore_user_meta=False, metas=['./colcon.meta'], base_paths=['.'], packages_ignore=None, packages_ignore_regex=None, paths=None, packages_up_to=None, packages_up_to_regex=None, packages_above=None, packages_above_and_dependencies=None, packages_above_depth=None, packages_select_by_dep=None, packages_skip_by_dep=None, packages_skip_up_to=None, packages_select_build_failed=False, packages_skip_build_finished=False, packages_select_test_failures=False, packages_skip_test_passed=False, packages_select=None, packages_skip=None, packages_select_regex=None, packages_skip_regex=None, packages_start=None, packages_end=None, allow_overriding=[], cmake_args=None, cmake_target=None, cmake_target_skip_unavailable=False, cmake_clean_cache=False, cmake_clean_first=False, cmake_force_configure=False, ament_cmake_args=None, catkin_cmake_args=None, catkin_skip_building_tests=False, mixin_files=None, mixin=None, verb_parser=<colcon_mixin.mixin.mixin_argument.MixinArgumentDecorator object at 0x710447f42230>, verb_extension=<colcon_core.verb.build.BuildVerb object at 0x710447f41c30>, main=<bound method BuildVerb.main of <colcon_core.verb.build.BuildVerb object at 0x710447f41c30>>, mixin_verb=('build',))
[0.145s] Level 1:colcon.colcon_core.package_discovery:discover_packages(colcon_meta) check parameters
[0.145s] Level 1:colcon.colcon_core.package_discovery:discover_packages(recursive) check parameters
[0.145s] Level 1:colcon.colcon_core.package_discovery:discover_packages(ignore) check parameters
[0.145s] Level 1:colcon.colcon_core.package_discovery:discover_packages(path) check parameters
[0.145s] Level 1:colcon.colcon_core.package_discovery:discover_packages(colcon_meta) discover
[0.145s] Level 1:colcon.colcon_core.package_discovery:discover_packages(recursive) discover
[0.145s] INFO:colcon.colcon_core.package_discovery:Crawling recursively for packages in '/home/juwon/Week5Project_ws/src'
[0.145s] Level 1:colcon.colcon_core.package_identification:_identify(.) by extensions ['ignore', 'ignore_ament_install']
[0.145s] Level 1:colcon.colcon_core.package_identification:_identify(.) by extension 'ignore'
[0.145s] Level 1:colcon.colcon_core.package_identification:_identify(.) by extension 'ignore_ament_install'
[0.146s] Level 1:colcon.colcon_core.package_identification:_identify(.) by extensions ['colcon_pkg']
[0.146s] Level 1:colcon.colcon_core.package_identification:_identify(.) by extension 'colcon_pkg'
[0.146s] Level 1:colcon.colcon_core.package_identification:_identify(.) by extensions ['colcon_meta']
[0.146s] Level 1:colcon.colcon_core.package_identification:_identify(.) by extension 'colcon_meta'
[0.146s] Level 1:colcon.colcon_core.package_identification:_identify(.) by extensions ['ros']
[0.146s] Level 1:colcon.colcon_core.package_identification:_identify(.) by extension 'ros'
[0.152s] Level 1:colcon.colcon_core.package_identification:_identify(.) by extensions ['cmake', 'python']
[0.152s] Level 1:colcon.colcon_core.package_identification:_identify(.) by extension 'cmake'
[0.152s] Level 1:colcon.colcon_core.package_identification:_identify(.) by extension 'python'
[0.152s] Level 1:colcon.colcon_core.package_identification:_identify(.) by extensions ['python_setup_py']
[0.152s] Level 1:colcon.colcon_core.package_identification:_identify(.) by extension 'python_setup_py'
[0.152s] Level 1:colcon.colcon_core.package_identification:_identify(boxproject) by extensions ['ignore', 'ignore_ament_install']
[0.152s] Level 1:colcon.colcon_core.package_identification:_identify(boxproject) by extension 'ignore'
[0.152s] Level 1:colcon.colcon_core.package_identification:_identify(boxproject) by extension 'ignore_ament_install'
[0.152s] Level 1:colcon.colcon_core.package_identification:_identify(boxproject) by extensions ['colcon_pkg']
[0.152s] Level 1:colcon.colcon_core.package_identification:_identify(boxproject) by extension 'colcon_pkg'
[0.152s] Level 1:colcon.colcon_core.package_identification:_identify(boxproject) by extensions ['colcon_meta']
[0.152s] Level 1:colcon.colcon_core.package_identification:_identify(boxproject) by extension 'colcon_meta'
[0.152s] Level 1:colcon.colcon_core.package_identification:_identify(boxproject) by extensions ['ros']
[0.152s] Level 1:colcon.colcon_core.package_identification:_identify(boxproject) by extension 'ros'
[0.154s] DEBUG:colcon.colcon_core.package_identification:Package 'boxproject' with type 'ros.ament_python' and name 'boxproject'
[0.154s] Level 1:colcon.colcon_core.package_identification:_identify(boxproject_interfaces) by extensions ['ignore', 'ignore_ament_install']
[0.154s] Level 1:colcon.colcon_core.package_identification:_identify(boxproject_interfaces) by extension 'ignore'
[0.154s] Level 1:colcon.colcon_core.package_identification:_identify(boxproject_interfaces) by extension 'ignore_ament_install'
[0.154s] Level 1:colcon.colcon_core.package_identification:_identify(boxproject_interfaces) by extensions ['colcon_pkg']
[0.154s] Level 1:colcon.colcon_core.package_identification:_identify(boxproject_interfaces) by extension 'colcon_pkg'
[0.154s] Level 1:colcon.colcon_core.package_identification:_identify(boxproject_interfaces) by extensions ['colcon_meta']
[0.154s] Level 1:colcon.colcon_core.package_identification:_identify(boxproject_interfaces) by extension 'colcon_meta'
[0.154s] Level 1:colcon.colcon_core.package_identification:_identify(boxproject_interfaces) by extensions ['ros']
[0.154s] Level 1:colcon.colcon_core.package_identification:_identify(boxproject_interfaces) by extension 'ros'
[0.154s] DEBUG:colcon.colcon_core.package_identification:Package 'boxproject_interfaces' with type 'ros.ament_cmake' and name 'boxproject_interfaces'
[0.154s] Level 1:colcon.colcon_core.package_identification:_identify(build) by extensions ['ignore', 'ignore_ament_install']
[0.154s] Level 1:colcon.colcon_core.package_identification:_identify(build) by extension 'ignore'
[0.154s] Level 1:colcon.colcon_core.package_identification:_identify(build) ignored
[0.154s] Level 1:colcon.colcon_core.package_identification:_identify(install) by extensions ['ignore', 'ignore_ament_install']
[0.154s] Level 1:colcon.colcon_core.package_identification:_identify(install) by extension 'ignore'
[0.154s] Level 1:colcon.colcon_core.package_identification:_identify(install) ignored
[0.155s] Level 1:colcon.colcon_core.package_identification:_identify(log) by extensions ['ignore', 'ignore_ament_install']
[0.155s] Level 1:colcon.colcon_core.package_identification:_identify(log) by extension 'ignore'
[0.155s] Level 1:colcon.colcon_core.package_identification:_identify(log) ignored
[0.155s] Level 1:colcon.colcon_core.package_discovery:discover_packages(recursive) using defaults
[0.155s] Level 1:colcon.colcon_core.package_discovery:discover_packages(ignore) discover
[0.155s] Level 1:colcon.colcon_core.package_discovery:discover_packages(ignore) using defaults
[0.155s] Level 1:colcon.colcon_core.package_discovery:discover_packages(path) discover
[0.155s] Level 1:colcon.colcon_core.package_discovery:discover_packages(path) using defaults
[0.169s] Level 1:colcon.colcon_core.package_discovery:discover_packages(prefix_path) check parameters
[0.169s] Level 1:colcon.colcon_core.package_discovery:discover_packages(prefix_path) discover
[0.170s] DEBUG:colcon.colcon_installed_package_information.package_discovery:Found 2 installed packages in /home/juwon/Week5Project_ws/src/install
[0.170s] DEBUG:colcon.colcon_installed_package_information.package_discovery:Found 232 installed packages in /opt/ros/humble
[0.178s] Level 1:colcon.colcon_core.package_discovery:discover_packages(prefix_path) using defaults
[0.195s] Level 5:colcon.colcon_core.verb:set package 'boxproject_interfaces' build argument 'cmake_args' from command line to 'None'
[0.195s] Level 5:colcon.colcon_core.verb:set package 'boxproject_interfaces' build argument 'cmake_target' from command line to 'None'
[0.195s] Level 5:colcon.colcon_core.verb:set package 'boxproject_interfaces' build argument 'cmake_target_skip_unavailable' from command line to 'False'
[0.195s] Level 5:colcon.colcon_core.verb:set package 'boxproject_interfaces' build argument 'cmake_clean_cache' from command line to 'False'
[0.196s] Level 5:colcon.colcon_core.verb:set package 'boxproject_interfaces' build argument 'cmake_clean_first' from command line to 'False'
[0.196s] Level 5:colcon.colcon_core.verb:set package 'boxproject_interfaces' build argument 'cmake_force_configure' from command line to 'False'
[0.196s] Level 5:colcon.colcon_core.verb:set package 'boxproject_interfaces' build argument 'ament_cmake_args' from command line to 'None'
[0.196s] Level 5:colcon.colcon_core.verb:set package 'boxproject_interfaces' build argument 'catkin_cmake_args' from command line to 'None'
[0.196s] Level 5:colcon.colcon_core.verb:set package 'boxproject_interfaces' build argument 'catkin_skip_building_tests' from command line to 'False'
[0.196s] DEBUG:colcon.colcon_core.verb:Building package 'boxproject_interfaces' with the following arguments: {'ament_cmake_args': None, 'build_base': '/home/juwon/Week5Project_ws/src/build/boxproject_interfaces', 'catkin_cmake_args': None, 'catkin_skip_building_tests': False, 'cmake_args': None, 'cmake_clean_cache': False, 'cmake_clean_first': False, 'cmake_force_configure': False, 'cmake_target': None, 'cmake_target_skip_unavailable': False, 'install_base': '/home/juwon/Week5Project_ws/src/install/boxproject_interfaces', 'merge_install': False, 'path': '/home/juwon/Week5Project_ws/src/boxproject_interfaces', 'symlink_install': False, 'test_result_base': None}
[0.196s] Level 5:colcon.colcon_core.verb:set package 'boxproject' build argument 'cmake_args' from command line to 'None'
[0.196s] Level 5:colcon.colcon_core.verb:set package 'boxproject' build argument 'cmake_target' from command line to 'None'
[0.196s] Level 5:colcon.colcon_core.verb:set package 'boxproject' build argument 'cmake_target_skip_unavailable' from command line to 'False'
[0.196s] Level 5:colcon.colcon_core.verb:set package 'boxproject' build argument 'cmake_clean_cache' from command line to 'False'
[0.196s] Level 5:colcon.colcon_core.verb:set package 'boxproject' build argument 'cmake_clean_first' from command line to 'False'
[0.196s] Level 5:colcon.colcon_core.verb:set package 'boxproject' build argument 'cmake_force_configure' from command line to 'False'
[0.196s] Level 5:colcon.colcon_core.verb:set package 'boxproject' build argument 'ament_cmake_args' from command line to 'None'
[0.196s] Level 5:colcon.colcon_core.verb:set package 'boxproject' build argument 'catkin_cmake_args' from command line to 'None'
[0.196s] Level 5:colcon.colcon_core.verb:set package 'boxproject' build argument 'catkin_skip_building_tests' from command line to 'False'
[0.196s] DEBUG:colcon.colcon_core.verb:Building package 'boxproject' with the following arguments: {'ament_cmake_args': None, 'build_base': '/home/juwon/Week5Project_ws/src/build/boxproject', 'catkin_cmake_args': None, 'catkin_skip_building_tests': False, 'cmake_args': None, 'cmake_clean_cache': False, 'cmake_clean_first': False, 'cmake_force_configure': False, 'cmake_target': None, 'cmake_target_skip_unavailable': False, 'install_base': '/home/juwon/Week5Project_ws/src/install/boxproject', 'merge_install': False, 'path': '/home/juwon/Week5Project_ws/src/boxproject', 'symlink_install': False, 'test_result_base': None}
[0.196s] INFO:colcon.colcon_core.executor:Executing jobs using 'parallel' executor
[0.197s] DEBUG:colcon.colcon_parallel_executor.executor.parallel:run_until_complete
[0.197s] INFO:colcon.colcon_ros.task.ament_cmake.build:Building ROS package in '/home/juwon/Week5Project_ws/src/boxproject_interfaces' with build type 'ament_cmake'
[0.197s] INFO:colcon.colcon_cmake.task.cmake.build:Building CMake package in '/home/juwon/Week5Project_ws/src/boxproject_interfaces'
[0.198s] INFO:colcon.colcon_core.plugin_system:Skipping extension 'colcon_core.shell.bat': Not used on non-Windows systems
[0.198s] INFO:colcon.colcon_core.shell:Skip shell extension 'powershell' for command environment: Not usable outside of PowerShell
[0.198s] DEBUG:colcon.colcon_core.shell:Skip shell extension 'dsv' for command environment
[0.206s] DEBUG:colcon.colcon_core.event_handler.log_command:Invoking command in '/home/juwon/Week5Project_ws/src/build/boxproject_interfaces': CMAKE_PREFIX_PATH=${CMAKE_PREFIX_PATH}:/home/juwon/Week5Project_ws/src/install/boxproject:/opt/ros/humble /usr/bin/cmake --build /home/juwon/Week5Project_ws/src/build/boxproject_interfaces -- -j6 -l6
[0.443s] DEBUG:colcon.colcon_core.event_handler.log_command:Invoked command in '/home/juwon/Week5Project_ws/src/build/boxproject_interfaces' returned '0': CMAKE_PREFIX_PATH=${CMAKE_PREFIX_PATH}:/home/juwon/Week5Project_ws/src/install/boxproject:/opt/ros/humble /usr/bin/cmake --build /home/juwon/Week5Project_ws/src/build/boxproject_interfaces -- -j6 -l6
[0.449s] DEBUG:colcon.colcon_core.event_handler.log_command:Invoking command in '/home/juwon/Week5Project_ws/src/build/boxproject_interfaces': CMAKE_PREFIX_PATH=${CMAKE_PREFIX_PATH}:/home/juwon/Week5Project_ws/src/install/boxproject:/opt/ros/humble /usr/bin/cmake --install /home/juwon/Week5Project_ws/src/build/boxproject_interfaces
[0.484s] Level 1:colcon.colcon_core.environment:create_environment_scripts_only(boxproject_interfaces)
[0.484s] DEBUG:colcon.colcon_core.event_handler.log_command:Invoked command in '/home/juwon/Week5Project_ws/src/build/boxproject_interfaces' returned '0': CMAKE_PREFIX_PATH=${CMAKE_PREFIX_PATH}:/home/juwon/Week5Project_ws/src/install/boxproject:/opt/ros/humble /usr/bin/cmake --install /home/juwon/Week5Project_ws/src/build/boxproject_interfaces
[0.485s] Level 1:colcon.colcon_core.environment:checking '/home/juwon/Week5Project_ws/src/install/boxproject_interfaces' for CMake module files
[0.486s] Level 1:colcon.colcon_core.environment:checking '/home/juwon/Week5Project_ws/src/install/boxproject_interfaces' for CMake config files
[0.486s] Level 1:colcon.colcon_core.shell:create_environment_hook('boxproject_interfaces', 'cmake_prefix_path')
[0.486s] INFO:colcon.colcon_core.shell:Creating environment hook '/home/juwon/Week5Project_ws/src/install/boxproject_interfaces/share/boxproject_interfaces/hook/cmake_prefix_path.ps1'
[0.486s] INFO:colcon.colcon_core.shell:Creating environment descriptor '/home/juwon/Week5Project_ws/src/install/boxproject_interfaces/share/boxproject_interfaces/hook/cmake_prefix_path.dsv'
[0.487s] INFO:colcon.colcon_core.shell:Creating environment hook '/home/juwon/Week5Project_ws/src/install/boxproject_interfaces/share/boxproject_interfaces/hook/cmake_prefix_path.sh'
[0.488s] Level 1:colcon.colcon_core.environment:checking '/home/juwon/Week5Project_ws/src/install/boxproject_interfaces/lib'
[0.488s] Level 1:colcon.colcon_core.shell:create_environment_hook('boxproject_interfaces', 'ld_library_path_lib')
[0.488s] INFO:colcon.colcon_core.shell:Creating environment hook '/home/juwon/Week5Project_ws/src/install/boxproject_interfaces/share/boxproject_interfaces/hook/ld_library_path_lib.ps1'
[0.488s] INFO:colcon.colcon_core.shell:Creating environment descriptor '/home/juwon/Week5Project_ws/src/install/boxproject_interfaces/share/boxproject_interfaces/hook/ld_library_path_lib.dsv'
[0.488s] INFO:colcon.colcon_core.shell:Creating environment hook '/home/juwon/Week5Project_ws/src/install/boxproject_interfaces/share/boxproject_interfaces/hook/ld_library_path_lib.sh'
[0.489s] Level 1:colcon.colcon_core.environment:checking '/home/juwon/Week5Project_ws/src/install/boxproject_interfaces/bin'
[0.489s] Level 1:colcon.colcon_core.environment:checking '/home/juwon/Week5Project_ws/src/install/boxproject_interfaces/lib/pkgconfig/boxproject_interfaces.pc'
[0.489s] Level 1:colcon.colcon_core.environment:checking '/home/juwon/Week5Project_ws/src/install/boxproject_interfaces/lib/python3.10/site-packages'
[0.489s] Level 1:colcon.colcon_core.environment:checking '/home/juwon/Week5Project_ws/src/install/boxproject_interfaces/bin'
[0.489s] INFO:colcon.colcon_core.shell:Creating package script '/home/juwon/Week5Project_ws/src/install/boxproject_interfaces/share/boxproject_interfaces/package.ps1'
[0.490s] INFO:colcon.colcon_core.shell:Creating package descriptor '/home/juwon/Week5Project_ws/src/install/boxproject_interfaces/share/boxproject_interfaces/package.dsv'
[0.490s] INFO:colcon.colcon_core.shell:Creating package script '/home/juwon/Week5Project_ws/src/install/boxproject_interfaces/share/boxproject_interfaces/package.sh'
[0.490s] INFO:colcon.colcon_core.shell:Creating package script '/home/juwon/Week5Project_ws/src/install/boxproject_interfaces/share/boxproject_interfaces/package.bash'
[0.491s] INFO:colcon.colcon_core.shell:Creating package script '/home/juwon/Week5Project_ws/src/install/boxproject_interfaces/share/boxproject_interfaces/package.zsh'
[0.491s] Level 1:colcon.colcon_core.environment:create_file_with_runtime_dependencies(/home/juwon/Week5Project_ws/src/install/boxproject_interfaces/share/colcon-core/packages/boxproject_interfaces)
[0.492s] Level 1:colcon.colcon_core.environment:create_environment_scripts_only(boxproject_interfaces)
[0.492s] Level 1:colcon.colcon_core.environment:checking '/home/juwon/Week5Project_ws/src/install/boxproject_interfaces' for CMake module files
[0.492s] Level 1:colcon.colcon_core.environment:checking '/home/juwon/Week5Project_ws/src/install/boxproject_interfaces' for CMake config files
[0.492s] Level 1:colcon.colcon_core.shell:create_environment_hook('boxproject_interfaces', 'cmake_prefix_path')
[0.492s] INFO:colcon.colcon_core.shell:Creating environment hook '/home/juwon/Week5Project_ws/src/install/boxproject_interfaces/share/boxproject_interfaces/hook/cmake_prefix_path.ps1'
[0.493s] INFO:colcon.colcon_core.shell:Creating environment descriptor '/home/juwon/Week5Project_ws/src/install/boxproject_interfaces/share/boxproject_interfaces/hook/cmake_prefix_path.dsv'
[0.493s] INFO:colcon.colcon_core.shell:Creating environment hook '/home/juwon/Week5Project_ws/src/install/boxproject_interfaces/share/boxproject_interfaces/hook/cmake_prefix_path.sh'
[0.494s] Level 1:colcon.colcon_core.environment:checking '/home/juwon/Week5Project_ws/src/install/boxproject_interfaces/lib'
[0.494s] Level 1:colcon.colcon_core.shell:create_environment_hook('boxproject_interfaces', 'ld_library_path_lib')
[0.494s] INFO:colcon.colcon_core.shell:Creating environment hook '/home/juwon/Week5Project_ws/src/install/boxproject_interfaces/share/boxproject_interfaces/hook/ld_library_path_lib.ps1'
[0.494s] INFO:colcon.colcon_core.shell:Creating environment descriptor '/home/juwon/Week5Project_ws/src/install/boxproject_interfaces/share/boxproject_interfaces/hook/ld_library_path_lib.dsv'
[0.494s] INFO:colcon.colcon_core.shell:Creating environment hook '/home/juwon/Week5Project_ws/src/install/boxproject_interfaces/share/boxproject_interfaces/hook/ld_library_path_lib.sh'
[0.495s] Level 1:colcon.colcon_core.environment:checking '/home/juwon/Week5Project_ws/src/install/boxproject_interfaces/bin'
[0.495s] Level 1:colcon.colcon_core.environment:checking '/home/juwon/Week5Project_ws/src/install/boxproject_interfaces/lib/pkgconfig/boxproject_interfaces.pc'
[0.495s] Level 1:colcon.colcon_core.environment:checking '/home/juwon/Week5Project_ws/src/install/boxproject_interfaces/lib/python3.10/site-packages'
[0.495s] Level 1:colcon.colcon_core.environment:checking '/home/juwon/Week5Project_ws/src/install/boxproject_interfaces/bin'
[0.495s] INFO:colcon.colcon_core.shell:Creating package script '/home/juwon/Week5Project_ws/src/install/boxproject_interfaces/share/boxproject_interfaces/package.ps1'
[0.496s] INFO:colcon.colcon_core.shell:Creating package descriptor '/home/juwon/Week5Project_ws/src/install/boxproject_interfaces/share/boxproject_interfaces/package.dsv'
[0.497s] INFO:colcon.colcon_core.shell:Creating package script '/home/juwon/Week5Project_ws/src/install/boxproject_interfaces/share/boxproject_interfaces/package.sh'
[0.497s] INFO:colcon.colcon_core.shell:Creating package script '/home/juwon/Week5Project_ws/src/install/boxproject_interfaces/share/boxproject_interfaces/package.bash'
[0.498s] INFO:colcon.colcon_core.shell:Creating package script '/home/juwon/Week5Project_ws/src/install/boxproject_interfaces/share/boxproject_interfaces/package.zsh'
[0.498s] Level 1:colcon.colcon_core.environment:create_file_with_runtime_dependencies(/home/juwon/Week5Project_ws/src/install/boxproject_interfaces/share/colcon-core/packages/boxproject_interfaces)
[0.499s] INFO:colcon.colcon_ros.task.ament_python.build:Building ROS package in '/home/juwon/Week5Project_ws/src/boxproject' with build type 'ament_python'
[0.499s] Level 1:colcon.colcon_core.shell:create_environment_hook('boxproject', 'ament_prefix_path')
[0.499s] INFO:colcon.colcon_core.shell:Creating environment hook '/home/juwon/Week5Project_ws/src/install/boxproject/share/boxproject/hook/ament_prefix_path.ps1'
[0.500s] INFO:colcon.colcon_core.shell:Creating environment descriptor '/home/juwon/Week5Project_ws/src/install/boxproject/share/boxproject/hook/ament_prefix_path.dsv'
[0.500s] INFO:colcon.colcon_core.shell:Creating environment hook '/home/juwon/Week5Project_ws/src/install/boxproject/share/boxproject/hook/ament_prefix_path.sh'
[0.501s] INFO:colcon.colcon_core.shell:Skip shell extension 'powershell' for command environment: Not usable outside of PowerShell
[0.501s] DEBUG:colcon.colcon_core.shell:Skip shell extension 'dsv' for command environment
[0.642s] INFO:colcon.colcon_core.task.python.build:Building Python package in '/home/juwon/Week5Project_ws/src/boxproject'
[0.642s] INFO:colcon.colcon_core.shell:Skip shell extension 'powershell' for command environment: Not usable outside of PowerShell
[0.642s] DEBUG:colcon.colcon_core.shell:Skip shell extension 'dsv' for command environment
[0.824s] DEBUG:colcon.colcon_core.event_handler.log_command:Invoking command in '/home/juwon/Week5Project_ws/src/boxproject': PYTHONPATH=/home/juwon/Week5Project_ws/src/build/boxproject/prefix_override:/usr/lib/python3/dist-packages/colcon_core/task/python/colcon_distutils_commands:/home/juwon/Week5Project_ws/src/install/boxproject/lib/python3.10/site-packages:${PYTHONPATH} /usr/bin/python3 -W ignore:setup.py install is deprecated -W ignore:easy_install command is deprecated setup.py egg_info --egg-base ../build/boxproject build --build-base /home/juwon/Week5Project_ws/src/build/boxproject/build install --record /home/juwon/Week5Project_ws/src/build/boxproject/install.log --single-version-externally-managed install_data
[0.977s] Level 1:colcon.colcon_core.environment:checking '/home/juwon/Week5Project_ws/src/install/boxproject' for CMake module files
[0.978s] DEBUG:colcon.colcon_core.event_handler.log_command:Invoked command in '/home/juwon/Week5Project_ws/src/boxproject' returned '0': PYTHONPATH=/home/juwon/Week5Project_ws/src/build/boxproject/prefix_override:/usr/lib/python3/dist-packages/colcon_core/task/python/colcon_distutils_commands:/home/juwon/Week5Project_ws/src/install/boxproject/lib/python3.10/site-packages:${PYTHONPATH} /usr/bin/python3 -W ignore:setup.py install is deprecated -W ignore:easy_install command is deprecated setup.py egg_info --egg-base ../build/boxproject build --build-base /home/juwon/Week5Project_ws/src/build/boxproject/build install --record /home/juwon/Week5Project_ws/src/build/boxproject/install.log --single-version-externally-managed install_data
[0.978s] Level 1:colcon.colcon_core.environment:checking '/home/juwon/Week5Project_ws/src/install/boxproject' for CMake config files
[0.978s] Level 1:colcon.colcon_core.environment:checking '/home/juwon/Week5Project_ws/src/install/boxproject/lib'
[0.978s] Level 1:colcon.colcon_core.environment:checking '/home/juwon/Week5Project_ws/src/install/boxproject/bin'
[0.978s] Level 1:colcon.colcon_core.environment:checking '/home/juwon/Week5Project_ws/src/install/boxproject/lib/pkgconfig/boxproject.pc'
[0.979s] Level 1:colcon.colcon_core.environment:checking '/home/juwon/Week5Project_ws/src/install/boxproject/lib/python3.10/site-packages'
[0.979s] Level 1:colcon.colcon_core.shell:create_environment_hook('boxproject', 'pythonpath')
[0.979s] INFO:colcon.colcon_core.shell:Creating environment hook '/home/juwon/Week5Project_ws/src/install/boxproject/share/boxproject/hook/pythonpath.ps1'
[0.979s] INFO:colcon.colcon_core.shell:Creating environment descriptor '/home/juwon/Week5Project_ws/src/install/boxproject/share/boxproject/hook/pythonpath.dsv'
[0.980s] INFO:colcon.colcon_core.shell:Creating environment hook '/home/juwon/Week5Project_ws/src/install/boxproject/share/boxproject/hook/pythonpath.sh'
[0.980s] Level 1:colcon.colcon_core.environment:checking '/home/juwon/Week5Project_ws/src/install/boxproject/bin'
[0.980s] Level 1:colcon.colcon_core.environment:create_environment_scripts_only(boxproject)
[0.980s] INFO:colcon.colcon_core.shell:Creating package script '/home/juwon/Week5Project_ws/src/install/boxproject/share/boxproject/package.ps1'
[0.980s] INFO:colcon.colcon_core.shell:Creating package descriptor '/home/juwon/Week5Project_ws/src/install/boxproject/share/boxproject/package.dsv'
[0.981s] INFO:colcon.colcon_core.shell:Creating package script '/home/juwon/Week5Project_ws/src/install/boxproject/share/boxproject/package.sh'
[0.981s] INFO:colcon.colcon_core.shell:Creating package script '/home/juwon/Week5Project_ws/src/install/boxproject/share/boxproject/package.bash'
[0.981s] INFO:colcon.colcon_core.shell:Creating package script '/home/juwon/Week5Project_ws/src/install/boxproject/share/boxproject/package.zsh'
[0.982s] Level 1:colcon.colcon_core.environment:create_file_with_runtime_dependencies(/home/juwon/Week5Project_ws/src/install/boxproject/share/colcon-core/packages/boxproject)
[0.982s] DEBUG:colcon.colcon_parallel_executor.executor.parallel:closing loop
[0.982s] DEBUG:colcon.colcon_parallel_executor.executor.parallel:loop closed
[0.982s] DEBUG:colcon.colcon_parallel_executor.executor.parallel:run_until_complete finished with '0'
[0.982s] DEBUG:colcon.colcon_core.event_reactor:joining thread
[0.986s] INFO:colcon.colcon_core.plugin_system:Skipping extension 'colcon_notification.desktop_notification.terminal_notifier': Not used on non-Darwin systems
[0.986s] INFO:colcon.colcon_core.plugin_system:Skipping extension 'colcon_notification.desktop_notification.win32': Not used on non-Windows systems
[0.986s] INFO:colcon.colcon_notification.desktop_notification:Sending desktop notification using 'notify2'
[0.995s] DEBUG:colcon.colcon_core.event_reactor:joined thread
[0.995s] INFO:colcon.colcon_core.shell:Creating prefix script '/home/juwon/Week5Project_ws/src/install/local_setup.ps1'
[0.996s] INFO:colcon.colcon_core.shell:Creating prefix util module '/home/juwon/Week5Project_ws/src/install/_local_setup_util_ps1.py'
[0.997s] INFO:colcon.colcon_core.shell:Creating prefix chain script '/home/juwon/Week5Project_ws/src/install/setup.ps1'
[0.999s] INFO:colcon.colcon_core.shell:Creating prefix script '/home/juwon/Week5Project_ws/src/install/local_setup.sh'
[0.999s] INFO:colcon.colcon_core.shell:Creating prefix util module '/home/juwon/Week5Project_ws/src/install/_local_setup_util_sh.py'
[0.999s] INFO:colcon.colcon_core.shell:Creating prefix chain script '/home/juwon/Week5Project_ws/src/install/setup.sh'
[1.000s] INFO:colcon.colcon_core.shell:Creating prefix script '/home/juwon/Week5Project_ws/src/install/local_setup.bash'
[1.001s] INFO:colcon.colcon_core.shell:Creating prefix chain script '/home/juwon/Week5Project_ws/src/install/setup.bash'
[1.001s] INFO:colcon.colcon_core.shell:Creating prefix script '/home/juwon/Week5Project_ws/src/install/local_setup.zsh'
[1.002s] INFO:colcon.colcon_core.shell:Creating prefix chain script '/home/juwon/Week5Project_ws/src/install/setup.zsh'
