[0.031s] Invoking command in '/home/rokey/turtlebot3_ws/build/turtlebot3_gazebo': CMAKE_PREFIX_PATH=${CMAKE_PREFIX_PATH}:/home/rokey/turtlebot3_ws/install/turtlebot3_teleop:/home/rokey/turtlebot3_ws/install/turtlebot3_example:/opt/ros/humble /usr/local/bin/cmake /home/rokey/turtlebot3_ws/src/turtlebot3_simulations/turtlebot3_gazebo -DAMENT_CMAKE_SYMLINK_INSTALL=1 -DCMAKE_INSTALL_PREFIX=/home/rokey/turtlebot3_ws/install/turtlebot3_gazebo
[0.133s] -- The C compiler identification is GNU 11.4.0
[0.263s] -- The CXX compiler identification is GNU 11.4.0
[0.289s] -- Detecting C compiler ABI info
[0.412s] -- Detecting C compiler ABI info - done
[0.458s] -- Check for working C compiler: /usr/bin/cc - skipped
[0.461s] -- Detecting C compile features
[0.461s] -- Detecting C compile features - done
[0.466s] -- Detecting CXX compiler ABI info
[0.618s] -- Detecting CXX compiler ABI info - done
[0.673s] -- Check for working CXX compiler: /usr/bin/c++ - skipped
[0.676s] -- Detecting CXX compile features
[0.676s] -- Detecting CXX compile features - done
[0.680s] -- Found ament_cmake: 1.3.10 (/opt/ros/humble/share/ament_cmake/cmake)
[0.989s] -- Found Python3: /usr/bin/python3 (found version "3.10.12") found components: Interpreter
[1.132s] -- Override CMake install command with custom implementation using symlinks instead of copying resources
[1.229s] -- Found PkgConfig: /usr/bin/pkg-config (found version "0.29.2")
[1.229s] [33mCMake Warning (dev) at /usr/local/share/cmake-3.30/Modules/FindPackageHandleStandardArgs.cmake:441 (message):
[1.229s]   The package name passed to `find_package_handle_standard_args` (PkgConfig)
[1.229s]   does not match the name of the calling package (gazebo).  This can lead to
[1.230s]   problems in calling code that expects `find_package` result variables
[1.230s]   (e.g., `_FOUND`) to follow a certain pattern.
[1.230s] Call Stack (most recent call first):
[1.230s]   /usr/local/share/cmake-3.30/Modules/FindPkgConfig.cmake:114 (find_package_handle_standard_args)
[1.230s]   /usr/lib/x86_64-linux-gnu/cmake/gazebo/gazebo-config.cmake:72 (include)
[1.230s]   CMakeLists.txt:23 (find_package)
[1.230s] This warning is for project developers.  Use -Wno-dev to suppress it.
[1.230s] [0m
[1.234s] -- Checking for module 'bullet>=2.82'
[1.254s] --   Found bullet, version 3.05
[1.402s] -- Found fcl: /usr/include (found suitable version "0.7.0", minimum required is "0.5.0")
[1.485s] -- Found assimp: /usr/include (found version "5.2.0")
[1.486s] [33mCMake Warning (dev) at /usr/share/dart/cmake/DARTFindBoost.cmake:20 (find_package):
[1.486s]   Policy CMP0167 is not set: The FindBoost module is removed.  Run "cmake
[1.486s]   --help-policy CMP0167" for policy details.  Use the cmake_policy command to
[1.486s]   set the policy and suppress this warning.
[1.486s] 
[1.487s] Call Stack (most recent call first):
[1.487s]   /usr/share/dart/cmake/dart_dartComponent.cmake:6 (include)
[1.487s]   /usr/share/dart/cmake/DARTConfig.cmake:73 (include)
[1.487s]   /usr/share/dart/cmake/DARTConfig.cmake:133 (dart_traverse_components)
[1.487s]   /usr/share/dart/cmake/DARTConfig.cmake:181 (dart_package_init)
[1.487s]   /usr/lib/x86_64-linux-gnu/cmake/gazebo/gazebo-config.cmake:166 (find_package)
[1.487s]   CMakeLists.txt:23 (find_package)
[1.487s] This warning is for project developers.  Use -Wno-dev to suppress it.
[1.487s] [0m
[1.518s] -- Found DART: /usr/include (Required is at least version "6.6") found components: dart
[1.532s] [33mCMake Warning (dev) at /usr/lib/x86_64-linux-gnu/cmake/gazebo/gazebo-config.cmake:197 (find_package):
[1.532s]   Policy CMP0167 is not set: The FindBoost module is removed.  Run "cmake
[1.532s]   --help-policy CMP0167" for policy details.  Use the cmake_policy command to
[1.532s]   set the policy and suppress this warning.
[1.532s] 
[1.532s] Call Stack (most recent call first):
[1.533s]   CMakeLists.txt:23 (find_package)
[1.533s] This warning is for project developers.  Use -Wno-dev to suppress it.
[1.533s] [0m
[1.674s] -- Found Boost: /usr/lib/x86_64-linux-gnu/cmake/Boost-1.74.0/BoostConfig.cmake (found suitable version "1.74.0", minimum required is "1.40.0") found components: thread system filesystem program_options regex iostreams date_time
[1.714s] -- Found Protobuf: /usr/lib/x86_64-linux-gnu/libprotobuf.so (found version "3.12.4")
[1.727s] -- Looking for ignition-math6 -- found version 6.15.1
[1.743s] -- Searching for dependencies of ignition-math6
[1.747s] -- Looking for OGRE...
[1.748s] -- OGRE_PREFIX_WATCH changed.
[1.755s] -- Checking for module 'OGRE'
[1.770s] --   Found OGRE, version 1.9.0
[1.800s] -- Found Ogre Ghadamon (1.9.0)
[1.822s] -- Found OGRE: optimized;/usr/lib/x86_64-linux-gnu/libOgreMain.so;debug;/usr/lib/x86_64-linux-gnu/libOgreMain.so
[1.822s] [33mCMake Warning (dev) at /usr/share/OGRE/cmake/modules/FindOGRE.cmake:309 (find_package):
[1.822s]   Policy CMP0167 is not set: The FindBoost module is removed.  Run "cmake
[1.822s]   --help-policy CMP0167" for policy details.  Use the cmake_policy command to
[1.822s]   set the policy and suppress this warning.
[1.822s] 
[1.822s] Call Stack (most recent call first):
[1.823s]   /usr/lib/x86_64-linux-gnu/cmake/gazebo/gazebo-config.cmake:213 (find_package)
[1.823s]   CMakeLists.txt:23 (find_package)
[1.823s] This warning is for project developers.  Use -Wno-dev to suppress it.
[1.823s] [0m
[1.828s] [33mCMake Warning (dev) at /usr/share/OGRE/cmake/modules/FindOGRE.cmake:318 (find_package):
[1.828s]   Policy CMP0167 is not set: The FindBoost module is removed.  Run "cmake
[1.828s]   --help-policy CMP0167" for policy details.  Use the cmake_policy command to
[1.828s]   set the policy and suppress this warning.
[1.828s] 
[1.829s] Call Stack (most recent call first):
[1.829s]   /usr/lib/x86_64-linux-gnu/cmake/gazebo/gazebo-config.cmake:213 (find_package)
[1.829s]   CMakeLists.txt:23 (find_package)
[1.829s] This warning is for project developers.  Use -Wno-dev to suppress it.
[1.829s] [0m
[1.836s] -- Looking for OGRE_Paging...
[1.865s] -- Found OGRE_Paging: optimized;/usr/lib/x86_64-linux-gnu/libOgrePaging.so;debug;/usr/lib/x86_64-linux-gnu/libOgrePaging.so
[1.866s] -- Looking for OGRE_Terrain...
[1.909s] -- Found OGRE_Terrain: optimized;/usr/lib/x86_64-linux-gnu/libOgreTerrain.so;debug;/usr/lib/x86_64-linux-gnu/libOgreTerrain.so
[1.909s] -- Looking for OGRE_Property...
[1.928s] -- Found OGRE_Property: optimized;/usr/lib/x86_64-linux-gnu/libOgreProperty.so;debug;/usr/lib/x86_64-linux-gnu/libOgreProperty.so
[1.928s] -- Looking for OGRE_RTShaderSystem...
[1.944s] -- Found OGRE_RTShaderSystem: optimized;/usr/lib/x86_64-linux-gnu/libOgreRTShaderSystem.so;debug;/usr/lib/x86_64-linux-gnu/libOgreRTShaderSystem.so
[1.944s] -- Looking for OGRE_Volume...
[1.957s] -- Found OGRE_Volume: optimized;/usr/lib/x86_64-linux-gnu/libOgreVolume.so;debug;/usr/lib/x86_64-linux-gnu/libOgreVolume.so
[1.957s] -- Looking for OGRE_Overlay...
[1.970s] -- Found OGRE_Overlay: optimized;/usr/lib/x86_64-linux-gnu/libOgreOverlay.so;debug;/usr/lib/x86_64-linux-gnu/libOgreOverlay.so
[2.441s] -- Looking for ignition-math6 -- found version 6.15.1
[2.447s] -- Looking for ignition-transport8 -- found version 8.2.1
[2.449s] -- Searching for dependencies of ignition-transport8
[2.475s] -- Found Protobuf: /usr/lib/x86_64-linux-gnu/libprotobuf.so (found suitable version "3.12.4", minimum required is "3")
[2.494s] -- Config-file not installed for ZeroMQ -- checking for pkg-config
[2.504s] -- Checking for module 'libzmq >= 4'
[2.532s] --   Found libzmq, version 4.3.4
[2.576s] -- Found ZeroMQ: TRUE (Required is at least version "4")
[2.587s] -- Checking for module 'uuid'
[2.608s] --   Found uuid, version 2.37.2
[2.664s] -- Found UUID: TRUE
[2.669s] -- Looking for ignition-msgs5 -- found version 5.8.1
[2.669s] -- Searching for dependencies of ignition-msgs5
[2.697s] -- Looking for ignition-math6 -- found version 6.15.1
[2.705s] -- Checking for module 'tinyxml2'
[2.733s] --   Found tinyxml2, version 9.0.0
[2.801s] -- Looking for ignition-msgs5 -- found version 5.8.1
[2.812s] -- Looking for ignition-common3 -- found version 3.14.0
[2.812s] -- Searching for dependencies of ignition-common3
[2.813s] -- Looking for dlfcn.h - found
[2.820s] -- Looking for libdl - found
[2.829s] -- Found DL: TRUE
[2.870s] -- Found tinyobjloader: /usr/lib/x86_64-linux-gnu/cmake/tinyobjloader/tinyobjloader-config.cmake (found version "2.0.0")
[2.877s] -- Searching for <ignition-common3> component [graphics]
[2.884s] -- Looking for ignition-common3-graphics -- found version 3.14.0
[2.884s] -- Searching for dependencies of ignition-common3-graphics
[2.887s] -- Looking for ignition-math6 -- found version 6.15.1
[2.897s] -- Looking for ignition-fuel_tools4 -- found version 4.4.0
[2.897s] -- Searching for dependencies of ignition-fuel_tools4
[3.094s] -- Found CURL: /usr/lib/x86_64-linux-gnu/libcurl.so (found version "7.81.0")
[3.102s] [0mCMake Deprecation Warning at /usr/lib/x86_64-linux-gnu/cmake/jsoncpp/jsoncppConfig.cmake:2 (cmake_policy):
[3.103s]   Compatibility with CMake < 3.5 will be removed from a future version of
[3.103s]   CMake.
[3.103s] 
[3.103s]   Update the VERSION argument <min> value or use a ...<max> suffix to tell
[3.103s]   CMake that the project does not need compatibility with older versions.
[3.103s] Call Stack (most recent call first):
[3.103s]   /usr/share/cmake/ignition-cmake2/cmake2/FindJSONCPP.cmake:34 (find_package)
[3.103s]   /usr/lib/x86_64-linux-gnu/cmake/ignition-fuel_tools4/ignition-fuel_tools4-config.cmake:94 (find_package)
[3.104s]   /usr/lib/x86_64-linux-gnu/cmake/gazebo/gazebo-config.cmake:251 (find_package)
[3.104s]   CMakeLists.txt:23 (find_package)
[3.104s] 
[3.104s] [0m
[3.122s] -- Checking for module 'jsoncpp'
[3.162s] --   Found jsoncpp, version 1.9.5
[3.218s] -- Found JSONCPP: TRUE
[3.244s] -- Checking for module 'libzip'
[3.272s] --   Found libzip, version 1.7.3
[3.362s] -- Found ZIP: TRUE
[3.363s] -- Looking for ignition-common3 -- found version 3.14.0
[3.364s] -- Looking for ignition-math6 -- found version 6.15.1
[3.366s] -- Looking for ignition-msgs5 -- found version 5.8.1
[3.381s] -- Found gazebo_ros_pkgs: 3.7.0 (/opt/ros/humble/share/gazebo_ros_pkgs/cmake)
[3.390s] -- Found geometry_msgs: 4.2.4 (/opt/ros/humble/share/geometry_msgs/cmake)
[3.483s] -- Found rosidl_generator_c: 3.1.5 (/opt/ros/humble/share/rosidl_generator_c/cmake)
[3.495s] -- Found rosidl_adapter: 3.1.5 (/opt/ros/humble/share/rosidl_adapter/cmake)
[3.517s] -- Found rosidl_generator_cpp: 3.1.5 (/opt/ros/humble/share/rosidl_generator_cpp/cmake)
[3.550s] -- Using all available rosidl_typesupport_c: rosidl_typesupport_fastrtps_c;rosidl_typesupport_introspection_c
[3.592s] -- Using all available rosidl_typesupport_cpp: rosidl_typesupport_fastrtps_cpp;rosidl_typesupport_introspection_cpp
[3.705s] -- Found nav_msgs: 4.2.4 (/opt/ros/humble/share/nav_msgs/cmake)
[3.765s] -- Found rclcpp: 16.0.10 (/opt/ros/humble/share/rclcpp/cmake)
[3.860s] -- Found rmw_implementation_cmake: 6.1.2 (/opt/ros/humble/share/rmw_implementation_cmake/cmake)
[3.865s] -- Found rmw_fastrtps_cpp: 6.2.7 (/opt/ros/humble/share/rmw_fastrtps_cpp/cmake)
[4.015s] -- Found OpenSSL: /usr/lib/x86_64-linux-gnu/libcrypto.so (found version "3.0.2")
[4.071s] -- Found FastRTPS: /opt/ros/humble/include
[4.158s] -- Using RMW implementation 'rmw_fastrtps_cpp' as default
[4.178s] -- Found Threads: TRUE
[4.290s] -- Found sensor_msgs: 4.2.4 (/opt/ros/humble/share/sensor_msgs/cmake)
[4.345s] -- Found tf2: 0.25.8 (/opt/ros/humble/share/tf2/cmake)
[4.472s] -- Configuring done (4.4s)
[4.585s] -- Generating done (0.1s)
[4.596s] -- Build files have been written to: /home/rokey/turtlebot3_ws/build/turtlebot3_gazebo
[4.619s] Invoked command in '/home/rokey/turtlebot3_ws/build/turtlebot3_gazebo' returned '0': CMAKE_PREFIX_PATH=${CMAKE_PREFIX_PATH}:/home/rokey/turtlebot3_ws/install/turtlebot3_teleop:/home/rokey/turtlebot3_ws/install/turtlebot3_example:/opt/ros/humble /usr/local/bin/cmake /home/rokey/turtlebot3_ws/src/turtlebot3_simulations/turtlebot3_gazebo -DAMENT_CMAKE_SYMLINK_INSTALL=1 -DCMAKE_INSTALL_PREFIX=/home/rokey/turtlebot3_ws/install/turtlebot3_gazebo
[4.622s] Invoking command in '/home/rokey/turtlebot3_ws/build/turtlebot3_gazebo': CMAKE_PREFIX_PATH=${CMAKE_PREFIX_PATH}:/home/rokey/turtlebot3_ws/install/turtlebot3_teleop:/home/rokey/turtlebot3_ws/install/turtlebot3_example:/opt/ros/humble /usr/local/bin/cmake --build /home/rokey/turtlebot3_ws/build/turtlebot3_gazebo -- -j8 -l8
[4.662s] [ 50%] [32mBuilding CXX object CMakeFiles/obstacle1.dir/models/turtlebot3_dqn_world/obstacle_plugin/obstacle1.cc.o[0m
[4.664s] [ 50%] [32mBuilding CXX object CMakeFiles/obstacles.dir/models/turtlebot3_dqn_world/obstacle_plugin/obstacles.cc.o[0m
[4.664s] [ 50%] [32mBuilding CXX object CMakeFiles/turtlebot3_drive.dir/src/turtlebot3_drive.cpp.o[0m
[4.664s] [ 50%] [32mBuilding CXX object CMakeFiles/obstacle2.dir/models/turtlebot3_dqn_world/obstacle_plugin/obstacle2.cc.o[0m
[32.256s] [ 62%] [32m[1mLinking CXX executable turtlebot3_drive[0m
[34.794s] [ 62%] Built target turtlebot3_drive
[39.468s] [ 75%] [32m[1mLinking CXX shared library libobstacle2.so[0m
[39.857s] [ 87%] [32m[1mLinking CXX shared library libobstacle1.so[0m
[40.216s] [100%] [32m[1mLinking CXX shared library libobstacles.so[0m
[40.938s] [100%] Built target obstacle1
[40.952s] [100%] Built target obstacle2
[40.960s] [100%] Built target obstacles
[41.014s] Invoked command in '/home/rokey/turtlebot3_ws/build/turtlebot3_gazebo' returned '0': CMAKE_PREFIX_PATH=${CMAKE_PREFIX_PATH}:/home/rokey/turtlebot3_ws/install/turtlebot3_teleop:/home/rokey/turtlebot3_ws/install/turtlebot3_example:/opt/ros/humble /usr/local/bin/cmake --build /home/rokey/turtlebot3_ws/build/turtlebot3_gazebo -- -j8 -l8
[41.029s] Invoking command in '/home/rokey/turtlebot3_ws/build/turtlebot3_gazebo': CMAKE_PREFIX_PATH=${CMAKE_PREFIX_PATH}:/home/rokey/turtlebot3_ws/install/turtlebot3_teleop:/home/rokey/turtlebot3_ws/install/turtlebot3_example:/opt/ros/humble /usr/local/bin/cmake --install /home/rokey/turtlebot3_ws/build/turtlebot3_gazebo
[41.044s] -- Install configuration: ""
[41.054s] -- Execute custom install script
[41.055s] -- Symlinking: /home/rokey/turtlebot3_ws/install/turtlebot3_gazebo/lib/turtlebot3_gazebo/turtlebot3_drive
[41.075s] -- Symlinking: /home/rokey/turtlebot3_ws/install/turtlebot3_gazebo/share/turtlebot3_gazebo//launch/empty_world.launch.py
[41.092s] -- Symlinking: /home/rokey/turtlebot3_ws/install/turtlebot3_gazebo/share/turtlebot3_gazebo//launch/robot_state_publisher.launch.py
[41.107s] -- Symlinking: /home/rokey/turtlebot3_ws/install/turtlebot3_gazebo/share/turtlebot3_gazebo//launch/spawn_turtlebot3.launch.py
[41.122s] -- Symlinking: /home/rokey/turtlebot3_ws/install/turtlebot3_gazebo/share/turtlebot3_gazebo//launch/turtlebot3_dqn_stage1.launch.py
[41.134s] -- Symlinking: /home/rokey/turtlebot3_ws/install/turtlebot3_gazebo/share/turtlebot3_gazebo//launch/turtlebot3_dqn_stage2.launch.py
[41.144s] -- Symlinking: /home/rokey/turtlebot3_ws/install/turtlebot3_gazebo/share/turtlebot3_gazebo//launch/turtlebot3_dqn_stage3.launch.py
[41.152s] -- Symlinking: /home/rokey/turtlebot3_ws/install/turtlebot3_gazebo/share/turtlebot3_gazebo//launch/turtlebot3_dqn_stage4.launch.py
[41.159s] -- Symlinking: /home/rokey/turtlebot3_ws/install/turtlebot3_gazebo/share/turtlebot3_gazebo//launch/turtlebot3_house.launch.py
[41.167s] -- Symlinking: /home/rokey/turtlebot3_ws/install/turtlebot3_gazebo/share/turtlebot3_gazebo//launch/turtlebot3_world.launch.py
[41.181s] -- Symlinking: /home/rokey/turtlebot3_ws/install/turtlebot3_gazebo/share/turtlebot3_gazebo//models/turtlebot3_burger/model-1_4.sdf
[41.191s] -- Symlinking: /home/rokey/turtlebot3_ws/install/turtlebot3_gazebo/share/turtlebot3_gazebo//models/turtlebot3_burger/model.config
[41.201s] -- Symlinking: /home/rokey/turtlebot3_ws/install/turtlebot3_gazebo/share/turtlebot3_gazebo//models/turtlebot3_burger/model.sdf
[41.215s] -- Symlinking: /home/rokey/turtlebot3_ws/install/turtlebot3_gazebo/share/turtlebot3_gazebo//models/turtlebot3_common/meshes/burger_base.dae
[41.226s] -- Symlinking: /home/rokey/turtlebot3_ws/install/turtlebot3_gazebo/share/turtlebot3_gazebo//models/turtlebot3_common/meshes/lds.dae
[41.237s] -- Symlinking: /home/rokey/turtlebot3_ws/install/turtlebot3_gazebo/share/turtlebot3_gazebo//models/turtlebot3_common/meshes/r200.dae
[41.244s] -- Symlinking: /home/rokey/turtlebot3_ws/install/turtlebot3_gazebo/share/turtlebot3_gazebo//models/turtlebot3_common/meshes/tire.dae
[41.256s] -- Symlinking: /home/rokey/turtlebot3_ws/install/turtlebot3_gazebo/share/turtlebot3_gazebo//models/turtlebot3_common/meshes/waffle_base.dae
[41.263s] -- Symlinking: /home/rokey/turtlebot3_ws/install/turtlebot3_gazebo/share/turtlebot3_gazebo//models/turtlebot3_common/meshes/waffle_pi_base.dae
[41.272s] -- Symlinking: /home/rokey/turtlebot3_ws/install/turtlebot3_gazebo/share/turtlebot3_gazebo//models/turtlebot3_common/model.config
[41.283s] -- Symlinking: /home/rokey/turtlebot3_ws/install/turtlebot3_gazebo/share/turtlebot3_gazebo//models/turtlebot3_dqn_world/goal_box/model.config
[41.294s] -- Symlinking: /home/rokey/turtlebot3_ws/install/turtlebot3_gazebo/share/turtlebot3_gazebo//models/turtlebot3_dqn_world/goal_box/model.sdf
[41.300s] -- Symlinking: /home/rokey/turtlebot3_ws/install/turtlebot3_gazebo/share/turtlebot3_gazebo//models/turtlebot3_dqn_world/inner_walls/model.config
[41.306s] -- Symlinking: /home/rokey/turtlebot3_ws/install/turtlebot3_gazebo/share/turtlebot3_gazebo//models/turtlebot3_dqn_world/inner_walls/model.sdf
[41.313s] -- Symlinking: /home/rokey/turtlebot3_ws/install/turtlebot3_gazebo/share/turtlebot3_gazebo//models/turtlebot3_dqn_world/model.config
[41.319s] -- Symlinking: /home/rokey/turtlebot3_ws/install/turtlebot3_gazebo/share/turtlebot3_gazebo//models/turtlebot3_dqn_world/model.sdf
[41.327s] -- Symlinking: /home/rokey/turtlebot3_ws/install/turtlebot3_gazebo/share/turtlebot3_gazebo//models/turtlebot3_dqn_world/obstacle1/model.config
[41.332s] -- Symlinking: /home/rokey/turtlebot3_ws/install/turtlebot3_gazebo/share/turtlebot3_gazebo//models/turtlebot3_dqn_world/obstacle1/model.sdf
[41.338s] -- Symlinking: /home/rokey/turtlebot3_ws/install/turtlebot3_gazebo/share/turtlebot3_gazebo//models/turtlebot3_dqn_world/obstacle2/model.config
[41.345s] -- Symlinking: /home/rokey/turtlebot3_ws/install/turtlebot3_gazebo/share/turtlebot3_gazebo//models/turtlebot3_dqn_world/obstacle2/model.sdf
[41.356s] -- Symlinking: /home/rokey/turtlebot3_ws/install/turtlebot3_gazebo/share/turtlebot3_gazebo//models/turtlebot3_dqn_world/obstacle_plugin/CMakeLists.txt
[41.360s] -- Symlinking: /home/rokey/turtlebot3_ws/install/turtlebot3_gazebo/share/turtlebot3_gazebo//models/turtlebot3_dqn_world/obstacle_plugin/obstacle1.cc
[41.369s] -- Symlinking: /home/rokey/turtlebot3_ws/install/turtlebot3_gazebo/share/turtlebot3_gazebo//models/turtlebot3_dqn_world/obstacle_plugin/obstacle2.cc
[41.378s] -- Symlinking: /home/rokey/turtlebot3_ws/install/turtlebot3_gazebo/share/turtlebot3_gazebo//models/turtlebot3_dqn_world/obstacle_plugin/obstacles.cc
[41.386s] -- Symlinking: /home/rokey/turtlebot3_ws/install/turtlebot3_gazebo/share/turtlebot3_gazebo//models/turtlebot3_dqn_world/obstacles/model.config
[41.395s] -- Symlinking: /home/rokey/turtlebot3_ws/install/turtlebot3_gazebo/share/turtlebot3_gazebo//models/turtlebot3_dqn_world/obstacles/model.sdf
[41.406s] -- Symlinking: /home/rokey/turtlebot3_ws/install/turtlebot3_gazebo/share/turtlebot3_gazebo//models/turtlebot3_house/model.config
[41.416s] -- Symlinking: /home/rokey/turtlebot3_ws/install/turtlebot3_gazebo/share/turtlebot3_gazebo//models/turtlebot3_house/model.sdf
[41.425s] -- Symlinking: /home/rokey/turtlebot3_ws/install/turtlebot3_gazebo/share/turtlebot3_gazebo//models/turtlebot3_waffle/model-1_4.sdf
[41.434s] -- Symlinking: /home/rokey/turtlebot3_ws/install/turtlebot3_gazebo/share/turtlebot3_gazebo//models/turtlebot3_waffle/model.config
[41.444s] -- Symlinking: /home/rokey/turtlebot3_ws/install/turtlebot3_gazebo/share/turtlebot3_gazebo//models/turtlebot3_waffle/model.sdf
[41.452s] -- Symlinking: /home/rokey/turtlebot3_ws/install/turtlebot3_gazebo/share/turtlebot3_gazebo//models/turtlebot3_waffle_pi/model-1_4_.sdf
[41.459s] -- Symlinking: /home/rokey/turtlebot3_ws/install/turtlebot3_gazebo/share/turtlebot3_gazebo//models/turtlebot3_waffle_pi/model.config
[41.466s] -- Symlinking: /home/rokey/turtlebot3_ws/install/turtlebot3_gazebo/share/turtlebot3_gazebo//models/turtlebot3_waffle_pi/model.sdf
[41.477s] -- Symlinking: /home/rokey/turtlebot3_ws/install/turtlebot3_gazebo/share/turtlebot3_gazebo//models/turtlebot3_world/meshes/hexagon.dae
[41.480s] -- Symlinking: /home/rokey/turtlebot3_ws/install/turtlebot3_gazebo/share/turtlebot3_gazebo//models/turtlebot3_world/meshes/wall.dae
[41.487s] -- Symlinking: /home/rokey/turtlebot3_ws/install/turtlebot3_gazebo/share/turtlebot3_gazebo//models/turtlebot3_world/model-1_4.sdf
[41.495s] -- Symlinking: /home/rokey/turtlebot3_ws/install/turtlebot3_gazebo/share/turtlebot3_gazebo//models/turtlebot3_world/model.config
[41.502s] -- Symlinking: /home/rokey/turtlebot3_ws/install/turtlebot3_gazebo/share/turtlebot3_gazebo//models/turtlebot3_world/model.sdf
[41.511s] -- Symlinking: /home/rokey/turtlebot3_ws/install/turtlebot3_gazebo/share/turtlebot3_gazebo//rviz/tb3_gazebo.rviz
[41.524s] -- Symlinking: /home/rokey/turtlebot3_ws/install/turtlebot3_gazebo/share/turtlebot3_gazebo//urdf/common_properties.urdf
[41.538s] -- Symlinking: /home/rokey/turtlebot3_ws/install/turtlebot3_gazebo/share/turtlebot3_gazebo//urdf/turtlebot3_burger.urdf
[41.553s] -- Symlinking: /home/rokey/turtlebot3_ws/install/turtlebot3_gazebo/share/turtlebot3_gazebo//urdf/turtlebot3_waffle.urdf
[41.571s] -- Symlinking: /home/rokey/turtlebot3_ws/install/turtlebot3_gazebo/share/turtlebot3_gazebo//urdf/turtlebot3_waffle_pi.urdf
[41.592s] -- Symlinking: /home/rokey/turtlebot3_ws/install/turtlebot3_gazebo/share/turtlebot3_gazebo//worlds/empty_world.world
[41.609s] -- Symlinking: /home/rokey/turtlebot3_ws/install/turtlebot3_gazebo/share/turtlebot3_gazebo//worlds/turtlebot3_dqn_stage1.world
[41.630s] -- Symlinking: /home/rokey/turtlebot3_ws/install/turtlebot3_gazebo/share/turtlebot3_gazebo//worlds/turtlebot3_dqn_stage2.world
[41.650s] -- Symlinking: /home/rokey/turtlebot3_ws/install/turtlebot3_gazebo/share/turtlebot3_gazebo//worlds/turtlebot3_dqn_stage3.world
[41.661s] -- Symlinking: /home/rokey/turtlebot3_ws/install/turtlebot3_gazebo/share/turtlebot3_gazebo//worlds/turtlebot3_dqn_stage4.world
[41.676s] -- Symlinking: /home/rokey/turtlebot3_ws/install/turtlebot3_gazebo/share/turtlebot3_gazebo//worlds/turtlebot3_house.world
[41.691s] -- Symlinking: /home/rokey/turtlebot3_ws/install/turtlebot3_gazebo/share/turtlebot3_gazebo//worlds/turtlebot3_world.world
[41.708s] -- Symlinking: /home/rokey/turtlebot3_ws/install/turtlebot3_gazebo/include//turtlebot3_gazebo/turtlebot3_drive.hpp
[41.723s] -- Symlinking: /home/rokey/turtlebot3_ws/install/turtlebot3_gazebo/share/ament_index/resource_index/package_run_dependencies/turtlebot3_gazebo
[41.740s] -- Symlinking: /home/rokey/turtlebot3_ws/install/turtlebot3_gazebo/share/ament_index/resource_index/parent_prefix_path/turtlebot3_gazebo
[41.755s] -- Symlinking: /home/rokey/turtlebot3_ws/install/turtlebot3_gazebo/share/turtlebot3_gazebo/environment/ament_prefix_path.sh
[41.769s] -- Symlinking: /home/rokey/turtlebot3_ws/install/turtlebot3_gazebo/share/turtlebot3_gazebo/environment/ament_prefix_path.dsv
[41.777s] -- Symlinking: /home/rokey/turtlebot3_ws/install/turtlebot3_gazebo/share/turtlebot3_gazebo/environment/path.sh
[41.784s] -- Symlinking: /home/rokey/turtlebot3_ws/install/turtlebot3_gazebo/share/turtlebot3_gazebo/environment/path.dsv
[41.800s] -- Symlinking: /home/rokey/turtlebot3_ws/install/turtlebot3_gazebo/share/turtlebot3_gazebo/local_setup.bash
[41.811s] -- Symlinking: /home/rokey/turtlebot3_ws/install/turtlebot3_gazebo/share/turtlebot3_gazebo/local_setup.sh
[41.827s] -- Symlinking: /home/rokey/turtlebot3_ws/install/turtlebot3_gazebo/share/turtlebot3_gazebo/local_setup.zsh
[41.836s] -- Symlinking: /home/rokey/turtlebot3_ws/install/turtlebot3_gazebo/share/turtlebot3_gazebo/local_setup.dsv
[41.848s] -- Symlinking: /home/rokey/turtlebot3_ws/install/turtlebot3_gazebo/share/turtlebot3_gazebo/package.dsv
[41.861s] -- Symlinking: /home/rokey/turtlebot3_ws/install/turtlebot3_gazebo/share/ament_index/resource_index/packages/turtlebot3_gazebo
[41.874s] -- Symlinking: /home/rokey/turtlebot3_ws/install/turtlebot3_gazebo/share/turtlebot3_gazebo/cmake/ament_cmake_export_include_directories-extras.cmake
[41.887s] -- Symlinking: /home/rokey/turtlebot3_ws/install/turtlebot3_gazebo/share/turtlebot3_gazebo/cmake/ament_cmake_export_dependencies-extras.cmake
[41.900s] -- Symlinking: /home/rokey/turtlebot3_ws/install/turtlebot3_gazebo/share/turtlebot3_gazebo/cmake/turtlebot3_gazeboConfig.cmake
[41.911s] -- Symlinking: /home/rokey/turtlebot3_ws/install/turtlebot3_gazebo/share/turtlebot3_gazebo/cmake/turtlebot3_gazeboConfig-version.cmake
[41.926s] -- Symlinking: /home/rokey/turtlebot3_ws/install/turtlebot3_gazebo/share/turtlebot3_gazebo/package.xml
[41.944s] Invoked command in '/home/rokey/turtlebot3_ws/build/turtlebot3_gazebo' returned '0': CMAKE_PREFIX_PATH=${CMAKE_PREFIX_PATH}:/home/rokey/turtlebot3_ws/install/turtlebot3_teleop:/home/rokey/turtlebot3_ws/install/turtlebot3_example:/opt/ros/humble /usr/local/bin/cmake --install /home/rokey/turtlebot3_ws/build/turtlebot3_gazebo
