running egg_info
writing ../../build/boxproject/boxproject.egg-info/PKG-INFO
writing dependency_links to ../../build/boxproject/boxproject.egg-info/dependency_links.txt
writing entry points to ../../build/boxproject/boxproject.egg-info/entry_points.txt
writing requirements to ../../build/boxproject/boxproject.egg-info/requires.txt
writing top-level names to ../../build/boxproject/boxproject.egg-info/top_level.txt
reading manifest file '../../build/boxproject/boxproject.egg-info/SOURCES.txt'
writing manifest file '../../build/boxproject/boxproject.egg-info/SOURCES.txt'
running build
running build_py
copying boxproject/GUI_node.py -> /home/yjh/Doosan/Real_project_ws/Week5/Week5Project_ws/build/boxproject/build/lib/boxproject
copying boxproject/web_camera_node.py -> /home/yjh/Doosan/Real_project_ws/Week5/Week5Project_ws/build/boxproject/build/lib/boxproject
copying boxproject/__init__.py -> /home/yjh/Doosan/Real_project_ws/Week5/Week5Project_ws/build/boxproject/build/lib/boxproject
running install
running install_lib
running install_data
copying resource/boxproject -> /home/yjh/Doosan/Real_project_ws/Week5/Week5Project_ws/install/boxproject/share/ament_index/resource_index/packages
copying package.xml -> /home/yjh/Doosan/Real_project_ws/Week5/Week5Project_ws/install/boxproject/share/boxproject
running install_egg_info
removing '/home/yjh/Doosan/Real_project_ws/Week5/Week5Project_ws/install/boxproject/lib/python3.10/site-packages/boxproject-0.0.0-py3.10.egg-info' (and everything under it)
Copying ../../build/boxproject/boxproject.egg-info to /home/yjh/Doosan/Real_project_ws/Week5/Week5Project_ws/install/boxproject/lib/python3.10/site-packages/boxproject-0.0.0-py3.10.egg-info
running install_scripts
Installing gui_node script to /home/yjh/Doosan/Real_project_ws/Week5/Week5Project_ws/install/boxproject/lib/boxproject
Installing webcam_node script to /home/yjh/Doosan/Real_project_ws/Week5/Week5Project_ws/install/boxproject/lib/boxproject
writing list of installed files to '/home/yjh/Doosan/Real_project_ws/Week5/Week5Project_ws/build/boxproject/install.log'
