[0.032s] Invoking command in '/home/rokey/turtlebot3_ws/src/build/turtlebot3_simulations': AMENT_PREFIX_PATH=/home/rokey/turtlebot3_ws/src/install/turtlebot3_gazebo:/home/rokey/turtlebot3_ws/src/install/turtlebot3_fake_node:${AMENT_PREFIX_PATH} CMAKE_PREFIX_PATH=/home/rokey/turtlebot3_ws/src/install/turtlebot3_gazebo:/home/rokey/turtlebot3_ws/src/install/turtlebot3_fake_node:/home/rokey/turtlebot3_ws/install/turtlebot3_simulations:/home/rokey/turtlebot3_ws/install/turtlebot3_gazebo:/home/rokey/turtlebot3_ws/install/turtlebot3_fake_node:/opt/ros/humble /usr/local/bin/cmake /home/rokey/turtlebot3_ws/src/turtlebot3_simulations/turtlebot3_simulations -DAMENT_CMAKE_SYMLINK_INSTALL=1 -DCMAKE_INSTALL_PREFIX=/home/rokey/turtlebot3_ws/src/install/turtlebot3_simulations
[0.242s] -- The C compiler identification is GNU 11.4.0
[0.390s] -- The CXX compiler identification is GNU 11.4.0
[0.414s] -- Detecting C compiler ABI info
[0.543s] -- Detecting C compiler ABI info - done
[0.572s] -- Check for working C compiler: /usr/bin/cc - skipped
[0.573s] -- Detecting C compile features
[0.574s] -- Detecting C compile features - done
[0.582s] -- Detecting CXX compiler ABI info
[0.702s] -- Detecting CXX compiler ABI info - done
[0.734s] -- Check for working CXX compiler: /usr/bin/c++ - skipped
[0.734s] -- Detecting CXX compile features
[0.735s] -- Detecting CXX compile features - done
[0.751s] -- Found ament_cmake: 1.3.10 (/opt/ros/humble/share/ament_cmake/cmake)
[1.082s] -- Found Python3: /usr/bin/python3 (found version "3.10.12") found components: Interpreter
[1.214s] -- Override CMake install command with custom implementation using symlinks instead of copying resources
[1.376s] -- Configuring done (1.3s)
[1.382s] -- Generating done (0.0s)
[1.382s] -- Build files have been written to: /home/rokey/turtlebot3_ws/src/build/turtlebot3_simulations
[1.389s] Invoked command in '/home/rokey/turtlebot3_ws/src/build/turtlebot3_simulations' returned '0': AMENT_PREFIX_PATH=/home/rokey/turtlebot3_ws/src/install/turtlebot3_gazebo:/home/rokey/turtlebot3_ws/src/install/turtlebot3_fake_node:${AMENT_PREFIX_PATH} CMAKE_PREFIX_PATH=/home/rokey/turtlebot3_ws/src/install/turtlebot3_gazebo:/home/rokey/turtlebot3_ws/src/install/turtlebot3_fake_node:/home/rokey/turtlebot3_ws/install/turtlebot3_simulations:/home/rokey/turtlebot3_ws/install/turtlebot3_gazebo:/home/rokey/turtlebot3_ws/install/turtlebot3_fake_node:/opt/ros/humble /usr/local/bin/cmake /home/rokey/turtlebot3_ws/src/turtlebot3_simulations/turtlebot3_simulations -DAMENT_CMAKE_SYMLINK_INSTALL=1 -DCMAKE_INSTALL_PREFIX=/home/rokey/turtlebot3_ws/src/install/turtlebot3_simulations
[1.392s] Invoking command in '/home/rokey/turtlebot3_ws/src/build/turtlebot3_simulations': AMENT_PREFIX_PATH=/home/rokey/turtlebot3_ws/src/install/turtlebot3_gazebo:/home/rokey/turtlebot3_ws/src/install/turtlebot3_fake_node:${AMENT_PREFIX_PATH} CMAKE_PREFIX_PATH=/home/rokey/turtlebot3_ws/src/install/turtlebot3_gazebo:/home/rokey/turtlebot3_ws/src/install/turtlebot3_fake_node:/home/rokey/turtlebot3_ws/install/turtlebot3_simulations:/home/rokey/turtlebot3_ws/install/turtlebot3_gazebo:/home/rokey/turtlebot3_ws/install/turtlebot3_fake_node:/opt/ros/humble /usr/local/bin/cmake --build /home/rokey/turtlebot3_ws/src/build/turtlebot3_simulations -- -j8 -l8
[1.414s] Invoked command in '/home/rokey/turtlebot3_ws/src/build/turtlebot3_simulations' returned '0': AMENT_PREFIX_PATH=/home/rokey/turtlebot3_ws/src/install/turtlebot3_gazebo:/home/rokey/turtlebot3_ws/src/install/turtlebot3_fake_node:${AMENT_PREFIX_PATH} CMAKE_PREFIX_PATH=/home/rokey/turtlebot3_ws/src/install/turtlebot3_gazebo:/home/rokey/turtlebot3_ws/src/install/turtlebot3_fake_node:/home/rokey/turtlebot3_ws/install/turtlebot3_simulations:/home/rokey/turtlebot3_ws/install/turtlebot3_gazebo:/home/rokey/turtlebot3_ws/install/turtlebot3_fake_node:/opt/ros/humble /usr/local/bin/cmake --build /home/rokey/turtlebot3_ws/src/build/turtlebot3_simulations -- -j8 -l8
[1.433s] Invoking command in '/home/rokey/turtlebot3_ws/src/build/turtlebot3_simulations': AMENT_PREFIX_PATH=/home/rokey/turtlebot3_ws/src/install/turtlebot3_gazebo:/home/rokey/turtlebot3_ws/src/install/turtlebot3_fake_node:${AMENT_PREFIX_PATH} CMAKE_PREFIX_PATH=/home/rokey/turtlebot3_ws/src/install/turtlebot3_gazebo:/home/rokey/turtlebot3_ws/src/install/turtlebot3_fake_node:/home/rokey/turtlebot3_ws/install/turtlebot3_simulations:/home/rokey/turtlebot3_ws/install/turtlebot3_gazebo:/home/rokey/turtlebot3_ws/install/turtlebot3_fake_node:/opt/ros/humble /usr/local/bin/cmake --install /home/rokey/turtlebot3_ws/src/build/turtlebot3_simulations
[1.437s] -- Install configuration: ""
[1.438s] -- Execute custom install script
[1.438s] -- Symlinking: /home/rokey/turtlebot3_ws/src/install/turtlebot3_simulations/share/ament_index/resource_index/package_run_dependencies/turtlebot3_simulations
[1.445s] -- Symlinking: /home/rokey/turtlebot3_ws/src/install/turtlebot3_simulations/share/ament_index/resource_index/parent_prefix_path/turtlebot3_simulations
[1.450s] -- Symlinking: /home/rokey/turtlebot3_ws/src/install/turtlebot3_simulations/share/turtlebot3_simulations/environment/ament_prefix_path.sh
[1.456s] -- Symlinking: /home/rokey/turtlebot3_ws/src/install/turtlebot3_simulations/share/turtlebot3_simulations/environment/ament_prefix_path.dsv
[1.461s] -- Symlinking: /home/rokey/turtlebot3_ws/src/install/turtlebot3_simulations/share/turtlebot3_simulations/environment/path.sh
[1.466s] -- Symlinking: /home/rokey/turtlebot3_ws/src/install/turtlebot3_simulations/share/turtlebot3_simulations/environment/path.dsv
[1.472s] -- Symlinking: /home/rokey/turtlebot3_ws/src/install/turtlebot3_simulations/share/turtlebot3_simulations/local_setup.bash
[1.480s] -- Symlinking: /home/rokey/turtlebot3_ws/src/install/turtlebot3_simulations/share/turtlebot3_simulations/local_setup.sh
[1.490s] -- Symlinking: /home/rokey/turtlebot3_ws/src/install/turtlebot3_simulations/share/turtlebot3_simulations/local_setup.zsh
[1.503s] -- Symlinking: /home/rokey/turtlebot3_ws/src/install/turtlebot3_simulations/share/turtlebot3_simulations/local_setup.dsv
[1.518s] -- Symlinking: /home/rokey/turtlebot3_ws/src/install/turtlebot3_simulations/share/turtlebot3_simulations/package.dsv
[1.528s] -- Symlinking: /home/rokey/turtlebot3_ws/src/install/turtlebot3_simulations/share/ament_index/resource_index/packages/turtlebot3_simulations
[1.536s] -- Symlinking: /home/rokey/turtlebot3_ws/src/install/turtlebot3_simulations/share/turtlebot3_simulations/cmake/turtlebot3_simulationsConfig.cmake
[1.544s] -- Symlinking: /home/rokey/turtlebot3_ws/src/install/turtlebot3_simulations/share/turtlebot3_simulations/cmake/turtlebot3_simulationsConfig-version.cmake
[1.551s] -- Symlinking: /home/rokey/turtlebot3_ws/src/install/turtlebot3_simulations/share/turtlebot3_simulations/package.xml
[1.562s] Invoked command in '/home/rokey/turtlebot3_ws/src/build/turtlebot3_simulations' returned '0': AMENT_PREFIX_PATH=/home/rokey/turtlebot3_ws/src/install/turtlebot3_gazebo:/home/rokey/turtlebot3_ws/src/install/turtlebot3_fake_node:${AMENT_PREFIX_PATH} CMAKE_PREFIX_PATH=/home/rokey/turtlebot3_ws/src/install/turtlebot3_gazebo:/home/rokey/turtlebot3_ws/src/install/turtlebot3_fake_node:/home/rokey/turtlebot3_ws/install/turtlebot3_simulations:/home/rokey/turtlebot3_ws/install/turtlebot3_gazebo:/home/rokey/turtlebot3_ws/install/turtlebot3_fake_node:/opt/ros/humble /usr/local/bin/cmake --install /home/rokey/turtlebot3_ws/src/build/turtlebot3_simulations
