[0.008s] Invoking command in '/home/juwon/Week5Project_ws/src/build/boxproject_interfaces': CMAKE_PREFIX_PATH=${CMAKE_PREFIX_PATH}:/home/juwon/Week5Project_ws/src/install/boxproject:/home/juwon/Week5Project_ws/install/boxproject:/opt/ros/humble /usr/bin/cmake --build /home/juwon/Week5Project_ws/src/build/boxproject_interfaces -- -j6 -l6
[0.046s] [35m[1mConsolidate compiler generated dependencies of target boxproject_interfaces__rosidl_generator_c[0m
[0.056s] [  6%] Built target boxproject_interfaces__cpp
[0.056s] [ 12%] Built target boxproject_interfaces__rosidl_generator_c
[0.066s] [35m[1mConsolidate compiler generated dependencies of target boxproject_interfaces__rosidl_typesupport_cpp[0m
[0.068s] [35m[1mConsolidate compiler generated dependencies of target boxproject_interfaces__rosidl_typesupport_fastrtps_c[0m
[0.068s] [35m[1mConsolidate compiler generated dependencies of target boxproject_interfaces__rosidl_typesupport_introspection_c[0m
[0.068s] [35m[1mConsolidate compiler generated dependencies of target boxproject_interfaces__rosidl_typesupport_c[0m
[0.068s] [ 12%] Built target ament_cmake_python_copy_boxproject_interfaces
[0.077s] [35m[1mConsolidate compiler generated dependencies of target boxproject_interfaces__rosidl_typesupport_fastrtps_cpp[0m
[0.079s] [ 22%] Built target boxproject_interfaces__rosidl_typesupport_introspection_c
[0.079s] [ 32%] Built target boxproject_interfaces__rosidl_typesupport_cpp
[0.082s] [ 41%] Built target boxproject_interfaces__rosidl_typesupport_fastrtps_c
[0.082s] [ 51%] Built target boxproject_interfaces__rosidl_typesupport_c
[0.083s] [35m[1mConsolidate compiler generated dependencies of target boxproject_interfaces__rosidl_typesupport_introspection_cpp[0m
[0.092s] [ 61%] Built target boxproject_interfaces__rosidl_typesupport_fastrtps_cpp
[0.095s] [ 70%] Built target boxproject_interfaces__rosidl_typesupport_introspection_cpp
[0.115s] [ 70%] Built target boxproject_interfaces
[0.137s] [ 74%] Built target boxproject_interfaces__py
[0.146s] [35m[1mConsolidate compiler generated dependencies of target boxproject_interfaces__rosidl_generator_py[0m
[0.158s] [ 80%] Built target boxproject_interfaces__rosidl_generator_py
[0.168s] [35m[1mConsolidate compiler generated dependencies of target boxproject_interfaces__rosidl_typesupport_fastrtps_c__pyext[0m
[0.170s] [35m[1mConsolidate compiler generated dependencies of target boxproject_interfaces__rosidl_typesupport_c__pyext[0m
[0.170s] [35m[1mConsolidate compiler generated dependencies of target boxproject_interfaces__rosidl_typesupport_introspection_c__pyext[0m
[0.182s] [ 87%] Built target boxproject_interfaces__rosidl_typesupport_fastrtps_c__pyext
[0.182s] [ 93%] Built target boxproject_interfaces__rosidl_typesupport_c__pyext
[0.182s] [100%] Built target boxproject_interfaces__rosidl_typesupport_introspection_c__pyext
[0.223s] running egg_info
[0.223s] writing boxproject_interfaces.egg-info/PKG-INFO
[0.223s] writing dependency_links to boxproject_interfaces.egg-info/dependency_links.txt
[0.223s] writing top-level names to boxproject_interfaces.egg-info/top_level.txt
[0.225s] reading manifest file 'boxproject_interfaces.egg-info/SOURCES.txt'
[0.225s] writing manifest file 'boxproject_interfaces.egg-info/SOURCES.txt'
[0.248s] [100%] Built target ament_cmake_python_build_boxproject_interfaces_egg
[0.259s] Invoked command in '/home/juwon/Week5Project_ws/src/build/boxproject_interfaces' returned '0': CMAKE_PREFIX_PATH=${CMAKE_PREFIX_PATH}:/home/juwon/Week5Project_ws/src/install/boxproject:/home/juwon/Week5Project_ws/install/boxproject:/opt/ros/humble /usr/bin/cmake --build /home/juwon/Week5Project_ws/src/build/boxproject_interfaces -- -j6 -l6
[0.270s] Invoking command in '/home/juwon/Week5Project_ws/src/build/boxproject_interfaces': CMAKE_PREFIX_PATH=${CMAKE_PREFIX_PATH}:/home/juwon/Week5Project_ws/src/install/boxproject:/home/juwon/Week5Project_ws/install/boxproject:/opt/ros/humble /usr/bin/cmake --install /home/juwon/Week5Project_ws/src/build/boxproject_interfaces
[0.276s] -- Install configuration: ""
[0.276s] -- Up-to-date: /home/juwon/Week5Project_ws/src/install/boxproject_interfaces/share/ament_index/resource_index/rosidl_interfaces/boxproject_interfaces
[0.276s] -- Up-to-date: /home/juwon/Week5Project_ws/src/install/boxproject_interfaces/include/boxproject_interfaces/boxproject_interfaces
[0.276s] -- Up-to-date: /home/juwon/Week5Project_ws/src/install/boxproject_interfaces/include/boxproject_interfaces/boxproject_interfaces/msg
[0.276s] -- Up-to-date: /home/juwon/Week5Project_ws/src/install/boxproject_interfaces/include/boxproject_interfaces/boxproject_interfaces/msg/rosidl_generator_c__visibility_control.h
[0.276s] -- Up-to-date: /home/juwon/Week5Project_ws/src/install/boxproject_interfaces/include/boxproject_interfaces/boxproject_interfaces/action
[0.277s] -- Up-to-date: /home/juwon/Week5Project_ws/src/install/boxproject_interfaces/include/boxproject_interfaces/boxproject_interfaces/action/task_action.h
[0.277s] -- Up-to-date: /home/juwon/Week5Project_ws/src/install/boxproject_interfaces/include/boxproject_interfaces/boxproject_interfaces/action/detail
[0.277s] -- Up-to-date: /home/juwon/Week5Project_ws/src/install/boxproject_interfaces/include/boxproject_interfaces/boxproject_interfaces/action/detail/task_action__functions.h
[0.277s] -- Up-to-date: /home/juwon/Week5Project_ws/src/install/boxproject_interfaces/include/boxproject_interfaces/boxproject_interfaces/action/detail/task_action__type_support.h
[0.277s] -- Up-to-date: /home/juwon/Week5Project_ws/src/install/boxproject_interfaces/include/boxproject_interfaces/boxproject_interfaces/action/detail/task_action__functions.c
[0.277s] -- Up-to-date: /home/juwon/Week5Project_ws/src/install/boxproject_interfaces/include/boxproject_interfaces/boxproject_interfaces/action/detail/task_action__struct.h
[0.277s] -- Up-to-date: /home/juwon/Week5Project_ws/src/install/boxproject_interfaces/share/boxproject_interfaces/environment/library_path.sh
[0.277s] -- Up-to-date: /home/juwon/Week5Project_ws/src/install/boxproject_interfaces/share/boxproject_interfaces/environment/library_path.dsv
[0.277s] -- Up-to-date: /home/juwon/Week5Project_ws/src/install/boxproject_interfaces/lib/libboxproject_interfaces__rosidl_generator_c.so
[0.277s] -- Up-to-date: /home/juwon/Week5Project_ws/src/install/boxproject_interfaces/include/boxproject_interfaces/boxproject_interfaces
[0.277s] -- Up-to-date: /home/juwon/Week5Project_ws/src/install/boxproject_interfaces/include/boxproject_interfaces/boxproject_interfaces/msg
[0.277s] -- Up-to-date: /home/juwon/Week5Project_ws/src/install/boxproject_interfaces/include/boxproject_interfaces/boxproject_interfaces/msg/rosidl_typesupport_fastrtps_c__visibility_control.h
[0.277s] -- Up-to-date: /home/juwon/Week5Project_ws/src/install/boxproject_interfaces/include/boxproject_interfaces/boxproject_interfaces/action
[0.277s] -- Up-to-date: /home/juwon/Week5Project_ws/src/install/boxproject_interfaces/include/boxproject_interfaces/boxproject_interfaces/action/detail
[0.277s] -- Up-to-date: /home/juwon/Week5Project_ws/src/install/boxproject_interfaces/include/boxproject_interfaces/boxproject_interfaces/action/detail/task_action__rosidl_typesupport_fastrtps_c.h
[0.277s] -- Up-to-date: /home/juwon/Week5Project_ws/src/install/boxproject_interfaces/lib/libboxproject_interfaces__rosidl_typesupport_fastrtps_c.so
[0.277s] -- Up-to-date: /home/juwon/Week5Project_ws/src/install/boxproject_interfaces/include/boxproject_interfaces/boxproject_interfaces
[0.277s] -- Up-to-date: /home/juwon/Week5Project_ws/src/install/boxproject_interfaces/include/boxproject_interfaces/boxproject_interfaces/msg
[0.277s] -- Up-to-date: /home/juwon/Week5Project_ws/src/install/boxproject_interfaces/include/boxproject_interfaces/boxproject_interfaces/msg/rosidl_typesupport_introspection_c__visibility_control.h
[0.277s] -- Up-to-date: /home/juwon/Week5Project_ws/src/install/boxproject_interfaces/include/boxproject_interfaces/boxproject_interfaces/action
[0.277s] -- Up-to-date: /home/juwon/Week5Project_ws/src/install/boxproject_interfaces/include/boxproject_interfaces/boxproject_interfaces/action/detail
[0.277s] -- Up-to-date: /home/juwon/Week5Project_ws/src/install/boxproject_interfaces/include/boxproject_interfaces/boxproject_interfaces/action/detail/task_action__rosidl_typesupport_introspection_c.h
[0.277s] -- Up-to-date: /home/juwon/Week5Project_ws/src/install/boxproject_interfaces/include/boxproject_interfaces/boxproject_interfaces/action/detail/task_action__type_support.c
[0.277s] -- Up-to-date: /home/juwon/Week5Project_ws/src/install/boxproject_interfaces/lib/libboxproject_interfaces__rosidl_typesupport_introspection_c.so
[0.277s] -- Up-to-date: /home/juwon/Week5Project_ws/src/install/boxproject_interfaces/lib/libboxproject_interfaces__rosidl_typesupport_c.so
[0.278s] -- Up-to-date: /home/juwon/Week5Project_ws/src/install/boxproject_interfaces/include/boxproject_interfaces/boxproject_interfaces
[0.278s] -- Up-to-date: /home/juwon/Week5Project_ws/src/install/boxproject_interfaces/include/boxproject_interfaces/boxproject_interfaces/action
[0.278s] -- Up-to-date: /home/juwon/Week5Project_ws/src/install/boxproject_interfaces/include/boxproject_interfaces/boxproject_interfaces/action/task_action.hpp
[0.278s] -- Up-to-date: /home/juwon/Week5Project_ws/src/install/boxproject_interfaces/include/boxproject_interfaces/boxproject_interfaces/action/detail
[0.278s] -- Up-to-date: /home/juwon/Week5Project_ws/src/install/boxproject_interfaces/include/boxproject_interfaces/boxproject_interfaces/action/detail/task_action__builder.hpp
[0.278s] -- Up-to-date: /home/juwon/Week5Project_ws/src/install/boxproject_interfaces/include/boxproject_interfaces/boxproject_interfaces/action/detail/task_action__struct.hpp
[0.278s] -- Up-to-date: /home/juwon/Week5Project_ws/src/install/boxproject_interfaces/include/boxproject_interfaces/boxproject_interfaces/action/detail/task_action__traits.hpp
[0.278s] -- Up-to-date: /home/juwon/Week5Project_ws/src/install/boxproject_interfaces/include/boxproject_interfaces/boxproject_interfaces
[0.278s] -- Up-to-date: /home/juwon/Week5Project_ws/src/install/boxproject_interfaces/include/boxproject_interfaces/boxproject_interfaces/msg
[0.278s] -- Up-to-date: /home/juwon/Week5Project_ws/src/install/boxproject_interfaces/include/boxproject_interfaces/boxproject_interfaces/msg/rosidl_typesupport_fastrtps_cpp__visibility_control.h
[0.278s] -- Up-to-date: /home/juwon/Week5Project_ws/src/install/boxproject_interfaces/include/boxproject_interfaces/boxproject_interfaces/action
[0.278s] -- Up-to-date: /home/juwon/Week5Project_ws/src/install/boxproject_interfaces/include/boxproject_interfaces/boxproject_interfaces/action/detail
[0.278s] -- Up-to-date: /home/juwon/Week5Project_ws/src/install/boxproject_interfaces/include/boxproject_interfaces/boxproject_interfaces/action/detail/dds_fastrtps
[0.278s] -- Up-to-date: /home/juwon/Week5Project_ws/src/install/boxproject_interfaces/include/boxproject_interfaces/boxproject_interfaces/action/detail/task_action__rosidl_typesupport_fastrtps_cpp.hpp
[0.278s] -- Up-to-date: /home/juwon/Week5Project_ws/src/install/boxproject_interfaces/lib/libboxproject_interfaces__rosidl_typesupport_fastrtps_cpp.so
[0.278s] -- Up-to-date: /home/juwon/Week5Project_ws/src/install/boxproject_interfaces/include/boxproject_interfaces/boxproject_interfaces
[0.278s] -- Up-to-date: /home/juwon/Week5Project_ws/src/install/boxproject_interfaces/include/boxproject_interfaces/boxproject_interfaces/action
[0.278s] -- Up-to-date: /home/juwon/Week5Project_ws/src/install/boxproject_interfaces/include/boxproject_interfaces/boxproject_interfaces/action/detail
[0.278s] -- Up-to-date: /home/juwon/Week5Project_ws/src/install/boxproject_interfaces/include/boxproject_interfaces/boxproject_interfaces/action/detail/task_action__rosidl_typesupport_introspection_cpp.hpp
[0.278s] -- Up-to-date: /home/juwon/Week5Project_ws/src/install/boxproject_interfaces/include/boxproject_interfaces/boxproject_interfaces/action/detail/task_action__type_support.cpp
[0.278s] -- Up-to-date: /home/juwon/Week5Project_ws/src/install/boxproject_interfaces/lib/libboxproject_interfaces__rosidl_typesupport_introspection_cpp.so
[0.278s] -- Up-to-date: /home/juwon/Week5Project_ws/src/install/boxproject_interfaces/lib/libboxproject_interfaces__rosidl_typesupport_cpp.so
[0.279s] -- Up-to-date: /home/juwon/Week5Project_ws/src/install/boxproject_interfaces/share/boxproject_interfaces/environment/pythonpath.sh
[0.279s] -- Up-to-date: /home/juwon/Week5Project_ws/src/install/boxproject_interfaces/share/boxproject_interfaces/environment/pythonpath.dsv
[0.279s] -- Up-to-date: /home/juwon/Week5Project_ws/src/install/boxproject_interfaces/local/lib/python3.10/dist-packages/boxproject_interfaces-0.0.0-py3.10.egg-info
[0.279s] -- Installing: /home/juwon/Week5Project_ws/src/install/boxproject_interfaces/local/lib/python3.10/dist-packages/boxproject_interfaces-0.0.0-py3.10.egg-info/top_level.txt
[0.279s] -- Installing: /home/juwon/Week5Project_ws/src/install/boxproject_interfaces/local/lib/python3.10/dist-packages/boxproject_interfaces-0.0.0-py3.10.egg-info/dependency_links.txt
[0.279s] -- Installing: /home/juwon/Week5Project_ws/src/install/boxproject_interfaces/local/lib/python3.10/dist-packages/boxproject_interfaces-0.0.0-py3.10.egg-info/PKG-INFO
[0.279s] -- Installing: /home/juwon/Week5Project_ws/src/install/boxproject_interfaces/local/lib/python3.10/dist-packages/boxproject_interfaces-0.0.0-py3.10.egg-info/SOURCES.txt
[0.279s] -- Up-to-date: /home/juwon/Week5Project_ws/src/install/boxproject_interfaces/local/lib/python3.10/dist-packages/boxproject_interfaces
[0.279s] -- Up-to-date: /home/juwon/Week5Project_ws/src/install/boxproject_interfaces/local/lib/python3.10/dist-packages/boxproject_interfaces/_boxproject_interfaces_s.ep.rosidl_typesupport_introspection_c.c
[0.279s] -- Up-to-date: /home/juwon/Week5Project_ws/src/install/boxproject_interfaces/local/lib/python3.10/dist-packages/boxproject_interfaces/boxproject_interfaces_s__rosidl_typesupport_c.cpython-310-x86_64-linux-gnu.so
[0.279s] -- Up-to-date: /home/juwon/Week5Project_ws/src/install/boxproject_interfaces/local/lib/python3.10/dist-packages/boxproject_interfaces/_boxproject_interfaces_s.ep.rosidl_typesupport_fastrtps_c.c
[0.279s] -- Up-to-date: /home/juwon/Week5Project_ws/src/install/boxproject_interfaces/local/lib/python3.10/dist-packages/boxproject_interfaces/boxproject_interfaces_s__rosidl_typesupport_introspection_c.cpython-310-x86_64-linux-gnu.so
[0.279s] -- Up-to-date: /home/juwon/Week5Project_ws/src/install/boxproject_interfaces/local/lib/python3.10/dist-packages/boxproject_interfaces/libboxproject_interfaces__rosidl_generator_py.so
[0.279s] -- Up-to-date: /home/juwon/Week5Project_ws/src/install/boxproject_interfaces/local/lib/python3.10/dist-packages/boxproject_interfaces/__init__.py
[0.279s] -- Up-to-date: /home/juwon/Week5Project_ws/src/install/boxproject_interfaces/local/lib/python3.10/dist-packages/boxproject_interfaces/boxproject_interfaces_s__rosidl_typesupport_fastrtps_c.cpython-310-x86_64-linux-gnu.so
[0.279s] -- Up-to-date: /home/juwon/Week5Project_ws/src/install/boxproject_interfaces/local/lib/python3.10/dist-packages/boxproject_interfaces/action
[0.279s] -- Up-to-date: /home/juwon/Week5Project_ws/src/install/boxproject_interfaces/local/lib/python3.10/dist-packages/boxproject_interfaces/action/_task_action.py
[0.279s] -- Up-to-date: /home/juwon/Week5Project_ws/src/install/boxproject_interfaces/local/lib/python3.10/dist-packages/boxproject_interfaces/action/_task_action_s.c
[0.279s] -- Up-to-date: /home/juwon/Week5Project_ws/src/install/boxproject_interfaces/local/lib/python3.10/dist-packages/boxproject_interfaces/action/__init__.py
[0.280s] -- Up-to-date: /home/juwon/Week5Project_ws/src/install/boxproject_interfaces/local/lib/python3.10/dist-packages/boxproject_interfaces/_boxproject_interfaces_s.ep.rosidl_typesupport_c.c
[0.308s] Listing '/home/juwon/Week5Project_ws/src/install/boxproject_interfaces/local/lib/python3.10/dist-packages/boxproject_interfaces'...
[0.308s] Listing '/home/juwon/Week5Project_ws/src/install/boxproject_interfaces/local/lib/python3.10/dist-packages/boxproject_interfaces/action'...
[0.310s] -- Up-to-date: /home/juwon/Week5Project_ws/src/install/boxproject_interfaces/local/lib/python3.10/dist-packages/boxproject_interfaces/boxproject_interfaces_s__rosidl_typesupport_fastrtps_c.cpython-310-x86_64-linux-gnu.so
[0.311s] -- Up-to-date: /home/juwon/Week5Project_ws/src/install/boxproject_interfaces/local/lib/python3.10/dist-packages/boxproject_interfaces/boxproject_interfaces_s__rosidl_typesupport_introspection_c.cpython-310-x86_64-linux-gnu.so
[0.311s] -- Up-to-date: /home/juwon/Week5Project_ws/src/install/boxproject_interfaces/local/lib/python3.10/dist-packages/boxproject_interfaces/boxproject_interfaces_s__rosidl_typesupport_c.cpython-310-x86_64-linux-gnu.so
[0.311s] -- Up-to-date: /home/juwon/Week5Project_ws/src/install/boxproject_interfaces/lib/libboxproject_interfaces__rosidl_generator_py.so
[0.311s] -- Up-to-date: /home/juwon/Week5Project_ws/src/install/boxproject_interfaces/share/boxproject_interfaces/action/TaskAction.idl
[0.311s] -- Up-to-date: /home/juwon/Week5Project_ws/src/install/boxproject_interfaces/share/boxproject_interfaces/action/TaskAction.action
[0.311s] -- Up-to-date: /home/juwon/Week5Project_ws/src/install/boxproject_interfaces/share/ament_index/resource_index/package_run_dependencies/boxproject_interfaces
[0.311s] -- Up-to-date: /home/juwon/Week5Project_ws/src/install/boxproject_interfaces/share/ament_index/resource_index/parent_prefix_path/boxproject_interfaces
[0.311s] -- Up-to-date: /home/juwon/Week5Project_ws/src/install/boxproject_interfaces/share/boxproject_interfaces/environment/ament_prefix_path.sh
[0.311s] -- Up-to-date: /home/juwon/Week5Project_ws/src/install/boxproject_interfaces/share/boxproject_interfaces/environment/ament_prefix_path.dsv
[0.311s] -- Up-to-date: /home/juwon/Week5Project_ws/src/install/boxproject_interfaces/share/boxproject_interfaces/environment/path.sh
[0.311s] -- Up-to-date: /home/juwon/Week5Project_ws/src/install/boxproject_interfaces/share/boxproject_interfaces/environment/path.dsv
[0.311s] -- Up-to-date: /home/juwon/Week5Project_ws/src/install/boxproject_interfaces/share/boxproject_interfaces/local_setup.bash
[0.311s] -- Up-to-date: /home/juwon/Week5Project_ws/src/install/boxproject_interfaces/share/boxproject_interfaces/local_setup.sh
[0.312s] -- Up-to-date: /home/juwon/Week5Project_ws/src/install/boxproject_interfaces/share/boxproject_interfaces/local_setup.zsh
[0.312s] -- Up-to-date: /home/juwon/Week5Project_ws/src/install/boxproject_interfaces/share/boxproject_interfaces/local_setup.dsv
[0.312s] -- Installing: /home/juwon/Week5Project_ws/src/install/boxproject_interfaces/share/boxproject_interfaces/package.dsv
[0.312s] -- Up-to-date: /home/juwon/Week5Project_ws/src/install/boxproject_interfaces/share/ament_index/resource_index/packages/boxproject_interfaces
[0.312s] -- Up-to-date: /home/juwon/Week5Project_ws/src/install/boxproject_interfaces/share/boxproject_interfaces/cmake/export_boxproject_interfaces__rosidl_generator_cExport.cmake
[0.312s] -- Up-to-date: /home/juwon/Week5Project_ws/src/install/boxproject_interfaces/share/boxproject_interfaces/cmake/export_boxproject_interfaces__rosidl_generator_cExport-noconfig.cmake
[0.312s] -- Up-to-date: /home/juwon/Week5Project_ws/src/install/boxproject_interfaces/share/boxproject_interfaces/cmake/export_boxproject_interfaces__rosidl_typesupport_fastrtps_cExport.cmake
[0.312s] -- Up-to-date: /home/juwon/Week5Project_ws/src/install/boxproject_interfaces/share/boxproject_interfaces/cmake/export_boxproject_interfaces__rosidl_typesupport_fastrtps_cExport-noconfig.cmake
[0.312s] -- Up-to-date: /home/juwon/Week5Project_ws/src/install/boxproject_interfaces/share/boxproject_interfaces/cmake/boxproject_interfaces__rosidl_typesupport_introspection_cExport.cmake
[0.312s] -- Up-to-date: /home/juwon/Week5Project_ws/src/install/boxproject_interfaces/share/boxproject_interfaces/cmake/boxproject_interfaces__rosidl_typesupport_introspection_cExport-noconfig.cmake
[0.312s] -- Up-to-date: /home/juwon/Week5Project_ws/src/install/boxproject_interfaces/share/boxproject_interfaces/cmake/boxproject_interfaces__rosidl_typesupport_cExport.cmake
[0.312s] -- Up-to-date: /home/juwon/Week5Project_ws/src/install/boxproject_interfaces/share/boxproject_interfaces/cmake/boxproject_interfaces__rosidl_typesupport_cExport-noconfig.cmake
[0.312s] -- Up-to-date: /home/juwon/Week5Project_ws/src/install/boxproject_interfaces/share/boxproject_interfaces/cmake/export_boxproject_interfaces__rosidl_generator_cppExport.cmake
[0.312s] -- Up-to-date: /home/juwon/Week5Project_ws/src/install/boxproject_interfaces/share/boxproject_interfaces/cmake/export_boxproject_interfaces__rosidl_typesupport_fastrtps_cppExport.cmake
[0.312s] -- Up-to-date: /home/juwon/Week5Project_ws/src/install/boxproject_interfaces/share/boxproject_interfaces/cmake/export_boxproject_interfaces__rosidl_typesupport_fastrtps_cppExport-noconfig.cmake
[0.312s] -- Up-to-date: /home/juwon/Week5Project_ws/src/install/boxproject_interfaces/share/boxproject_interfaces/cmake/boxproject_interfaces__rosidl_typesupport_introspection_cppExport.cmake
[0.312s] -- Up-to-date: /home/juwon/Week5Project_ws/src/install/boxproject_interfaces/share/boxproject_interfaces/cmake/boxproject_interfaces__rosidl_typesupport_introspection_cppExport-noconfig.cmake
[0.312s] -- Up-to-date: /home/juwon/Week5Project_ws/src/install/boxproject_interfaces/share/boxproject_interfaces/cmake/boxproject_interfaces__rosidl_typesupport_cppExport.cmake
[0.312s] -- Up-to-date: /home/juwon/Week5Project_ws/src/install/boxproject_interfaces/share/boxproject_interfaces/cmake/boxproject_interfaces__rosidl_typesupport_cppExport-noconfig.cmake
[0.312s] -- Up-to-date: /home/juwon/Week5Project_ws/src/install/boxproject_interfaces/share/boxproject_interfaces/cmake/export_boxproject_interfaces__rosidl_generator_pyExport.cmake
[0.312s] -- Up-to-date: /home/juwon/Week5Project_ws/src/install/boxproject_interfaces/share/boxproject_interfaces/cmake/export_boxproject_interfaces__rosidl_generator_pyExport-noconfig.cmake
[0.312s] -- Up-to-date: /home/juwon/Week5Project_ws/src/install/boxproject_interfaces/share/boxproject_interfaces/cmake/rosidl_cmake-extras.cmake
[0.312s] -- Up-to-date: /home/juwon/Week5Project_ws/src/install/boxproject_interfaces/share/boxproject_interfaces/cmake/ament_cmake_export_dependencies-extras.cmake
[0.312s] -- Up-to-date: /home/juwon/Week5Project_ws/src/install/boxproject_interfaces/share/boxproject_interfaces/cmake/ament_cmake_export_include_directories-extras.cmake
[0.312s] -- Up-to-date: /home/juwon/Week5Project_ws/src/install/boxproject_interfaces/share/boxproject_interfaces/cmake/ament_cmake_export_libraries-extras.cmake
[0.312s] -- Up-to-date: /home/juwon/Week5Project_ws/src/install/boxproject_interfaces/share/boxproject_interfaces/cmake/ament_cmake_export_targets-extras.cmake
[0.312s] -- Up-to-date: /home/juwon/Week5Project_ws/src/install/boxproject_interfaces/share/boxproject_interfaces/cmake/rosidl_cmake_export_typesupport_targets-extras.cmake
[0.312s] -- Up-to-date: /home/juwon/Week5Project_ws/src/install/boxproject_interfaces/share/boxproject_interfaces/cmake/rosidl_cmake_export_typesupport_libraries-extras.cmake
[0.312s] -- Up-to-date: /home/juwon/Week5Project_ws/src/install/boxproject_interfaces/share/boxproject_interfaces/cmake/boxproject_interfacesConfig.cmake
[0.313s] -- Up-to-date: /home/juwon/Week5Project_ws/src/install/boxproject_interfaces/share/boxproject_interfaces/cmake/boxproject_interfacesConfig-version.cmake
[0.313s] -- Up-to-date: /home/juwon/Week5Project_ws/src/install/boxproject_interfaces/share/boxproject_interfaces/package.xml
[0.315s] Invoked command in '/home/juwon/Week5Project_ws/src/build/boxproject_interfaces' returned '0': CMAKE_PREFIX_PATH=${CMAKE_PREFIX_PATH}:/home/juwon/Week5Project_ws/src/install/boxproject:/home/juwon/Week5Project_ws/install/boxproject:/opt/ros/humble /usr/bin/cmake --install /home/juwon/Week5Project_ws/src/build/boxproject_interfaces
