[0.361s] Invoking command in '/home/juwon/Week5Project_ws/src/boxproject': AMENT_PREFIX_PATH=/home/juwon/Week5Project_ws/src/install/boxproject_interfaces:${AMENT_PREFIX_PATH} CMAKE_PREFIX_PATH=/home/juwon/Week5Project_ws/src/install/boxproject_interfaces LD_LIBRARY_PATH=/home/juwon/Week5Project_ws/src/install/boxproject_interfaces/lib:${LD_LIBRARY_PATH} PYTHONPATH=/home/juwon/Week5Project_ws/src/build/boxproject/prefix_override:/usr/lib/python3/dist-packages/colcon_core/task/python/colcon_distutils_commands:/home/juwon/Week5Project_ws/src/install/boxproject/lib/python3.10/site-packages:/home/juwon/Week5Project_ws/src/install/boxproject_interfaces/local/lib/python3.10/dist-packages:${PYTHONPATH} /usr/bin/python3 -W ignore:setup.py install is deprecated -W ignore:easy_install command is deprecated setup.py egg_info --egg-base ../build/boxproject build --build-base /home/juwon/Week5Project_ws/src/build/boxproject/build install --record /home/juwon/Week5Project_ws/src/build/boxproject/install.log --single-version-externally-managed install_data
[0.479s] running egg_info
[0.479s] writing ../build/boxproject/boxproject.egg-info/PKG-INFO
[0.481s] writing dependency_links to ../build/boxproject/boxproject.egg-info/dependency_links.txt
[0.481s] writing entry points to ../build/boxproject/boxproject.egg-info/entry_points.txt
[0.481s] writing requirements to ../build/boxproject/boxproject.egg-info/requires.txt
[0.481s] writing top-level names to ../build/boxproject/boxproject.egg-info/top_level.txt
[0.482s] reading manifest file '../build/boxproject/boxproject.egg-info/SOURCES.txt'
[0.483s] writing manifest file '../build/boxproject/boxproject.egg-info/SOURCES.txt'
[0.483s] running build
[0.483s] running build_py
[0.484s] copying boxproject/web_camera_node.py -> /home/juwon/Week5Project_ws/src/build/boxproject/build/lib/boxproject
[0.484s] copying boxproject/GUI_node.py -> /home/juwon/Week5Project_ws/src/build/boxproject/build/lib/boxproject
[0.485s] running install
[0.485s] running install_lib
[0.485s] copying /home/juwon/Week5Project_ws/src/build/boxproject/build/lib/boxproject/web_camera_node.py -> /home/juwon/Week5Project_ws/src/install/boxproject/lib/python3.10/site-packages/boxproject
[0.485s] copying /home/juwon/Week5Project_ws/src/build/boxproject/build/lib/boxproject/GUI_node.py -> /home/juwon/Week5Project_ws/src/install/boxproject/lib/python3.10/site-packages/boxproject
[0.485s] byte-compiling /home/juwon/Week5Project_ws/src/install/boxproject/lib/python3.10/site-packages/boxproject/web_camera_node.py to web_camera_node.cpython-310.pyc
[0.486s] byte-compiling /home/juwon/Week5Project_ws/src/install/boxproject/lib/python3.10/site-packages/boxproject/GUI_node.py to GUI_node.cpython-310.pyc
[0.488s] running install_data
[0.489s] running install_egg_info
[0.490s] removing '/home/juwon/Week5Project_ws/src/install/boxproject/lib/python3.10/site-packages/boxproject-0.0.0-py3.10.egg-info' (and everything under it)
[0.490s] Copying ../build/boxproject/boxproject.egg-info to /home/juwon/Week5Project_ws/src/install/boxproject/lib/python3.10/site-packages/boxproject-0.0.0-py3.10.egg-info
[0.491s] running install_scripts
[0.503s] Installing gui_node script to /home/juwon/Week5Project_ws/src/install/boxproject/lib/boxproject
[0.503s] Installing robot_arm_node script to /home/juwon/Week5Project_ws/src/install/boxproject/lib/boxproject
[0.503s] Installing robot_status script to /home/juwon/Week5Project_ws/src/install/boxproject/lib/boxproject
[0.503s] Installing webcam_node script to /home/juwon/Week5Project_ws/src/install/boxproject/lib/boxproject
[0.504s] writing list of installed files to '/home/juwon/Week5Project_ws/src/build/boxproject/install.log'
[0.518s] Invoked command in '/home/juwon/Week5Project_ws/src/boxproject' returned '0': AMENT_PREFIX_PATH=/home/juwon/Week5Project_ws/src/install/boxproject_interfaces:${AMENT_PREFIX_PATH} CMAKE_PREFIX_PATH=/home/juwon/Week5Project_ws/src/install/boxproject_interfaces LD_LIBRARY_PATH=/home/juwon/Week5Project_ws/src/install/boxproject_interfaces/lib:${LD_LIBRARY_PATH} PYTHONPATH=/home/juwon/Week5Project_ws/src/build/boxproject/prefix_override:/usr/lib/python3/dist-packages/colcon_core/task/python/colcon_distutils_commands:/home/juwon/Week5Project_ws/src/install/boxproject/lib/python3.10/site-packages:/home/juwon/Week5Project_ws/src/install/boxproject_interfaces/local/lib/python3.10/dist-packages:${PYTHONPATH} /usr/bin/python3 -W ignore:setup.py install is deprecated -W ignore:easy_install command is deprecated setup.py egg_info --egg-base ../build/boxproject build --build-base /home/juwon/Week5Project_ws/src/build/boxproject/build install --record /home/juwon/Week5Project_ws/src/build/boxproject/install.log --single-version-externally-managed install_data
