[0.172s] DEBUG:colcon:Command line arguments: ['/usr/bin/colcon', 'build', '--symlink-install']
[0.172s] DEBUG:colcon:Parsed command line arguments: Namespace(log_base=None, log_level=None, verb_name='build', build_base='build', install_base='install', merge_install=False, symlink_install=True, test_result_base=None, continue_on_error=False, executor='parallel', parallel_workers=8, event_handlers=None, ignore_user_meta=False, metas=['./colcon.meta'], base_paths=['.'], packages_ignore=None, packages_ignore_regex=None, paths=None, packages_up_to=None, packages_up_to_regex=None, packages_above=None, packages_above_and_dependencies=None, packages_above_depth=None, packages_select_by_dep=None, packages_skip_by_dep=None, packages_skip_up_to=None, packages_select_build_failed=False, packages_skip_build_finished=False, packages_select_test_failures=False, packages_skip_test_passed=False, packages_select=None, packages_skip=None, packages_select_regex=None, packages_skip_regex=None, packages_start=None, packages_end=None, allow_overriding=[], cmake_args=None, cmake_target=None, cmake_target_skip_unavailable=False, cmake_clean_cache=False, cmake_clean_first=False, cmake_force_configure=False, ament_cmake_args=None, catkin_cmake_args=None, catkin_skip_building_tests=False, verb_parser=<colcon_defaults.argument_parser.defaults.DefaultArgumentsDecorator object at 0x75adfdfc2350>, verb_extension=<colcon_core.verb.build.BuildVerb object at 0x75adfdfc1d80>, main=<bound method BuildVerb.main of <colcon_core.verb.build.BuildVerb object at 0x75adfdfc1d80>>)
[0.465s] Level 1:colcon.colcon_core.package_discovery:discover_packages(colcon_meta) check parameters
[0.465s] Level 1:colcon.colcon_core.package_discovery:discover_packages(recursive) check parameters
[0.465s] Level 1:colcon.colcon_core.package_discovery:discover_packages(ignore) check parameters
[0.465s] Level 1:colcon.colcon_core.package_discovery:discover_packages(path) check parameters
[0.465s] Level 1:colcon.colcon_core.package_discovery:discover_packages(colcon_meta) discover
[0.465s] Level 1:colcon.colcon_core.package_discovery:discover_packages(recursive) discover
[0.465s] INFO:colcon.colcon_core.package_discovery:Crawling recursively for packages in '/home/rokey/Documents/RokeyProjects/ServiceRobotProject/B5'
[0.465s] Level 1:colcon.colcon_core.package_identification:_identify(.) by extensions ['ignore', 'ignore_ament_install']
[0.465s] Level 1:colcon.colcon_core.package_identification:_identify(.) by extension 'ignore'
[0.465s] Level 1:colcon.colcon_core.package_identification:_identify(.) by extension 'ignore_ament_install'
[0.465s] Level 1:colcon.colcon_core.package_identification:_identify(.) by extensions ['colcon_pkg']
[0.465s] Level 1:colcon.colcon_core.package_identification:_identify(.) by extension 'colcon_pkg'
[0.466s] Level 1:colcon.colcon_core.package_identification:_identify(.) by extensions ['colcon_meta']
[0.466s] Level 1:colcon.colcon_core.package_identification:_identify(.) by extension 'colcon_meta'
[0.466s] Level 1:colcon.colcon_core.package_identification:_identify(.) by extensions ['ros']
[0.466s] Level 1:colcon.colcon_core.package_identification:_identify(.) by extension 'ros'
[0.477s] Level 1:colcon.colcon_core.package_identification:_identify(.) by extensions ['cmake', 'python']
[0.477s] Level 1:colcon.colcon_core.package_identification:_identify(.) by extension 'cmake'
[0.477s] Level 1:colcon.colcon_core.package_identification:_identify(.) by extension 'python'
[0.477s] Level 1:colcon.colcon_core.package_identification:_identify(.) by extensions ['python_setup_py']
[0.477s] Level 1:colcon.colcon_core.package_identification:_identify(.) by extension 'python_setup_py'
[0.477s] Level 1:colcon.colcon_core.package_identification:_identify(build) by extensions ['ignore', 'ignore_ament_install']
[0.477s] Level 1:colcon.colcon_core.package_identification:_identify(build) by extension 'ignore'
[0.478s] Level 1:colcon.colcon_core.package_identification:_identify(build) ignored
[0.478s] Level 1:colcon.colcon_core.package_identification:_identify(install) by extensions ['ignore', 'ignore_ament_install']
[0.478s] Level 1:colcon.colcon_core.package_identification:_identify(install) by extension 'ignore'
[0.478s] Level 1:colcon.colcon_core.package_identification:_identify(install) ignored
[0.478s] Level 1:colcon.colcon_core.package_identification:_identify(log) by extensions ['ignore', 'ignore_ament_install']
[0.478s] Level 1:colcon.colcon_core.package_identification:_identify(log) by extension 'ignore'
[0.478s] Level 1:colcon.colcon_core.package_identification:_identify(log) ignored
[0.478s] Level 1:colcon.colcon_core.package_identification:_identify(src) by extensions ['ignore', 'ignore_ament_install']
[0.478s] Level 1:colcon.colcon_core.package_identification:_identify(src) by extension 'ignore'
[0.478s] Level 1:colcon.colcon_core.package_identification:_identify(src) by extension 'ignore_ament_install'
[0.478s] Level 1:colcon.colcon_core.package_identification:_identify(src) by extensions ['colcon_pkg']
[0.478s] Level 1:colcon.colcon_core.package_identification:_identify(src) by extension 'colcon_pkg'
[0.478s] Level 1:colcon.colcon_core.package_identification:_identify(src) by extensions ['colcon_meta']
[0.478s] Level 1:colcon.colcon_core.package_identification:_identify(src) by extension 'colcon_meta'
[0.478s] Level 1:colcon.colcon_core.package_identification:_identify(src) by extensions ['ros']
[0.478s] Level 1:colcon.colcon_core.package_identification:_identify(src) by extension 'ros'
[0.479s] Level 1:colcon.colcon_core.package_identification:_identify(src) by extensions ['cmake', 'python']
[0.479s] Level 1:colcon.colcon_core.package_identification:_identify(src) by extension 'cmake'
[0.479s] Level 1:colcon.colcon_core.package_identification:_identify(src) by extension 'python'
[0.479s] Level 1:colcon.colcon_core.package_identification:_identify(src) by extensions ['python_setup_py']
[0.479s] Level 1:colcon.colcon_core.package_identification:_identify(src) by extension 'python_setup_py'
[0.479s] Level 1:colcon.colcon_core.package_identification:_identify(src/menu_order_interfaces) by extensions ['ignore', 'ignore_ament_install']
[0.479s] Level 1:colcon.colcon_core.package_identification:_identify(src/menu_order_interfaces) by extension 'ignore'
[0.479s] Level 1:colcon.colcon_core.package_identification:_identify(src/menu_order_interfaces) by extension 'ignore_ament_install'
[0.479s] Level 1:colcon.colcon_core.package_identification:_identify(src/menu_order_interfaces) by extensions ['colcon_pkg']
[0.479s] Level 1:colcon.colcon_core.package_identification:_identify(src/menu_order_interfaces) by extension 'colcon_pkg'
[0.479s] Level 1:colcon.colcon_core.package_identification:_identify(src/menu_order_interfaces) by extensions ['colcon_meta']
[0.479s] Level 1:colcon.colcon_core.package_identification:_identify(src/menu_order_interfaces) by extension 'colcon_meta'
[0.479s] Level 1:colcon.colcon_core.package_identification:_identify(src/menu_order_interfaces) by extensions ['ros']
[0.479s] Level 1:colcon.colcon_core.package_identification:_identify(src/menu_order_interfaces) by extension 'ros'
[0.483s] DEBUG:colcon.colcon_core.package_identification:Package 'src/menu_order_interfaces' with type 'ros.ament_cmake' and name 'menu_order_interfaces'
[0.483s] Level 1:colcon.colcon_core.package_identification:_identify(src/menu_order_project) by extensions ['ignore', 'ignore_ament_install']
[0.483s] Level 1:colcon.colcon_core.package_identification:_identify(src/menu_order_project) by extension 'ignore'
[0.483s] Level 1:colcon.colcon_core.package_identification:_identify(src/menu_order_project) by extension 'ignore_ament_install'
[0.483s] Level 1:colcon.colcon_core.package_identification:_identify(src/menu_order_project) by extensions ['colcon_pkg']
[0.483s] Level 1:colcon.colcon_core.package_identification:_identify(src/menu_order_project) by extension 'colcon_pkg'
[0.483s] Level 1:colcon.colcon_core.package_identification:_identify(src/menu_order_project) by extensions ['colcon_meta']
[0.483s] Level 1:colcon.colcon_core.package_identification:_identify(src/menu_order_project) by extension 'colcon_meta'
[0.484s] Level 1:colcon.colcon_core.package_identification:_identify(src/menu_order_project) by extensions ['ros']
[0.484s] Level 1:colcon.colcon_core.package_identification:_identify(src/menu_order_project) by extension 'ros'
[0.485s] DEBUG:colcon.colcon_core.package_identification:Package 'src/menu_order_project' with type 'ros.ament_python' and name 'menu_order_project'
[0.485s] Level 1:colcon.colcon_core.package_discovery:discover_packages(recursive) using defaults
[0.485s] Level 1:colcon.colcon_core.package_discovery:discover_packages(ignore) discover
[0.485s] Level 1:colcon.colcon_core.package_discovery:discover_packages(ignore) using defaults
[0.485s] Level 1:colcon.colcon_core.package_discovery:discover_packages(path) discover
[0.485s] Level 1:colcon.colcon_core.package_discovery:discover_packages(path) using defaults
[0.507s] Level 1:colcon.colcon_core.package_discovery:discover_packages(prefix_path) check parameters
[0.507s] Level 1:colcon.colcon_core.package_discovery:discover_packages(prefix_path) discover
[0.513s] DEBUG:colcon.colcon_installed_package_information.package_discovery:Found 2 installed packages in /home/rokey/Documents/RokeyProjects/ServiceRobotProject/B5/install
[0.513s] DEBUG:colcon.colcon_installed_package_information.package_discovery:Found 12 installed packages in /home/rokey/turtlebot3_ws/install
[0.515s] DEBUG:colcon.colcon_installed_package_information.package_discovery:Found 374 installed packages in /opt/ros/humble
[0.518s] Level 1:colcon.colcon_core.package_discovery:discover_packages(prefix_path) using defaults
[0.574s] Level 5:colcon.colcon_core.verb:set package 'menu_order_interfaces' build argument 'cmake_args' from command line to 'None'
[0.574s] Level 5:colcon.colcon_core.verb:set package 'menu_order_interfaces' build argument 'cmake_target' from command line to 'None'
[0.574s] Level 5:colcon.colcon_core.verb:set package 'menu_order_interfaces' build argument 'cmake_target_skip_unavailable' from command line to 'False'
[0.574s] Level 5:colcon.colcon_core.verb:set package 'menu_order_interfaces' build argument 'cmake_clean_cache' from command line to 'False'
[0.574s] Level 5:colcon.colcon_core.verb:set package 'menu_order_interfaces' build argument 'cmake_clean_first' from command line to 'False'
[0.574s] Level 5:colcon.colcon_core.verb:set package 'menu_order_interfaces' build argument 'cmake_force_configure' from command line to 'False'
[0.574s] Level 5:colcon.colcon_core.verb:set package 'menu_order_interfaces' build argument 'ament_cmake_args' from command line to 'None'
[0.574s] Level 5:colcon.colcon_core.verb:set package 'menu_order_interfaces' build argument 'catkin_cmake_args' from command line to 'None'
[0.574s] Level 5:colcon.colcon_core.verb:set package 'menu_order_interfaces' build argument 'catkin_skip_building_tests' from command line to 'False'
[0.574s] DEBUG:colcon.colcon_core.verb:Building package 'menu_order_interfaces' with the following arguments: {'ament_cmake_args': None, 'build_base': '/home/rokey/Documents/RokeyProjects/ServiceRobotProject/B5/build/menu_order_interfaces', 'catkin_cmake_args': None, 'catkin_skip_building_tests': False, 'cmake_args': None, 'cmake_clean_cache': False, 'cmake_clean_first': False, 'cmake_force_configure': False, 'cmake_target': None, 'cmake_target_skip_unavailable': False, 'install_base': '/home/rokey/Documents/RokeyProjects/ServiceRobotProject/B5/install/menu_order_interfaces', 'merge_install': False, 'path': '/home/rokey/Documents/RokeyProjects/ServiceRobotProject/B5/src/menu_order_interfaces', 'symlink_install': True, 'test_result_base': None}
[0.575s] Level 5:colcon.colcon_core.verb:set package 'menu_order_project' build argument 'cmake_args' from command line to 'None'
[0.575s] Level 5:colcon.colcon_core.verb:set package 'menu_order_project' build argument 'cmake_target' from command line to 'None'
[0.575s] Level 5:colcon.colcon_core.verb:set package 'menu_order_project' build argument 'cmake_target_skip_unavailable' from command line to 'False'
[0.575s] Level 5:colcon.colcon_core.verb:set package 'menu_order_project' build argument 'cmake_clean_cache' from command line to 'False'
[0.575s] Level 5:colcon.colcon_core.verb:set package 'menu_order_project' build argument 'cmake_clean_first' from command line to 'False'
[0.575s] Level 5:colcon.colcon_core.verb:set package 'menu_order_project' build argument 'cmake_force_configure' from command line to 'False'
[0.575s] Level 5:colcon.colcon_core.verb:set package 'menu_order_project' build argument 'ament_cmake_args' from command line to 'None'
[0.575s] Level 5:colcon.colcon_core.verb:set package 'menu_order_project' build argument 'catkin_cmake_args' from command line to 'None'
[0.575s] Level 5:colcon.colcon_core.verb:set package 'menu_order_project' build argument 'catkin_skip_building_tests' from command line to 'False'
[0.575s] DEBUG:colcon.colcon_core.verb:Building package 'menu_order_project' with the following arguments: {'ament_cmake_args': None, 'build_base': '/home/rokey/Documents/RokeyProjects/ServiceRobotProject/B5/build/menu_order_project', 'catkin_cmake_args': None, 'catkin_skip_building_tests': False, 'cmake_args': None, 'cmake_clean_cache': False, 'cmake_clean_first': False, 'cmake_force_configure': False, 'cmake_target': None, 'cmake_target_skip_unavailable': False, 'install_base': '/home/rokey/Documents/RokeyProjects/ServiceRobotProject/B5/install/menu_order_project', 'merge_install': False, 'path': '/home/rokey/Documents/RokeyProjects/ServiceRobotProject/B5/src/menu_order_project', 'symlink_install': True, 'test_result_base': None}
[0.575s] INFO:colcon.colcon_core.executor:Executing jobs using 'parallel' executor
[0.577s] DEBUG:colcon.colcon_parallel_executor.executor.parallel:run_until_complete
[0.577s] INFO:colcon.colcon_ros.task.ament_cmake.build:Building ROS package in '/home/rokey/Documents/RokeyProjects/ServiceRobotProject/B5/src/menu_order_interfaces' with build type 'ament_cmake'
[0.577s] INFO:colcon.colcon_cmake.task.cmake.build:Building CMake package in '/home/rokey/Documents/RokeyProjects/ServiceRobotProject/B5/src/menu_order_interfaces'
[0.580s] INFO:colcon.colcon_core.plugin_system:Skipping extension 'colcon_core.shell.bat': Not used on non-Windows systems
[0.580s] INFO:colcon.colcon_core.shell:Skip shell extension 'powershell' for command environment: Not usable outside of PowerShell
[0.580s] DEBUG:colcon.colcon_core.shell:Skip shell extension 'dsv' for command environment
[0.593s] DEBUG:colcon.colcon_core.event_handler.log_command:Invoking command in '/home/rokey/Documents/RokeyProjects/ServiceRobotProject/B5/build/menu_order_interfaces': CMAKE_PREFIX_PATH=${CMAKE_PREFIX_PATH}:/home/rokey/Documents/RokeyProjects/ServiceRobotProject/B5/install/menu_order_project:/home/rokey/turtlebot3_ws/install/turtlebot3_teleop:/home/rokey/turtlebot3_ws/install/turtlebot3_example:/opt/ros/humble /usr/local/bin/cmake --build /home/rokey/Documents/RokeyProjects/ServiceRobotProject/B5/build/menu_order_interfaces -- -j8 -l8
[9.587s] DEBUG:colcon.colcon_core.event_handler.log_command:Invoked command in '/home/rokey/Documents/RokeyProjects/ServiceRobotProject/B5/build/menu_order_interfaces' returned '0': CMAKE_PREFIX_PATH=${CMAKE_PREFIX_PATH}:/home/rokey/Documents/RokeyProjects/ServiceRobotProject/B5/install/menu_order_project:/home/rokey/turtlebot3_ws/install/turtlebot3_teleop:/home/rokey/turtlebot3_ws/install/turtlebot3_example:/opt/ros/humble /usr/local/bin/cmake --build /home/rokey/Documents/RokeyProjects/ServiceRobotProject/B5/build/menu_order_interfaces -- -j8 -l8
[9.684s] DEBUG:colcon.colcon_core.event_handler.log_command:Invoking command in '/home/rokey/Documents/RokeyProjects/ServiceRobotProject/B5/build/menu_order_interfaces': CMAKE_PREFIX_PATH=${CMAKE_PREFIX_PATH}:/home/rokey/Documents/RokeyProjects/ServiceRobotProject/B5/install/menu_order_project:/home/rokey/turtlebot3_ws/install/turtlebot3_teleop:/home/rokey/turtlebot3_ws/install/turtlebot3_example:/opt/ros/humble /usr/local/bin/cmake --install /home/rokey/Documents/RokeyProjects/ServiceRobotProject/B5/build/menu_order_interfaces
[9.774s] Level 1:colcon.colcon_core.environment:create_environment_scripts_only(menu_order_interfaces)
[9.775s] DEBUG:colcon.colcon_core.event_handler.log_command:Invoked command in '/home/rokey/Documents/RokeyProjects/ServiceRobotProject/B5/build/menu_order_interfaces' returned '0': CMAKE_PREFIX_PATH=${CMAKE_PREFIX_PATH}:/home/rokey/Documents/RokeyProjects/ServiceRobotProject/B5/install/menu_order_project:/home/rokey/turtlebot3_ws/install/turtlebot3_teleop:/home/rokey/turtlebot3_ws/install/turtlebot3_example:/opt/ros/humble /usr/local/bin/cmake --install /home/rokey/Documents/RokeyProjects/ServiceRobotProject/B5/build/menu_order_interfaces
[9.778s] Level 1:colcon.colcon_core.environment:checking '/home/rokey/Documents/RokeyProjects/ServiceRobotProject/B5/install/menu_order_interfaces' for CMake module files
[9.779s] Level 1:colcon.colcon_core.environment:checking '/home/rokey/Documents/RokeyProjects/ServiceRobotProject/B5/install/menu_order_interfaces' for CMake config files
[9.779s] Level 1:colcon.colcon_core.shell:create_environment_hook('menu_order_interfaces', 'cmake_prefix_path')
[9.780s] INFO:colcon.colcon_core.shell:Creating environment hook '/home/rokey/Documents/RokeyProjects/ServiceRobotProject/B5/install/menu_order_interfaces/share/menu_order_interfaces/hook/cmake_prefix_path.ps1'
[9.780s] INFO:colcon.colcon_core.shell:Creating environment descriptor '/home/rokey/Documents/RokeyProjects/ServiceRobotProject/B5/install/menu_order_interfaces/share/menu_order_interfaces/hook/cmake_prefix_path.dsv'
[9.781s] INFO:colcon.colcon_core.shell:Creating environment hook '/home/rokey/Documents/RokeyProjects/ServiceRobotProject/B5/install/menu_order_interfaces/share/menu_order_interfaces/hook/cmake_prefix_path.sh'
[9.782s] Level 1:colcon.colcon_core.environment:checking '/home/rokey/Documents/RokeyProjects/ServiceRobotProject/B5/install/menu_order_interfaces/lib'
[9.782s] Level 1:colcon.colcon_core.shell:create_environment_hook('menu_order_interfaces', 'ld_library_path_lib')
[9.782s] INFO:colcon.colcon_core.shell:Creating environment hook '/home/rokey/Documents/RokeyProjects/ServiceRobotProject/B5/install/menu_order_interfaces/share/menu_order_interfaces/hook/ld_library_path_lib.ps1'
[9.782s] INFO:colcon.colcon_core.shell:Creating environment descriptor '/home/rokey/Documents/RokeyProjects/ServiceRobotProject/B5/install/menu_order_interfaces/share/menu_order_interfaces/hook/ld_library_path_lib.dsv'
[9.783s] INFO:colcon.colcon_core.shell:Creating environment hook '/home/rokey/Documents/RokeyProjects/ServiceRobotProject/B5/install/menu_order_interfaces/share/menu_order_interfaces/hook/ld_library_path_lib.sh'
[9.783s] Level 1:colcon.colcon_core.environment:checking '/home/rokey/Documents/RokeyProjects/ServiceRobotProject/B5/install/menu_order_interfaces/bin'
[9.783s] Level 1:colcon.colcon_core.environment:checking '/home/rokey/Documents/RokeyProjects/ServiceRobotProject/B5/install/menu_order_interfaces/lib/pkgconfig/menu_order_interfaces.pc'
[9.783s] Level 1:colcon.colcon_core.environment:checking '/home/rokey/Documents/RokeyProjects/ServiceRobotProject/B5/install/menu_order_interfaces/lib/python3.10/site-packages'
[9.783s] Level 1:colcon.colcon_core.environment:checking '/home/rokey/Documents/RokeyProjects/ServiceRobotProject/B5/install/menu_order_interfaces/bin'
[9.784s] INFO:colcon.colcon_core.shell:Creating package script '/home/rokey/Documents/RokeyProjects/ServiceRobotProject/B5/install/menu_order_interfaces/share/menu_order_interfaces/package.ps1'
[9.785s] INFO:colcon.colcon_core.shell:Creating package descriptor '/home/rokey/Documents/RokeyProjects/ServiceRobotProject/B5/install/menu_order_interfaces/share/menu_order_interfaces/package.dsv'
[9.785s] INFO:colcon.colcon_core.shell:Creating package script '/home/rokey/Documents/RokeyProjects/ServiceRobotProject/B5/install/menu_order_interfaces/share/menu_order_interfaces/package.sh'
[9.786s] INFO:colcon.colcon_core.shell:Creating package script '/home/rokey/Documents/RokeyProjects/ServiceRobotProject/B5/install/menu_order_interfaces/share/menu_order_interfaces/package.bash'
[9.787s] INFO:colcon.colcon_core.shell:Creating package script '/home/rokey/Documents/RokeyProjects/ServiceRobotProject/B5/install/menu_order_interfaces/share/menu_order_interfaces/package.zsh'
[9.788s] Level 1:colcon.colcon_core.environment:create_file_with_runtime_dependencies(/home/rokey/Documents/RokeyProjects/ServiceRobotProject/B5/install/menu_order_interfaces/share/colcon-core/packages/menu_order_interfaces)
[9.877s] Level 1:colcon.colcon_core.environment:create_environment_scripts_only(menu_order_interfaces)
[9.877s] Level 1:colcon.colcon_core.environment:checking '/home/rokey/Documents/RokeyProjects/ServiceRobotProject/B5/install/menu_order_interfaces' for CMake module files
[9.878s] Level 1:colcon.colcon_core.environment:checking '/home/rokey/Documents/RokeyProjects/ServiceRobotProject/B5/install/menu_order_interfaces' for CMake config files
[9.878s] Level 1:colcon.colcon_core.shell:create_environment_hook('menu_order_interfaces', 'cmake_prefix_path')
[9.879s] INFO:colcon.colcon_core.shell:Creating environment hook '/home/rokey/Documents/RokeyProjects/ServiceRobotProject/B5/install/menu_order_interfaces/share/menu_order_interfaces/hook/cmake_prefix_path.ps1'
[9.879s] INFO:colcon.colcon_core.shell:Creating environment descriptor '/home/rokey/Documents/RokeyProjects/ServiceRobotProject/B5/install/menu_order_interfaces/share/menu_order_interfaces/hook/cmake_prefix_path.dsv'
[9.879s] INFO:colcon.colcon_core.shell:Creating environment hook '/home/rokey/Documents/RokeyProjects/ServiceRobotProject/B5/install/menu_order_interfaces/share/menu_order_interfaces/hook/cmake_prefix_path.sh'
[9.880s] Level 1:colcon.colcon_core.environment:checking '/home/rokey/Documents/RokeyProjects/ServiceRobotProject/B5/install/menu_order_interfaces/lib'
[9.880s] Level 1:colcon.colcon_core.shell:create_environment_hook('menu_order_interfaces', 'ld_library_path_lib')
[9.880s] INFO:colcon.colcon_core.shell:Creating environment hook '/home/rokey/Documents/RokeyProjects/ServiceRobotProject/B5/install/menu_order_interfaces/share/menu_order_interfaces/hook/ld_library_path_lib.ps1'
[9.881s] INFO:colcon.colcon_core.shell:Creating environment descriptor '/home/rokey/Documents/RokeyProjects/ServiceRobotProject/B5/install/menu_order_interfaces/share/menu_order_interfaces/hook/ld_library_path_lib.dsv'
[9.881s] INFO:colcon.colcon_core.shell:Creating environment hook '/home/rokey/Documents/RokeyProjects/ServiceRobotProject/B5/install/menu_order_interfaces/share/menu_order_interfaces/hook/ld_library_path_lib.sh'
[9.882s] Level 1:colcon.colcon_core.environment:checking '/home/rokey/Documents/RokeyProjects/ServiceRobotProject/B5/install/menu_order_interfaces/bin'
[9.882s] Level 1:colcon.colcon_core.environment:checking '/home/rokey/Documents/RokeyProjects/ServiceRobotProject/B5/install/menu_order_interfaces/lib/pkgconfig/menu_order_interfaces.pc'
[9.882s] Level 1:colcon.colcon_core.environment:checking '/home/rokey/Documents/RokeyProjects/ServiceRobotProject/B5/install/menu_order_interfaces/lib/python3.10/site-packages'
[9.882s] Level 1:colcon.colcon_core.environment:checking '/home/rokey/Documents/RokeyProjects/ServiceRobotProject/B5/install/menu_order_interfaces/bin'
[9.883s] INFO:colcon.colcon_core.shell:Creating package script '/home/rokey/Documents/RokeyProjects/ServiceRobotProject/B5/install/menu_order_interfaces/share/menu_order_interfaces/package.ps1'
[9.883s] INFO:colcon.colcon_core.shell:Creating package descriptor '/home/rokey/Documents/RokeyProjects/ServiceRobotProject/B5/install/menu_order_interfaces/share/menu_order_interfaces/package.dsv'
[9.884s] INFO:colcon.colcon_core.shell:Creating package script '/home/rokey/Documents/RokeyProjects/ServiceRobotProject/B5/install/menu_order_interfaces/share/menu_order_interfaces/package.sh'
[9.885s] INFO:colcon.colcon_core.shell:Creating package script '/home/rokey/Documents/RokeyProjects/ServiceRobotProject/B5/install/menu_order_interfaces/share/menu_order_interfaces/package.bash'
[9.885s] INFO:colcon.colcon_core.shell:Creating package script '/home/rokey/Documents/RokeyProjects/ServiceRobotProject/B5/install/menu_order_interfaces/share/menu_order_interfaces/package.zsh'
[9.886s] Level 1:colcon.colcon_core.environment:create_file_with_runtime_dependencies(/home/rokey/Documents/RokeyProjects/ServiceRobotProject/B5/install/menu_order_interfaces/share/colcon-core/packages/menu_order_interfaces)
[9.886s] INFO:colcon.colcon_ros.task.ament_python.build:Building ROS package in '/home/rokey/Documents/RokeyProjects/ServiceRobotProject/B5/src/menu_order_project' with build type 'ament_python'
[9.886s] Level 1:colcon.colcon_core.shell:create_environment_hook('menu_order_project', 'ament_prefix_path')
[9.886s] INFO:colcon.colcon_core.shell:Creating environment hook '/home/rokey/Documents/RokeyProjects/ServiceRobotProject/B5/install/menu_order_project/share/menu_order_project/hook/ament_prefix_path.ps1'
[9.887s] INFO:colcon.colcon_core.shell:Creating environment descriptor '/home/rokey/Documents/RokeyProjects/ServiceRobotProject/B5/install/menu_order_project/share/menu_order_project/hook/ament_prefix_path.dsv'
[9.888s] INFO:colcon.colcon_core.shell:Creating environment hook '/home/rokey/Documents/RokeyProjects/ServiceRobotProject/B5/install/menu_order_project/share/menu_order_project/hook/ament_prefix_path.sh'
[9.889s] INFO:colcon.colcon_core.shell:Skip shell extension 'powershell' for command environment: Not usable outside of PowerShell
[9.889s] DEBUG:colcon.colcon_core.shell:Skip shell extension 'dsv' for command environment
[10.225s] INFO:colcon.colcon_core.task.python.build:Building Python package in '/home/rokey/Documents/RokeyProjects/ServiceRobotProject/B5/src/menu_order_project'
[10.225s] INFO:colcon.colcon_core.shell:Skip shell extension 'powershell' for command environment: Not usable outside of PowerShell
[10.225s] DEBUG:colcon.colcon_core.shell:Skip shell extension 'dsv' for command environment
[10.703s] DEBUG:colcon.colcon_core.event_handler.log_command:Invoking command in '/home/rokey/Documents/RokeyProjects/ServiceRobotProject/B5/build/menu_order_project': LD_LIBRARY_PATH=/home/rokey/Documents/RokeyProjects/ServiceRobotProject/B5/install/menu_order_interfaces/lib:/home/rokey/turtlebot3_ws/install/turtlebot3_msgs/lib:/opt/ros/humble/opt/rviz_ogre_vendor/lib:/opt/ros/humble/lib/x86_64-linux-gnu:/opt/ros/humble/lib:/usr/lib/x86_64-linux-gnu/gazebo-11/plugins:/usr/lib/x86_64-linux-gnu/gazebo-11/plugins:/usr/lib/x86_64-linux-gnu/gazebo-11/plugins PYTHONPATH=/home/rokey/Documents/RokeyProjects/ServiceRobotProject/B5/build/menu_order_project/prefix_override:/usr/lib/python3/dist-packages/colcon_core/task/python/colcon_distutils_commands:/home/rokey/Documents/RokeyProjects/ServiceRobotProject/B5/install/menu_order_project/lib/python3.10/site-packages:${PYTHONPATH} /usr/bin/python3 -W ignore:setup.py install is deprecated setup.py develop --editable --build-directory /home/rokey/Documents/RokeyProjects/ServiceRobotProject/B5/build/menu_order_project/build --no-deps symlink_data
[11.299s] Level 1:colcon.colcon_core.shell:create_environment_hook('menu_order_project', 'pythonpath_develop')
[11.299s] INFO:colcon.colcon_core.shell:Creating environment hook '/home/rokey/Documents/RokeyProjects/ServiceRobotProject/B5/build/menu_order_project/share/menu_order_project/hook/pythonpath_develop.ps1'
[11.300s] DEBUG:colcon.colcon_core.event_handler.log_command:Invoked command in '/home/rokey/Documents/RokeyProjects/ServiceRobotProject/B5/build/menu_order_project' returned '0': LD_LIBRARY_PATH=/home/rokey/Documents/RokeyProjects/ServiceRobotProject/B5/install/menu_order_interfaces/lib:/home/rokey/turtlebot3_ws/install/turtlebot3_msgs/lib:/opt/ros/humble/opt/rviz_ogre_vendor/lib:/opt/ros/humble/lib/x86_64-linux-gnu:/opt/ros/humble/lib:/usr/lib/x86_64-linux-gnu/gazebo-11/plugins:/usr/lib/x86_64-linux-gnu/gazebo-11/plugins:/usr/lib/x86_64-linux-gnu/gazebo-11/plugins PYTHONPATH=/home/rokey/Documents/RokeyProjects/ServiceRobotProject/B5/build/menu_order_project/prefix_override:/usr/lib/python3/dist-packages/colcon_core/task/python/colcon_distutils_commands:/home/rokey/Documents/RokeyProjects/ServiceRobotProject/B5/install/menu_order_project/lib/python3.10/site-packages:${PYTHONPATH} /usr/bin/python3 -W ignore:setup.py install is deprecated setup.py develop --editable --build-directory /home/rokey/Documents/RokeyProjects/ServiceRobotProject/B5/build/menu_order_project/build --no-deps symlink_data
[11.301s] INFO:colcon.colcon_core.shell:Creating environment descriptor '/home/rokey/Documents/RokeyProjects/ServiceRobotProject/B5/build/menu_order_project/share/menu_order_project/hook/pythonpath_develop.dsv'
[11.301s] INFO:colcon.colcon_core.shell:Creating environment hook '/home/rokey/Documents/RokeyProjects/ServiceRobotProject/B5/build/menu_order_project/share/menu_order_project/hook/pythonpath_develop.sh'
[11.302s] Level 1:colcon.colcon_core.environment:checking '/home/rokey/Documents/RokeyProjects/ServiceRobotProject/B5/install/menu_order_project' for CMake module files
[11.302s] Level 1:colcon.colcon_core.environment:checking '/home/rokey/Documents/RokeyProjects/ServiceRobotProject/B5/install/menu_order_project' for CMake config files
[11.303s] Level 1:colcon.colcon_core.environment:checking '/home/rokey/Documents/RokeyProjects/ServiceRobotProject/B5/install/menu_order_project/lib'
[11.303s] Level 1:colcon.colcon_core.environment:checking '/home/rokey/Documents/RokeyProjects/ServiceRobotProject/B5/install/menu_order_project/bin'
[11.303s] Level 1:colcon.colcon_core.environment:checking '/home/rokey/Documents/RokeyProjects/ServiceRobotProject/B5/install/menu_order_project/lib/pkgconfig/menu_order_project.pc'
[11.303s] Level 1:colcon.colcon_core.environment:checking '/home/rokey/Documents/RokeyProjects/ServiceRobotProject/B5/install/menu_order_project/lib/python3.10/site-packages'
[11.303s] Level 1:colcon.colcon_core.shell:create_environment_hook('menu_order_project', 'pythonpath')
[11.303s] INFO:colcon.colcon_core.shell:Creating environment hook '/home/rokey/Documents/RokeyProjects/ServiceRobotProject/B5/install/menu_order_project/share/menu_order_project/hook/pythonpath.ps1'
[11.304s] INFO:colcon.colcon_core.shell:Creating environment descriptor '/home/rokey/Documents/RokeyProjects/ServiceRobotProject/B5/install/menu_order_project/share/menu_order_project/hook/pythonpath.dsv'
[11.304s] INFO:colcon.colcon_core.shell:Creating environment hook '/home/rokey/Documents/RokeyProjects/ServiceRobotProject/B5/install/menu_order_project/share/menu_order_project/hook/pythonpath.sh'
[11.305s] Level 1:colcon.colcon_core.environment:checking '/home/rokey/Documents/RokeyProjects/ServiceRobotProject/B5/install/menu_order_project/bin'
[11.305s] Level 1:colcon.colcon_core.environment:create_environment_scripts_only(menu_order_project)
[11.305s] INFO:colcon.colcon_core.shell:Creating package script '/home/rokey/Documents/RokeyProjects/ServiceRobotProject/B5/install/menu_order_project/share/menu_order_project/package.ps1'
[11.306s] INFO:colcon.colcon_core.shell:Creating package descriptor '/home/rokey/Documents/RokeyProjects/ServiceRobotProject/B5/install/menu_order_project/share/menu_order_project/package.dsv'
[11.306s] INFO:colcon.colcon_core.shell:Creating package script '/home/rokey/Documents/RokeyProjects/ServiceRobotProject/B5/install/menu_order_project/share/menu_order_project/package.sh'
[11.307s] INFO:colcon.colcon_core.shell:Creating package script '/home/rokey/Documents/RokeyProjects/ServiceRobotProject/B5/install/menu_order_project/share/menu_order_project/package.bash'
[11.307s] INFO:colcon.colcon_core.shell:Creating package script '/home/rokey/Documents/RokeyProjects/ServiceRobotProject/B5/install/menu_order_project/share/menu_order_project/package.zsh'
[11.308s] Level 1:colcon.colcon_core.environment:create_file_with_runtime_dependencies(/home/rokey/Documents/RokeyProjects/ServiceRobotProject/B5/install/menu_order_project/share/colcon-core/packages/menu_order_project)
[11.308s] DEBUG:colcon.colcon_parallel_executor.executor.parallel:closing loop
[11.308s] DEBUG:colcon.colcon_parallel_executor.executor.parallel:loop closed
[11.308s] DEBUG:colcon.colcon_parallel_executor.executor.parallel:run_until_complete finished with '0'
[11.308s] DEBUG:colcon.colcon_core.event_reactor:joining thread
[11.317s] INFO:colcon.colcon_core.plugin_system:Skipping extension 'colcon_notification.desktop_notification.terminal_notifier': Not used on non-Darwin systems
[11.317s] INFO:colcon.colcon_core.plugin_system:Skipping extension 'colcon_notification.desktop_notification.win32': Not used on non-Windows systems
[11.317s] INFO:colcon.colcon_notification.desktop_notification:Sending desktop notification using 'notify2'
[11.331s] DEBUG:colcon.colcon_core.event_reactor:joined thread
[11.331s] INFO:colcon.colcon_core.shell:Creating prefix script '/home/rokey/Documents/RokeyProjects/ServiceRobotProject/B5/install/local_setup.ps1'
[11.333s] INFO:colcon.colcon_core.shell:Creating prefix util module '/home/rokey/Documents/RokeyProjects/ServiceRobotProject/B5/install/_local_setup_util_ps1.py'
[11.334s] INFO:colcon.colcon_core.shell:Creating prefix chain script '/home/rokey/Documents/RokeyProjects/ServiceRobotProject/B5/install/setup.ps1'
[11.336s] INFO:colcon.colcon_core.shell:Creating prefix script '/home/rokey/Documents/RokeyProjects/ServiceRobotProject/B5/install/local_setup.sh'
[11.336s] INFO:colcon.colcon_core.shell:Creating prefix util module '/home/rokey/Documents/RokeyProjects/ServiceRobotProject/B5/install/_local_setup_util_sh.py'
[11.337s] INFO:colcon.colcon_core.shell:Creating prefix chain script '/home/rokey/Documents/RokeyProjects/ServiceRobotProject/B5/install/setup.sh'
[11.339s] INFO:colcon.colcon_core.shell:Creating prefix script '/home/rokey/Documents/RokeyProjects/ServiceRobotProject/B5/install/local_setup.bash'
[11.339s] INFO:colcon.colcon_core.shell:Creating prefix chain script '/home/rokey/Documents/RokeyProjects/ServiceRobotProject/B5/install/setup.bash'
[11.343s] INFO:colcon.colcon_core.shell:Creating prefix script '/home/rokey/Documents/RokeyProjects/ServiceRobotProject/B5/install/local_setup.zsh'
[11.344s] INFO:colcon.colcon_core.shell:Creating prefix chain script '/home/rokey/Documents/RokeyProjects/ServiceRobotProject/B5/install/setup.zsh'
