[0.009s] Invoking command in '/home/juwon/Week5Project_ws/src/build/boxproject_interfaces': CMAKE_PREFIX_PATH=${CMAKE_PREFIX_PATH}:/home/juwon/Week5Project_ws/src/install/boxproject:/opt/ros/humble /usr/bin/cmake --build /home/juwon/Week5Project_ws/src/build/boxproject_interfaces -- -j6 -l6
[0.052s] [  3%] Built target boxproject_interfaces__cpp
[0.052s] [ 12%] Built target boxproject_interfaces__rosidl_generator_c
[0.060s] [ 12%] Built target ament_cmake_python_copy_boxproject_interfaces
[0.074s] [ 22%] Built target boxproject_interfaces__rosidl_typesupport_cpp
[0.078s] [ 32%] Built target boxproject_interfaces__rosidl_typesupport_fastrtps_cpp
[0.078s] [ 41%] Built target boxproject_interfaces__rosidl_typesupport_introspection_cpp
[0.083s] [ 51%] Built target boxproject_interfaces__rosidl_typesupport_introspection_c
[0.084s] [ 61%] Built target boxproject_interfaces__rosidl_typesupport_fastrtps_c
[0.085s] [ 70%] Built target boxproject_interfaces__rosidl_typesupport_c
[0.104s] [ 70%] Built target boxproject_interfaces
[0.125s] [ 74%] Built target boxproject_interfaces__py
[0.149s] [ 80%] Built target boxproject_interfaces__rosidl_generator_py
[0.170s] [ 87%] Built target boxproject_interfaces__rosidl_typesupport_c__pyext
[0.170s] [ 93%] Built target boxproject_interfaces__rosidl_typesupport_fastrtps_c__pyext
[0.172s] [100%] Built target boxproject_interfaces__rosidl_typesupport_introspection_c__pyext
[0.228s] running egg_info
[0.228s] writing boxproject_interfaces.egg-info/PKG-INFO
[0.228s] writing dependency_links to boxproject_interfaces.egg-info/dependency_links.txt
[0.228s] writing top-level names to boxproject_interfaces.egg-info/top_level.txt
[0.230s] reading manifest file 'boxproject_interfaces.egg-info/SOURCES.txt'
[0.230s] writing manifest file 'boxproject_interfaces.egg-info/SOURCES.txt'
[0.249s] [100%] Built target ament_cmake_python_build_boxproject_interfaces_egg
[0.258s] Invoked command in '/home/juwon/Week5Project_ws/src/build/boxproject_interfaces' returned '0': CMAKE_PREFIX_PATH=${CMAKE_PREFIX_PATH}:/home/juwon/Week5Project_ws/src/install/boxproject:/opt/ros/humble /usr/bin/cmake --build /home/juwon/Week5Project_ws/src/build/boxproject_interfaces -- -j6 -l6
[0.267s] Invoking command in '/home/juwon/Week5Project_ws/src/build/boxproject_interfaces': CMAKE_PREFIX_PATH=${CMAKE_PREFIX_PATH}:/home/juwon/Week5Project_ws/src/install/boxproject:/opt/ros/humble /usr/bin/cmake --install /home/juwon/Week5Project_ws/src/build/boxproject_interfaces
[0.279s] -- Install configuration: ""
[0.279s] -- Up-to-date: /home/juwon/Week5Project_ws/src/install/boxproject_interfaces/share/ament_index/resource_index/rosidl_interfaces/boxproject_interfaces
[0.279s] -- Up-to-date: /home/juwon/Week5Project_ws/src/install/boxproject_interfaces/include/boxproject_interfaces/boxproject_interfaces
[0.279s] -- Up-to-date: /home/juwon/Week5Project_ws/src/install/boxproject_interfaces/include/boxproject_interfaces/boxproject_interfaces/msg
[0.279s] -- Up-to-date: /home/juwon/Week5Project_ws/src/install/boxproject_interfaces/include/boxproject_interfaces/boxproject_interfaces/msg/rosidl_generator_c__visibility_control.h
[0.279s] -- Up-to-date: /home/juwon/Week5Project_ws/src/install/boxproject_interfaces/include/boxproject_interfaces/boxproject_interfaces/action
[0.279s] -- Up-to-date: /home/juwon/Week5Project_ws/src/install/boxproject_interfaces/include/boxproject_interfaces/boxproject_interfaces/action/task_action.h
[0.279s] -- Up-to-date: /home/juwon/Week5Project_ws/src/install/boxproject_interfaces/include/boxproject_interfaces/boxproject_interfaces/action/detail
[0.279s] -- Up-to-date: /home/juwon/Week5Project_ws/src/install/boxproject_interfaces/include/boxproject_interfaces/boxproject_interfaces/action/detail/task_action__functions.h
[0.279s] -- Up-to-date: /home/juwon/Week5Project_ws/src/install/boxproject_interfaces/include/boxproject_interfaces/boxproject_interfaces/action/detail/task_action__type_support.h
[0.279s] -- Up-to-date: /home/juwon/Week5Project_ws/src/install/boxproject_interfaces/include/boxproject_interfaces/boxproject_interfaces/action/detail/task_action__functions.c
[0.279s] -- Up-to-date: /home/juwon/Week5Project_ws/src/install/boxproject_interfaces/include/boxproject_interfaces/boxproject_interfaces/action/detail/task_action__struct.h
[0.279s] -- Up-to-date: /home/juwon/Week5Project_ws/src/install/boxproject_interfaces/share/boxproject_interfaces/environment/library_path.sh
[0.279s] -- Up-to-date: /home/juwon/Week5Project_ws/src/install/boxproject_interfaces/share/boxproject_interfaces/environment/library_path.dsv
[0.279s] -- Up-to-date: /home/juwon/Week5Project_ws/src/install/boxproject_interfaces/lib/libboxproject_interfaces__rosidl_generator_c.so
[0.279s] -- Up-to-date: /home/juwon/Week5Project_ws/src/install/boxproject_interfaces/include/boxproject_interfaces/boxproject_interfaces
[0.279s] -- Up-to-date: /home/juwon/Week5Project_ws/src/install/boxproject_interfaces/include/boxproject_interfaces/boxproject_interfaces/msg
[0.279s] -- Up-to-date: /home/juwon/Week5Project_ws/src/install/boxproject_interfaces/include/boxproject_interfaces/boxproject_interfaces/msg/rosidl_typesupport_fastrtps_c__visibility_control.h
[0.279s] -- Up-to-date: /home/juwon/Week5Project_ws/src/install/boxproject_interfaces/include/boxproject_interfaces/boxproject_interfaces/action
[0.279s] -- Up-to-date: /home/juwon/Week5Project_ws/src/install/boxproject_interfaces/include/boxproject_interfaces/boxproject_interfaces/action/detail
[0.279s] -- Up-to-date: /home/juwon/Week5Project_ws/src/install/boxproject_interfaces/include/boxproject_interfaces/boxproject_interfaces/action/detail/task_action__rosidl_typesupport_fastrtps_c.h
[0.279s] -- Up-to-date: /home/juwon/Week5Project_ws/src/install/boxproject_interfaces/lib/libboxproject_interfaces__rosidl_typesupport_fastrtps_c.so
[0.279s] -- Up-to-date: /home/juwon/Week5Project_ws/src/install/boxproject_interfaces/include/boxproject_interfaces/boxproject_interfaces
[0.279s] -- Up-to-date: /home/juwon/Week5Project_ws/src/install/boxproject_interfaces/include/boxproject_interfaces/boxproject_interfaces/msg
[0.279s] -- Up-to-date: /home/juwon/Week5Project_ws/src/install/boxproject_interfaces/include/boxproject_interfaces/boxproject_interfaces/msg/rosidl_typesupport_introspection_c__visibility_control.h
[0.279s] -- Up-to-date: /home/juwon/Week5Project_ws/src/install/boxproject_interfaces/include/boxproject_interfaces/boxproject_interfaces/action
[0.279s] -- Up-to-date: /home/juwon/Week5Project_ws/src/install/boxproject_interfaces/include/boxproject_interfaces/boxproject_interfaces/action/detail
[0.279s] -- Up-to-date: /home/juwon/Week5Project_ws/src/install/boxproject_interfaces/include/boxproject_interfaces/boxproject_interfaces/action/detail/task_action__rosidl_typesupport_introspection_c.h
[0.279s] -- Up-to-date: /home/juwon/Week5Project_ws/src/install/boxproject_interfaces/include/boxproject_interfaces/boxproject_interfaces/action/detail/task_action__type_support.c
[0.279s] -- Up-to-date: /home/juwon/Week5Project_ws/src/install/boxproject_interfaces/lib/libboxproject_interfaces__rosidl_typesupport_introspection_c.so
[0.279s] -- Up-to-date: /home/juwon/Week5Project_ws/src/install/boxproject_interfaces/lib/libboxproject_interfaces__rosidl_typesupport_c.so
[0.279s] -- Up-to-date: /home/juwon/Week5Project_ws/src/install/boxproject_interfaces/include/boxproject_interfaces/boxproject_interfaces
[0.280s] -- Up-to-date: /home/juwon/Week5Project_ws/src/install/boxproject_interfaces/include/boxproject_interfaces/boxproject_interfaces/action
[0.280s] -- Up-to-date: /home/juwon/Week5Project_ws/src/install/boxproject_interfaces/include/boxproject_interfaces/boxproject_interfaces/action/task_action.hpp
[0.280s] -- Up-to-date: /home/juwon/Week5Project_ws/src/install/boxproject_interfaces/include/boxproject_interfaces/boxproject_interfaces/action/detail
[0.280s] -- Up-to-date: /home/juwon/Week5Project_ws/src/install/boxproject_interfaces/include/boxproject_interfaces/boxproject_interfaces/action/detail/task_action__builder.hpp
[0.280s] -- Up-to-date: /home/juwon/Week5Project_ws/src/install/boxproject_interfaces/include/boxproject_interfaces/boxproject_interfaces/action/detail/task_action__struct.hpp
[0.280s] -- Up-to-date: /home/juwon/Week5Project_ws/src/install/boxproject_interfaces/include/boxproject_interfaces/boxproject_interfaces/action/detail/task_action__traits.hpp
[0.280s] -- Up-to-date: /home/juwon/Week5Project_ws/src/install/boxproject_interfaces/include/boxproject_interfaces/boxproject_interfaces
[0.280s] -- Up-to-date: /home/juwon/Week5Project_ws/src/install/boxproject_interfaces/include/boxproject_interfaces/boxproject_interfaces/msg
[0.280s] -- Up-to-date: /home/juwon/Week5Project_ws/src/install/boxproject_interfaces/include/boxproject_interfaces/boxproject_interfaces/msg/rosidl_typesupport_fastrtps_cpp__visibility_control.h
[0.280s] -- Up-to-date: /home/juwon/Week5Project_ws/src/install/boxproject_interfaces/include/boxproject_interfaces/boxproject_interfaces/action
[0.280s] -- Up-to-date: /home/juwon/Week5Project_ws/src/install/boxproject_interfaces/include/boxproject_interfaces/boxproject_interfaces/action/detail
[0.280s] -- Up-to-date: /home/juwon/Week5Project_ws/src/install/boxproject_interfaces/include/boxproject_interfaces/boxproject_interfaces/action/detail/dds_fastrtps
[0.280s] -- Up-to-date: /home/juwon/Week5Project_ws/src/install/boxproject_interfaces/include/boxproject_interfaces/boxproject_interfaces/action/detail/task_action__rosidl_typesupport_fastrtps_cpp.hpp
[0.280s] -- Up-to-date: /home/juwon/Week5Project_ws/src/install/boxproject_interfaces/lib/libboxproject_interfaces__rosidl_typesupport_fastrtps_cpp.so
[0.280s] -- Up-to-date: /home/juwon/Week5Project_ws/src/install/boxproject_interfaces/include/boxproject_interfaces/boxproject_interfaces
[0.280s] -- Up-to-date: /home/juwon/Week5Project_ws/src/install/boxproject_interfaces/include/boxproject_interfaces/boxproject_interfaces/action
[0.280s] -- Up-to-date: /home/juwon/Week5Project_ws/src/install/boxproject_interfaces/include/boxproject_interfaces/boxproject_interfaces/action/detail
[0.280s] -- Up-to-date: /home/juwon/Week5Project_ws/src/install/boxproject_interfaces/include/boxproject_interfaces/boxproject_interfaces/action/detail/task_action__rosidl_typesupport_introspection_cpp.hpp
[0.280s] -- Up-to-date: /home/juwon/Week5Project_ws/src/install/boxproject_interfaces/include/boxproject_interfaces/boxproject_interfaces/action/detail/task_action__type_support.cpp
[0.280s] -- Up-to-date: /home/juwon/Week5Project_ws/src/install/boxproject_interfaces/lib/libboxproject_interfaces__rosidl_typesupport_introspection_cpp.so
[0.280s] -- Up-to-date: /home/juwon/Week5Project_ws/src/install/boxproject_interfaces/lib/libboxproject_interfaces__rosidl_typesupport_cpp.so
[0.280s] -- Up-to-date: /home/juwon/Week5Project_ws/src/install/boxproject_interfaces/share/boxproject_interfaces/environment/pythonpath.sh
[0.280s] -- Up-to-date: /home/juwon/Week5Project_ws/src/install/boxproject_interfaces/share/boxproject_interfaces/environment/pythonpath.dsv
[0.280s] -- Up-to-date: /home/juwon/Week5Project_ws/src/install/boxproject_interfaces/local/lib/python3.10/dist-packages/boxproject_interfaces-0.0.0-py3.10.egg-info
[0.280s] -- Installing: /home/juwon/Week5Project_ws/src/install/boxproject_interfaces/local/lib/python3.10/dist-packages/boxproject_interfaces-0.0.0-py3.10.egg-info/top_level.txt
[0.280s] -- Installing: /home/juwon/Week5Project_ws/src/install/boxproject_interfaces/local/lib/python3.10/dist-packages/boxproject_interfaces-0.0.0-py3.10.egg-info/dependency_links.txt
[0.280s] -- Installing: /home/juwon/Week5Project_ws/src/install/boxproject_interfaces/local/lib/python3.10/dist-packages/boxproject_interfaces-0.0.0-py3.10.egg-info/PKG-INFO
[0.280s] -- Installing: /home/juwon/Week5Project_ws/src/install/boxproject_interfaces/local/lib/python3.10/dist-packages/boxproject_interfaces-0.0.0-py3.10.egg-info/SOURCES.txt
[0.280s] -- Up-to-date: /home/juwon/Week5Project_ws/src/install/boxproject_interfaces/local/lib/python3.10/dist-packages/boxproject_interfaces
[0.280s] -- Up-to-date: /home/juwon/Week5Project_ws/src/install/boxproject_interfaces/local/lib/python3.10/dist-packages/boxproject_interfaces/_boxproject_interfaces_s.ep.rosidl_typesupport_introspection_c.c
[0.280s] -- Up-to-date: /home/juwon/Week5Project_ws/src/install/boxproject_interfaces/local/lib/python3.10/dist-packages/boxproject_interfaces/boxproject_interfaces_s__rosidl_typesupport_c.cpython-310-x86_64-linux-gnu.so
[0.280s] -- Up-to-date: /home/juwon/Week5Project_ws/src/install/boxproject_interfaces/local/lib/python3.10/dist-packages/boxproject_interfaces/_boxproject_interfaces_s.ep.rosidl_typesupport_fastrtps_c.c
[0.280s] -- Up-to-date: /home/juwon/Week5Project_ws/src/install/boxproject_interfaces/local/lib/python3.10/dist-packages/boxproject_interfaces/boxproject_interfaces_s__rosidl_typesupport_introspection_c.cpython-310-x86_64-linux-gnu.so
[0.280s] -- Up-to-date: /home/juwon/Week5Project_ws/src/install/boxproject_interfaces/local/lib/python3.10/dist-packages/boxproject_interfaces/libboxproject_interfaces__rosidl_generator_py.so
[0.280s] -- Up-to-date: /home/juwon/Week5Project_ws/src/install/boxproject_interfaces/local/lib/python3.10/dist-packages/boxproject_interfaces/__init__.py
[0.280s] -- Up-to-date: /home/juwon/Week5Project_ws/src/install/boxproject_interfaces/local/lib/python3.10/dist-packages/boxproject_interfaces/boxproject_interfaces_s__rosidl_typesupport_fastrtps_c.cpython-310-x86_64-linux-gnu.so
[0.280s] -- Up-to-date: /home/juwon/Week5Project_ws/src/install/boxproject_interfaces/local/lib/python3.10/dist-packages/boxproject_interfaces/action
[0.280s] -- Up-to-date: /home/juwon/Week5Project_ws/src/install/boxproject_interfaces/local/lib/python3.10/dist-packages/boxproject_interfaces/action/_task_action.py
[0.280s] -- Up-to-date: /home/juwon/Week5Project_ws/src/install/boxproject_interfaces/local/lib/python3.10/dist-packages/boxproject_interfaces/action/_task_action_s.c
[0.280s] -- Up-to-date: /home/juwon/Week5Project_ws/src/install/boxproject_interfaces/local/lib/python3.10/dist-packages/boxproject_interfaces/action/__init__.py
[0.280s] -- Up-to-date: /home/juwon/Week5Project_ws/src/install/boxproject_interfaces/local/lib/python3.10/dist-packages/boxproject_interfaces/_boxproject_interfaces_s.ep.rosidl_typesupport_c.c
[0.298s] Listing '/home/juwon/Week5Project_ws/src/install/boxproject_interfaces/local/lib/python3.10/dist-packages/boxproject_interfaces'...
[0.298s] Listing '/home/juwon/Week5Project_ws/src/install/boxproject_interfaces/local/lib/python3.10/dist-packages/boxproject_interfaces/action'...
[0.302s] -- Up-to-date: /home/juwon/Week5Project_ws/src/install/boxproject_interfaces/local/lib/python3.10/dist-packages/boxproject_interfaces/boxproject_interfaces_s__rosidl_typesupport_fastrtps_c.cpython-310-x86_64-linux-gnu.so
[0.302s] -- Up-to-date: /home/juwon/Week5Project_ws/src/install/boxproject_interfaces/local/lib/python3.10/dist-packages/boxproject_interfaces/boxproject_interfaces_s__rosidl_typesupport_introspection_c.cpython-310-x86_64-linux-gnu.so
[0.302s] -- Up-to-date: /home/juwon/Week5Project_ws/src/install/boxproject_interfaces/local/lib/python3.10/dist-packages/boxproject_interfaces/boxproject_interfaces_s__rosidl_typesupport_c.cpython-310-x86_64-linux-gnu.so
[0.303s] -- Up-to-date: /home/juwon/Week5Project_ws/src/install/boxproject_interfaces/lib/libboxproject_interfaces__rosidl_generator_py.so
[0.303s] -- Up-to-date: /home/juwon/Week5Project_ws/src/install/boxproject_interfaces/share/boxproject_interfaces/action/TaskAction.idl
[0.303s] -- Up-to-date: /home/juwon/Week5Project_ws/src/install/boxproject_interfaces/share/boxproject_interfaces/action/TaskAction.action
[0.303s] -- Up-to-date: /home/juwon/Week5Project_ws/src/install/boxproject_interfaces/share/ament_index/resource_index/package_run_dependencies/boxproject_interfaces
[0.303s] -- Up-to-date: /home/juwon/Week5Project_ws/src/install/boxproject_interfaces/share/ament_index/resource_index/parent_prefix_path/boxproject_interfaces
[0.303s] -- Up-to-date: /home/juwon/Week5Project_ws/src/install/boxproject_interfaces/share/boxproject_interfaces/environment/ament_prefix_path.sh
[0.303s] -- Up-to-date: /home/juwon/Week5Project_ws/src/install/boxproject_interfaces/share/boxproject_interfaces/environment/ament_prefix_path.dsv
[0.303s] -- Up-to-date: /home/juwon/Week5Project_ws/src/install/boxproject_interfaces/share/boxproject_interfaces/environment/path.sh
[0.303s] -- Up-to-date: /home/juwon/Week5Project_ws/src/install/boxproject_interfaces/share/boxproject_interfaces/environment/path.dsv
[0.303s] -- Up-to-date: /home/juwon/Week5Project_ws/src/install/boxproject_interfaces/share/boxproject_interfaces/local_setup.bash
[0.303s] -- Up-to-date: /home/juwon/Week5Project_ws/src/install/boxproject_interfaces/share/boxproject_interfaces/local_setup.sh
[0.303s] -- Up-to-date: /home/juwon/Week5Project_ws/src/install/boxproject_interfaces/share/boxproject_interfaces/local_setup.zsh
[0.303s] -- Up-to-date: /home/juwon/Week5Project_ws/src/install/boxproject_interfaces/share/boxproject_interfaces/local_setup.dsv
[0.303s] -- Installing: /home/juwon/Week5Project_ws/src/install/boxproject_interfaces/share/boxproject_interfaces/package.dsv
[0.303s] -- Up-to-date: /home/juwon/Week5Project_ws/src/install/boxproject_interfaces/share/ament_index/resource_index/packages/boxproject_interfaces
[0.303s] -- Up-to-date: /home/juwon/Week5Project_ws/src/install/boxproject_interfaces/share/boxproject_interfaces/cmake/export_boxproject_interfaces__rosidl_generator_cExport.cmake
[0.303s] -- Up-to-date: /home/juwon/Week5Project_ws/src/install/boxproject_interfaces/share/boxproject_interfaces/cmake/export_boxproject_interfaces__rosidl_generator_cExport-noconfig.cmake
[0.303s] -- Up-to-date: /home/juwon/Week5Project_ws/src/install/boxproject_interfaces/share/boxproject_interfaces/cmake/export_boxproject_interfaces__rosidl_typesupport_fastrtps_cExport.cmake
[0.303s] -- Up-to-date: /home/juwon/Week5Project_ws/src/install/boxproject_interfaces/share/boxproject_interfaces/cmake/export_boxproject_interfaces__rosidl_typesupport_fastrtps_cExport-noconfig.cmake
[0.303s] -- Up-to-date: /home/juwon/Week5Project_ws/src/install/boxproject_interfaces/share/boxproject_interfaces/cmake/boxproject_interfaces__rosidl_typesupport_introspection_cExport.cmake
[0.304s] -- Up-to-date: /home/juwon/Week5Project_ws/src/install/boxproject_interfaces/share/boxproject_interfaces/cmake/boxproject_interfaces__rosidl_typesupport_introspection_cExport-noconfig.cmake
[0.304s] -- Up-to-date: /home/juwon/Week5Project_ws/src/install/boxproject_interfaces/share/boxproject_interfaces/cmake/boxproject_interfaces__rosidl_typesupport_cExport.cmake
[0.304s] -- Up-to-date: /home/juwon/Week5Project_ws/src/install/boxproject_interfaces/share/boxproject_interfaces/cmake/boxproject_interfaces__rosidl_typesupport_cExport-noconfig.cmake
[0.304s] -- Up-to-date: /home/juwon/Week5Project_ws/src/install/boxproject_interfaces/share/boxproject_interfaces/cmake/export_boxproject_interfaces__rosidl_generator_cppExport.cmake
[0.304s] -- Up-to-date: /home/juwon/Week5Project_ws/src/install/boxproject_interfaces/share/boxproject_interfaces/cmake/export_boxproject_interfaces__rosidl_typesupport_fastrtps_cppExport.cmake
[0.304s] -- Up-to-date: /home/juwon/Week5Project_ws/src/install/boxproject_interfaces/share/boxproject_interfaces/cmake/export_boxproject_interfaces__rosidl_typesupport_fastrtps_cppExport-noconfig.cmake
[0.304s] -- Up-to-date: /home/juwon/Week5Project_ws/src/install/boxproject_interfaces/share/boxproject_interfaces/cmake/boxproject_interfaces__rosidl_typesupport_introspection_cppExport.cmake
[0.304s] -- Up-to-date: /home/juwon/Week5Project_ws/src/install/boxproject_interfaces/share/boxproject_interfaces/cmake/boxproject_interfaces__rosidl_typesupport_introspection_cppExport-noconfig.cmake
[0.304s] -- Up-to-date: /home/juwon/Week5Project_ws/src/install/boxproject_interfaces/share/boxproject_interfaces/cmake/boxproject_interfaces__rosidl_typesupport_cppExport.cmake
[0.304s] -- Up-to-date: /home/juwon/Week5Project_ws/src/install/boxproject_interfaces/share/boxproject_interfaces/cmake/boxproject_interfaces__rosidl_typesupport_cppExport-noconfig.cmake
[0.304s] -- Up-to-date: /home/juwon/Week5Project_ws/src/install/boxproject_interfaces/share/boxproject_interfaces/cmake/export_boxproject_interfaces__rosidl_generator_pyExport.cmake
[0.304s] -- Up-to-date: /home/juwon/Week5Project_ws/src/install/boxproject_interfaces/share/boxproject_interfaces/cmake/export_boxproject_interfaces__rosidl_generator_pyExport-noconfig.cmake
[0.304s] -- Up-to-date: /home/juwon/Week5Project_ws/src/install/boxproject_interfaces/share/boxproject_interfaces/cmake/rosidl_cmake-extras.cmake
[0.304s] -- Up-to-date: /home/juwon/Week5Project_ws/src/install/boxproject_interfaces/share/boxproject_interfaces/cmake/ament_cmake_export_dependencies-extras.cmake
[0.304s] -- Up-to-date: /home/juwon/Week5Project_ws/src/install/boxproject_interfaces/share/boxproject_interfaces/cmake/ament_cmake_export_include_directories-extras.cmake
[0.304s] -- Up-to-date: /home/juwon/Week5Project_ws/src/install/boxproject_interfaces/share/boxproject_interfaces/cmake/ament_cmake_export_libraries-extras.cmake
[0.304s] -- Up-to-date: /home/juwon/Week5Project_ws/src/install/boxproject_interfaces/share/boxproject_interfaces/cmake/ament_cmake_export_targets-extras.cmake
[0.304s] -- Up-to-date: /home/juwon/Week5Project_ws/src/install/boxproject_interfaces/share/boxproject_interfaces/cmake/rosidl_cmake_export_typesupport_targets-extras.cmake
[0.304s] -- Up-to-date: /home/juwon/Week5Project_ws/src/install/boxproject_interfaces/share/boxproject_interfaces/cmake/rosidl_cmake_export_typesupport_libraries-extras.cmake
[0.304s] -- Up-to-date: /home/juwon/Week5Project_ws/src/install/boxproject_interfaces/share/boxproject_interfaces/cmake/boxproject_interfacesConfig.cmake
[0.304s] -- Up-to-date: /home/juwon/Week5Project_ws/src/install/boxproject_interfaces/share/boxproject_interfaces/cmake/boxproject_interfacesConfig-version.cmake
[0.304s] -- Up-to-date: /home/juwon/Week5Project_ws/src/install/boxproject_interfaces/share/boxproject_interfaces/package.xml
[0.307s] Invoked command in '/home/juwon/Week5Project_ws/src/build/boxproject_interfaces' returned '0': CMAKE_PREFIX_PATH=${CMAKE_PREFIX_PATH}:/home/juwon/Week5Project_ws/src/install/boxproject:/opt/ros/humble /usr/bin/cmake --install /home/juwon/Week5Project_ws/src/build/boxproject_interfaces
