[0.145s] DEBUG:colcon:Command line arguments: ['/usr/bin/colcon', 'build', '--symlink-install']
[0.146s] DEBUG:colcon:Parsed command line arguments: Namespace(log_base=None, log_level=None, verb_name='build', build_base='build', install_base='install', merge_install=False, symlink_install=True, test_result_base=None, continue_on_error=False, executor='parallel', parallel_workers=8, event_handlers=None, ignore_user_meta=False, metas=['./colcon.meta'], base_paths=['.'], packages_ignore=None, packages_ignore_regex=None, paths=None, packages_up_to=None, packages_up_to_regex=None, packages_above=None, packages_above_and_dependencies=None, packages_above_depth=None, packages_select_by_dep=None, packages_skip_by_dep=None, packages_skip_up_to=None, packages_select_build_failed=False, packages_skip_build_finished=False, packages_select_test_failures=False, packages_skip_test_passed=False, packages_select=None, packages_skip=None, packages_select_regex=None, packages_skip_regex=None, packages_start=None, packages_end=None, allow_overriding=[], cmake_args=None, cmake_target=None, cmake_target_skip_unavailable=False, cmake_clean_cache=False, cmake_clean_first=False, cmake_force_configure=False, ament_cmake_args=None, catkin_cmake_args=None, catkin_skip_building_tests=False, verb_parser=<colcon_defaults.argument_parser.defaults.DefaultArgumentsDecorator object at 0x7484c02a6140>, verb_extension=<colcon_core.verb.build.BuildVerb object at 0x7484c02a5b70>, main=<bound method BuildVerb.main of <colcon_core.verb.build.BuildVerb object at 0x7484c02a5b70>>)
[0.376s] Level 1:colcon.colcon_core.package_discovery:discover_packages(colcon_meta) check parameters
[0.376s] Level 1:colcon.colcon_core.package_discovery:discover_packages(recursive) check parameters
[0.376s] Level 1:colcon.colcon_core.package_discovery:discover_packages(ignore) check parameters
[0.376s] Level 1:colcon.colcon_core.package_discovery:discover_packages(path) check parameters
[0.376s] Level 1:colcon.colcon_core.package_discovery:discover_packages(colcon_meta) discover
[0.376s] Level 1:colcon.colcon_core.package_discovery:discover_packages(recursive) discover
[0.376s] INFO:colcon.colcon_core.package_discovery:Crawling recursively for packages in '/home/rokey/Documents/RokeyProjects/ServiceRobotProject/B5'
[0.376s] Level 1:colcon.colcon_core.package_identification:_identify(.) by extensions ['ignore', 'ignore_ament_install']
[0.376s] Level 1:colcon.colcon_core.package_identification:_identify(.) by extension 'ignore'
[0.376s] Level 1:colcon.colcon_core.package_identification:_identify(.) by extension 'ignore_ament_install'
[0.376s] Level 1:colcon.colcon_core.package_identification:_identify(.) by extensions ['colcon_pkg']
[0.376s] Level 1:colcon.colcon_core.package_identification:_identify(.) by extension 'colcon_pkg'
[0.376s] Level 1:colcon.colcon_core.package_identification:_identify(.) by extensions ['colcon_meta']
[0.376s] Level 1:colcon.colcon_core.package_identification:_identify(.) by extension 'colcon_meta'
[0.376s] Level 1:colcon.colcon_core.package_identification:_identify(.) by extensions ['ros']
[0.376s] Level 1:colcon.colcon_core.package_identification:_identify(.) by extension 'ros'
[0.389s] Level 1:colcon.colcon_core.package_identification:_identify(.) by extensions ['cmake', 'python']
[0.389s] Level 1:colcon.colcon_core.package_identification:_identify(.) by extension 'cmake'
[0.389s] Level 1:colcon.colcon_core.package_identification:_identify(.) by extension 'python'
[0.389s] Level 1:colcon.colcon_core.package_identification:_identify(.) by extensions ['python_setup_py']
[0.389s] Level 1:colcon.colcon_core.package_identification:_identify(.) by extension 'python_setup_py'
[0.389s] Level 1:colcon.colcon_core.package_identification:_identify(build) by extensions ['ignore', 'ignore_ament_install']
[0.389s] Level 1:colcon.colcon_core.package_identification:_identify(build) by extension 'ignore'
[0.389s] Level 1:colcon.colcon_core.package_identification:_identify(build) ignored
[0.389s] Level 1:colcon.colcon_core.package_identification:_identify(install) by extensions ['ignore', 'ignore_ament_install']
[0.389s] Level 1:colcon.colcon_core.package_identification:_identify(install) by extension 'ignore'
[0.389s] Level 1:colcon.colcon_core.package_identification:_identify(install) ignored
[0.389s] Level 1:colcon.colcon_core.package_identification:_identify(log) by extensions ['ignore', 'ignore_ament_install']
[0.390s] Level 1:colcon.colcon_core.package_identification:_identify(log) by extension 'ignore'
[0.390s] Level 1:colcon.colcon_core.package_identification:_identify(log) ignored
[0.390s] Level 1:colcon.colcon_core.package_identification:_identify(src) by extensions ['ignore', 'ignore_ament_install']
[0.390s] Level 1:colcon.colcon_core.package_identification:_identify(src) by extension 'ignore'
[0.390s] Level 1:colcon.colcon_core.package_identification:_identify(src) by extension 'ignore_ament_install'
[0.390s] Level 1:colcon.colcon_core.package_identification:_identify(src) by extensions ['colcon_pkg']
[0.390s] Level 1:colcon.colcon_core.package_identification:_identify(src) by extension 'colcon_pkg'
[0.390s] Level 1:colcon.colcon_core.package_identification:_identify(src) by extensions ['colcon_meta']
[0.390s] Level 1:colcon.colcon_core.package_identification:_identify(src) by extension 'colcon_meta'
[0.390s] Level 1:colcon.colcon_core.package_identification:_identify(src) by extensions ['ros']
[0.390s] Level 1:colcon.colcon_core.package_identification:_identify(src) by extension 'ros'
[0.390s] Level 1:colcon.colcon_core.package_identification:_identify(src) by extensions ['cmake', 'python']
[0.390s] Level 1:colcon.colcon_core.package_identification:_identify(src) by extension 'cmake'
[0.390s] Level 1:colcon.colcon_core.package_identification:_identify(src) by extension 'python'
[0.390s] Level 1:colcon.colcon_core.package_identification:_identify(src) by extensions ['python_setup_py']
[0.390s] Level 1:colcon.colcon_core.package_identification:_identify(src) by extension 'python_setup_py'
[0.390s] Level 1:colcon.colcon_core.package_identification:_identify(src/menu_order_interfaces) by extensions ['ignore', 'ignore_ament_install']
[0.390s] Level 1:colcon.colcon_core.package_identification:_identify(src/menu_order_interfaces) by extension 'ignore'
[0.390s] Level 1:colcon.colcon_core.package_identification:_identify(src/menu_order_interfaces) by extension 'ignore_ament_install'
[0.390s] Level 1:colcon.colcon_core.package_identification:_identify(src/menu_order_interfaces) by extensions ['colcon_pkg']
[0.391s] Level 1:colcon.colcon_core.package_identification:_identify(src/menu_order_interfaces) by extension 'colcon_pkg'
[0.391s] Level 1:colcon.colcon_core.package_identification:_identify(src/menu_order_interfaces) by extensions ['colcon_meta']
[0.391s] Level 1:colcon.colcon_core.package_identification:_identify(src/menu_order_interfaces) by extension 'colcon_meta'
[0.391s] Level 1:colcon.colcon_core.package_identification:_identify(src/menu_order_interfaces) by extensions ['ros']
[0.391s] Level 1:colcon.colcon_core.package_identification:_identify(src/menu_order_interfaces) by extension 'ros'
[0.393s] DEBUG:colcon.colcon_core.package_identification:Package 'src/menu_order_interfaces' with type 'ros.ament_cmake' and name 'menu_order_interfaces'
[0.393s] Level 1:colcon.colcon_core.package_identification:_identify(src/menu_order_project) by extensions ['ignore', 'ignore_ament_install']
[0.393s] Level 1:colcon.colcon_core.package_identification:_identify(src/menu_order_project) by extension 'ignore'
[0.393s] Level 1:colcon.colcon_core.package_identification:_identify(src/menu_order_project) by extension 'ignore_ament_install'
[0.393s] Level 1:colcon.colcon_core.package_identification:_identify(src/menu_order_project) by extensions ['colcon_pkg']
[0.393s] Level 1:colcon.colcon_core.package_identification:_identify(src/menu_order_project) by extension 'colcon_pkg'
[0.393s] Level 1:colcon.colcon_core.package_identification:_identify(src/menu_order_project) by extensions ['colcon_meta']
[0.393s] Level 1:colcon.colcon_core.package_identification:_identify(src/menu_order_project) by extension 'colcon_meta'
[0.393s] Level 1:colcon.colcon_core.package_identification:_identify(src/menu_order_project) by extensions ['ros']
[0.393s] Level 1:colcon.colcon_core.package_identification:_identify(src/menu_order_project) by extension 'ros'
[0.394s] DEBUG:colcon.colcon_core.package_identification:Package 'src/menu_order_project' with type 'ros.ament_python' and name 'menu_order_project'
[0.394s] Level 1:colcon.colcon_core.package_discovery:discover_packages(recursive) using defaults
[0.394s] Level 1:colcon.colcon_core.package_discovery:discover_packages(ignore) discover
[0.394s] Level 1:colcon.colcon_core.package_discovery:discover_packages(ignore) using defaults
[0.395s] Level 1:colcon.colcon_core.package_discovery:discover_packages(path) discover
[0.395s] Level 1:colcon.colcon_core.package_discovery:discover_packages(path) using defaults
[0.414s] Level 1:colcon.colcon_core.package_discovery:discover_packages(prefix_path) check parameters
[0.414s] Level 1:colcon.colcon_core.package_discovery:discover_packages(prefix_path) discover
[0.415s] WARNING:colcon.colcon_ros.prefix_path.ament:The path '/home/rokey/Documents/RokeyProjects/ServiceRobotProject/B5/install/menu_order_project' in the environment variable AMENT_PREFIX_PATH doesn't exist
[0.415s] WARNING:colcon.colcon_ros.prefix_path.ament:The path '/home/rokey/Documents/RokeyProjects/ServiceRobotProject/B5/install/menu_order_interfaces' in the environment variable AMENT_PREFIX_PATH doesn't exist
[0.415s] WARNING:colcon.colcon_ros.prefix_path.catkin:The path '/home/rokey/Documents/RokeyProjects/ServiceRobotProject/B5/install/menu_order_interfaces' in the environment variable CMAKE_PREFIX_PATH doesn't exist
[0.416s] DEBUG:colcon.colcon_installed_package_information.package_discovery:Found 0 installed packages in /home/rokey/Documents/RokeyProjects/ServiceRobotProject/B5/install
[0.417s] DEBUG:colcon.colcon_installed_package_information.package_discovery:Found 12 installed packages in /home/rokey/turtlebot3_ws/install
[0.419s] DEBUG:colcon.colcon_installed_package_information.package_discovery:Found 374 installed packages in /opt/ros/humble
[0.423s] Level 1:colcon.colcon_core.package_discovery:discover_packages(prefix_path) using defaults
[0.471s] Level 5:colcon.colcon_core.verb:set package 'menu_order_interfaces' build argument 'cmake_args' from command line to 'None'
[0.471s] Level 5:colcon.colcon_core.verb:set package 'menu_order_interfaces' build argument 'cmake_target' from command line to 'None'
[0.472s] Level 5:colcon.colcon_core.verb:set package 'menu_order_interfaces' build argument 'cmake_target_skip_unavailable' from command line to 'False'
[0.472s] Level 5:colcon.colcon_core.verb:set package 'menu_order_interfaces' build argument 'cmake_clean_cache' from command line to 'False'
[0.472s] Level 5:colcon.colcon_core.verb:set package 'menu_order_interfaces' build argument 'cmake_clean_first' from command line to 'False'
[0.472s] Level 5:colcon.colcon_core.verb:set package 'menu_order_interfaces' build argument 'cmake_force_configure' from command line to 'False'
[0.472s] Level 5:colcon.colcon_core.verb:set package 'menu_order_interfaces' build argument 'ament_cmake_args' from command line to 'None'
[0.472s] Level 5:colcon.colcon_core.verb:set package 'menu_order_interfaces' build argument 'catkin_cmake_args' from command line to 'None'
[0.472s] Level 5:colcon.colcon_core.verb:set package 'menu_order_interfaces' build argument 'catkin_skip_building_tests' from command line to 'False'
[0.472s] DEBUG:colcon.colcon_core.verb:Building package 'menu_order_interfaces' with the following arguments: {'ament_cmake_args': None, 'build_base': '/home/rokey/Documents/RokeyProjects/ServiceRobotProject/B5/build/menu_order_interfaces', 'catkin_cmake_args': None, 'catkin_skip_building_tests': False, 'cmake_args': None, 'cmake_clean_cache': False, 'cmake_clean_first': False, 'cmake_force_configure': False, 'cmake_target': None, 'cmake_target_skip_unavailable': False, 'install_base': '/home/rokey/Documents/RokeyProjects/ServiceRobotProject/B5/install/menu_order_interfaces', 'merge_install': False, 'path': '/home/rokey/Documents/RokeyProjects/ServiceRobotProject/B5/src/menu_order_interfaces', 'symlink_install': True, 'test_result_base': None}
[0.472s] Level 5:colcon.colcon_core.verb:set package 'menu_order_project' build argument 'cmake_args' from command line to 'None'
[0.472s] Level 5:colcon.colcon_core.verb:set package 'menu_order_project' build argument 'cmake_target' from command line to 'None'
[0.472s] Level 5:colcon.colcon_core.verb:set package 'menu_order_project' build argument 'cmake_target_skip_unavailable' from command line to 'False'
[0.472s] Level 5:colcon.colcon_core.verb:set package 'menu_order_project' build argument 'cmake_clean_cache' from command line to 'False'
[0.472s] Level 5:colcon.colcon_core.verb:set package 'menu_order_project' build argument 'cmake_clean_first' from command line to 'False'
[0.472s] Level 5:colcon.colcon_core.verb:set package 'menu_order_project' build argument 'cmake_force_configure' from command line to 'False'
[0.472s] Level 5:colcon.colcon_core.verb:set package 'menu_order_project' build argument 'ament_cmake_args' from command line to 'None'
[0.472s] Level 5:colcon.colcon_core.verb:set package 'menu_order_project' build argument 'catkin_cmake_args' from command line to 'None'
[0.472s] Level 5:colcon.colcon_core.verb:set package 'menu_order_project' build argument 'catkin_skip_building_tests' from command line to 'False'
[0.472s] DEBUG:colcon.colcon_core.verb:Building package 'menu_order_project' with the following arguments: {'ament_cmake_args': None, 'build_base': '/home/rokey/Documents/RokeyProjects/ServiceRobotProject/B5/build/menu_order_project', 'catkin_cmake_args': None, 'catkin_skip_building_tests': False, 'cmake_args': None, 'cmake_clean_cache': False, 'cmake_clean_first': False, 'cmake_force_configure': False, 'cmake_target': None, 'cmake_target_skip_unavailable': False, 'install_base': '/home/rokey/Documents/RokeyProjects/ServiceRobotProject/B5/install/menu_order_project', 'merge_install': False, 'path': '/home/rokey/Documents/RokeyProjects/ServiceRobotProject/B5/src/menu_order_project', 'symlink_install': True, 'test_result_base': None}
[0.472s] INFO:colcon.colcon_core.executor:Executing jobs using 'parallel' executor
[0.473s] DEBUG:colcon.colcon_parallel_executor.executor.parallel:run_until_complete
[0.474s] INFO:colcon.colcon_ros.task.ament_cmake.build:Building ROS package in '/home/rokey/Documents/RokeyProjects/ServiceRobotProject/B5/src/menu_order_interfaces' with build type 'ament_cmake'
[0.474s] INFO:colcon.colcon_cmake.task.cmake.build:Building CMake package in '/home/rokey/Documents/RokeyProjects/ServiceRobotProject/B5/src/menu_order_interfaces'
[0.476s] INFO:colcon.colcon_core.plugin_system:Skipping extension 'colcon_core.shell.bat': Not used on non-Windows systems
[0.476s] INFO:colcon.colcon_core.shell:Skip shell extension 'powershell' for command environment: Not usable outside of PowerShell
[0.476s] DEBUG:colcon.colcon_core.shell:Skip shell extension 'dsv' for command environment
[0.486s] DEBUG:colcon.colcon_core.event_handler.log_command:Invoking command in '/home/rokey/Documents/RokeyProjects/ServiceRobotProject/B5/build/menu_order_interfaces': CMAKE_PREFIX_PATH=${CMAKE_PREFIX_PATH}:/home/rokey/Documents/RokeyProjects/ServiceRobotProject/B5/install/menu_order_project:/home/rokey/turtlebot3_ws/install/turtlebot3_teleop:/home/rokey/turtlebot3_ws/install/turtlebot3_example:/opt/ros/humble /usr/local/bin/cmake /home/rokey/Documents/RokeyProjects/ServiceRobotProject/B5/src/menu_order_interfaces -DAMENT_CMAKE_SYMLINK_INSTALL=1 -DCMAKE_INSTALL_PREFIX=/home/rokey/Documents/RokeyProjects/ServiceRobotProject/B5/install/menu_order_interfaces
[3.525s] DEBUG:colcon.colcon_core.event_handler.log_command:Invoked command in '/home/rokey/Documents/RokeyProjects/ServiceRobotProject/B5/build/menu_order_interfaces' returned '0': CMAKE_PREFIX_PATH=${CMAKE_PREFIX_PATH}:/home/rokey/Documents/RokeyProjects/ServiceRobotProject/B5/install/menu_order_project:/home/rokey/turtlebot3_ws/install/turtlebot3_teleop:/home/rokey/turtlebot3_ws/install/turtlebot3_example:/opt/ros/humble /usr/local/bin/cmake /home/rokey/Documents/RokeyProjects/ServiceRobotProject/B5/src/menu_order_interfaces -DAMENT_CMAKE_SYMLINK_INSTALL=1 -DCMAKE_INSTALL_PREFIX=/home/rokey/Documents/RokeyProjects/ServiceRobotProject/B5/install/menu_order_interfaces
[3.527s] DEBUG:colcon.colcon_core.event_handler.log_command:Invoking command in '/home/rokey/Documents/RokeyProjects/ServiceRobotProject/B5/build/menu_order_interfaces': CMAKE_PREFIX_PATH=${CMAKE_PREFIX_PATH}:/home/rokey/Documents/RokeyProjects/ServiceRobotProject/B5/install/menu_order_project:/home/rokey/turtlebot3_ws/install/turtlebot3_teleop:/home/rokey/turtlebot3_ws/install/turtlebot3_example:/opt/ros/humble /usr/local/bin/cmake --build /home/rokey/Documents/RokeyProjects/ServiceRobotProject/B5/build/menu_order_interfaces -- -j8 -l8
[8.698s] DEBUG:colcon.colcon_core.event_handler.log_command:Invoked command in '/home/rokey/Documents/RokeyProjects/ServiceRobotProject/B5/build/menu_order_interfaces' returned '0': CMAKE_PREFIX_PATH=${CMAKE_PREFIX_PATH}:/home/rokey/Documents/RokeyProjects/ServiceRobotProject/B5/install/menu_order_project:/home/rokey/turtlebot3_ws/install/turtlebot3_teleop:/home/rokey/turtlebot3_ws/install/turtlebot3_example:/opt/ros/humble /usr/local/bin/cmake --build /home/rokey/Documents/RokeyProjects/ServiceRobotProject/B5/build/menu_order_interfaces -- -j8 -l8
[8.784s] DEBUG:colcon.colcon_core.event_handler.log_command:Invoking command in '/home/rokey/Documents/RokeyProjects/ServiceRobotProject/B5/build/menu_order_interfaces': CMAKE_PREFIX_PATH=${CMAKE_PREFIX_PATH}:/home/rokey/Documents/RokeyProjects/ServiceRobotProject/B5/install/menu_order_project:/home/rokey/turtlebot3_ws/install/turtlebot3_teleop:/home/rokey/turtlebot3_ws/install/turtlebot3_example:/opt/ros/humble /usr/local/bin/cmake --install /home/rokey/Documents/RokeyProjects/ServiceRobotProject/B5/build/menu_order_interfaces
[9.264s] Level 1:colcon.colcon_core.environment:create_environment_scripts_only(menu_order_interfaces)
[9.264s] DEBUG:colcon.colcon_core.event_handler.log_command:Invoked command in '/home/rokey/Documents/RokeyProjects/ServiceRobotProject/B5/build/menu_order_interfaces' returned '0': CMAKE_PREFIX_PATH=${CMAKE_PREFIX_PATH}:/home/rokey/Documents/RokeyProjects/ServiceRobotProject/B5/install/menu_order_project:/home/rokey/turtlebot3_ws/install/turtlebot3_teleop:/home/rokey/turtlebot3_ws/install/turtlebot3_example:/opt/ros/humble /usr/local/bin/cmake --install /home/rokey/Documents/RokeyProjects/ServiceRobotProject/B5/build/menu_order_interfaces
[9.266s] Level 1:colcon.colcon_core.environment:checking '/home/rokey/Documents/RokeyProjects/ServiceRobotProject/B5/install/menu_order_interfaces' for CMake module files
[9.267s] Level 1:colcon.colcon_core.environment:checking '/home/rokey/Documents/RokeyProjects/ServiceRobotProject/B5/install/menu_order_interfaces' for CMake config files
[9.267s] Level 1:colcon.colcon_core.shell:create_environment_hook('menu_order_interfaces', 'cmake_prefix_path')
[9.267s] INFO:colcon.colcon_core.shell:Creating environment hook '/home/rokey/Documents/RokeyProjects/ServiceRobotProject/B5/install/menu_order_interfaces/share/menu_order_interfaces/hook/cmake_prefix_path.ps1'
[9.268s] INFO:colcon.colcon_core.shell:Creating environment descriptor '/home/rokey/Documents/RokeyProjects/ServiceRobotProject/B5/install/menu_order_interfaces/share/menu_order_interfaces/hook/cmake_prefix_path.dsv'
[9.268s] INFO:colcon.colcon_core.shell:Creating environment hook '/home/rokey/Documents/RokeyProjects/ServiceRobotProject/B5/install/menu_order_interfaces/share/menu_order_interfaces/hook/cmake_prefix_path.sh'
[9.269s] Level 1:colcon.colcon_core.environment:checking '/home/rokey/Documents/RokeyProjects/ServiceRobotProject/B5/install/menu_order_interfaces/lib'
[9.269s] Level 1:colcon.colcon_core.shell:create_environment_hook('menu_order_interfaces', 'ld_library_path_lib')
[9.269s] INFO:colcon.colcon_core.shell:Creating environment hook '/home/rokey/Documents/RokeyProjects/ServiceRobotProject/B5/install/menu_order_interfaces/share/menu_order_interfaces/hook/ld_library_path_lib.ps1'
[9.269s] INFO:colcon.colcon_core.shell:Creating environment descriptor '/home/rokey/Documents/RokeyProjects/ServiceRobotProject/B5/install/menu_order_interfaces/share/menu_order_interfaces/hook/ld_library_path_lib.dsv'
[9.270s] INFO:colcon.colcon_core.shell:Creating environment hook '/home/rokey/Documents/RokeyProjects/ServiceRobotProject/B5/install/menu_order_interfaces/share/menu_order_interfaces/hook/ld_library_path_lib.sh'
[9.270s] Level 1:colcon.colcon_core.environment:checking '/home/rokey/Documents/RokeyProjects/ServiceRobotProject/B5/install/menu_order_interfaces/bin'
[9.270s] Level 1:colcon.colcon_core.environment:checking '/home/rokey/Documents/RokeyProjects/ServiceRobotProject/B5/install/menu_order_interfaces/lib/pkgconfig/menu_order_interfaces.pc'
[9.270s] Level 1:colcon.colcon_core.environment:checking '/home/rokey/Documents/RokeyProjects/ServiceRobotProject/B5/install/menu_order_interfaces/lib/python3.10/site-packages'
[9.271s] Level 1:colcon.colcon_core.environment:checking '/home/rokey/Documents/RokeyProjects/ServiceRobotProject/B5/install/menu_order_interfaces/bin'
[9.271s] INFO:colcon.colcon_core.shell:Creating package script '/home/rokey/Documents/RokeyProjects/ServiceRobotProject/B5/install/menu_order_interfaces/share/menu_order_interfaces/package.ps1'
[9.272s] INFO:colcon.colcon_core.shell:Creating package descriptor '/home/rokey/Documents/RokeyProjects/ServiceRobotProject/B5/install/menu_order_interfaces/share/menu_order_interfaces/package.dsv'
[9.272s] INFO:colcon.colcon_core.shell:Creating package script '/home/rokey/Documents/RokeyProjects/ServiceRobotProject/B5/install/menu_order_interfaces/share/menu_order_interfaces/package.sh'
[9.273s] INFO:colcon.colcon_core.shell:Creating package script '/home/rokey/Documents/RokeyProjects/ServiceRobotProject/B5/install/menu_order_interfaces/share/menu_order_interfaces/package.bash'
[9.273s] INFO:colcon.colcon_core.shell:Creating package script '/home/rokey/Documents/RokeyProjects/ServiceRobotProject/B5/install/menu_order_interfaces/share/menu_order_interfaces/package.zsh'
[9.274s] Level 1:colcon.colcon_core.environment:create_file_with_runtime_dependencies(/home/rokey/Documents/RokeyProjects/ServiceRobotProject/B5/install/menu_order_interfaces/share/colcon-core/packages/menu_order_interfaces)
[9.355s] Level 1:colcon.colcon_core.environment:create_environment_scripts_only(menu_order_interfaces)
[9.356s] Level 1:colcon.colcon_core.environment:checking '/home/rokey/Documents/RokeyProjects/ServiceRobotProject/B5/install/menu_order_interfaces' for CMake module files
[9.356s] Level 1:colcon.colcon_core.environment:checking '/home/rokey/Documents/RokeyProjects/ServiceRobotProject/B5/install/menu_order_interfaces' for CMake config files
[9.357s] Level 1:colcon.colcon_core.shell:create_environment_hook('menu_order_interfaces', 'cmake_prefix_path')
[9.357s] INFO:colcon.colcon_core.shell:Creating environment hook '/home/rokey/Documents/RokeyProjects/ServiceRobotProject/B5/install/menu_order_interfaces/share/menu_order_interfaces/hook/cmake_prefix_path.ps1'
[9.357s] INFO:colcon.colcon_core.shell:Creating environment descriptor '/home/rokey/Documents/RokeyProjects/ServiceRobotProject/B5/install/menu_order_interfaces/share/menu_order_interfaces/hook/cmake_prefix_path.dsv'
[9.358s] INFO:colcon.colcon_core.shell:Creating environment hook '/home/rokey/Documents/RokeyProjects/ServiceRobotProject/B5/install/menu_order_interfaces/share/menu_order_interfaces/hook/cmake_prefix_path.sh'
[9.358s] Level 1:colcon.colcon_core.environment:checking '/home/rokey/Documents/RokeyProjects/ServiceRobotProject/B5/install/menu_order_interfaces/lib'
[9.358s] Level 1:colcon.colcon_core.shell:create_environment_hook('menu_order_interfaces', 'ld_library_path_lib')
[9.358s] INFO:colcon.colcon_core.shell:Creating environment hook '/home/rokey/Documents/RokeyProjects/ServiceRobotProject/B5/install/menu_order_interfaces/share/menu_order_interfaces/hook/ld_library_path_lib.ps1'
[9.359s] INFO:colcon.colcon_core.shell:Creating environment descriptor '/home/rokey/Documents/RokeyProjects/ServiceRobotProject/B5/install/menu_order_interfaces/share/menu_order_interfaces/hook/ld_library_path_lib.dsv'
[9.359s] INFO:colcon.colcon_core.shell:Creating environment hook '/home/rokey/Documents/RokeyProjects/ServiceRobotProject/B5/install/menu_order_interfaces/share/menu_order_interfaces/hook/ld_library_path_lib.sh'
[9.359s] Level 1:colcon.colcon_core.environment:checking '/home/rokey/Documents/RokeyProjects/ServiceRobotProject/B5/install/menu_order_interfaces/bin'
[9.359s] Level 1:colcon.colcon_core.environment:checking '/home/rokey/Documents/RokeyProjects/ServiceRobotProject/B5/install/menu_order_interfaces/lib/pkgconfig/menu_order_interfaces.pc'
[9.360s] Level 1:colcon.colcon_core.environment:checking '/home/rokey/Documents/RokeyProjects/ServiceRobotProject/B5/install/menu_order_interfaces/lib/python3.10/site-packages'
[9.360s] Level 1:colcon.colcon_core.environment:checking '/home/rokey/Documents/RokeyProjects/ServiceRobotProject/B5/install/menu_order_interfaces/bin'
[9.360s] INFO:colcon.colcon_core.shell:Creating package script '/home/rokey/Documents/RokeyProjects/ServiceRobotProject/B5/install/menu_order_interfaces/share/menu_order_interfaces/package.ps1'
[9.361s] INFO:colcon.colcon_core.shell:Creating package descriptor '/home/rokey/Documents/RokeyProjects/ServiceRobotProject/B5/install/menu_order_interfaces/share/menu_order_interfaces/package.dsv'
[9.361s] INFO:colcon.colcon_core.shell:Creating package script '/home/rokey/Documents/RokeyProjects/ServiceRobotProject/B5/install/menu_order_interfaces/share/menu_order_interfaces/package.sh'
[9.362s] INFO:colcon.colcon_core.shell:Creating package script '/home/rokey/Documents/RokeyProjects/ServiceRobotProject/B5/install/menu_order_interfaces/share/menu_order_interfaces/package.bash'
[9.362s] INFO:colcon.colcon_core.shell:Creating package script '/home/rokey/Documents/RokeyProjects/ServiceRobotProject/B5/install/menu_order_interfaces/share/menu_order_interfaces/package.zsh'
[9.362s] Level 1:colcon.colcon_core.environment:create_file_with_runtime_dependencies(/home/rokey/Documents/RokeyProjects/ServiceRobotProject/B5/install/menu_order_interfaces/share/colcon-core/packages/menu_order_interfaces)
[9.363s] INFO:colcon.colcon_ros.task.ament_python.build:Building ROS package in '/home/rokey/Documents/RokeyProjects/ServiceRobotProject/B5/src/menu_order_project' with build type 'ament_python'
[9.363s] Level 1:colcon.colcon_core.shell:create_environment_hook('menu_order_project', 'ament_prefix_path')
[9.363s] INFO:colcon.colcon_core.shell:Creating environment hook '/home/rokey/Documents/RokeyProjects/ServiceRobotProject/B5/install/menu_order_project/share/menu_order_project/hook/ament_prefix_path.ps1'
[9.364s] INFO:colcon.colcon_core.shell:Creating environment descriptor '/home/rokey/Documents/RokeyProjects/ServiceRobotProject/B5/install/menu_order_project/share/menu_order_project/hook/ament_prefix_path.dsv'
[9.364s] INFO:colcon.colcon_core.shell:Creating environment hook '/home/rokey/Documents/RokeyProjects/ServiceRobotProject/B5/install/menu_order_project/share/menu_order_project/hook/ament_prefix_path.sh'
[9.365s] INFO:colcon.colcon_core.shell:Skip shell extension 'powershell' for command environment: Not usable outside of PowerShell
[9.365s] DEBUG:colcon.colcon_core.shell:Skip shell extension 'dsv' for command environment
[9.698s] INFO:colcon.colcon_core.task.python.build:Building Python package in '/home/rokey/Documents/RokeyProjects/ServiceRobotProject/B5/src/menu_order_project'
[9.698s] INFO:colcon.colcon_core.shell:Skip shell extension 'powershell' for command environment: Not usable outside of PowerShell
[9.698s] DEBUG:colcon.colcon_core.shell:Skip shell extension 'dsv' for command environment
[10.196s] DEBUG:colcon.colcon_core.event_handler.log_command:Invoking command in '/home/rokey/Documents/RokeyProjects/ServiceRobotProject/B5/build/menu_order_project': LD_LIBRARY_PATH=/home/rokey/Documents/RokeyProjects/ServiceRobotProject/B5/install/menu_order_interfaces/lib:/home/rokey/turtlebot3_ws/install/turtlebot3_msgs/lib:/opt/ros/humble/opt/rviz_ogre_vendor/lib:/opt/ros/humble/lib/x86_64-linux-gnu:/opt/ros/humble/lib:/usr/lib/x86_64-linux-gnu/gazebo-11/plugins:/usr/lib/x86_64-linux-gnu/gazebo-11/plugins:/usr/lib/x86_64-linux-gnu/gazebo-11/plugins PYTHONPATH=/home/rokey/Documents/RokeyProjects/ServiceRobotProject/B5/build/menu_order_project/prefix_override:/usr/lib/python3/dist-packages/colcon_core/task/python/colcon_distutils_commands:/home/rokey/Documents/RokeyProjects/ServiceRobotProject/B5/install/menu_order_project/lib/python3.10/site-packages:${PYTHONPATH} /usr/bin/python3 -W ignore:setup.py install is deprecated setup.py develop --editable --build-directory /home/rokey/Documents/RokeyProjects/ServiceRobotProject/B5/build/menu_order_project/build --no-deps symlink_data
[10.984s] Level 1:colcon.colcon_core.shell:create_environment_hook('menu_order_project', 'pythonpath_develop')
[10.985s] INFO:colcon.colcon_core.shell:Creating environment hook '/home/rokey/Documents/RokeyProjects/ServiceRobotProject/B5/build/menu_order_project/share/menu_order_project/hook/pythonpath_develop.ps1'
[10.986s] DEBUG:colcon.colcon_core.event_handler.log_command:Invoked command in '/home/rokey/Documents/RokeyProjects/ServiceRobotProject/B5/build/menu_order_project' returned '0': LD_LIBRARY_PATH=/home/rokey/Documents/RokeyProjects/ServiceRobotProject/B5/install/menu_order_interfaces/lib:/home/rokey/turtlebot3_ws/install/turtlebot3_msgs/lib:/opt/ros/humble/opt/rviz_ogre_vendor/lib:/opt/ros/humble/lib/x86_64-linux-gnu:/opt/ros/humble/lib:/usr/lib/x86_64-linux-gnu/gazebo-11/plugins:/usr/lib/x86_64-linux-gnu/gazebo-11/plugins:/usr/lib/x86_64-linux-gnu/gazebo-11/plugins PYTHONPATH=/home/rokey/Documents/RokeyProjects/ServiceRobotProject/B5/build/menu_order_project/prefix_override:/usr/lib/python3/dist-packages/colcon_core/task/python/colcon_distutils_commands:/home/rokey/Documents/RokeyProjects/ServiceRobotProject/B5/install/menu_order_project/lib/python3.10/site-packages:${PYTHONPATH} /usr/bin/python3 -W ignore:setup.py install is deprecated setup.py develop --editable --build-directory /home/rokey/Documents/RokeyProjects/ServiceRobotProject/B5/build/menu_order_project/build --no-deps symlink_data
[10.986s] INFO:colcon.colcon_core.shell:Creating environment descriptor '/home/rokey/Documents/RokeyProjects/ServiceRobotProject/B5/build/menu_order_project/share/menu_order_project/hook/pythonpath_develop.dsv'
[10.986s] INFO:colcon.colcon_core.shell:Creating environment hook '/home/rokey/Documents/RokeyProjects/ServiceRobotProject/B5/build/menu_order_project/share/menu_order_project/hook/pythonpath_develop.sh'
[10.987s] Level 1:colcon.colcon_core.environment:checking '/home/rokey/Documents/RokeyProjects/ServiceRobotProject/B5/install/menu_order_project' for CMake module files
[10.988s] Level 1:colcon.colcon_core.environment:checking '/home/rokey/Documents/RokeyProjects/ServiceRobotProject/B5/install/menu_order_project' for CMake config files
[10.988s] Level 1:colcon.colcon_core.environment:checking '/home/rokey/Documents/RokeyProjects/ServiceRobotProject/B5/install/menu_order_project/lib'
[10.988s] Level 1:colcon.colcon_core.environment:checking '/home/rokey/Documents/RokeyProjects/ServiceRobotProject/B5/install/menu_order_project/bin'
[10.988s] Level 1:colcon.colcon_core.environment:checking '/home/rokey/Documents/RokeyProjects/ServiceRobotProject/B5/install/menu_order_project/lib/pkgconfig/menu_order_project.pc'
[10.989s] Level 1:colcon.colcon_core.environment:checking '/home/rokey/Documents/RokeyProjects/ServiceRobotProject/B5/install/menu_order_project/lib/python3.10/site-packages'
[10.989s] Level 1:colcon.colcon_core.shell:create_environment_hook('menu_order_project', 'pythonpath')
[10.989s] INFO:colcon.colcon_core.shell:Creating environment hook '/home/rokey/Documents/RokeyProjects/ServiceRobotProject/B5/install/menu_order_project/share/menu_order_project/hook/pythonpath.ps1'
[10.990s] INFO:colcon.colcon_core.shell:Creating environment descriptor '/home/rokey/Documents/RokeyProjects/ServiceRobotProject/B5/install/menu_order_project/share/menu_order_project/hook/pythonpath.dsv'
[10.990s] INFO:colcon.colcon_core.shell:Creating environment hook '/home/rokey/Documents/RokeyProjects/ServiceRobotProject/B5/install/menu_order_project/share/menu_order_project/hook/pythonpath.sh'
[10.991s] Level 1:colcon.colcon_core.environment:checking '/home/rokey/Documents/RokeyProjects/ServiceRobotProject/B5/install/menu_order_project/bin'
[10.991s] Level 1:colcon.colcon_core.environment:create_environment_scripts_only(menu_order_project)
[10.991s] INFO:colcon.colcon_core.shell:Creating package script '/home/rokey/Documents/RokeyProjects/ServiceRobotProject/B5/install/menu_order_project/share/menu_order_project/package.ps1'
[10.992s] INFO:colcon.colcon_core.shell:Creating package descriptor '/home/rokey/Documents/RokeyProjects/ServiceRobotProject/B5/install/menu_order_project/share/menu_order_project/package.dsv'
[10.992s] INFO:colcon.colcon_core.shell:Creating package script '/home/rokey/Documents/RokeyProjects/ServiceRobotProject/B5/install/menu_order_project/share/menu_order_project/package.sh'
[10.993s] INFO:colcon.colcon_core.shell:Creating package script '/home/rokey/Documents/RokeyProjects/ServiceRobotProject/B5/install/menu_order_project/share/menu_order_project/package.bash'
[10.994s] INFO:colcon.colcon_core.shell:Creating package script '/home/rokey/Documents/RokeyProjects/ServiceRobotProject/B5/install/menu_order_project/share/menu_order_project/package.zsh'
[10.994s] Level 1:colcon.colcon_core.environment:create_file_with_runtime_dependencies(/home/rokey/Documents/RokeyProjects/ServiceRobotProject/B5/install/menu_order_project/share/colcon-core/packages/menu_order_project)
[10.995s] DEBUG:colcon.colcon_parallel_executor.executor.parallel:closing loop
[10.996s] DEBUG:colcon.colcon_parallel_executor.executor.parallel:loop closed
[10.996s] DEBUG:colcon.colcon_parallel_executor.executor.parallel:run_until_complete finished with '0'
[10.996s] DEBUG:colcon.colcon_core.event_reactor:joining thread
[11.010s] INFO:colcon.colcon_core.plugin_system:Skipping extension 'colcon_notification.desktop_notification.terminal_notifier': Not used on non-Darwin systems
[11.011s] INFO:colcon.colcon_core.plugin_system:Skipping extension 'colcon_notification.desktop_notification.win32': Not used on non-Windows systems
[11.011s] INFO:colcon.colcon_notification.desktop_notification:Sending desktop notification using 'notify2'
[11.028s] DEBUG:colcon.colcon_core.event_reactor:joined thread
[11.029s] INFO:colcon.colcon_core.shell:Creating prefix script '/home/rokey/Documents/RokeyProjects/ServiceRobotProject/B5/install/local_setup.ps1'
[11.030s] INFO:colcon.colcon_core.shell:Creating prefix util module '/home/rokey/Documents/RokeyProjects/ServiceRobotProject/B5/install/_local_setup_util_ps1.py'
[11.032s] INFO:colcon.colcon_core.shell:Creating prefix chain script '/home/rokey/Documents/RokeyProjects/ServiceRobotProject/B5/install/setup.ps1'
[11.035s] INFO:colcon.colcon_core.shell:Creating prefix script '/home/rokey/Documents/RokeyProjects/ServiceRobotProject/B5/install/local_setup.sh'
[11.036s] INFO:colcon.colcon_core.shell:Creating prefix util module '/home/rokey/Documents/RokeyProjects/ServiceRobotProject/B5/install/_local_setup_util_sh.py'
[11.038s] INFO:colcon.colcon_core.shell:Creating prefix chain script '/home/rokey/Documents/RokeyProjects/ServiceRobotProject/B5/install/setup.sh'
[11.040s] INFO:colcon.colcon_core.shell:Creating prefix script '/home/rokey/Documents/RokeyProjects/ServiceRobotProject/B5/install/local_setup.bash'
[11.041s] INFO:colcon.colcon_core.shell:Creating prefix chain script '/home/rokey/Documents/RokeyProjects/ServiceRobotProject/B5/install/setup.bash'
[11.042s] INFO:colcon.colcon_core.shell:Creating prefix script '/home/rokey/Documents/RokeyProjects/ServiceRobotProject/B5/install/local_setup.zsh'
[11.043s] INFO:colcon.colcon_core.shell:Creating prefix chain script '/home/rokey/Documents/RokeyProjects/ServiceRobotProject/B5/install/setup.zsh'
