[0.781s] Invoking command in '/home/yjh/Doosan/Real_project_ws/Week4/RokeyProjects/ServiceRobotProject/B5/src/menu_order_project': AMENT_PREFIX_PATH=/home/yjh/Doosan/Real_project_ws/Week4/B5/install/menu_order_interfaces:${AMENT_PREFIX_PATH} LD_LIBRARY_PATH=/home/yjh/Doosan/Real_project_ws/Week4/B5/install/menu_order_interfaces/lib:/home/yjh/Doosan/Real_project_ws/Week4/RokeyProjects/ServiceRobotProject/B5/install/menu_order_interfaces/lib:/home/yjh/turtlebot3_ws/install/turtlebot3_msgs/lib:/usr/lib/x86_64-linux-gnu/gazebo-11/plugins:/opt/ros/humble/opt/rviz_ogre_vendor/lib:/opt/ros/humble/lib/x86_64-linux-gnu:/opt/ros/humble/lib:/usr/lib/x86_64-linux-gnu/gazebo-11/plugins:/usr/lib/x86_64-linux-gnu/gazebo-11/plugins:/usr/lib/x86_64-linux-gnu/gazebo-11/plugins PYTHONPATH=/home/yjh/Doosan/Real_project_ws/Week4/RokeyProjects/ServiceRobotProject/B5/build/menu_order_project/prefix_override:/usr/lib/python3/dist-packages/colcon_core/task/python/colcon_distutils_commands:/home/yjh/Doosan/Real_project_ws/Week4/RokeyProjects/ServiceRobotProject/B5/install/menu_order_project/lib/python3.10/site-packages:/home/yjh/Doosan/Real_project_ws/Week4/B5/install/menu_order_interfaces/local/lib/python3.10/dist-packages:${PYTHONPATH} /usr/bin/python3 -W ignore:setup.py install is deprecated setup.py egg_info --egg-base ../../build/menu_order_project build --build-base /home/yjh/Doosan/Real_project_ws/Week4/RokeyProjects/ServiceRobotProject/B5/build/menu_order_project/build install --record /home/yjh/Doosan/Real_project_ws/Week4/RokeyProjects/ServiceRobotProject/B5/build/menu_order_project/install.log --single-version-externally-managed install_data
[1.061s] running egg_info
[1.080s] writing ../../build/menu_order_project/menu_order_project.egg-info/PKG-INFO
[1.081s] writing dependency_links to ../../build/menu_order_project/menu_order_project.egg-info/dependency_links.txt
[1.081s] writing entry points to ../../build/menu_order_project/menu_order_project.egg-info/entry_points.txt
[1.081s] writing requirements to ../../build/menu_order_project/menu_order_project.egg-info/requires.txt
[1.081s] writing top-level names to ../../build/menu_order_project/menu_order_project.egg-info/top_level.txt
[1.122s] reading manifest file '../../build/menu_order_project/menu_order_project.egg-info/SOURCES.txt'
[1.123s] writing manifest file '../../build/menu_order_project/menu_order_project.egg-info/SOURCES.txt'
[1.123s] running build
[1.123s] running build_py
[1.124s] copying menu_order_project/menu_order.py -> /home/yjh/Doosan/Real_project_ws/Week4/RokeyProjects/ServiceRobotProject/B5/build/menu_order_project/build/lib/menu_order_project
[1.124s] copying menu_order_project/table_order.py -> /home/yjh/Doosan/Real_project_ws/Week4/RokeyProjects/ServiceRobotProject/B5/build/menu_order_project/build/lib/menu_order_project
[1.124s] copying menu_order_project/kitchen_monitoring.py -> /home/yjh/Doosan/Real_project_ws/Week4/RokeyProjects/ServiceRobotProject/B5/build/menu_order_project/build/lib/menu_order_project
[1.124s] copying menu_order_project/test_order.py -> /home/yjh/Doosan/Real_project_ws/Week4/RokeyProjects/ServiceRobotProject/B5/build/menu_order_project/build/lib/menu_order_project
[1.124s] copying menu_order_project/test_sub.py -> /home/yjh/Doosan/Real_project_ws/Week4/RokeyProjects/ServiceRobotProject/B5/build/menu_order_project/build/lib/menu_order_project
[1.125s] copying menu_order_project/__init__.py -> /home/yjh/Doosan/Real_project_ws/Week4/RokeyProjects/ServiceRobotProject/B5/build/menu_order_project/build/lib/menu_order_project
[1.125s] copying menu_order_project/test_robot_controll.py -> /home/yjh/Doosan/Real_project_ws/Week4/RokeyProjects/ServiceRobotProject/B5/build/menu_order_project/build/lib/menu_order_project
[1.125s] running install
[1.130s] running install_lib
[1.150s] copying /home/yjh/Doosan/Real_project_ws/Week4/RokeyProjects/ServiceRobotProject/B5/build/menu_order_project/build/lib/menu_order_project/test_sub.py -> /home/yjh/Doosan/Real_project_ws/Week4/RokeyProjects/ServiceRobotProject/B5/install/menu_order_project/lib/python3.10/site-packages/menu_order_project
[1.150s] byte-compiling /home/yjh/Doosan/Real_project_ws/Week4/RokeyProjects/ServiceRobotProject/B5/install/menu_order_project/lib/python3.10/site-packages/menu_order_project/test_sub.py to test_sub.cpython-310.pyc
[1.154s] running install_data
[1.154s] copying resource/menu_order_project -> /home/yjh/Doosan/Real_project_ws/Week4/RokeyProjects/ServiceRobotProject/B5/install/menu_order_project/share/ament_index/resource_index/packages
[1.154s] copying package.xml -> /home/yjh/Doosan/Real_project_ws/Week4/RokeyProjects/ServiceRobotProject/B5/install/menu_order_project/share/menu_order_project
[1.154s] copying ../menu_order_interfaces/srv/MenuUpdate.srv -> /home/yjh/Doosan/Real_project_ws/Week4/RokeyProjects/ServiceRobotProject/B5/install/menu_order_project/share/menu_order_project/srv
[1.155s] running install_egg_info
[1.175s] removing '/home/yjh/Doosan/Real_project_ws/Week4/RokeyProjects/ServiceRobotProject/B5/install/menu_order_project/lib/python3.10/site-packages/menu_order_project-0.0.0-py3.10.egg-info' (and everything under it)
[1.175s] Copying ../../build/menu_order_project/menu_order_project.egg-info to /home/yjh/Doosan/Real_project_ws/Week4/RokeyProjects/ServiceRobotProject/B5/install/menu_order_project/lib/python3.10/site-packages/menu_order_project-0.0.0-py3.10.egg-info
[1.176s] running install_scripts
[1.327s] Installing P script to /home/yjh/Doosan/Real_project_ws/Week4/RokeyProjects/ServiceRobotProject/B5/install/menu_order_project/lib/menu_order_project
[1.327s] Installing S script to /home/yjh/Doosan/Real_project_ws/Week4/RokeyProjects/ServiceRobotProject/B5/install/menu_order_project/lib/menu_order_project
[1.327s] Installing test_P script to /home/yjh/Doosan/Real_project_ws/Week4/RokeyProjects/ServiceRobotProject/B5/install/menu_order_project/lib/menu_order_project
[1.327s] Installing test_Robot script to /home/yjh/Doosan/Real_project_ws/Week4/RokeyProjects/ServiceRobotProject/B5/install/menu_order_project/lib/menu_order_project
[1.327s] Installing test_S script to /home/yjh/Doosan/Real_project_ws/Week4/RokeyProjects/ServiceRobotProject/B5/install/menu_order_project/lib/menu_order_project
[1.328s] writing list of installed files to '/home/yjh/Doosan/Real_project_ws/Week4/RokeyProjects/ServiceRobotProject/B5/build/menu_order_project/install.log'
[1.363s] Invoked command in '/home/yjh/Doosan/Real_project_ws/Week4/RokeyProjects/ServiceRobotProject/B5/src/menu_order_project' returned '0': AMENT_PREFIX_PATH=/home/yjh/Doosan/Real_project_ws/Week4/B5/install/menu_order_interfaces:${AMENT_PREFIX_PATH} LD_LIBRARY_PATH=/home/yjh/Doosan/Real_project_ws/Week4/B5/install/menu_order_interfaces/lib:/home/yjh/Doosan/Real_project_ws/Week4/RokeyProjects/ServiceRobotProject/B5/install/menu_order_interfaces/lib:/home/yjh/turtlebot3_ws/install/turtlebot3_msgs/lib:/usr/lib/x86_64-linux-gnu/gazebo-11/plugins:/opt/ros/humble/opt/rviz_ogre_vendor/lib:/opt/ros/humble/lib/x86_64-linux-gnu:/opt/ros/humble/lib:/usr/lib/x86_64-linux-gnu/gazebo-11/plugins:/usr/lib/x86_64-linux-gnu/gazebo-11/plugins:/usr/lib/x86_64-linux-gnu/gazebo-11/plugins PYTHONPATH=/home/yjh/Doosan/Real_project_ws/Week4/RokeyProjects/ServiceRobotProject/B5/build/menu_order_project/prefix_override:/usr/lib/python3/dist-packages/colcon_core/task/python/colcon_distutils_commands:/home/yjh/Doosan/Real_project_ws/Week4/RokeyProjects/ServiceRobotProject/B5/install/menu_order_project/lib/python3.10/site-packages:/home/yjh/Doosan/Real_project_ws/Week4/B5/install/menu_order_interfaces/local/lib/python3.10/dist-packages:${PYTHONPATH} /usr/bin/python3 -W ignore:setup.py install is deprecated setup.py egg_info --egg-base ../../build/menu_order_project build --build-base /home/yjh/Doosan/Real_project_ws/Week4/RokeyProjects/ServiceRobotProject/B5/build/menu_order_project/build install --record /home/yjh/Doosan/Real_project_ws/Week4/RokeyProjects/ServiceRobotProject/B5/build/menu_order_project/install.log --single-version-externally-managed install_data
