[0.008s] Invoking command in '/home/yjh/Doosan/Real_project_ws/Week4/B5/build/menu_order_interfaces': CMAKE_PREFIX_PATH=/opt/ros/humble /usr/bin/cmake /home/yjh/Doosan/Real_project_ws/Week4/B5/src/menu_order_interfaces -DCMAKE_INSTALL_PREFIX=/home/yjh/Doosan/Real_project_ws/Week4/B5/install/menu_order_interfaces
[0.096s] -- The C compiler identification is GNU 11.4.0
[0.169s] -- The CXX compiler identification is GNU 11.4.0
[0.178s] -- Detecting C compiler ABI info
[0.241s] -- Detecting C compiler ABI info - done
[0.246s] -- Check for working C compiler: /usr/bin/cc - skipped
[0.246s] -- Detecting C compile features
[0.247s] -- Detecting C compile features - done
[0.250s] -- Detecting CXX compiler ABI info
[0.319s] -- Detecting CXX compiler ABI info - done
[0.324s] -- Check for working CXX compiler: /usr/bin/c++ - skipped
[0.324s] -- Detecting CXX compile features
[0.325s] -- Detecting CXX compile features - done
[0.331s] -- Found ament_cmake: 1.3.10 (/opt/ros/humble/share/ament_cmake/cmake)
[0.609s] -- Found Python3: /usr/bin/python3 (found version "3.10.12") found components: Interpreter 
[0.696s] -- Found rosidl_default_generators: 1.2.0 (/opt/ros/humble/share/rosidl_default_generators/cmake)
[0.701s] -- Using all available rosidl_typesupport_c: rosidl_typesupport_fastrtps_c;rosidl_typesupport_introspection_c
[0.709s] -- Found rosidl_adapter: 3.1.5 (/opt/ros/humble/share/rosidl_adapter/cmake)
[0.759s] -- Using all available rosidl_typesupport_cpp: rosidl_typesupport_fastrtps_cpp;rosidl_typesupport_introspection_cpp
[0.993s] [31mCMake Error at /opt/ros/humble/share/rosidl_cmake/cmake/rosidl_generate_interfaces.cmake:229 (message):
[0.993s]   Packages installing interfaces must include
[0.993s]   '<member_of_group>rosidl_interface_packages</member_of_group>' in their
[0.993s]   package.xml
[0.993s] Call Stack (most recent call first):
[0.993s]   CMakeLists.txt:17 (rosidl_generate_interfaces)
[0.993s] 
[0.993s] [0m
[0.993s] -- Configuring incomplete, errors occurred!
[0.994s] See also "/home/yjh/Doosan/Real_project_ws/Week4/B5/build/menu_order_interfaces/CMakeFiles/CMakeOutput.log".
[1.000s] Invoked command in '/home/yjh/Doosan/Real_project_ws/Week4/B5/build/menu_order_interfaces' returned '1': CMAKE_PREFIX_PATH=/opt/ros/humble /usr/bin/cmake /home/yjh/Doosan/Real_project_ws/Week4/B5/src/menu_order_interfaces -DCMAKE_INSTALL_PREFIX=/home/yjh/Doosan/Real_project_ws/Week4/B5/install/menu_order_interfaces
