[0.010s] Invoking command in '/home/juwon/RokeyProjects/src/build/boxproject_interfaces': CMAKE_PREFIX_PATH=/opt/ros/humble /usr/bin/cmake --build /home/juwon/RokeyProjects/src/build/boxproject_interfaces -- -j6 -l6
[0.018s] [0mCMake Error: The current CMakeCache.txt directory /home/juwon/RokeyProjects/src/build/boxproject_interfaces/CMakeCache.txt is different than the directory /home/juwon/Week5Project_ws/src/build/boxproject_interfaces where CMakeCache.txt was created. This may result in binaries being created in the wrong place. If you are not sure, reedit the CMakeCache.txt[0m
[0.070s] -- Found ament_cmake: 1.3.10 (/opt/ros/humble/share/ament_cmake/cmake)
[0.186s] -- Found rosidl_default_generators: 1.2.0 (/opt/ros/humble/share/rosidl_default_generators/cmake)
[0.188s] -- Using all available rosidl_typesupport_c: rosidl_typesupport_fastrtps_c;rosidl_typesupport_introspection_c
[0.192s] -- Found rosidl_adapter: 3.1.5 (/opt/ros/humble/share/rosidl_adapter/cmake)
[0.231s] -- Using all available rosidl_typesupport_cpp: rosidl_typesupport_fastrtps_cpp;rosidl_typesupport_introspection_cpp
[0.505s] -- Found ament_cmake_ros: 0.10.0 (/opt/ros/humble/share/ament_cmake_ros/cmake)
[0.642s] -- Using all available rosidl_typesupport_c: rosidl_typesupport_fastrtps_c;rosidl_typesupport_introspection_c
[0.832s] -- Using all available rosidl_typesupport_cpp: rosidl_typesupport_fastrtps_cpp;rosidl_typesupport_introspection_cpp
[0.851s] -- Found python_cmake_module: 0.10.0 (/opt/ros/humble/share/python_cmake_module/cmake)
[0.869s] -- Using PYTHON_EXECUTABLE: /usr/bin/python3
[0.869s] -- Using PYTHON_INCLUDE_DIRS: /usr/include/python3.10
[0.869s] -- Using PYTHON_LIBRARIES: /usr/lib/x86_64-linux-gnu/libpython3.10.so
[0.880s] -- Found ament_lint_auto: 0.12.11 (/opt/ros/humble/share/ament_lint_auto/cmake)
[0.902s] -- Added test 'lint_cmake' to check CMake code style
[0.903s] -- Added test 'xmllint' to check XML markup files
[0.908s] -- Configuring done
[0.966s] -- Generating done
[0.975s] -- Build files have been written to: /home/juwon/Week5Project_ws/src/build/boxproject_interfaces
[1.017s] [35m[1mConsolidate compiler generated dependencies of target boxproject_interfaces__rosidl_generator_c[0m
[1.021s] [  3%] Built target boxproject_interfaces__cpp
[1.033s] [  6%] [32mBuilding C object CMakeFiles/boxproject_interfaces__rosidl_generator_c.dir/rosidl_generator_c/boxproject_interfaces/action/detail/task_action__functions.c.o[0m
[1.039s] [35m[1mConsolidate compiler generated dependencies of target boxproject_interfaces__rosidl_typesupport_introspection_cpp[0m
[1.039s] [35m[1mConsolidate compiler generated dependencies of target boxproject_interfaces__rosidl_typesupport_cpp[0m
[1.041s] [35m[1mConsolidate compiler generated dependencies of target boxproject_interfaces__rosidl_typesupport_fastrtps_cpp[0m
[1.044s] [  6%] Built target ament_cmake_python_copy_boxproject_interfaces
[1.057s] [  9%] [32mBuilding CXX object CMakeFiles/boxproject_interfaces__rosidl_typesupport_introspection_cpp.dir/rosidl_typesupport_introspection_cpp/boxproject_interfaces/action/detail/task_action__type_support.cpp.o[0m
[1.060s] [ 12%] [32mBuilding CXX object CMakeFiles/boxproject_interfaces__rosidl_typesupport_fastrtps_cpp.dir/rosidl_typesupport_fastrtps_cpp/boxproject_interfaces/action/detail/dds_fastrtps/task_action__type_support.cpp.o[0m
[1.066s] [ 16%] [32mBuilding CXX object CMakeFiles/boxproject_interfaces__rosidl_typesupport_cpp.dir/rosidl_typesupport_cpp/boxproject_interfaces/action/task_action__type_support.cpp.o[0m
[1.229s] running egg_info
[1.230s] writing boxproject_interfaces.egg-info/PKG-INFO
[1.230s] writing dependency_links to boxproject_interfaces.egg-info/dependency_links.txt
[1.231s] writing top-level names to boxproject_interfaces.egg-info/top_level.txt
[1.238s] reading manifest file 'boxproject_interfaces.egg-info/SOURCES.txt'
[1.240s] writing manifest file 'boxproject_interfaces.egg-info/SOURCES.txt'
[1.250s] [ 19%] [32m[1mLinking C shared library libboxproject_interfaces__rosidl_generator_c.so[0m
[1.258s] [ 19%] Built target ament_cmake_python_build_boxproject_interfaces_egg
[1.321s] [ 22%] Built target boxproject_interfaces__rosidl_generator_c
[1.343s] [35m[1mConsolidate compiler generated dependencies of target boxproject_interfaces__rosidl_typesupport_c[0m
[1.343s] [35m[1mConsolidate compiler generated dependencies of target boxproject_interfaces__rosidl_typesupport_introspection_c[0m
[1.348s] [35m[1mConsolidate compiler generated dependencies of target boxproject_interfaces__rosidl_typesupport_fastrtps_c[0m
[1.359s] [ 25%] [32mBuilding CXX object CMakeFiles/boxproject_interfaces__rosidl_typesupport_c.dir/rosidl_typesupport_c/boxproject_interfaces/action/task_action__type_support.cpp.o[0m
[1.363s] [ 29%] [32mBuilding C object CMakeFiles/boxproject_interfaces__rosidl_typesupport_introspection_c.dir/rosidl_typesupport_introspection_c/boxproject_interfaces/action/detail/task_action__type_support.c.o[0m
[1.367s] [ 32%] [32mBuilding CXX object CMakeFiles/boxproject_interfaces__rosidl_typesupport_fastrtps_c.dir/rosidl_typesupport_fastrtps_c/boxproject_interfaces/action/detail/task_action__type_support_c.cpp.o[0m
[1.484s] [ 35%] [32m[1mLinking CXX shared library libboxproject_interfaces__rosidl_typesupport_c.so[0m
[1.493s] [ 38%] [32m[1mLinking C shared library libboxproject_interfaces__rosidl_typesupport_introspection_c.so[0m
[1.556s] [ 41%] Built target boxproject_interfaces__rosidl_typesupport_c
[1.559s] [ 45%] Built target boxproject_interfaces__rosidl_typesupport_introspection_c
[1.584s] [ 48%] [32m[1mLinking CXX shared library libboxproject_interfaces__rosidl_typesupport_fastrtps_cpp.so[0m
[1.596s] [ 51%] [32m[1mLinking CXX shared library libboxproject_interfaces__rosidl_typesupport_cpp.so[0m
[1.652s] [ 54%] Built target boxproject_interfaces__rosidl_typesupport_cpp
[1.663s] [ 58%] Built target boxproject_interfaces__rosidl_typesupport_fastrtps_cpp
[1.697s] [ 61%] [32m[1mLinking CXX shared library libboxproject_interfaces__rosidl_typesupport_introspection_cpp.so[0m
[1.723s] [ 64%] [32m[1mLinking CXX shared library libboxproject_interfaces__rosidl_typesupport_fastrtps_c.so[0m
[1.775s] [ 67%] Built target boxproject_interfaces__rosidl_typesupport_introspection_cpp
[1.800s] [ 70%] Built target boxproject_interfaces__rosidl_typesupport_fastrtps_c
[1.823s] [ 70%] Built target boxproject_interfaces
[1.845s] [ 74%] Built target boxproject_interfaces__py
[1.858s] [35m[1mConsolidate compiler generated dependencies of target boxproject_interfaces__rosidl_generator_py[0m
[1.868s] [ 77%] [32mBuilding C object CMakeFiles/boxproject_interfaces__rosidl_generator_py.dir/rosidl_generator_py/boxproject_interfaces/action/_task_action_s.c.o[0m
[2.011s] [ 80%] [32m[1mLinking C shared library rosidl_generator_py/boxproject_interfaces/libboxproject_interfaces__rosidl_generator_py.so[0m
[2.057s] [ 80%] Built target boxproject_interfaces__rosidl_generator_py
[2.072s] [35m[1mConsolidate compiler generated dependencies of target boxproject_interfaces__rosidl_typesupport_fastrtps_c__pyext[0m
[2.074s] [35m[1mConsolidate compiler generated dependencies of target boxproject_interfaces__rosidl_typesupport_introspection_c__pyext[0m
[2.074s] [35m[1mConsolidate compiler generated dependencies of target boxproject_interfaces__rosidl_typesupport_c__pyext[0m
[2.086s] [ 83%] [32mBuilding C object CMakeFiles/boxproject_interfaces__rosidl_typesupport_fastrtps_c__pyext.dir/rosidl_generator_py/boxproject_interfaces/_boxproject_interfaces_s.ep.rosidl_typesupport_fastrtps_c.c.o[0m
[2.087s] [ 87%] [32mBuilding C object CMakeFiles/boxproject_interfaces__rosidl_typesupport_c__pyext.dir/rosidl_generator_py/boxproject_interfaces/_boxproject_interfaces_s.ep.rosidl_typesupport_c.c.o[0m
[2.089s] [ 90%] [32mBuilding C object CMakeFiles/boxproject_interfaces__rosidl_typesupport_introspection_c__pyext.dir/rosidl_generator_py/boxproject_interfaces/_boxproject_interfaces_s.ep.rosidl_typesupport_introspection_c.c.o[0m
[2.186s] [ 93%] [32m[1mLinking C shared library rosidl_generator_py/boxproject_interfaces/boxproject_interfaces_s__rosidl_typesupport_fastrtps_c.cpython-310-x86_64-linux-gnu.so[0m
[2.195s] [ 96%] [32m[1mLinking C shared library rosidl_generator_py/boxproject_interfaces/boxproject_interfaces_s__rosidl_typesupport_c.cpython-310-x86_64-linux-gnu.so[0m
[2.198s] [100%] [32m[1mLinking C shared library rosidl_generator_py/boxproject_interfaces/boxproject_interfaces_s__rosidl_typesupport_introspection_c.cpython-310-x86_64-linux-gnu.so[0m
[2.231s] [100%] Built target boxproject_interfaces__rosidl_typesupport_fastrtps_c__pyext
[2.234s] [100%] Built target boxproject_interfaces__rosidl_typesupport_introspection_c__pyext
[2.241s] [100%] Built target boxproject_interfaces__rosidl_typesupport_c__pyext
[2.254s] Invoked command in '/home/juwon/RokeyProjects/src/build/boxproject_interfaces' returned '0': CMAKE_PREFIX_PATH=/opt/ros/humble /usr/bin/cmake --build /home/juwon/RokeyProjects/src/build/boxproject_interfaces -- -j6 -l6
[2.264s] Invoking command in '/home/juwon/RokeyProjects/src/build/boxproject_interfaces': CMAKE_PREFIX_PATH=/opt/ros/humble /usr/bin/cmake --install /home/juwon/RokeyProjects/src/build/boxproject_interfaces
[2.271s] -- Install configuration: ""
[2.271s] -- Up-to-date: /home/juwon/Week5Project_ws/src/install/boxproject_interfaces/share/ament_index/resource_index/rosidl_interfaces/boxproject_interfaces
[2.271s] -- Up-to-date: /home/juwon/Week5Project_ws/src/install/boxproject_interfaces/include/boxproject_interfaces/boxproject_interfaces
[2.271s] -- Up-to-date: /home/juwon/Week5Project_ws/src/install/boxproject_interfaces/include/boxproject_interfaces/boxproject_interfaces/msg
[2.271s] -- Up-to-date: /home/juwon/Week5Project_ws/src/install/boxproject_interfaces/include/boxproject_interfaces/boxproject_interfaces/msg/rosidl_generator_c__visibility_control.h
[2.272s] -- Up-to-date: /home/juwon/Week5Project_ws/src/install/boxproject_interfaces/include/boxproject_interfaces/boxproject_interfaces/action
[2.272s] -- Up-to-date: /home/juwon/Week5Project_ws/src/install/boxproject_interfaces/include/boxproject_interfaces/boxproject_interfaces/action/task_action.h
[2.272s] -- Up-to-date: /home/juwon/Week5Project_ws/src/install/boxproject_interfaces/include/boxproject_interfaces/boxproject_interfaces/action/detail
[2.272s] -- Up-to-date: /home/juwon/Week5Project_ws/src/install/boxproject_interfaces/include/boxproject_interfaces/boxproject_interfaces/action/detail/task_action__functions.h
[2.272s] -- Up-to-date: /home/juwon/Week5Project_ws/src/install/boxproject_interfaces/include/boxproject_interfaces/boxproject_interfaces/action/detail/task_action__type_support.h
[2.272s] -- Up-to-date: /home/juwon/Week5Project_ws/src/install/boxproject_interfaces/include/boxproject_interfaces/boxproject_interfaces/action/detail/task_action__functions.c
[2.272s] -- Up-to-date: /home/juwon/Week5Project_ws/src/install/boxproject_interfaces/include/boxproject_interfaces/boxproject_interfaces/action/detail/task_action__struct.h
[2.272s] -- Up-to-date: /home/juwon/Week5Project_ws/src/install/boxproject_interfaces/share/boxproject_interfaces/environment/library_path.sh
[2.272s] -- Installing: /home/juwon/Week5Project_ws/src/install/boxproject_interfaces/share/boxproject_interfaces/environment/library_path.dsv
[2.273s] -- Up-to-date: /home/juwon/Week5Project_ws/src/install/boxproject_interfaces/lib/libboxproject_interfaces__rosidl_generator_c.so
[2.273s] -- Up-to-date: /home/juwon/Week5Project_ws/src/install/boxproject_interfaces/include/boxproject_interfaces/boxproject_interfaces
[2.273s] -- Up-to-date: /home/juwon/Week5Project_ws/src/install/boxproject_interfaces/include/boxproject_interfaces/boxproject_interfaces/msg
[2.273s] -- Up-to-date: /home/juwon/Week5Project_ws/src/install/boxproject_interfaces/include/boxproject_interfaces/boxproject_interfaces/msg/rosidl_typesupport_fastrtps_c__visibility_control.h
[2.273s] -- Up-to-date: /home/juwon/Week5Project_ws/src/install/boxproject_interfaces/include/boxproject_interfaces/boxproject_interfaces/action
[2.273s] -- Up-to-date: /home/juwon/Week5Project_ws/src/install/boxproject_interfaces/include/boxproject_interfaces/boxproject_interfaces/action/detail
[2.273s] -- Up-to-date: /home/juwon/Week5Project_ws/src/install/boxproject_interfaces/include/boxproject_interfaces/boxproject_interfaces/action/detail/task_action__rosidl_typesupport_fastrtps_c.h
[2.274s] -- Up-to-date: /home/juwon/Week5Project_ws/src/install/boxproject_interfaces/lib/libboxproject_interfaces__rosidl_typesupport_fastrtps_c.so
[2.275s] -- Up-to-date: /home/juwon/Week5Project_ws/src/install/boxproject_interfaces/include/boxproject_interfaces/boxproject_interfaces
[2.275s] -- Up-to-date: /home/juwon/Week5Project_ws/src/install/boxproject_interfaces/include/boxproject_interfaces/boxproject_interfaces/msg
[2.275s] -- Up-to-date: /home/juwon/Week5Project_ws/src/install/boxproject_interfaces/include/boxproject_interfaces/boxproject_interfaces/msg/rosidl_typesupport_introspection_c__visibility_control.h
[2.275s] -- Up-to-date: /home/juwon/Week5Project_ws/src/install/boxproject_interfaces/include/boxproject_interfaces/boxproject_interfaces/action
[2.275s] -- Up-to-date: /home/juwon/Week5Project_ws/src/install/boxproject_interfaces/include/boxproject_interfaces/boxproject_interfaces/action/detail
[2.275s] -- Up-to-date: /home/juwon/Week5Project_ws/src/install/boxproject_interfaces/include/boxproject_interfaces/boxproject_interfaces/action/detail/task_action__rosidl_typesupport_introspection_c.h
[2.275s] -- Up-to-date: /home/juwon/Week5Project_ws/src/install/boxproject_interfaces/include/boxproject_interfaces/boxproject_interfaces/action/detail/task_action__type_support.c
[2.276s] -- Up-to-date: /home/juwon/Week5Project_ws/src/install/boxproject_interfaces/lib/libboxproject_interfaces__rosidl_typesupport_introspection_c.so
[2.277s] -- Up-to-date: /home/juwon/Week5Project_ws/src/install/boxproject_interfaces/lib/libboxproject_interfaces__rosidl_typesupport_c.so
[2.277s] -- Up-to-date: /home/juwon/Week5Project_ws/src/install/boxproject_interfaces/include/boxproject_interfaces/boxproject_interfaces
[2.277s] -- Up-to-date: /home/juwon/Week5Project_ws/src/install/boxproject_interfaces/include/boxproject_interfaces/boxproject_interfaces/action
[2.277s] -- Up-to-date: /home/juwon/Week5Project_ws/src/install/boxproject_interfaces/include/boxproject_interfaces/boxproject_interfaces/action/task_action.hpp
[2.277s] -- Up-to-date: /home/juwon/Week5Project_ws/src/install/boxproject_interfaces/include/boxproject_interfaces/boxproject_interfaces/action/detail
[2.277s] -- Up-to-date: /home/juwon/Week5Project_ws/src/install/boxproject_interfaces/include/boxproject_interfaces/boxproject_interfaces/action/detail/task_action__builder.hpp
[2.277s] -- Up-to-date: /home/juwon/Week5Project_ws/src/install/boxproject_interfaces/include/boxproject_interfaces/boxproject_interfaces/action/detail/task_action__struct.hpp
[2.277s] -- Up-to-date: /home/juwon/Week5Project_ws/src/install/boxproject_interfaces/include/boxproject_interfaces/boxproject_interfaces/action/detail/task_action__traits.hpp
[2.277s] -- Up-to-date: /home/juwon/Week5Project_ws/src/install/boxproject_interfaces/include/boxproject_interfaces/boxproject_interfaces
[2.277s] -- Up-to-date: /home/juwon/Week5Project_ws/src/install/boxproject_interfaces/include/boxproject_interfaces/boxproject_interfaces/msg
[2.277s] -- Up-to-date: /home/juwon/Week5Project_ws/src/install/boxproject_interfaces/include/boxproject_interfaces/boxproject_interfaces/msg/rosidl_typesupport_fastrtps_cpp__visibility_control.h
[2.277s] -- Up-to-date: /home/juwon/Week5Project_ws/src/install/boxproject_interfaces/include/boxproject_interfaces/boxproject_interfaces/action
[2.277s] -- Up-to-date: /home/juwon/Week5Project_ws/src/install/boxproject_interfaces/include/boxproject_interfaces/boxproject_interfaces/action/detail
[2.278s] -- Up-to-date: /home/juwon/Week5Project_ws/src/install/boxproject_interfaces/include/boxproject_interfaces/boxproject_interfaces/action/detail/dds_fastrtps
[2.278s] -- Up-to-date: /home/juwon/Week5Project_ws/src/install/boxproject_interfaces/include/boxproject_interfaces/boxproject_interfaces/action/detail/task_action__rosidl_typesupport_fastrtps_cpp.hpp
[2.279s] -- Up-to-date: /home/juwon/Week5Project_ws/src/install/boxproject_interfaces/lib/libboxproject_interfaces__rosidl_typesupport_fastrtps_cpp.so
[2.279s] -- Up-to-date: /home/juwon/Week5Project_ws/src/install/boxproject_interfaces/include/boxproject_interfaces/boxproject_interfaces
[2.279s] -- Up-to-date: /home/juwon/Week5Project_ws/src/install/boxproject_interfaces/include/boxproject_interfaces/boxproject_interfaces/action
[2.279s] -- Up-to-date: /home/juwon/Week5Project_ws/src/install/boxproject_interfaces/include/boxproject_interfaces/boxproject_interfaces/action/detail
[2.279s] -- Up-to-date: /home/juwon/Week5Project_ws/src/install/boxproject_interfaces/include/boxproject_interfaces/boxproject_interfaces/action/detail/task_action__rosidl_typesupport_introspection_cpp.hpp
[2.279s] -- Up-to-date: /home/juwon/Week5Project_ws/src/install/boxproject_interfaces/include/boxproject_interfaces/boxproject_interfaces/action/detail/task_action__type_support.cpp
[2.280s] -- Up-to-date: /home/juwon/Week5Project_ws/src/install/boxproject_interfaces/lib/libboxproject_interfaces__rosidl_typesupport_introspection_cpp.so
[2.281s] -- Up-to-date: /home/juwon/Week5Project_ws/src/install/boxproject_interfaces/lib/libboxproject_interfaces__rosidl_typesupport_cpp.so
[2.281s] -- Up-to-date: /home/juwon/Week5Project_ws/src/install/boxproject_interfaces/share/boxproject_interfaces/environment/pythonpath.sh
[2.281s] -- Installing: /home/juwon/Week5Project_ws/src/install/boxproject_interfaces/share/boxproject_interfaces/environment/pythonpath.dsv
[2.281s] -- Up-to-date: /home/juwon/Week5Project_ws/src/install/boxproject_interfaces/local/lib/python3.10/dist-packages/boxproject_interfaces-0.0.0-py3.10.egg-info
[2.281s] -- Installing: /home/juwon/Week5Project_ws/src/install/boxproject_interfaces/local/lib/python3.10/dist-packages/boxproject_interfaces-0.0.0-py3.10.egg-info/top_level.txt
[2.281s] -- Installing: /home/juwon/Week5Project_ws/src/install/boxproject_interfaces/local/lib/python3.10/dist-packages/boxproject_interfaces-0.0.0-py3.10.egg-info/dependency_links.txt
[2.282s] -- Installing: /home/juwon/Week5Project_ws/src/install/boxproject_interfaces/local/lib/python3.10/dist-packages/boxproject_interfaces-0.0.0-py3.10.egg-info/PKG-INFO
[2.282s] -- Installing: /home/juwon/Week5Project_ws/src/install/boxproject_interfaces/local/lib/python3.10/dist-packages/boxproject_interfaces-0.0.0-py3.10.egg-info/SOURCES.txt
[2.282s] -- Up-to-date: /home/juwon/Week5Project_ws/src/install/boxproject_interfaces/local/lib/python3.10/dist-packages/boxproject_interfaces
[2.282s] -- Up-to-date: /home/juwon/Week5Project_ws/src/install/boxproject_interfaces/local/lib/python3.10/dist-packages/boxproject_interfaces/_boxproject_interfaces_s.ep.rosidl_typesupport_introspection_c.c
[2.282s] -- Up-to-date: /home/juwon/Week5Project_ws/src/install/boxproject_interfaces/local/lib/python3.10/dist-packages/boxproject_interfaces/boxproject_interfaces_s__rosidl_typesupport_c.cpython-310-x86_64-linux-gnu.so
[2.282s] -- Up-to-date: /home/juwon/Week5Project_ws/src/install/boxproject_interfaces/local/lib/python3.10/dist-packages/boxproject_interfaces/_boxproject_interfaces_s.ep.rosidl_typesupport_fastrtps_c.c
[2.282s] -- Up-to-date: /home/juwon/Week5Project_ws/src/install/boxproject_interfaces/local/lib/python3.10/dist-packages/boxproject_interfaces/boxproject_interfaces_s__rosidl_typesupport_introspection_c.cpython-310-x86_64-linux-gnu.so
[2.282s] -- Up-to-date: /home/juwon/Week5Project_ws/src/install/boxproject_interfaces/local/lib/python3.10/dist-packages/boxproject_interfaces/libboxproject_interfaces__rosidl_generator_py.so
[2.282s] -- Installing: /home/juwon/Week5Project_ws/src/install/boxproject_interfaces/local/lib/python3.10/dist-packages/boxproject_interfaces/__init__.py
[2.282s] -- Up-to-date: /home/juwon/Week5Project_ws/src/install/boxproject_interfaces/local/lib/python3.10/dist-packages/boxproject_interfaces/boxproject_interfaces_s__rosidl_typesupport_fastrtps_c.cpython-310-x86_64-linux-gnu.so
[2.282s] -- Up-to-date: /home/juwon/Week5Project_ws/src/install/boxproject_interfaces/local/lib/python3.10/dist-packages/boxproject_interfaces/action
[2.282s] -- Up-to-date: /home/juwon/Week5Project_ws/src/install/boxproject_interfaces/local/lib/python3.10/dist-packages/boxproject_interfaces/action/_task_action.py
[2.282s] -- Up-to-date: /home/juwon/Week5Project_ws/src/install/boxproject_interfaces/local/lib/python3.10/dist-packages/boxproject_interfaces/action/_task_action_s.c
[2.283s] -- Up-to-date: /home/juwon/Week5Project_ws/src/install/boxproject_interfaces/local/lib/python3.10/dist-packages/boxproject_interfaces/action/__init__.py
[2.283s] -- Up-to-date: /home/juwon/Week5Project_ws/src/install/boxproject_interfaces/local/lib/python3.10/dist-packages/boxproject_interfaces/_boxproject_interfaces_s.ep.rosidl_typesupport_c.c
[2.305s] Listing '/home/juwon/Week5Project_ws/src/install/boxproject_interfaces/local/lib/python3.10/dist-packages/boxproject_interfaces'...
[2.305s] Compiling '/home/juwon/Week5Project_ws/src/install/boxproject_interfaces/local/lib/python3.10/dist-packages/boxproject_interfaces/__init__.py'...
[2.305s] Listing '/home/juwon/Week5Project_ws/src/install/boxproject_interfaces/local/lib/python3.10/dist-packages/boxproject_interfaces/action'...
[2.309s] -- Up-to-date: /home/juwon/Week5Project_ws/src/install/boxproject_interfaces/local/lib/python3.10/dist-packages/boxproject_interfaces/boxproject_interfaces_s__rosidl_typesupport_fastrtps_c.cpython-310-x86_64-linux-gnu.so
[2.310s] -- Up-to-date: /home/juwon/Week5Project_ws/src/install/boxproject_interfaces/local/lib/python3.10/dist-packages/boxproject_interfaces/boxproject_interfaces_s__rosidl_typesupport_introspection_c.cpython-310-x86_64-linux-gnu.so
[2.311s] -- Up-to-date: /home/juwon/Week5Project_ws/src/install/boxproject_interfaces/local/lib/python3.10/dist-packages/boxproject_interfaces/boxproject_interfaces_s__rosidl_typesupport_c.cpython-310-x86_64-linux-gnu.so
[2.312s] -- Up-to-date: /home/juwon/Week5Project_ws/src/install/boxproject_interfaces/lib/libboxproject_interfaces__rosidl_generator_py.so
[2.312s] -- Up-to-date: /home/juwon/Week5Project_ws/src/install/boxproject_interfaces/share/boxproject_interfaces/action/TaskAction.idl
[2.313s] -- Up-to-date: /home/juwon/Week5Project_ws/src/install/boxproject_interfaces/share/boxproject_interfaces/action/TaskAction.action
[2.313s] -- Up-to-date: /home/juwon/Week5Project_ws/src/install/boxproject_interfaces/share/ament_index/resource_index/package_run_dependencies/boxproject_interfaces
[2.313s] -- Installing: /home/juwon/Week5Project_ws/src/install/boxproject_interfaces/share/ament_index/resource_index/parent_prefix_path/boxproject_interfaces
[2.313s] -- Up-to-date: /home/juwon/Week5Project_ws/src/install/boxproject_interfaces/share/boxproject_interfaces/environment/ament_prefix_path.sh
[2.313s] -- Installing: /home/juwon/Week5Project_ws/src/install/boxproject_interfaces/share/boxproject_interfaces/environment/ament_prefix_path.dsv
[2.313s] -- Up-to-date: /home/juwon/Week5Project_ws/src/install/boxproject_interfaces/share/boxproject_interfaces/environment/path.sh
[2.313s] -- Installing: /home/juwon/Week5Project_ws/src/install/boxproject_interfaces/share/boxproject_interfaces/environment/path.dsv
[2.313s] -- Up-to-date: /home/juwon/Week5Project_ws/src/install/boxproject_interfaces/share/boxproject_interfaces/local_setup.bash
[2.313s] -- Up-to-date: /home/juwon/Week5Project_ws/src/install/boxproject_interfaces/share/boxproject_interfaces/local_setup.sh
[2.313s] -- Up-to-date: /home/juwon/Week5Project_ws/src/install/boxproject_interfaces/share/boxproject_interfaces/local_setup.zsh
[2.313s] -- Installing: /home/juwon/Week5Project_ws/src/install/boxproject_interfaces/share/boxproject_interfaces/local_setup.dsv
[2.313s] -- Installing: /home/juwon/Week5Project_ws/src/install/boxproject_interfaces/share/boxproject_interfaces/package.dsv
[2.313s] -- Up-to-date: /home/juwon/Week5Project_ws/src/install/boxproject_interfaces/share/ament_index/resource_index/packages/boxproject_interfaces
[2.314s] -- Up-to-date: /home/juwon/Week5Project_ws/src/install/boxproject_interfaces/share/boxproject_interfaces/cmake/export_boxproject_interfaces__rosidl_generator_cExport.cmake
[2.314s] -- Up-to-date: /home/juwon/Week5Project_ws/src/install/boxproject_interfaces/share/boxproject_interfaces/cmake/export_boxproject_interfaces__rosidl_generator_cExport-noconfig.cmake
[2.314s] -- Up-to-date: /home/juwon/Week5Project_ws/src/install/boxproject_interfaces/share/boxproject_interfaces/cmake/export_boxproject_interfaces__rosidl_typesupport_fastrtps_cExport.cmake
[2.314s] -- Up-to-date: /home/juwon/Week5Project_ws/src/install/boxproject_interfaces/share/boxproject_interfaces/cmake/export_boxproject_interfaces__rosidl_typesupport_fastrtps_cExport-noconfig.cmake
[2.314s] -- Up-to-date: /home/juwon/Week5Project_ws/src/install/boxproject_interfaces/share/boxproject_interfaces/cmake/boxproject_interfaces__rosidl_typesupport_introspection_cExport.cmake
[2.314s] -- Up-to-date: /home/juwon/Week5Project_ws/src/install/boxproject_interfaces/share/boxproject_interfaces/cmake/boxproject_interfaces__rosidl_typesupport_introspection_cExport-noconfig.cmake
[2.315s] -- Up-to-date: /home/juwon/Week5Project_ws/src/install/boxproject_interfaces/share/boxproject_interfaces/cmake/boxproject_interfaces__rosidl_typesupport_cExport.cmake
[2.315s] -- Up-to-date: /home/juwon/Week5Project_ws/src/install/boxproject_interfaces/share/boxproject_interfaces/cmake/boxproject_interfaces__rosidl_typesupport_cExport-noconfig.cmake
[2.315s] -- Up-to-date: /home/juwon/Week5Project_ws/src/install/boxproject_interfaces/share/boxproject_interfaces/cmake/export_boxproject_interfaces__rosidl_generator_cppExport.cmake
[2.316s] -- Up-to-date: /home/juwon/Week5Project_ws/src/install/boxproject_interfaces/share/boxproject_interfaces/cmake/export_boxproject_interfaces__rosidl_typesupport_fastrtps_cppExport.cmake
[2.316s] -- Up-to-date: /home/juwon/Week5Project_ws/src/install/boxproject_interfaces/share/boxproject_interfaces/cmake/export_boxproject_interfaces__rosidl_typesupport_fastrtps_cppExport-noconfig.cmake
[2.316s] -- Up-to-date: /home/juwon/Week5Project_ws/src/install/boxproject_interfaces/share/boxproject_interfaces/cmake/boxproject_interfaces__rosidl_typesupport_introspection_cppExport.cmake
[2.316s] -- Up-to-date: /home/juwon/Week5Project_ws/src/install/boxproject_interfaces/share/boxproject_interfaces/cmake/boxproject_interfaces__rosidl_typesupport_introspection_cppExport-noconfig.cmake
[2.316s] -- Up-to-date: /home/juwon/Week5Project_ws/src/install/boxproject_interfaces/share/boxproject_interfaces/cmake/boxproject_interfaces__rosidl_typesupport_cppExport.cmake
[2.316s] -- Up-to-date: /home/juwon/Week5Project_ws/src/install/boxproject_interfaces/share/boxproject_interfaces/cmake/boxproject_interfaces__rosidl_typesupport_cppExport-noconfig.cmake
[2.317s] -- Up-to-date: /home/juwon/Week5Project_ws/src/install/boxproject_interfaces/share/boxproject_interfaces/cmake/export_boxproject_interfaces__rosidl_generator_pyExport.cmake
[2.317s] -- Up-to-date: /home/juwon/Week5Project_ws/src/install/boxproject_interfaces/share/boxproject_interfaces/cmake/export_boxproject_interfaces__rosidl_generator_pyExport-noconfig.cmake
[2.317s] -- Up-to-date: /home/juwon/Week5Project_ws/src/install/boxproject_interfaces/share/boxproject_interfaces/cmake/rosidl_cmake-extras.cmake
[2.317s] -- Up-to-date: /home/juwon/Week5Project_ws/src/install/boxproject_interfaces/share/boxproject_interfaces/cmake/ament_cmake_export_dependencies-extras.cmake
[2.317s] -- Up-to-date: /home/juwon/Week5Project_ws/src/install/boxproject_interfaces/share/boxproject_interfaces/cmake/ament_cmake_export_include_directories-extras.cmake
[2.317s] -- Up-to-date: /home/juwon/Week5Project_ws/src/install/boxproject_interfaces/share/boxproject_interfaces/cmake/ament_cmake_export_libraries-extras.cmake
[2.317s] -- Up-to-date: /home/juwon/Week5Project_ws/src/install/boxproject_interfaces/share/boxproject_interfaces/cmake/ament_cmake_export_targets-extras.cmake
[2.317s] -- Up-to-date: /home/juwon/Week5Project_ws/src/install/boxproject_interfaces/share/boxproject_interfaces/cmake/rosidl_cmake_export_typesupport_targets-extras.cmake
[2.317s] -- Up-to-date: /home/juwon/Week5Project_ws/src/install/boxproject_interfaces/share/boxproject_interfaces/cmake/rosidl_cmake_export_typesupport_libraries-extras.cmake
[2.317s] -- Up-to-date: /home/juwon/Week5Project_ws/src/install/boxproject_interfaces/share/boxproject_interfaces/cmake/boxproject_interfacesConfig.cmake
[2.317s] -- Up-to-date: /home/juwon/Week5Project_ws/src/install/boxproject_interfaces/share/boxproject_interfaces/cmake/boxproject_interfacesConfig-version.cmake
[2.318s] -- Up-to-date: /home/juwon/Week5Project_ws/src/install/boxproject_interfaces/share/boxproject_interfaces/package.xml
[2.320s] Invoked command in '/home/juwon/RokeyProjects/src/build/boxproject_interfaces' returned '0': CMAKE_PREFIX_PATH=/opt/ros/humble /usr/bin/cmake --install /home/juwon/RokeyProjects/src/build/boxproject_interfaces
