[0.327s] Invoking command in '/home/juwon/RokeyProjects/src/boxproject': AMENT_PREFIX_PATH=/home/juwon/Week5Project_ws/src/install/boxproject_interfaces:${AMENT_PREFIX_PATH} LD_LIBRARY_PATH=/home/juwon/Week5Project_ws/src/install/boxproject_interfaces/lib:${LD_LIBRARY_PATH} PYTHONPATH=/home/juwon/RokeyProjects/src/build/boxproject/prefix_override:/usr/lib/python3/dist-packages/colcon_core/task/python/colcon_distutils_commands:/home/juwon/RokeyProjects/src/install/boxproject/lib/python3.10/site-packages:/home/juwon/Week5Project_ws/src/install/boxproject_interfaces/local/lib/python3.10/dist-packages:${PYTHONPATH} /usr/bin/python3 -W ignore:setup.py install is deprecated -W ignore:easy_install command is deprecated setup.py egg_info --egg-base ../build/boxproject build --build-base /home/juwon/RokeyProjects/src/build/boxproject/build install --record /home/juwon/RokeyProjects/src/build/boxproject/install.log --single-version-externally-managed install_data
[0.442s] running egg_info
[0.443s] writing ../build/boxproject/boxproject.egg-info/PKG-INFO
[0.443s] writing dependency_links to ../build/boxproject/boxproject.egg-info/dependency_links.txt
[0.443s] writing entry points to ../build/boxproject/boxproject.egg-info/entry_points.txt
[0.444s] writing requirements to ../build/boxproject/boxproject.egg-info/requires.txt
[0.444s] writing top-level names to ../build/boxproject/boxproject.egg-info/top_level.txt
[0.445s] reading manifest file '../build/boxproject/boxproject.egg-info/SOURCES.txt'
[0.446s] writing manifest file '../build/boxproject/boxproject.egg-info/SOURCES.txt'
[0.446s] running build
[0.446s] running build_py
[0.446s] copying boxproject/web_camera_node.py -> /home/juwon/RokeyProjects/src/build/boxproject/build/lib/boxproject
[0.446s] running install
[0.447s] running install_lib
[0.448s] copying /home/juwon/RokeyProjects/src/build/boxproject/build/lib/boxproject/web_camera_node.py -> /home/juwon/RokeyProjects/src/install/boxproject/lib/python3.10/site-packages/boxproject
[0.448s] byte-compiling /home/juwon/RokeyProjects/src/install/boxproject/lib/python3.10/site-packages/boxproject/web_camera_node.py to web_camera_node.cpython-310.pyc
[0.449s] running install_data
[0.449s] running install_egg_info
[0.450s] removing '/home/juwon/RokeyProjects/src/install/boxproject/lib/python3.10/site-packages/boxproject-0.0.0-py3.10.egg-info' (and everything under it)
[0.453s] Copying ../build/boxproject/boxproject.egg-info to /home/juwon/RokeyProjects/src/install/boxproject/lib/python3.10/site-packages/boxproject-0.0.0-py3.10.egg-info
[0.453s] running install_scripts
[0.468s] Installing gui_node script to /home/juwon/RokeyProjects/src/install/boxproject/lib/boxproject
[0.468s] Installing robot_arm_node script to /home/juwon/RokeyProjects/src/install/boxproject/lib/boxproject
[0.468s] Installing robot_status script to /home/juwon/RokeyProjects/src/install/boxproject/lib/boxproject
[0.468s] Installing test_node script to /home/juwon/RokeyProjects/src/install/boxproject/lib/boxproject
[0.469s] Installing webcam_node script to /home/juwon/RokeyProjects/src/install/boxproject/lib/boxproject
[0.469s] writing list of installed files to '/home/juwon/RokeyProjects/src/build/boxproject/install.log'
[0.481s] Invoked command in '/home/juwon/RokeyProjects/src/boxproject' returned '0': AMENT_PREFIX_PATH=/home/juwon/Week5Project_ws/src/install/boxproject_interfaces:${AMENT_PREFIX_PATH} LD_LIBRARY_PATH=/home/juwon/Week5Project_ws/src/install/boxproject_interfaces/lib:${LD_LIBRARY_PATH} PYTHONPATH=/home/juwon/RokeyProjects/src/build/boxproject/prefix_override:/usr/lib/python3/dist-packages/colcon_core/task/python/colcon_distutils_commands:/home/juwon/RokeyProjects/src/install/boxproject/lib/python3.10/site-packages:/home/juwon/Week5Project_ws/src/install/boxproject_interfaces/local/lib/python3.10/dist-packages:${PYTHONPATH} /usr/bin/python3 -W ignore:setup.py install is deprecated -W ignore:easy_install command is deprecated setup.py egg_info --egg-base ../build/boxproject build --build-base /home/juwon/RokeyProjects/src/build/boxproject/build install --record /home/juwon/RokeyProjects/src/build/boxproject/install.log --single-version-externally-managed install_data
