[35m[1mConsolidate compiler generated dependencies of target menu_order_interfaces__rosidl_generator_c[0m
[  2%] Built target menu_order_interfaces__cpp
[ 12%] Built target menu_order_interfaces__rosidl_generator_c
[ 12%] Built target ament_cmake_python_copy_menu_order_interfaces
[35m[1mConsolidate compiler generated dependencies of target menu_order_interfaces__rosidl_typesupport_introspection_cpp[0m
[35m[1mConsolidate compiler generated dependencies of target menu_order_interfaces__rosidl_typesupport_cpp[0m
[35m[1mConsolidate compiler generated dependencies of target menu_order_interfaces__rosidl_typesupport_fastrtps_cpp[0m
[35m[1mConsolidate compiler generated dependencies of target menu_order_interfaces__rosidl_typesupport_introspection_c[0m
[35m[1mConsolidate compiler generated dependencies of target menu_order_interfaces__rosidl_typesupport_c[0m
[35m[1mConsolidate compiler generated dependencies of target menu_order_interfaces__rosidl_typesupport_fastrtps_c[0m
[ 44%] Built target menu_order_interfaces__rosidl_typesupport_cpp
[ 44%] Built target menu_order_interfaces__rosidl_typesupport_introspection_cpp
[ 44%] Built target menu_order_interfaces__rosidl_typesupport_c
[ 61%] Built target menu_order_interfaces__rosidl_typesupport_introspection_c
[ 65%] Built target menu_order_interfaces__rosidl_typesupport_fastrtps_cpp
[ 76%] Built target menu_order_interfaces__rosidl_typesupport_fastrtps_c
[ 76%] Built target menu_order_interfaces
[ 78%] Built target menu_order_interfaces__py
[35m[1mConsolidate compiler generated dependencies of target menu_order_interfaces__rosidl_generator_py[0m
[ 87%] Built target menu_order_interfaces__rosidl_generator_py
[35m[1mConsolidate compiler generated dependencies of target menu_order_interfaces__rosidl_typesupport_introspection_c__pyext[0m
[35m[1mConsolidate compiler generated dependencies of target menu_order_interfaces__rosidl_typesupport_fastrtps_c__pyext[0m
[35m[1mConsolidate compiler generated dependencies of target menu_order_interfaces__rosidl_typesupport_c__pyext[0m
[100%] Built target menu_order_interfaces__rosidl_typesupport_fastrtps_c__pyext
[100%] Built target menu_order_interfaces__rosidl_typesupport_introspection_c__pyext
[100%] Built target menu_order_interfaces__rosidl_typesupport_c__pyext
running egg_info
writing menu_order_interfaces.egg-info/PKG-INFO
writing dependency_links to menu_order_interfaces.egg-info/dependency_links.txt
writing top-level names to menu_order_interfaces.egg-info/top_level.txt
reading manifest file 'menu_order_interfaces.egg-info/SOURCES.txt'
writing manifest file 'menu_order_interfaces.egg-info/SOURCES.txt'
[100%] Built target ament_cmake_python_build_menu_order_interfaces_egg
-- Install configuration: ""
-- Up-to-date: /home/yjh/Doosan/Real_project_ws/Week4/B5/install/menu_order_interfaces/share/ament_index/resource_index/rosidl_interfaces/menu_order_interfaces
-- Up-to-date: /home/yjh/Doosan/Real_project_ws/Week4/B5/install/menu_order_interfaces/include/menu_order_interfaces/menu_order_interfaces
-- Up-to-date: /home/yjh/Doosan/Real_project_ws/Week4/B5/install/menu_order_interfaces/include/menu_order_interfaces/menu_order_interfaces/action
-- Up-to-date: /home/yjh/Doosan/Real_project_ws/Week4/B5/install/menu_order_interfaces/include/menu_order_interfaces/menu_order_interfaces/action/detail
-- Up-to-date: /home/yjh/Doosan/Real_project_ws/Week4/B5/install/menu_order_interfaces/include/menu_order_interfaces/menu_order_interfaces/action/detail/serve__functions.c
-- Up-to-date: /home/yjh/Doosan/Real_project_ws/Week4/B5/install/menu_order_interfaces/include/menu_order_interfaces/menu_order_interfaces/action/detail/serve__type_support.h
-- Up-to-date: /home/yjh/Doosan/Real_project_ws/Week4/B5/install/menu_order_interfaces/include/menu_order_interfaces/menu_order_interfaces/action/detail/serve__functions.h
-- Up-to-date: /home/yjh/Doosan/Real_project_ws/Week4/B5/install/menu_order_interfaces/include/menu_order_interfaces/menu_order_interfaces/action/detail/serve__struct.h
-- Up-to-date: /home/yjh/Doosan/Real_project_ws/Week4/B5/install/menu_order_interfaces/include/menu_order_interfaces/menu_order_interfaces/action/serve.h
-- Up-to-date: /home/yjh/Doosan/Real_project_ws/Week4/B5/install/menu_order_interfaces/include/menu_order_interfaces/menu_order_interfaces/srv
-- Up-to-date: /home/yjh/Doosan/Real_project_ws/Week4/B5/install/menu_order_interfaces/include/menu_order_interfaces/menu_order_interfaces/srv/detail
-- Up-to-date: /home/yjh/Doosan/Real_project_ws/Week4/B5/install/menu_order_interfaces/include/menu_order_interfaces/menu_order_interfaces/srv/detail/menu_update__struct.h
-- Up-to-date: /home/yjh/Doosan/Real_project_ws/Week4/B5/install/menu_order_interfaces/include/menu_order_interfaces/menu_order_interfaces/srv/detail/menu_update__functions.c
-- Up-to-date: /home/yjh/Doosan/Real_project_ws/Week4/B5/install/menu_order_interfaces/include/menu_order_interfaces/menu_order_interfaces/srv/detail/menu_update__functions.h
-- Up-to-date: /home/yjh/Doosan/Real_project_ws/Week4/B5/install/menu_order_interfaces/include/menu_order_interfaces/menu_order_interfaces/srv/detail/menu_update__type_support.h
-- Up-to-date: /home/yjh/Doosan/Real_project_ws/Week4/B5/install/menu_order_interfaces/include/menu_order_interfaces/menu_order_interfaces/srv/menu_update.h
-- Up-to-date: /home/yjh/Doosan/Real_project_ws/Week4/B5/install/menu_order_interfaces/include/menu_order_interfaces/menu_order_interfaces/msg
-- Up-to-date: /home/yjh/Doosan/Real_project_ws/Week4/B5/install/menu_order_interfaces/include/menu_order_interfaces/menu_order_interfaces/msg/detail
-- Up-to-date: /home/yjh/Doosan/Real_project_ws/Week4/B5/install/menu_order_interfaces/include/menu_order_interfaces/menu_order_interfaces/msg/detail/order__type_support.h
-- Up-to-date: /home/yjh/Doosan/Real_project_ws/Week4/B5/install/menu_order_interfaces/include/menu_order_interfaces/menu_order_interfaces/msg/detail/order__functions.c
-- Up-to-date: /home/yjh/Doosan/Real_project_ws/Week4/B5/install/menu_order_interfaces/include/menu_order_interfaces/menu_order_interfaces/msg/detail/order__struct.h
-- Up-to-date: /home/yjh/Doosan/Real_project_ws/Week4/B5/install/menu_order_interfaces/include/menu_order_interfaces/menu_order_interfaces/msg/detail/order__functions.h
-- Up-to-date: /home/yjh/Doosan/Real_project_ws/Week4/B5/install/menu_order_interfaces/include/menu_order_interfaces/menu_order_interfaces/msg/order.h
-- Up-to-date: /home/yjh/Doosan/Real_project_ws/Week4/B5/install/menu_order_interfaces/include/menu_order_interfaces/menu_order_interfaces/msg/rosidl_generator_c__visibility_control.h
-- Up-to-date: /home/yjh/Doosan/Real_project_ws/Week4/B5/install/menu_order_interfaces/share/menu_order_interfaces/environment/library_path.sh
-- Up-to-date: /home/yjh/Doosan/Real_project_ws/Week4/B5/install/menu_order_interfaces/share/menu_order_interfaces/environment/library_path.dsv
-- Up-to-date: /home/yjh/Doosan/Real_project_ws/Week4/B5/install/menu_order_interfaces/lib/libmenu_order_interfaces__rosidl_generator_c.so
-- Up-to-date: /home/yjh/Doosan/Real_project_ws/Week4/B5/install/menu_order_interfaces/include/menu_order_interfaces/menu_order_interfaces
-- Up-to-date: /home/yjh/Doosan/Real_project_ws/Week4/B5/install/menu_order_interfaces/include/menu_order_interfaces/menu_order_interfaces/action
-- Up-to-date: /home/yjh/Doosan/Real_project_ws/Week4/B5/install/menu_order_interfaces/include/menu_order_interfaces/menu_order_interfaces/action/detail
-- Up-to-date: /home/yjh/Doosan/Real_project_ws/Week4/B5/install/menu_order_interfaces/include/menu_order_interfaces/menu_order_interfaces/action/detail/serve__rosidl_typesupport_fastrtps_c.h
-- Up-to-date: /home/yjh/Doosan/Real_project_ws/Week4/B5/install/menu_order_interfaces/include/menu_order_interfaces/menu_order_interfaces/srv
-- Up-to-date: /home/yjh/Doosan/Real_project_ws/Week4/B5/install/menu_order_interfaces/include/menu_order_interfaces/menu_order_interfaces/srv/detail
-- Up-to-date: /home/yjh/Doosan/Real_project_ws/Week4/B5/install/menu_order_interfaces/include/menu_order_interfaces/menu_order_interfaces/srv/detail/menu_update__rosidl_typesupport_fastrtps_c.h
-- Up-to-date: /home/yjh/Doosan/Real_project_ws/Week4/B5/install/menu_order_interfaces/include/menu_order_interfaces/menu_order_interfaces/msg
-- Up-to-date: /home/yjh/Doosan/Real_project_ws/Week4/B5/install/menu_order_interfaces/include/menu_order_interfaces/menu_order_interfaces/msg/detail
-- Up-to-date: /home/yjh/Doosan/Real_project_ws/Week4/B5/install/menu_order_interfaces/include/menu_order_interfaces/menu_order_interfaces/msg/detail/order__rosidl_typesupport_fastrtps_c.h
-- Up-to-date: /home/yjh/Doosan/Real_project_ws/Week4/B5/install/menu_order_interfaces/include/menu_order_interfaces/menu_order_interfaces/msg/rosidl_typesupport_fastrtps_c__visibility_control.h
-- Up-to-date: /home/yjh/Doosan/Real_project_ws/Week4/B5/install/menu_order_interfaces/lib/libmenu_order_interfaces__rosidl_typesupport_fastrtps_c.so
-- Up-to-date: /home/yjh/Doosan/Real_project_ws/Week4/B5/install/menu_order_interfaces/include/menu_order_interfaces/menu_order_interfaces
-- Up-to-date: /home/yjh/Doosan/Real_project_ws/Week4/B5/install/menu_order_interfaces/include/menu_order_interfaces/menu_order_interfaces/action
-- Up-to-date: /home/yjh/Doosan/Real_project_ws/Week4/B5/install/menu_order_interfaces/include/menu_order_interfaces/menu_order_interfaces/action/detail
-- Up-to-date: /home/yjh/Doosan/Real_project_ws/Week4/B5/install/menu_order_interfaces/include/menu_order_interfaces/menu_order_interfaces/action/detail/serve__rosidl_typesupport_introspection_c.h
-- Up-to-date: /home/yjh/Doosan/Real_project_ws/Week4/B5/install/menu_order_interfaces/include/menu_order_interfaces/menu_order_interfaces/action/detail/serve__type_support.c
-- Up-to-date: /home/yjh/Doosan/Real_project_ws/Week4/B5/install/menu_order_interfaces/include/menu_order_interfaces/menu_order_interfaces/srv
-- Up-to-date: /home/yjh/Doosan/Real_project_ws/Week4/B5/install/menu_order_interfaces/include/menu_order_interfaces/menu_order_interfaces/srv/detail
-- Up-to-date: /home/yjh/Doosan/Real_project_ws/Week4/B5/install/menu_order_interfaces/include/menu_order_interfaces/menu_order_interfaces/srv/detail/menu_update__type_support.c
-- Up-to-date: /home/yjh/Doosan/Real_project_ws/Week4/B5/install/menu_order_interfaces/include/menu_order_interfaces/menu_order_interfaces/srv/detail/menu_update__rosidl_typesupport_introspection_c.h
-- Up-to-date: /home/yjh/Doosan/Real_project_ws/Week4/B5/install/menu_order_interfaces/include/menu_order_interfaces/menu_order_interfaces/msg
-- Up-to-date: /home/yjh/Doosan/Real_project_ws/Week4/B5/install/menu_order_interfaces/include/menu_order_interfaces/menu_order_interfaces/msg/detail
-- Up-to-date: /home/yjh/Doosan/Real_project_ws/Week4/B5/install/menu_order_interfaces/include/menu_order_interfaces/menu_order_interfaces/msg/detail/order__rosidl_typesupport_introspection_c.h
-- Up-to-date: /home/yjh/Doosan/Real_project_ws/Week4/B5/install/menu_order_interfaces/include/menu_order_interfaces/menu_order_interfaces/msg/detail/order__type_support.c
-- Up-to-date: /home/yjh/Doosan/Real_project_ws/Week4/B5/install/menu_order_interfaces/include/menu_order_interfaces/menu_order_interfaces/msg/rosidl_typesupport_introspection_c__visibility_control.h
-- Up-to-date: /home/yjh/Doosan/Real_project_ws/Week4/B5/install/menu_order_interfaces/lib/libmenu_order_interfaces__rosidl_typesupport_introspection_c.so
-- Up-to-date: /home/yjh/Doosan/Real_project_ws/Week4/B5/install/menu_order_interfaces/lib/libmenu_order_interfaces__rosidl_typesupport_c.so
-- Up-to-date: /home/yjh/Doosan/Real_project_ws/Week4/B5/install/menu_order_interfaces/include/menu_order_interfaces/menu_order_interfaces
-- Up-to-date: /home/yjh/Doosan/Real_project_ws/Week4/B5/install/menu_order_interfaces/include/menu_order_interfaces/menu_order_interfaces/action
-- Up-to-date: /home/yjh/Doosan/Real_project_ws/Week4/B5/install/menu_order_interfaces/include/menu_order_interfaces/menu_order_interfaces/action/detail
-- Up-to-date: /home/yjh/Doosan/Real_project_ws/Week4/B5/install/menu_order_interfaces/include/menu_order_interfaces/menu_order_interfaces/action/detail/serve__struct.hpp
-- Up-to-date: /home/yjh/Doosan/Real_project_ws/Week4/B5/install/menu_order_interfaces/include/menu_order_interfaces/menu_order_interfaces/action/detail/serve__traits.hpp
-- Up-to-date: /home/yjh/Doosan/Real_project_ws/Week4/B5/install/menu_order_interfaces/include/menu_order_interfaces/menu_order_interfaces/action/detail/serve__builder.hpp
-- Up-to-date: /home/yjh/Doosan/Real_project_ws/Week4/B5/install/menu_order_interfaces/include/menu_order_interfaces/menu_order_interfaces/action/serve.hpp
-- Up-to-date: /home/yjh/Doosan/Real_project_ws/Week4/B5/install/menu_order_interfaces/include/menu_order_interfaces/menu_order_interfaces/srv
-- Up-to-date: /home/yjh/Doosan/Real_project_ws/Week4/B5/install/menu_order_interfaces/include/menu_order_interfaces/menu_order_interfaces/srv/detail
-- Up-to-date: /home/yjh/Doosan/Real_project_ws/Week4/B5/install/menu_order_interfaces/include/menu_order_interfaces/menu_order_interfaces/srv/detail/menu_update__struct.hpp
-- Up-to-date: /home/yjh/Doosan/Real_project_ws/Week4/B5/install/menu_order_interfaces/include/menu_order_interfaces/menu_order_interfaces/srv/detail/menu_update__builder.hpp
-- Up-to-date: /home/yjh/Doosan/Real_project_ws/Week4/B5/install/menu_order_interfaces/include/menu_order_interfaces/menu_order_interfaces/srv/detail/menu_update__traits.hpp
-- Up-to-date: /home/yjh/Doosan/Real_project_ws/Week4/B5/install/menu_order_interfaces/include/menu_order_interfaces/menu_order_interfaces/srv/menu_update.hpp
-- Up-to-date: /home/yjh/Doosan/Real_project_ws/Week4/B5/install/menu_order_interfaces/include/menu_order_interfaces/menu_order_interfaces/msg
-- Up-to-date: /home/yjh/Doosan/Real_project_ws/Week4/B5/install/menu_order_interfaces/include/menu_order_interfaces/menu_order_interfaces/msg/detail
-- Up-to-date: /home/yjh/Doosan/Real_project_ws/Week4/B5/install/menu_order_interfaces/include/menu_order_interfaces/menu_order_interfaces/msg/detail/order__struct.hpp
-- Up-to-date: /home/yjh/Doosan/Real_project_ws/Week4/B5/install/menu_order_interfaces/include/menu_order_interfaces/menu_order_interfaces/msg/detail/order__builder.hpp
-- Up-to-date: /home/yjh/Doosan/Real_project_ws/Week4/B5/install/menu_order_interfaces/include/menu_order_interfaces/menu_order_interfaces/msg/detail/order__traits.hpp
-- Up-to-date: /home/yjh/Doosan/Real_project_ws/Week4/B5/install/menu_order_interfaces/include/menu_order_interfaces/menu_order_interfaces/msg/order.hpp
-- Up-to-date: /home/yjh/Doosan/Real_project_ws/Week4/B5/install/menu_order_interfaces/include/menu_order_interfaces/menu_order_interfaces
-- Up-to-date: /home/yjh/Doosan/Real_project_ws/Week4/B5/install/menu_order_interfaces/include/menu_order_interfaces/menu_order_interfaces/action
-- Up-to-date: /home/yjh/Doosan/Real_project_ws/Week4/B5/install/menu_order_interfaces/include/menu_order_interfaces/menu_order_interfaces/action/detail
-- Up-to-date: /home/yjh/Doosan/Real_project_ws/Week4/B5/install/menu_order_interfaces/include/menu_order_interfaces/menu_order_interfaces/action/detail/dds_fastrtps
-- Up-to-date: /home/yjh/Doosan/Real_project_ws/Week4/B5/install/menu_order_interfaces/include/menu_order_interfaces/menu_order_interfaces/action/detail/serve__rosidl_typesupport_fastrtps_cpp.hpp
-- Up-to-date: /home/yjh/Doosan/Real_project_ws/Week4/B5/install/menu_order_interfaces/include/menu_order_interfaces/menu_order_interfaces/srv
-- Up-to-date: /home/yjh/Doosan/Real_project_ws/Week4/B5/install/menu_order_interfaces/include/menu_order_interfaces/menu_order_interfaces/srv/detail
-- Up-to-date: /home/yjh/Doosan/Real_project_ws/Week4/B5/install/menu_order_interfaces/include/menu_order_interfaces/menu_order_interfaces/srv/detail/menu_update__rosidl_typesupport_fastrtps_cpp.hpp
-- Up-to-date: /home/yjh/Doosan/Real_project_ws/Week4/B5/install/menu_order_interfaces/include/menu_order_interfaces/menu_order_interfaces/srv/detail/dds_fastrtps
-- Up-to-date: /home/yjh/Doosan/Real_project_ws/Week4/B5/install/menu_order_interfaces/include/menu_order_interfaces/menu_order_interfaces/msg
-- Up-to-date: /home/yjh/Doosan/Real_project_ws/Week4/B5/install/menu_order_interfaces/include/menu_order_interfaces/menu_order_interfaces/msg/detail
-- Up-to-date: /home/yjh/Doosan/Real_project_ws/Week4/B5/install/menu_order_interfaces/include/menu_order_interfaces/menu_order_interfaces/msg/detail/dds_fastrtps
-- Up-to-date: /home/yjh/Doosan/Real_project_ws/Week4/B5/install/menu_order_interfaces/include/menu_order_interfaces/menu_order_interfaces/msg/detail/order__rosidl_typesupport_fastrtps_cpp.hpp
-- Up-to-date: /home/yjh/Doosan/Real_project_ws/Week4/B5/install/menu_order_interfaces/include/menu_order_interfaces/menu_order_interfaces/msg/rosidl_typesupport_fastrtps_cpp__visibility_control.h
-- Up-to-date: /home/yjh/Doosan/Real_project_ws/Week4/B5/install/menu_order_interfaces/lib/libmenu_order_interfaces__rosidl_typesupport_fastrtps_cpp.so
-- Up-to-date: /home/yjh/Doosan/Real_project_ws/Week4/B5/install/menu_order_interfaces/include/menu_order_interfaces/menu_order_interfaces
-- Up-to-date: /home/yjh/Doosan/Real_project_ws/Week4/B5/install/menu_order_interfaces/include/menu_order_interfaces/menu_order_interfaces/action
-- Up-to-date: /home/yjh/Doosan/Real_project_ws/Week4/B5/install/menu_order_interfaces/include/menu_order_interfaces/menu_order_interfaces/action/detail
-- Up-to-date: /home/yjh/Doosan/Real_project_ws/Week4/B5/install/menu_order_interfaces/include/menu_order_interfaces/menu_order_interfaces/action/detail/serve__rosidl_typesupport_introspection_cpp.hpp
-- Up-to-date: /home/yjh/Doosan/Real_project_ws/Week4/B5/install/menu_order_interfaces/include/menu_order_interfaces/menu_order_interfaces/action/detail/serve__type_support.cpp
-- Up-to-date: /home/yjh/Doosan/Real_project_ws/Week4/B5/install/menu_order_interfaces/include/menu_order_interfaces/menu_order_interfaces/srv
-- Up-to-date: /home/yjh/Doosan/Real_project_ws/Week4/B5/install/menu_order_interfaces/include/menu_order_interfaces/menu_order_interfaces/srv/detail
-- Up-to-date: /home/yjh/Doosan/Real_project_ws/Week4/B5/install/menu_order_interfaces/include/menu_order_interfaces/menu_order_interfaces/srv/detail/menu_update__rosidl_typesupport_introspection_cpp.hpp
-- Up-to-date: /home/yjh/Doosan/Real_project_ws/Week4/B5/install/menu_order_interfaces/include/menu_order_interfaces/menu_order_interfaces/srv/detail/menu_update__type_support.cpp
-- Up-to-date: /home/yjh/Doosan/Real_project_ws/Week4/B5/install/menu_order_interfaces/include/menu_order_interfaces/menu_order_interfaces/msg
-- Up-to-date: /home/yjh/Doosan/Real_project_ws/Week4/B5/install/menu_order_interfaces/include/menu_order_interfaces/menu_order_interfaces/msg/detail
-- Up-to-date: /home/yjh/Doosan/Real_project_ws/Week4/B5/install/menu_order_interfaces/include/menu_order_interfaces/menu_order_interfaces/msg/detail/order__rosidl_typesupport_introspection_cpp.hpp
-- Up-to-date: /home/yjh/Doosan/Real_project_ws/Week4/B5/install/menu_order_interfaces/include/menu_order_interfaces/menu_order_interfaces/msg/detail/order__type_support.cpp
-- Up-to-date: /home/yjh/Doosan/Real_project_ws/Week4/B5/install/menu_order_interfaces/lib/libmenu_order_interfaces__rosidl_typesupport_introspection_cpp.so
-- Up-to-date: /home/yjh/Doosan/Real_project_ws/Week4/B5/install/menu_order_interfaces/lib/libmenu_order_interfaces__rosidl_typesupport_cpp.so
-- Up-to-date: /home/yjh/Doosan/Real_project_ws/Week4/B5/install/menu_order_interfaces/share/menu_order_interfaces/environment/pythonpath.sh
-- Up-to-date: /home/yjh/Doosan/Real_project_ws/Week4/B5/install/menu_order_interfaces/share/menu_order_interfaces/environment/pythonpath.dsv
-- Up-to-date: /home/yjh/Doosan/Real_project_ws/Week4/B5/install/menu_order_interfaces/local/lib/python3.10/dist-packages/menu_order_interfaces-0.0.0-py3.10.egg-info
-- Installing: /home/yjh/Doosan/Real_project_ws/Week4/B5/install/menu_order_interfaces/local/lib/python3.10/dist-packages/menu_order_interfaces-0.0.0-py3.10.egg-info/dependency_links.txt
-- Installing: /home/yjh/Doosan/Real_project_ws/Week4/B5/install/menu_order_interfaces/local/lib/python3.10/dist-packages/menu_order_interfaces-0.0.0-py3.10.egg-info/PKG-INFO
-- Installing: /home/yjh/Doosan/Real_project_ws/Week4/B5/install/menu_order_interfaces/local/lib/python3.10/dist-packages/menu_order_interfaces-0.0.0-py3.10.egg-info/top_level.txt
-- Installing: /home/yjh/Doosan/Real_project_ws/Week4/B5/install/menu_order_interfaces/local/lib/python3.10/dist-packages/menu_order_interfaces-0.0.0-py3.10.egg-info/SOURCES.txt
-- Up-to-date: /home/yjh/Doosan/Real_project_ws/Week4/B5/install/menu_order_interfaces/local/lib/python3.10/dist-packages/menu_order_interfaces
-- Up-to-date: /home/yjh/Doosan/Real_project_ws/Week4/B5/install/menu_order_interfaces/local/lib/python3.10/dist-packages/menu_order_interfaces/_menu_order_interfaces_s.ep.rosidl_typesupport_fastrtps_c.c
-- Up-to-date: /home/yjh/Doosan/Real_project_ws/Week4/B5/install/menu_order_interfaces/local/lib/python3.10/dist-packages/menu_order_interfaces/menu_order_interfaces_s__rosidl_typesupport_fastrtps_c.cpython-310-x86_64-linux-gnu.so
-- Up-to-date: /home/yjh/Doosan/Real_project_ws/Week4/B5/install/menu_order_interfaces/local/lib/python3.10/dist-packages/menu_order_interfaces/__init__.py
-- Up-to-date: /home/yjh/Doosan/Real_project_ws/Week4/B5/install/menu_order_interfaces/local/lib/python3.10/dist-packages/menu_order_interfaces/action
-- Up-to-date: /home/yjh/Doosan/Real_project_ws/Week4/B5/install/menu_order_interfaces/local/lib/python3.10/dist-packages/menu_order_interfaces/action/_serve.py
-- Up-to-date: /home/yjh/Doosan/Real_project_ws/Week4/B5/install/menu_order_interfaces/local/lib/python3.10/dist-packages/menu_order_interfaces/action/_serve_s.c
-- Up-to-date: /home/yjh/Doosan/Real_project_ws/Week4/B5/install/menu_order_interfaces/local/lib/python3.10/dist-packages/menu_order_interfaces/action/__init__.py
-- Up-to-date: /home/yjh/Doosan/Real_project_ws/Week4/B5/install/menu_order_interfaces/local/lib/python3.10/dist-packages/menu_order_interfaces/srv
-- Up-to-date: /home/yjh/Doosan/Real_project_ws/Week4/B5/install/menu_order_interfaces/local/lib/python3.10/dist-packages/menu_order_interfaces/srv/_menu_update.py
-- Up-to-date: /home/yjh/Doosan/Real_project_ws/Week4/B5/install/menu_order_interfaces/local/lib/python3.10/dist-packages/menu_order_interfaces/srv/__init__.py
-- Up-to-date: /home/yjh/Doosan/Real_project_ws/Week4/B5/install/menu_order_interfaces/local/lib/python3.10/dist-packages/menu_order_interfaces/srv/_menu_update_s.c
-- Up-to-date: /home/yjh/Doosan/Real_project_ws/Week4/B5/install/menu_order_interfaces/local/lib/python3.10/dist-packages/menu_order_interfaces/msg
-- Up-to-date: /home/yjh/Doosan/Real_project_ws/Week4/B5/install/menu_order_interfaces/local/lib/python3.10/dist-packages/menu_order_interfaces/msg/_order_s.c
-- Up-to-date: /home/yjh/Doosan/Real_project_ws/Week4/B5/install/menu_order_interfaces/local/lib/python3.10/dist-packages/menu_order_interfaces/msg/__init__.py
-- Up-to-date: /home/yjh/Doosan/Real_project_ws/Week4/B5/install/menu_order_interfaces/local/lib/python3.10/dist-packages/menu_order_interfaces/msg/_order.py
-- Up-to-date: /home/yjh/Doosan/Real_project_ws/Week4/B5/install/menu_order_interfaces/local/lib/python3.10/dist-packages/menu_order_interfaces/_menu_order_interfaces_s.ep.rosidl_typesupport_c.c
-- Up-to-date: /home/yjh/Doosan/Real_project_ws/Week4/B5/install/menu_order_interfaces/local/lib/python3.10/dist-packages/menu_order_interfaces/menu_order_interfaces_s__rosidl_typesupport_introspection_c.cpython-310-x86_64-linux-gnu.so
-- Up-to-date: /home/yjh/Doosan/Real_project_ws/Week4/B5/install/menu_order_interfaces/local/lib/python3.10/dist-packages/menu_order_interfaces/libmenu_order_interfaces__rosidl_generator_py.so
-- Up-to-date: /home/yjh/Doosan/Real_project_ws/Week4/B5/install/menu_order_interfaces/local/lib/python3.10/dist-packages/menu_order_interfaces/menu_order_interfaces_s__rosidl_typesupport_c.cpython-310-x86_64-linux-gnu.so
-- Up-to-date: /home/yjh/Doosan/Real_project_ws/Week4/B5/install/menu_order_interfaces/local/lib/python3.10/dist-packages/menu_order_interfaces/_menu_order_interfaces_s.ep.rosidl_typesupport_introspection_c.c
Listing '/home/yjh/Doosan/Real_project_ws/Week4/B5/install/menu_order_interfaces/local/lib/python3.10/dist-packages/menu_order_interfaces'...
Listing '/home/yjh/Doosan/Real_project_ws/Week4/B5/install/menu_order_interfaces/local/lib/python3.10/dist-packages/menu_order_interfaces/action'...
Listing '/home/yjh/Doosan/Real_project_ws/Week4/B5/install/menu_order_interfaces/local/lib/python3.10/dist-packages/menu_order_interfaces/msg'...
Listing '/home/yjh/Doosan/Real_project_ws/Week4/B5/install/menu_order_interfaces/local/lib/python3.10/dist-packages/menu_order_interfaces/srv'...
-- Up-to-date: /home/yjh/Doosan/Real_project_ws/Week4/B5/install/menu_order_interfaces/local/lib/python3.10/dist-packages/menu_order_interfaces/menu_order_interfaces_s__rosidl_typesupport_fastrtps_c.cpython-310-x86_64-linux-gnu.so
-- Up-to-date: /home/yjh/Doosan/Real_project_ws/Week4/B5/install/menu_order_interfaces/local/lib/python3.10/dist-packages/menu_order_interfaces/menu_order_interfaces_s__rosidl_typesupport_introspection_c.cpython-310-x86_64-linux-gnu.so
-- Up-to-date: /home/yjh/Doosan/Real_project_ws/Week4/B5/install/menu_order_interfaces/local/lib/python3.10/dist-packages/menu_order_interfaces/menu_order_interfaces_s__rosidl_typesupport_c.cpython-310-x86_64-linux-gnu.so
-- Up-to-date: /home/yjh/Doosan/Real_project_ws/Week4/B5/install/menu_order_interfaces/lib/libmenu_order_interfaces__rosidl_generator_py.so
-- Up-to-date: /home/yjh/Doosan/Real_project_ws/Week4/B5/install/menu_order_interfaces/share/menu_order_interfaces/msg/Order.idl
-- Up-to-date: /home/yjh/Doosan/Real_project_ws/Week4/B5/install/menu_order_interfaces/share/menu_order_interfaces/srv/MenuUpdate.idl
-- Up-to-date: /home/yjh/Doosan/Real_project_ws/Week4/B5/install/menu_order_interfaces/share/menu_order_interfaces/action/Serve.idl
-- Up-to-date: /home/yjh/Doosan/Real_project_ws/Week4/B5/install/menu_order_interfaces/share/menu_order_interfaces/msg/Order.msg
-- Up-to-date: /home/yjh/Doosan/Real_project_ws/Week4/B5/install/menu_order_interfaces/share/menu_order_interfaces/srv/MenuUpdate.srv
-- Up-to-date: /home/yjh/Doosan/Real_project_ws/Week4/B5/install/menu_order_interfaces/share/menu_order_interfaces/srv/MenuUpdate_Request.msg
-- Up-to-date: /home/yjh/Doosan/Real_project_ws/Week4/B5/install/menu_order_interfaces/share/menu_order_interfaces/srv/MenuUpdate_Response.msg
-- Up-to-date: /home/yjh/Doosan/Real_project_ws/Week4/B5/install/menu_order_interfaces/share/menu_order_interfaces/action/Serve.action
-- Up-to-date: /home/yjh/Doosan/Real_project_ws/Week4/B5/install/menu_order_interfaces/share/ament_index/resource_index/package_run_dependencies/menu_order_interfaces
-- Up-to-date: /home/yjh/Doosan/Real_project_ws/Week4/B5/install/menu_order_interfaces/share/ament_index/resource_index/parent_prefix_path/menu_order_interfaces
-- Up-to-date: /home/yjh/Doosan/Real_project_ws/Week4/B5/install/menu_order_interfaces/share/menu_order_interfaces/environment/ament_prefix_path.sh
-- Up-to-date: /home/yjh/Doosan/Real_project_ws/Week4/B5/install/menu_order_interfaces/share/menu_order_interfaces/environment/ament_prefix_path.dsv
-- Up-to-date: /home/yjh/Doosan/Real_project_ws/Week4/B5/install/menu_order_interfaces/share/menu_order_interfaces/environment/path.sh
-- Up-to-date: /home/yjh/Doosan/Real_project_ws/Week4/B5/install/menu_order_interfaces/share/menu_order_interfaces/environment/path.dsv
-- Up-to-date: /home/yjh/Doosan/Real_project_ws/Week4/B5/install/menu_order_interfaces/share/menu_order_interfaces/local_setup.bash
-- Up-to-date: /home/yjh/Doosan/Real_project_ws/Week4/B5/install/menu_order_interfaces/share/menu_order_interfaces/local_setup.sh
-- Up-to-date: /home/yjh/Doosan/Real_project_ws/Week4/B5/install/menu_order_interfaces/share/menu_order_interfaces/local_setup.zsh
-- Up-to-date: /home/yjh/Doosan/Real_project_ws/Week4/B5/install/menu_order_interfaces/share/menu_order_interfaces/local_setup.dsv
-- Installing: /home/yjh/Doosan/Real_project_ws/Week4/B5/install/menu_order_interfaces/share/menu_order_interfaces/package.dsv
-- Up-to-date: /home/yjh/Doosan/Real_project_ws/Week4/B5/install/menu_order_interfaces/share/ament_index/resource_index/packages/menu_order_interfaces
-- Up-to-date: /home/yjh/Doosan/Real_project_ws/Week4/B5/install/menu_order_interfaces/share/menu_order_interfaces/cmake/export_menu_order_interfaces__rosidl_generator_cExport.cmake
-- Up-to-date: /home/yjh/Doosan/Real_project_ws/Week4/B5/install/menu_order_interfaces/share/menu_order_interfaces/cmake/export_menu_order_interfaces__rosidl_generator_cExport-noconfig.cmake
-- Up-to-date: /home/yjh/Doosan/Real_project_ws/Week4/B5/install/menu_order_interfaces/share/menu_order_interfaces/cmake/export_menu_order_interfaces__rosidl_typesupport_fastrtps_cExport.cmake
-- Up-to-date: /home/yjh/Doosan/Real_project_ws/Week4/B5/install/menu_order_interfaces/share/menu_order_interfaces/cmake/export_menu_order_interfaces__rosidl_typesupport_fastrtps_cExport-noconfig.cmake
-- Up-to-date: /home/yjh/Doosan/Real_project_ws/Week4/B5/install/menu_order_interfaces/share/menu_order_interfaces/cmake/menu_order_interfaces__rosidl_typesupport_introspection_cExport.cmake
-- Up-to-date: /home/yjh/Doosan/Real_project_ws/Week4/B5/install/menu_order_interfaces/share/menu_order_interfaces/cmake/menu_order_interfaces__rosidl_typesupport_introspection_cExport-noconfig.cmake
-- Up-to-date: /home/yjh/Doosan/Real_project_ws/Week4/B5/install/menu_order_interfaces/share/menu_order_interfaces/cmake/menu_order_interfaces__rosidl_typesupport_cExport.cmake
-- Up-to-date: /home/yjh/Doosan/Real_project_ws/Week4/B5/install/menu_order_interfaces/share/menu_order_interfaces/cmake/menu_order_interfaces__rosidl_typesupport_cExport-noconfig.cmake
-- Up-to-date: /home/yjh/Doosan/Real_project_ws/Week4/B5/install/menu_order_interfaces/share/menu_order_interfaces/cmake/export_menu_order_interfaces__rosidl_generator_cppExport.cmake
-- Up-to-date: /home/yjh/Doosan/Real_project_ws/Week4/B5/install/menu_order_interfaces/share/menu_order_interfaces/cmake/export_menu_order_interfaces__rosidl_typesupport_fastrtps_cppExport.cmake
-- Up-to-date: /home/yjh/Doosan/Real_project_ws/Week4/B5/install/menu_order_interfaces/share/menu_order_interfaces/cmake/export_menu_order_interfaces__rosidl_typesupport_fastrtps_cppExport-noconfig.cmake
-- Up-to-date: /home/yjh/Doosan/Real_project_ws/Week4/B5/install/menu_order_interfaces/share/menu_order_interfaces/cmake/menu_order_interfaces__rosidl_typesupport_introspection_cppExport.cmake
-- Up-to-date: /home/yjh/Doosan/Real_project_ws/Week4/B5/install/menu_order_interfaces/share/menu_order_interfaces/cmake/menu_order_interfaces__rosidl_typesupport_introspection_cppExport-noconfig.cmake
-- Up-to-date: /home/yjh/Doosan/Real_project_ws/Week4/B5/install/menu_order_interfaces/share/menu_order_interfaces/cmake/menu_order_interfaces__rosidl_typesupport_cppExport.cmake
-- Up-to-date: /home/yjh/Doosan/Real_project_ws/Week4/B5/install/menu_order_interfaces/share/menu_order_interfaces/cmake/menu_order_interfaces__rosidl_typesupport_cppExport-noconfig.cmake
-- Up-to-date: /home/yjh/Doosan/Real_project_ws/Week4/B5/install/menu_order_interfaces/share/menu_order_interfaces/cmake/export_menu_order_interfaces__rosidl_generator_pyExport.cmake
-- Up-to-date: /home/yjh/Doosan/Real_project_ws/Week4/B5/install/menu_order_interfaces/share/menu_order_interfaces/cmake/export_menu_order_interfaces__rosidl_generator_pyExport-noconfig.cmake
-- Up-to-date: /home/yjh/Doosan/Real_project_ws/Week4/B5/install/menu_order_interfaces/share/menu_order_interfaces/cmake/rosidl_cmake-extras.cmake
-- Up-to-date: /home/yjh/Doosan/Real_project_ws/Week4/B5/install/menu_order_interfaces/share/menu_order_interfaces/cmake/ament_cmake_export_dependencies-extras.cmake
-- Up-to-date: /home/yjh/Doosan/Real_project_ws/Week4/B5/install/menu_order_interfaces/share/menu_order_interfaces/cmake/ament_cmake_export_include_directories-extras.cmake
-- Up-to-date: /home/yjh/Doosan/Real_project_ws/Week4/B5/install/menu_order_interfaces/share/menu_order_interfaces/cmake/ament_cmake_export_libraries-extras.cmake
-- Up-to-date: /home/yjh/Doosan/Real_project_ws/Week4/B5/install/menu_order_interfaces/share/menu_order_interfaces/cmake/ament_cmake_export_targets-extras.cmake
-- Up-to-date: /home/yjh/Doosan/Real_project_ws/Week4/B5/install/menu_order_interfaces/share/menu_order_interfaces/cmake/rosidl_cmake_export_typesupport_targets-extras.cmake
-- Up-to-date: /home/yjh/Doosan/Real_project_ws/Week4/B5/install/menu_order_interfaces/share/menu_order_interfaces/cmake/rosidl_cmake_export_typesupport_libraries-extras.cmake
-- Up-to-date: /home/yjh/Doosan/Real_project_ws/Week4/B5/install/menu_order_interfaces/share/menu_order_interfaces/cmake/menu_order_interfacesConfig.cmake
-- Up-to-date: /home/yjh/Doosan/Real_project_ws/Week4/B5/install/menu_order_interfaces/share/menu_order_interfaces/cmake/menu_order_interfacesConfig-version.cmake
-- Up-to-date: /home/yjh/Doosan/Real_project_ws/Week4/B5/install/menu_order_interfaces/share/menu_order_interfaces/package.xml
