[0.008s] Invoking command in '/home/juwon/RokeyProjects/src/build/boxproject_interfaces': CMAKE_PREFIX_PATH=${CMAKE_PREFIX_PATH}:/home/juwon/RokeyProjects/src/install/boxproject:/opt/ros/humble /usr/bin/cmake --build /home/juwon/RokeyProjects/src/build/boxproject_interfaces -- -j6 -l6
[0.017s] [0mCMake Error: The current CMakeCache.txt directory /home/juwon/RokeyProjects/src/build/boxproject_interfaces/CMakeCache.txt is different than the directory /home/juwon/Week5Project_ws/src/build/boxproject_interfaces where CMakeCache.txt was created. This may result in binaries being created in the wrong place. If you are not sure, reedit the CMakeCache.txt[0m
[0.030s] -- Found ament_cmake: 1.3.10 (/opt/ros/humble/share/ament_cmake/cmake)
[0.113s] -- Found rosidl_default_generators: 1.2.0 (/opt/ros/humble/share/rosidl_default_generators/cmake)
[0.115s] -- Using all available rosidl_typesupport_c: rosidl_typesupport_fastrtps_c;rosidl_typesupport_introspection_c
[0.118s] -- Found rosidl_adapter: 3.1.5 (/opt/ros/humble/share/rosidl_adapter/cmake)
[0.137s] -- Using all available rosidl_typesupport_cpp: rosidl_typesupport_fastrtps_cpp;rosidl_typesupport_introspection_cpp
[0.350s] -- Found ament_cmake_ros: 0.10.0 (/opt/ros/humble/share/ament_cmake_ros/cmake)
[0.489s] -- Using all available rosidl_typesupport_c: rosidl_typesupport_fastrtps_c;rosidl_typesupport_introspection_c
[0.662s] -- Using all available rosidl_typesupport_cpp: rosidl_typesupport_fastrtps_cpp;rosidl_typesupport_introspection_cpp
[0.680s] -- Found python_cmake_module: 0.10.0 (/opt/ros/humble/share/python_cmake_module/cmake)
[0.695s] -- Using PYTHON_EXECUTABLE: /usr/bin/python3
[0.696s] -- Using PYTHON_INCLUDE_DIRS: /usr/include/python3.10
[0.696s] -- Using PYTHON_LIBRARIES: /usr/lib/x86_64-linux-gnu/libpython3.10.so
[0.705s] -- Found ament_lint_auto: 0.12.11 (/opt/ros/humble/share/ament_lint_auto/cmake)
[0.711s] -- Added test 'lint_cmake' to check CMake code style
[0.711s] -- Added test 'xmllint' to check XML markup files
[0.712s] -- Configuring done
[0.737s] -- Generating done
[0.747s] -- Build files have been written to: /home/juwon/Week5Project_ws/src/build/boxproject_interfaces
[0.770s] [35m[1mConsolidate compiler generated dependencies of target boxproject_interfaces__rosidl_generator_c[0m
[0.779s] [  3%] Built target boxproject_interfaces__cpp
[0.784s] [ 12%] Built target boxproject_interfaces__rosidl_generator_c
[0.789s] [ 12%] Built target ament_cmake_python_copy_boxproject_interfaces
[0.794s] [35m[1mConsolidate compiler generated dependencies of target boxproject_interfaces__rosidl_typesupport_cpp[0m
[0.794s] [35m[1mConsolidate compiler generated dependencies of target boxproject_interfaces__rosidl_typesupport_fastrtps_cpp[0m
[0.796s] [35m[1mConsolidate compiler generated dependencies of target boxproject_interfaces__rosidl_typesupport_fastrtps_c[0m
[0.802s] [35m[1mConsolidate compiler generated dependencies of target boxproject_interfaces__rosidl_typesupport_introspection_c[0m
[0.803s] [35m[1mConsolidate compiler generated dependencies of target boxproject_interfaces__rosidl_typesupport_introspection_cpp[0m
[0.804s] [ 22%] Built target boxproject_interfaces__rosidl_typesupport_cpp
[0.810s] [35m[1mConsolidate compiler generated dependencies of target boxproject_interfaces__rosidl_typesupport_c[0m
[0.811s] [ 32%] Built target boxproject_interfaces__rosidl_typesupport_fastrtps_cpp
[0.817s] [ 41%] Built target boxproject_interfaces__rosidl_typesupport_fastrtps_c
[0.818s] [ 51%] Built target boxproject_interfaces__rosidl_typesupport_introspection_cpp
[0.818s] [ 61%] Built target boxproject_interfaces__rosidl_typesupport_introspection_c
[0.822s] [ 70%] Built target boxproject_interfaces__rosidl_typesupport_c
[0.842s] [ 70%] Built target boxproject_interfaces
[0.864s] [ 74%] Built target boxproject_interfaces__py
[0.875s] [35m[1mConsolidate compiler generated dependencies of target boxproject_interfaces__rosidl_generator_py[0m
[0.887s] [ 80%] Built target boxproject_interfaces__rosidl_generator_py
[0.898s] [35m[1mConsolidate compiler generated dependencies of target boxproject_interfaces__rosidl_typesupport_introspection_c__pyext[0m
[0.902s] [35m[1mConsolidate compiler generated dependencies of target boxproject_interfaces__rosidl_typesupport_fastrtps_c__pyext[0m
[0.905s] [35m[1mConsolidate compiler generated dependencies of target boxproject_interfaces__rosidl_typesupport_c__pyext[0m
[0.915s] [ 87%] Built target boxproject_interfaces__rosidl_typesupport_fastrtps_c__pyext
[0.917s] [ 93%] Built target boxproject_interfaces__rosidl_typesupport_introspection_c__pyext
[0.923s] [100%] Built target boxproject_interfaces__rosidl_typesupport_c__pyext
[0.961s] running egg_info
[0.961s] writing boxproject_interfaces.egg-info/PKG-INFO
[0.962s] writing dependency_links to boxproject_interfaces.egg-info/dependency_links.txt
[0.962s] writing top-level names to boxproject_interfaces.egg-info/top_level.txt
[0.965s] reading manifest file 'boxproject_interfaces.egg-info/SOURCES.txt'
[0.965s] writing manifest file 'boxproject_interfaces.egg-info/SOURCES.txt'
[0.981s] [100%] Built target ament_cmake_python_build_boxproject_interfaces_egg
[0.990s] Invoked command in '/home/juwon/RokeyProjects/src/build/boxproject_interfaces' returned '0': CMAKE_PREFIX_PATH=${CMAKE_PREFIX_PATH}:/home/juwon/RokeyProjects/src/install/boxproject:/opt/ros/humble /usr/bin/cmake --build /home/juwon/RokeyProjects/src/build/boxproject_interfaces -- -j6 -l6
[0.998s] Invoking command in '/home/juwon/RokeyProjects/src/build/boxproject_interfaces': CMAKE_PREFIX_PATH=${CMAKE_PREFIX_PATH}:/home/juwon/RokeyProjects/src/install/boxproject:/opt/ros/humble /usr/bin/cmake --install /home/juwon/RokeyProjects/src/build/boxproject_interfaces
[1.003s] -- Install configuration: ""
[1.003s] -- Up-to-date: /home/juwon/Week5Project_ws/src/install/boxproject_interfaces/share/ament_index/resource_index/rosidl_interfaces/boxproject_interfaces
[1.003s] -- Up-to-date: /home/juwon/Week5Project_ws/src/install/boxproject_interfaces/include/boxproject_interfaces/boxproject_interfaces
[1.003s] -- Up-to-date: /home/juwon/Week5Project_ws/src/install/boxproject_interfaces/include/boxproject_interfaces/boxproject_interfaces/msg
[1.003s] -- Up-to-date: /home/juwon/Week5Project_ws/src/install/boxproject_interfaces/include/boxproject_interfaces/boxproject_interfaces/msg/rosidl_generator_c__visibility_control.h
[1.003s] -- Up-to-date: /home/juwon/Week5Project_ws/src/install/boxproject_interfaces/include/boxproject_interfaces/boxproject_interfaces/action
[1.003s] -- Up-to-date: /home/juwon/Week5Project_ws/src/install/boxproject_interfaces/include/boxproject_interfaces/boxproject_interfaces/action/task_action.h
[1.003s] -- Up-to-date: /home/juwon/Week5Project_ws/src/install/boxproject_interfaces/include/boxproject_interfaces/boxproject_interfaces/action/detail
[1.003s] -- Up-to-date: /home/juwon/Week5Project_ws/src/install/boxproject_interfaces/include/boxproject_interfaces/boxproject_interfaces/action/detail/task_action__functions.h
[1.004s] -- Up-to-date: /home/juwon/Week5Project_ws/src/install/boxproject_interfaces/include/boxproject_interfaces/boxproject_interfaces/action/detail/task_action__type_support.h
[1.004s] -- Up-to-date: /home/juwon/Week5Project_ws/src/install/boxproject_interfaces/include/boxproject_interfaces/boxproject_interfaces/action/detail/task_action__functions.c
[1.004s] -- Up-to-date: /home/juwon/Week5Project_ws/src/install/boxproject_interfaces/include/boxproject_interfaces/boxproject_interfaces/action/detail/task_action__struct.h
[1.004s] -- Up-to-date: /home/juwon/Week5Project_ws/src/install/boxproject_interfaces/share/boxproject_interfaces/environment/library_path.sh
[1.004s] -- Installing: /home/juwon/Week5Project_ws/src/install/boxproject_interfaces/share/boxproject_interfaces/environment/library_path.dsv
[1.004s] -- Up-to-date: /home/juwon/Week5Project_ws/src/install/boxproject_interfaces/lib/libboxproject_interfaces__rosidl_generator_c.so
[1.004s] -- Up-to-date: /home/juwon/Week5Project_ws/src/install/boxproject_interfaces/include/boxproject_interfaces/boxproject_interfaces
[1.004s] -- Up-to-date: /home/juwon/Week5Project_ws/src/install/boxproject_interfaces/include/boxproject_interfaces/boxproject_interfaces/msg
[1.004s] -- Up-to-date: /home/juwon/Week5Project_ws/src/install/boxproject_interfaces/include/boxproject_interfaces/boxproject_interfaces/msg/rosidl_typesupport_fastrtps_c__visibility_control.h
[1.004s] -- Up-to-date: /home/juwon/Week5Project_ws/src/install/boxproject_interfaces/include/boxproject_interfaces/boxproject_interfaces/action
[1.004s] -- Up-to-date: /home/juwon/Week5Project_ws/src/install/boxproject_interfaces/include/boxproject_interfaces/boxproject_interfaces/action/detail
[1.004s] -- Up-to-date: /home/juwon/Week5Project_ws/src/install/boxproject_interfaces/include/boxproject_interfaces/boxproject_interfaces/action/detail/task_action__rosidl_typesupport_fastrtps_c.h
[1.004s] -- Up-to-date: /home/juwon/Week5Project_ws/src/install/boxproject_interfaces/lib/libboxproject_interfaces__rosidl_typesupport_fastrtps_c.so
[1.004s] -- Up-to-date: /home/juwon/Week5Project_ws/src/install/boxproject_interfaces/include/boxproject_interfaces/boxproject_interfaces
[1.004s] -- Up-to-date: /home/juwon/Week5Project_ws/src/install/boxproject_interfaces/include/boxproject_interfaces/boxproject_interfaces/msg
[1.004s] -- Up-to-date: /home/juwon/Week5Project_ws/src/install/boxproject_interfaces/include/boxproject_interfaces/boxproject_interfaces/msg/rosidl_typesupport_introspection_c__visibility_control.h
[1.004s] -- Up-to-date: /home/juwon/Week5Project_ws/src/install/boxproject_interfaces/include/boxproject_interfaces/boxproject_interfaces/action
[1.004s] -- Up-to-date: /home/juwon/Week5Project_ws/src/install/boxproject_interfaces/include/boxproject_interfaces/boxproject_interfaces/action/detail
[1.004s] -- Up-to-date: /home/juwon/Week5Project_ws/src/install/boxproject_interfaces/include/boxproject_interfaces/boxproject_interfaces/action/detail/task_action__rosidl_typesupport_introspection_c.h
[1.005s] -- Up-to-date: /home/juwon/Week5Project_ws/src/install/boxproject_interfaces/include/boxproject_interfaces/boxproject_interfaces/action/detail/task_action__type_support.c
[1.005s] -- Up-to-date: /home/juwon/Week5Project_ws/src/install/boxproject_interfaces/lib/libboxproject_interfaces__rosidl_typesupport_introspection_c.so
[1.005s] -- Up-to-date: /home/juwon/Week5Project_ws/src/install/boxproject_interfaces/lib/libboxproject_interfaces__rosidl_typesupport_c.so
[1.005s] -- Up-to-date: /home/juwon/Week5Project_ws/src/install/boxproject_interfaces/include/boxproject_interfaces/boxproject_interfaces
[1.005s] -- Up-to-date: /home/juwon/Week5Project_ws/src/install/boxproject_interfaces/include/boxproject_interfaces/boxproject_interfaces/action
[1.005s] -- Up-to-date: /home/juwon/Week5Project_ws/src/install/boxproject_interfaces/include/boxproject_interfaces/boxproject_interfaces/action/task_action.hpp
[1.005s] -- Up-to-date: /home/juwon/Week5Project_ws/src/install/boxproject_interfaces/include/boxproject_interfaces/boxproject_interfaces/action/detail
[1.005s] -- Up-to-date: /home/juwon/Week5Project_ws/src/install/boxproject_interfaces/include/boxproject_interfaces/boxproject_interfaces/action/detail/task_action__builder.hpp
[1.005s] -- Up-to-date: /home/juwon/Week5Project_ws/src/install/boxproject_interfaces/include/boxproject_interfaces/boxproject_interfaces/action/detail/task_action__struct.hpp
[1.005s] -- Up-to-date: /home/juwon/Week5Project_ws/src/install/boxproject_interfaces/include/boxproject_interfaces/boxproject_interfaces/action/detail/task_action__traits.hpp
[1.005s] -- Up-to-date: /home/juwon/Week5Project_ws/src/install/boxproject_interfaces/include/boxproject_interfaces/boxproject_interfaces
[1.005s] -- Up-to-date: /home/juwon/Week5Project_ws/src/install/boxproject_interfaces/include/boxproject_interfaces/boxproject_interfaces/msg
[1.005s] -- Up-to-date: /home/juwon/Week5Project_ws/src/install/boxproject_interfaces/include/boxproject_interfaces/boxproject_interfaces/msg/rosidl_typesupport_fastrtps_cpp__visibility_control.h
[1.005s] -- Up-to-date: /home/juwon/Week5Project_ws/src/install/boxproject_interfaces/include/boxproject_interfaces/boxproject_interfaces/action
[1.005s] -- Up-to-date: /home/juwon/Week5Project_ws/src/install/boxproject_interfaces/include/boxproject_interfaces/boxproject_interfaces/action/detail
[1.006s] -- Up-to-date: /home/juwon/Week5Project_ws/src/install/boxproject_interfaces/include/boxproject_interfaces/boxproject_interfaces/action/detail/dds_fastrtps
[1.006s] -- Up-to-date: /home/juwon/Week5Project_ws/src/install/boxproject_interfaces/include/boxproject_interfaces/boxproject_interfaces/action/detail/task_action__rosidl_typesupport_fastrtps_cpp.hpp
[1.006s] -- Up-to-date: /home/juwon/Week5Project_ws/src/install/boxproject_interfaces/lib/libboxproject_interfaces__rosidl_typesupport_fastrtps_cpp.so
[1.006s] -- Up-to-date: /home/juwon/Week5Project_ws/src/install/boxproject_interfaces/include/boxproject_interfaces/boxproject_interfaces
[1.006s] -- Up-to-date: /home/juwon/Week5Project_ws/src/install/boxproject_interfaces/include/boxproject_interfaces/boxproject_interfaces/action
[1.006s] -- Up-to-date: /home/juwon/Week5Project_ws/src/install/boxproject_interfaces/include/boxproject_interfaces/boxproject_interfaces/action/detail
[1.006s] -- Up-to-date: /home/juwon/Week5Project_ws/src/install/boxproject_interfaces/include/boxproject_interfaces/boxproject_interfaces/action/detail/task_action__rosidl_typesupport_introspection_cpp.hpp
[1.006s] -- Up-to-date: /home/juwon/Week5Project_ws/src/install/boxproject_interfaces/include/boxproject_interfaces/boxproject_interfaces/action/detail/task_action__type_support.cpp
[1.006s] -- Up-to-date: /home/juwon/Week5Project_ws/src/install/boxproject_interfaces/lib/libboxproject_interfaces__rosidl_typesupport_introspection_cpp.so
[1.006s] -- Up-to-date: /home/juwon/Week5Project_ws/src/install/boxproject_interfaces/lib/libboxproject_interfaces__rosidl_typesupport_cpp.so
[1.006s] -- Up-to-date: /home/juwon/Week5Project_ws/src/install/boxproject_interfaces/share/boxproject_interfaces/environment/pythonpath.sh
[1.006s] -- Installing: /home/juwon/Week5Project_ws/src/install/boxproject_interfaces/share/boxproject_interfaces/environment/pythonpath.dsv
[1.007s] -- Up-to-date: /home/juwon/Week5Project_ws/src/install/boxproject_interfaces/local/lib/python3.10/dist-packages/boxproject_interfaces-0.0.0-py3.10.egg-info
[1.007s] -- Installing: /home/juwon/Week5Project_ws/src/install/boxproject_interfaces/local/lib/python3.10/dist-packages/boxproject_interfaces-0.0.0-py3.10.egg-info/top_level.txt
[1.007s] -- Installing: /home/juwon/Week5Project_ws/src/install/boxproject_interfaces/local/lib/python3.10/dist-packages/boxproject_interfaces-0.0.0-py3.10.egg-info/dependency_links.txt
[1.007s] -- Installing: /home/juwon/Week5Project_ws/src/install/boxproject_interfaces/local/lib/python3.10/dist-packages/boxproject_interfaces-0.0.0-py3.10.egg-info/PKG-INFO
[1.007s] -- Installing: /home/juwon/Week5Project_ws/src/install/boxproject_interfaces/local/lib/python3.10/dist-packages/boxproject_interfaces-0.0.0-py3.10.egg-info/SOURCES.txt
[1.007s] -- Up-to-date: /home/juwon/Week5Project_ws/src/install/boxproject_interfaces/local/lib/python3.10/dist-packages/boxproject_interfaces
[1.007s] -- Up-to-date: /home/juwon/Week5Project_ws/src/install/boxproject_interfaces/local/lib/python3.10/dist-packages/boxproject_interfaces/_boxproject_interfaces_s.ep.rosidl_typesupport_introspection_c.c
[1.007s] -- Up-to-date: /home/juwon/Week5Project_ws/src/install/boxproject_interfaces/local/lib/python3.10/dist-packages/boxproject_interfaces/boxproject_interfaces_s__rosidl_typesupport_c.cpython-310-x86_64-linux-gnu.so
[1.007s] -- Up-to-date: /home/juwon/Week5Project_ws/src/install/boxproject_interfaces/local/lib/python3.10/dist-packages/boxproject_interfaces/_boxproject_interfaces_s.ep.rosidl_typesupport_fastrtps_c.c
[1.007s] -- Up-to-date: /home/juwon/Week5Project_ws/src/install/boxproject_interfaces/local/lib/python3.10/dist-packages/boxproject_interfaces/boxproject_interfaces_s__rosidl_typesupport_introspection_c.cpython-310-x86_64-linux-gnu.so
[1.007s] -- Up-to-date: /home/juwon/Week5Project_ws/src/install/boxproject_interfaces/local/lib/python3.10/dist-packages/boxproject_interfaces/libboxproject_interfaces__rosidl_generator_py.so
[1.007s] -- Installing: /home/juwon/Week5Project_ws/src/install/boxproject_interfaces/local/lib/python3.10/dist-packages/boxproject_interfaces/__init__.py
[1.007s] -- Up-to-date: /home/juwon/Week5Project_ws/src/install/boxproject_interfaces/local/lib/python3.10/dist-packages/boxproject_interfaces/boxproject_interfaces_s__rosidl_typesupport_fastrtps_c.cpython-310-x86_64-linux-gnu.so
[1.007s] -- Up-to-date: /home/juwon/Week5Project_ws/src/install/boxproject_interfaces/local/lib/python3.10/dist-packages/boxproject_interfaces/action
[1.007s] -- Up-to-date: /home/juwon/Week5Project_ws/src/install/boxproject_interfaces/local/lib/python3.10/dist-packages/boxproject_interfaces/action/_task_action.py
[1.007s] -- Up-to-date: /home/juwon/Week5Project_ws/src/install/boxproject_interfaces/local/lib/python3.10/dist-packages/boxproject_interfaces/action/_task_action_s.c
[1.007s] -- Up-to-date: /home/juwon/Week5Project_ws/src/install/boxproject_interfaces/local/lib/python3.10/dist-packages/boxproject_interfaces/action/__init__.py
[1.008s] -- Up-to-date: /home/juwon/Week5Project_ws/src/install/boxproject_interfaces/local/lib/python3.10/dist-packages/boxproject_interfaces/_boxproject_interfaces_s.ep.rosidl_typesupport_c.c
[1.028s] Listing '/home/juwon/Week5Project_ws/src/install/boxproject_interfaces/local/lib/python3.10/dist-packages/boxproject_interfaces'...
[1.028s] Compiling '/home/juwon/Week5Project_ws/src/install/boxproject_interfaces/local/lib/python3.10/dist-packages/boxproject_interfaces/__init__.py'...
[1.028s] Listing '/home/juwon/Week5Project_ws/src/install/boxproject_interfaces/local/lib/python3.10/dist-packages/boxproject_interfaces/action'...
[1.032s] -- Up-to-date: /home/juwon/Week5Project_ws/src/install/boxproject_interfaces/local/lib/python3.10/dist-packages/boxproject_interfaces/boxproject_interfaces_s__rosidl_typesupport_fastrtps_c.cpython-310-x86_64-linux-gnu.so
[1.032s] -- Up-to-date: /home/juwon/Week5Project_ws/src/install/boxproject_interfaces/local/lib/python3.10/dist-packages/boxproject_interfaces/boxproject_interfaces_s__rosidl_typesupport_introspection_c.cpython-310-x86_64-linux-gnu.so
[1.032s] -- Up-to-date: /home/juwon/Week5Project_ws/src/install/boxproject_interfaces/local/lib/python3.10/dist-packages/boxproject_interfaces/boxproject_interfaces_s__rosidl_typesupport_c.cpython-310-x86_64-linux-gnu.so
[1.032s] -- Up-to-date: /home/juwon/Week5Project_ws/src/install/boxproject_interfaces/lib/libboxproject_interfaces__rosidl_generator_py.so
[1.033s] -- Up-to-date: /home/juwon/Week5Project_ws/src/install/boxproject_interfaces/share/boxproject_interfaces/action/TaskAction.idl
[1.033s] -- Up-to-date: /home/juwon/Week5Project_ws/src/install/boxproject_interfaces/share/boxproject_interfaces/action/TaskAction.action
[1.033s] -- Up-to-date: /home/juwon/Week5Project_ws/src/install/boxproject_interfaces/share/ament_index/resource_index/package_run_dependencies/boxproject_interfaces
[1.033s] -- Up-to-date: /home/juwon/Week5Project_ws/src/install/boxproject_interfaces/share/ament_index/resource_index/parent_prefix_path/boxproject_interfaces
[1.033s] -- Up-to-date: /home/juwon/Week5Project_ws/src/install/boxproject_interfaces/share/boxproject_interfaces/environment/ament_prefix_path.sh
[1.033s] -- Installing: /home/juwon/Week5Project_ws/src/install/boxproject_interfaces/share/boxproject_interfaces/environment/ament_prefix_path.dsv
[1.033s] -- Up-to-date: /home/juwon/Week5Project_ws/src/install/boxproject_interfaces/share/boxproject_interfaces/environment/path.sh
[1.033s] -- Installing: /home/juwon/Week5Project_ws/src/install/boxproject_interfaces/share/boxproject_interfaces/environment/path.dsv
[1.034s] -- Up-to-date: /home/juwon/Week5Project_ws/src/install/boxproject_interfaces/share/boxproject_interfaces/local_setup.bash
[1.034s] -- Up-to-date: /home/juwon/Week5Project_ws/src/install/boxproject_interfaces/share/boxproject_interfaces/local_setup.sh
[1.034s] -- Up-to-date: /home/juwon/Week5Project_ws/src/install/boxproject_interfaces/share/boxproject_interfaces/local_setup.zsh
[1.034s] -- Installing: /home/juwon/Week5Project_ws/src/install/boxproject_interfaces/share/boxproject_interfaces/local_setup.dsv
[1.034s] -- Installing: /home/juwon/Week5Project_ws/src/install/boxproject_interfaces/share/boxproject_interfaces/package.dsv
[1.034s] -- Up-to-date: /home/juwon/Week5Project_ws/src/install/boxproject_interfaces/share/ament_index/resource_index/packages/boxproject_interfaces
[1.034s] -- Up-to-date: /home/juwon/Week5Project_ws/src/install/boxproject_interfaces/share/boxproject_interfaces/cmake/export_boxproject_interfaces__rosidl_generator_cExport.cmake
[1.034s] -- Up-to-date: /home/juwon/Week5Project_ws/src/install/boxproject_interfaces/share/boxproject_interfaces/cmake/export_boxproject_interfaces__rosidl_generator_cExport-noconfig.cmake
[1.034s] -- Up-to-date: /home/juwon/Week5Project_ws/src/install/boxproject_interfaces/share/boxproject_interfaces/cmake/export_boxproject_interfaces__rosidl_typesupport_fastrtps_cExport.cmake
[1.034s] -- Up-to-date: /home/juwon/Week5Project_ws/src/install/boxproject_interfaces/share/boxproject_interfaces/cmake/export_boxproject_interfaces__rosidl_typesupport_fastrtps_cExport-noconfig.cmake
[1.034s] -- Up-to-date: /home/juwon/Week5Project_ws/src/install/boxproject_interfaces/share/boxproject_interfaces/cmake/boxproject_interfaces__rosidl_typesupport_introspection_cExport.cmake
[1.034s] -- Up-to-date: /home/juwon/Week5Project_ws/src/install/boxproject_interfaces/share/boxproject_interfaces/cmake/boxproject_interfaces__rosidl_typesupport_introspection_cExport-noconfig.cmake
[1.034s] -- Up-to-date: /home/juwon/Week5Project_ws/src/install/boxproject_interfaces/share/boxproject_interfaces/cmake/boxproject_interfaces__rosidl_typesupport_cExport.cmake
[1.034s] -- Up-to-date: /home/juwon/Week5Project_ws/src/install/boxproject_interfaces/share/boxproject_interfaces/cmake/boxproject_interfaces__rosidl_typesupport_cExport-noconfig.cmake
[1.034s] -- Up-to-date: /home/juwon/Week5Project_ws/src/install/boxproject_interfaces/share/boxproject_interfaces/cmake/export_boxproject_interfaces__rosidl_generator_cppExport.cmake
[1.034s] -- Up-to-date: /home/juwon/Week5Project_ws/src/install/boxproject_interfaces/share/boxproject_interfaces/cmake/export_boxproject_interfaces__rosidl_typesupport_fastrtps_cppExport.cmake
[1.035s] -- Up-to-date: /home/juwon/Week5Project_ws/src/install/boxproject_interfaces/share/boxproject_interfaces/cmake/export_boxproject_interfaces__rosidl_typesupport_fastrtps_cppExport-noconfig.cmake
[1.035s] -- Up-to-date: /home/juwon/Week5Project_ws/src/install/boxproject_interfaces/share/boxproject_interfaces/cmake/boxproject_interfaces__rosidl_typesupport_introspection_cppExport.cmake
[1.035s] -- Up-to-date: /home/juwon/Week5Project_ws/src/install/boxproject_interfaces/share/boxproject_interfaces/cmake/boxproject_interfaces__rosidl_typesupport_introspection_cppExport-noconfig.cmake
[1.035s] -- Up-to-date: /home/juwon/Week5Project_ws/src/install/boxproject_interfaces/share/boxproject_interfaces/cmake/boxproject_interfaces__rosidl_typesupport_cppExport.cmake
[1.035s] -- Up-to-date: /home/juwon/Week5Project_ws/src/install/boxproject_interfaces/share/boxproject_interfaces/cmake/boxproject_interfaces__rosidl_typesupport_cppExport-noconfig.cmake
[1.035s] -- Up-to-date: /home/juwon/Week5Project_ws/src/install/boxproject_interfaces/share/boxproject_interfaces/cmake/export_boxproject_interfaces__rosidl_generator_pyExport.cmake
[1.035s] -- Up-to-date: /home/juwon/Week5Project_ws/src/install/boxproject_interfaces/share/boxproject_interfaces/cmake/export_boxproject_interfaces__rosidl_generator_pyExport-noconfig.cmake
[1.036s] -- Up-to-date: /home/juwon/Week5Project_ws/src/install/boxproject_interfaces/share/boxproject_interfaces/cmake/rosidl_cmake-extras.cmake
[1.036s] -- Up-to-date: /home/juwon/Week5Project_ws/src/install/boxproject_interfaces/share/boxproject_interfaces/cmake/ament_cmake_export_dependencies-extras.cmake
[1.036s] -- Up-to-date: /home/juwon/Week5Project_ws/src/install/boxproject_interfaces/share/boxproject_interfaces/cmake/ament_cmake_export_include_directories-extras.cmake
[1.036s] -- Up-to-date: /home/juwon/Week5Project_ws/src/install/boxproject_interfaces/share/boxproject_interfaces/cmake/ament_cmake_export_libraries-extras.cmake
[1.036s] -- Up-to-date: /home/juwon/Week5Project_ws/src/install/boxproject_interfaces/share/boxproject_interfaces/cmake/ament_cmake_export_targets-extras.cmake
[1.036s] -- Up-to-date: /home/juwon/Week5Project_ws/src/install/boxproject_interfaces/share/boxproject_interfaces/cmake/rosidl_cmake_export_typesupport_targets-extras.cmake
[1.036s] -- Up-to-date: /home/juwon/Week5Project_ws/src/install/boxproject_interfaces/share/boxproject_interfaces/cmake/rosidl_cmake_export_typesupport_libraries-extras.cmake
[1.036s] -- Up-to-date: /home/juwon/Week5Project_ws/src/install/boxproject_interfaces/share/boxproject_interfaces/cmake/boxproject_interfacesConfig.cmake
[1.036s] -- Up-to-date: /home/juwon/Week5Project_ws/src/install/boxproject_interfaces/share/boxproject_interfaces/cmake/boxproject_interfacesConfig-version.cmake
[1.036s] -- Up-to-date: /home/juwon/Week5Project_ws/src/install/boxproject_interfaces/share/boxproject_interfaces/package.xml
[1.038s] Invoked command in '/home/juwon/RokeyProjects/src/build/boxproject_interfaces' returned '0': CMAKE_PREFIX_PATH=${CMAKE_PREFIX_PATH}:/home/juwon/RokeyProjects/src/install/boxproject:/opt/ros/humble /usr/bin/cmake --install /home/juwon/RokeyProjects/src/build/boxproject_interfaces
