[0.012s] Invoking command in '/home/rokey/Documents/RokeyProjects/ServiceRobotProject/B5/build/menu_order_interfaces': CMAKE_PREFIX_PATH=${CMAKE_PREFIX_PATH}:/home/rokey/Documents/RokeyProjects/ServiceRobotProject/B5/install/menu_order_project:/home/rokey/turtlebot3_ws/install/turtlebot3_teleop:/home/rokey/turtlebot3_ws/install/turtlebot3_example:/opt/ros/humble /usr/local/bin/cmake --build /home/rokey/Documents/RokeyProjects/ServiceRobotProject/B5/build/menu_order_interfaces -- -j8 -l8
[0.036s] -- Found ament_cmake: 1.3.10 (/opt/ros/humble/share/ament_cmake/cmake)
[0.246s] -- Override CMake install command with custom implementation using symlinks instead of copying resources
[0.257s] -- Found rosidl_default_generators: 1.2.0 (/opt/ros/humble/share/rosidl_default_generators/cmake)
[0.263s] -- Using all available rosidl_typesupport_c: rosidl_typesupport_fastrtps_c;rosidl_typesupport_introspection_c
[0.268s] -- Found rosidl_adapter: 3.1.5 (/opt/ros/humble/share/rosidl_adapter/cmake)
[0.315s] -- Using all available rosidl_typesupport_cpp: rosidl_typesupport_fastrtps_cpp;rosidl_typesupport_introspection_cpp
[0.346s] -- Found std_msgs: 4.2.4 (/opt/ros/humble/share/std_msgs/cmake)
[0.911s] -- Found ament_cmake_ros: 0.10.0 (/opt/ros/humble/share/ament_cmake_ros/cmake)
[1.411s] -- Using all available rosidl_typesupport_c: rosidl_typesupport_fastrtps_c;rosidl_typesupport_introspection_c
[2.146s] -- Using all available rosidl_typesupport_cpp: rosidl_typesupport_fastrtps_cpp;rosidl_typesupport_introspection_cpp
[2.148s] [33mCMake Warning (dev) at /opt/ros/humble/share/rosidl_generator_py/cmake/rosidl_generator_py_generate_interfaces.cmake:20 (find_package):
[2.148s]   Policy CMP0148 is not set: The FindPythonInterp and FindPythonLibs modules
[2.148s]   are removed.  Run "cmake --help-policy CMP0148" for policy details.  Use
[2.148s]   the cmake_policy command to set the policy and suppress this warning.
[2.148s] 
[2.148s] Call Stack (most recent call first):
[2.148s]   /opt/ros/humble/share/ament_cmake_core/cmake/core/ament_execute_extensions.cmake:48 (include)
[2.148s]   /opt/ros/humble/share/rosidl_cmake/cmake/rosidl_generate_interfaces.cmake:286 (ament_execute_extensions)
[2.148s]   CMakeLists.txt:18 (rosidl_generate_interfaces)
[2.149s] This warning is for project developers.  Use -Wno-dev to suppress it.
[2.149s] [0m
[2.169s] -- Found python_cmake_module: 0.10.0 (/opt/ros/humble/share/python_cmake_module/cmake)
[2.169s] [33mCMake Warning (dev) at /opt/ros/humble/share/python_cmake_module/cmake/Modules/FindPythonExtra.cmake:52 (find_package):
[2.169s]   Policy CMP0148 is not set: The FindPythonInterp and FindPythonLibs modules
[2.169s]   are removed.  Run "cmake --help-policy CMP0148" for policy details.  Use
[2.170s]   the cmake_policy command to set the policy and suppress this warning.
[2.170s] 
[2.170s] Call Stack (most recent call first):
[2.170s]   /opt/ros/humble/share/rosidl_generator_py/cmake/rosidl_generator_py_generate_interfaces.cmake:23 (find_package)
[2.170s]   /opt/ros/humble/share/ament_cmake_core/cmake/core/ament_execute_extensions.cmake:48 (include)
[2.170s]   /opt/ros/humble/share/rosidl_cmake/cmake/rosidl_generate_interfaces.cmake:286 (ament_execute_extensions)
[2.170s]   CMakeLists.txt:18 (rosidl_generate_interfaces)
[2.170s] This warning is for project developers.  Use -Wno-dev to suppress it.
[2.170s] [0m
[2.190s] [33mCMake Warning (dev) at /opt/ros/humble/share/python_cmake_module/cmake/Modules/FindPythonExtra.cmake:140 (find_package):
[2.191s]   Policy CMP0148 is not set: The FindPythonInterp and FindPythonLibs modules
[2.191s]   are removed.  Run "cmake --help-policy CMP0148" for policy details.  Use
[2.191s]   the cmake_policy command to set the policy and suppress this warning.
[2.191s] 
[2.191s] Call Stack (most recent call first):
[2.191s]   /opt/ros/humble/share/rosidl_generator_py/cmake/rosidl_generator_py_generate_interfaces.cmake:23 (find_package)
[2.191s]   /opt/ros/humble/share/ament_cmake_core/cmake/core/ament_execute_extensions.cmake:48 (include)
[2.191s]   /opt/ros/humble/share/rosidl_cmake/cmake/rosidl_generate_interfaces.cmake:286 (ament_execute_extensions)
[2.191s]   CMakeLists.txt:18 (rosidl_generate_interfaces)
[2.191s] This warning is for project developers.  Use -Wno-dev to suppress it.
[2.192s] [0m
[2.192s] -- Using PYTHON_EXECUTABLE: /usr/bin/python3
[2.192s] -- Using PYTHON_INCLUDE_DIRS: /usr/include/python3.10
[2.192s] -- Using PYTHON_LIBRARIES: /usr/lib/x86_64-linux-gnu/libpython3.10.so
[2.244s] -- Found ament_lint_auto: 0.12.11 (/opt/ros/humble/share/ament_lint_auto/cmake)
[2.255s] -- Added test 'lint_cmake' to check CMake code style
[2.256s] -- Added test 'xmllint' to check XML markup files
[2.259s] -- Configuring done (2.2s)
[2.317s] -- Generating done (0.1s)
[2.317s] -- Build files have been written to: /home/rokey/Documents/RokeyProjects/ServiceRobotProject/B5/build/menu_order_interfaces
[2.340s] [  1%] [34m[1mGenerating C code for ROS interfaces[0m
[2.346s] [  3%] [34m[1mGenerating C++ code for ROS interfaces[0m
[2.350s] [  3%] Built target ament_cmake_python_symlink_menu_order_interfaces
[2.691s] running egg_info
[2.693s] writing menu_order_interfaces.egg-info/PKG-INFO
[2.694s] writing dependency_links to menu_order_interfaces.egg-info/dependency_links.txt
[2.694s] writing top-level names to menu_order_interfaces.egg-info/top_level.txt
[2.699s] reading manifest file 'menu_order_interfaces.egg-info/SOURCES.txt'
[2.699s] writing manifest file 'menu_order_interfaces.egg-info/SOURCES.txt'
[2.736s] [  3%] Built target ament_cmake_python_build_menu_order_interfaces_egg
[3.298s] [  3%] Built target menu_order_interfaces__cpp
[3.306s] [  5%] [34m[1mGenerating C++ type support dispatch for ROS interfaces[0m
[3.310s] [  7%] [34m[1mGenerating C++ type support for eProsima Fast-RTPS[0m
[3.313s] [  9%] [34m[1mGenerating C++ introspection for ROS interfaces[0m
[3.336s] [ 12%] [32mBuilding C object CMakeFiles/menu_order_interfaces__rosidl_generator_c.dir/rosidl_generator_c/menu_order_interfaces/srv/detail/menu_update__functions.c.o[0m
[3.336s] [ 12%] [32mBuilding C object CMakeFiles/menu_order_interfaces__rosidl_generator_c.dir/rosidl_generator_c/menu_order_interfaces/msg/detail/order__functions.c.o[0m
[3.336s] [ 14%] [32mBuilding C object CMakeFiles/menu_order_interfaces__rosidl_generator_c.dir/rosidl_generator_c/menu_order_interfaces/srv/detail/menu_table__functions.c.o[0m
[3.338s] [ 16%] [32mBuilding C object CMakeFiles/menu_order_interfaces__rosidl_generator_c.dir/rosidl_generator_c/menu_order_interfaces/action/detail/serve__functions.c.o[0m
[3.571s] [ 18%] [32m[1mLinking C shared library libmenu_order_interfaces__rosidl_generator_c.so[0m
[3.601s] [ 18%] Built target menu_order_interfaces__rosidl_generator_c
[3.607s] [ 21%] [34m[1mGenerating C type support for eProsima Fast-RTPS[0m
[3.607s] [ 21%] [34m[1mGenerating C type support dispatch for ROS interfaces[0m
[3.607s] [ 23%] [34m[1mGenerating C introspection for ROS interfaces[0m
[4.667s] [ 25%] [32mBuilding CXX object CMakeFiles/menu_order_interfaces__rosidl_typesupport_fastrtps_cpp.dir/rosidl_typesupport_fastrtps_cpp/menu_order_interfaces/msg/detail/dds_fastrtps/order__type_support.cpp.o[0m
[4.669s] [ 27%] [32mBuilding CXX object CMakeFiles/menu_order_interfaces__rosidl_typesupport_fastrtps_cpp.dir/rosidl_typesupport_fastrtps_cpp/menu_order_interfaces/srv/detail/dds_fastrtps/menu_update__type_support.cpp.o[0m
[4.669s] [ 29%] [32mBuilding CXX object CMakeFiles/menu_order_interfaces__rosidl_typesupport_fastrtps_cpp.dir/rosidl_typesupport_fastrtps_cpp/menu_order_interfaces/srv/detail/dds_fastrtps/menu_table__type_support.cpp.o[0m
[4.684s] [ 30%] [32mBuilding CXX object CMakeFiles/menu_order_interfaces__rosidl_typesupport_cpp.dir/rosidl_typesupport_cpp/menu_order_interfaces/msg/order__type_support.cpp.o[0m
[4.782s] [ 32%] [32mBuilding CXX object CMakeFiles/menu_order_interfaces__rosidl_typesupport_fastrtps_c.dir/rosidl_typesupport_fastrtps_c/menu_order_interfaces/msg/detail/order__type_support_c.cpp.o[0m
[4.799s] [ 34%] [32mBuilding CXX object CMakeFiles/menu_order_interfaces__rosidl_typesupport_introspection_cpp.dir/rosidl_typesupport_introspection_cpp/menu_order_interfaces/msg/detail/order__type_support.cpp.o[0m
[4.917s] [ 36%] [32mBuilding CXX object CMakeFiles/menu_order_interfaces__rosidl_typesupport_c.dir/rosidl_typesupport_c/menu_order_interfaces/msg/order__type_support.cpp.o[0m
[4.973s] [ 38%] [32mBuilding CXX object CMakeFiles/menu_order_interfaces__rosidl_typesupport_c.dir/rosidl_typesupport_c/menu_order_interfaces/srv/menu_update__type_support.cpp.o[0m
[5.018s] [ 40%] [32mBuilding CXX object CMakeFiles/menu_order_interfaces__rosidl_typesupport_c.dir/rosidl_typesupport_c/menu_order_interfaces/srv/menu_table__type_support.cpp.o[0m
[5.082s] [ 41%] [32mBuilding CXX object CMakeFiles/menu_order_interfaces__rosidl_typesupport_c.dir/rosidl_typesupport_c/menu_order_interfaces/action/serve__type_support.cpp.o[0m
[5.128s] [ 43%] [32mBuilding C object CMakeFiles/menu_order_interfaces__rosidl_typesupport_introspection_c.dir/rosidl_typesupport_introspection_c/menu_order_interfaces/msg/detail/order__type_support.c.o[0m
[5.177s] [ 45%] [32m[1mLinking CXX shared library libmenu_order_interfaces__rosidl_typesupport_c.so[0m
[5.191s] [ 47%] [32mBuilding C object CMakeFiles/menu_order_interfaces__rosidl_typesupport_introspection_c.dir/rosidl_typesupport_introspection_c/menu_order_interfaces/srv/detail/menu_update__type_support.c.o[0m
[5.236s] [ 47%] Built target menu_order_interfaces__rosidl_typesupport_c
[5.244s] [ 49%] [32mBuilding CXX object CMakeFiles/menu_order_interfaces__rosidl_typesupport_fastrtps_c.dir/rosidl_typesupport_fastrtps_c/menu_order_interfaces/srv/detail/menu_update__type_support_c.cpp.o[0m
[5.254s] [ 50%] [32mBuilding C object CMakeFiles/menu_order_interfaces__rosidl_typesupport_introspection_c.dir/rosidl_typesupport_introspection_c/menu_order_interfaces/srv/detail/menu_table__type_support.c.o[0m
[5.286s] [ 52%] [32mBuilding CXX object CMakeFiles/menu_order_interfaces__rosidl_typesupport_cpp.dir/rosidl_typesupport_cpp/menu_order_interfaces/srv/menu_update__type_support.cpp.o[0m
[5.324s] [ 54%] [32mBuilding C object CMakeFiles/menu_order_interfaces__rosidl_typesupport_introspection_c.dir/rosidl_typesupport_introspection_c/menu_order_interfaces/action/detail/serve__type_support.c.o[0m
[5.418s] [ 56%] [32m[1mLinking C shared library libmenu_order_interfaces__rosidl_typesupport_introspection_c.so[0m
[5.460s] [ 56%] Built target menu_order_interfaces__rosidl_typesupport_introspection_c
[5.470s] [ 58%] [32mBuilding CXX object CMakeFiles/menu_order_interfaces__rosidl_typesupport_fastrtps_c.dir/rosidl_typesupport_fastrtps_c/menu_order_interfaces/srv/detail/menu_table__type_support_c.cpp.o[0m
[5.513s] [ 60%] [32mBuilding CXX object CMakeFiles/menu_order_interfaces__rosidl_typesupport_introspection_cpp.dir/rosidl_typesupport_introspection_cpp/menu_order_interfaces/srv/detail/menu_update__type_support.cpp.o[0m
[5.580s] [ 61%] [32mBuilding CXX object CMakeFiles/menu_order_interfaces__rosidl_typesupport_introspection_cpp.dir/rosidl_typesupport_introspection_cpp/menu_order_interfaces/srv/detail/menu_table__type_support.cpp.o[0m
[5.590s] [ 63%] [32mBuilding CXX object CMakeFiles/menu_order_interfaces__rosidl_typesupport_cpp.dir/rosidl_typesupport_cpp/menu_order_interfaces/srv/menu_table__type_support.cpp.o[0m
[5.624s] [ 65%] [32mBuilding CXX object CMakeFiles/menu_order_interfaces__rosidl_typesupport_cpp.dir/rosidl_typesupport_cpp/menu_order_interfaces/action/serve__type_support.cpp.o[0m
[5.681s] [ 67%] [32mBuilding CXX object CMakeFiles/menu_order_interfaces__rosidl_typesupport_fastrtps_cpp.dir/rosidl_typesupport_fastrtps_cpp/menu_order_interfaces/action/detail/dds_fastrtps/serve__type_support.cpp.o[0m
[5.809s] [ 69%] [32mBuilding CXX object CMakeFiles/menu_order_interfaces__rosidl_typesupport_fastrtps_c.dir/rosidl_typesupport_fastrtps_c/menu_order_interfaces/action/detail/serve__type_support_c.cpp.o[0m
[5.953s] [ 70%] [32mBuilding CXX object CMakeFiles/menu_order_interfaces__rosidl_typesupport_introspection_cpp.dir/rosidl_typesupport_introspection_cpp/menu_order_interfaces/action/detail/serve__type_support.cpp.o[0m
[6.406s] [ 72%] [32m[1mLinking CXX shared library libmenu_order_interfaces__rosidl_typesupport_cpp.so[0m
[6.443s] [ 72%] Built target menu_order_interfaces__rosidl_typesupport_cpp
[6.485s] [ 74%] [32m[1mLinking CXX shared library libmenu_order_interfaces__rosidl_typesupport_fastrtps_c.so[0m
[6.584s] [ 76%] [32m[1mLinking CXX shared library libmenu_order_interfaces__rosidl_typesupport_fastrtps_cpp.so[0m
[6.584s] [ 76%] Built target menu_order_interfaces__rosidl_typesupport_fastrtps_c
[6.679s] [ 76%] Built target menu_order_interfaces__rosidl_typesupport_fastrtps_cpp
[6.836s] [ 78%] [32m[1mLinking CXX shared library libmenu_order_interfaces__rosidl_typesupport_introspection_cpp.so[0m
[6.912s] [ 78%] Built target menu_order_interfaces__rosidl_typesupport_introspection_cpp
[6.922s] [ 78%] Built target menu_order_interfaces
[6.932s] [ 80%] [34m[1mGenerating Python code for ROS interfaces[0m
[8.532s] [ 80%] Built target menu_order_interfaces__py
[8.551s] [ 83%] [32mBuilding C object CMakeFiles/menu_order_interfaces__rosidl_generator_py.dir/rosidl_generator_py/menu_order_interfaces/msg/_order_s.c.o[0m
[8.551s] [ 83%] [32mBuilding C object CMakeFiles/menu_order_interfaces__rosidl_generator_py.dir/rosidl_generator_py/menu_order_interfaces/srv/_menu_update_s.c.o[0m
[8.552s] [ 85%] [32mBuilding C object CMakeFiles/menu_order_interfaces__rosidl_generator_py.dir/rosidl_generator_py/menu_order_interfaces/srv/_menu_table_s.c.o[0m
[8.552s] [ 87%] [32mBuilding C object CMakeFiles/menu_order_interfaces__rosidl_generator_py.dir/rosidl_generator_py/menu_order_interfaces/action/_serve_s.c.o[0m
[8.701s] [ 89%] [32m[1mLinking C shared library rosidl_generator_py/menu_order_interfaces/libmenu_order_interfaces__rosidl_generator_py.so[0m
[8.731s] [ 89%] Built target menu_order_interfaces__rosidl_generator_py
[8.755s] [ 94%] [32mBuilding C object CMakeFiles/menu_order_interfaces__rosidl_typesupport_c__pyext.dir/rosidl_generator_py/menu_order_interfaces/_menu_order_interfaces_s.ep.rosidl_typesupport_c.c.o[0m
[8.755s] [ 94%] [32mBuilding C object CMakeFiles/menu_order_interfaces__rosidl_typesupport_fastrtps_c__pyext.dir/rosidl_generator_py/menu_order_interfaces/_menu_order_interfaces_s.ep.rosidl_typesupport_fastrtps_c.c.o[0m
[8.756s] [ 94%] [32mBuilding C object CMakeFiles/menu_order_interfaces__rosidl_typesupport_introspection_c__pyext.dir/rosidl_generator_py/menu_order_interfaces/_menu_order_interfaces_s.ep.rosidl_typesupport_introspection_c.c.o[0m
[8.921s] [ 96%] [32m[1mLinking C shared library rosidl_generator_py/menu_order_interfaces/menu_order_interfaces_s__rosidl_typesupport_c.cpython-310-x86_64-linux-gnu.so[0m
[8.922s] [ 98%] [32m[1mLinking C shared library rosidl_generator_py/menu_order_interfaces/menu_order_interfaces_s__rosidl_typesupport_introspection_c.cpython-310-x86_64-linux-gnu.so[0m
[8.923s] [100%] [32m[1mLinking C shared library rosidl_generator_py/menu_order_interfaces/menu_order_interfaces_s__rosidl_typesupport_fastrtps_c.cpython-310-x86_64-linux-gnu.so[0m
[8.956s] [100%] Built target menu_order_interfaces__rosidl_typesupport_introspection_c__pyext
[8.956s] [100%] Built target menu_order_interfaces__rosidl_typesupport_c__pyext
[8.957s] [100%] Built target menu_order_interfaces__rosidl_typesupport_fastrtps_c__pyext
[8.965s] Invoked command in '/home/rokey/Documents/RokeyProjects/ServiceRobotProject/B5/build/menu_order_interfaces' returned '0': CMAKE_PREFIX_PATH=${CMAKE_PREFIX_PATH}:/home/rokey/Documents/RokeyProjects/ServiceRobotProject/B5/install/menu_order_project:/home/rokey/turtlebot3_ws/install/turtlebot3_teleop:/home/rokey/turtlebot3_ws/install/turtlebot3_example:/opt/ros/humble /usr/local/bin/cmake --build /home/rokey/Documents/RokeyProjects/ServiceRobotProject/B5/build/menu_order_interfaces -- -j8 -l8
[9.063s] Invoking command in '/home/rokey/Documents/RokeyProjects/ServiceRobotProject/B5/build/menu_order_interfaces': CMAKE_PREFIX_PATH=${CMAKE_PREFIX_PATH}:/home/rokey/Documents/RokeyProjects/ServiceRobotProject/B5/install/menu_order_project:/home/rokey/turtlebot3_ws/install/turtlebot3_teleop:/home/rokey/turtlebot3_ws/install/turtlebot3_example:/opt/ros/humble /usr/local/bin/cmake --install /home/rokey/Documents/RokeyProjects/ServiceRobotProject/B5/build/menu_order_interfaces
[9.066s] -- Install configuration: ""
[9.067s] -- Execute custom install script
[9.067s] -- Up-to-date symlink: /home/rokey/Documents/RokeyProjects/ServiceRobotProject/B5/install/menu_order_interfaces/share/ament_index/resource_index/rosidl_interfaces/menu_order_interfaces
[9.067s] -- Up-to-date symlink: /home/rokey/Documents/RokeyProjects/ServiceRobotProject/B5/install/menu_order_interfaces/include/menu_order_interfaces/menu_order_interfaces/action/detail/serve__functions.h
[9.067s] -- Up-to-date symlink: /home/rokey/Documents/RokeyProjects/ServiceRobotProject/B5/install/menu_order_interfaces/include/menu_order_interfaces/menu_order_interfaces/action/detail/serve__struct.h
[9.068s] -- Up-to-date symlink: /home/rokey/Documents/RokeyProjects/ServiceRobotProject/B5/install/menu_order_interfaces/include/menu_order_interfaces/menu_order_interfaces/action/detail/serve__type_support.h
[9.068s] -- Up-to-date symlink: /home/rokey/Documents/RokeyProjects/ServiceRobotProject/B5/install/menu_order_interfaces/include/menu_order_interfaces/menu_order_interfaces/action/serve.h
[9.068s] -- Up-to-date symlink: /home/rokey/Documents/RokeyProjects/ServiceRobotProject/B5/install/menu_order_interfaces/include/menu_order_interfaces/menu_order_interfaces/msg/detail/order__functions.h
[9.068s] -- Up-to-date symlink: /home/rokey/Documents/RokeyProjects/ServiceRobotProject/B5/install/menu_order_interfaces/include/menu_order_interfaces/menu_order_interfaces/msg/detail/order__struct.h
[9.068s] -- Up-to-date symlink: /home/rokey/Documents/RokeyProjects/ServiceRobotProject/B5/install/menu_order_interfaces/include/menu_order_interfaces/menu_order_interfaces/msg/detail/order__type_support.h
[9.068s] -- Up-to-date symlink: /home/rokey/Documents/RokeyProjects/ServiceRobotProject/B5/install/menu_order_interfaces/include/menu_order_interfaces/menu_order_interfaces/msg/order.h
[9.068s] -- Up-to-date symlink: /home/rokey/Documents/RokeyProjects/ServiceRobotProject/B5/install/menu_order_interfaces/include/menu_order_interfaces/menu_order_interfaces/msg/rosidl_generator_c__visibility_control.h
[9.068s] -- Symlinking: /home/rokey/Documents/RokeyProjects/ServiceRobotProject/B5/install/menu_order_interfaces/include/menu_order_interfaces/menu_order_interfaces/srv/detail/menu_table__functions.h
[9.072s] -- Symlinking: /home/rokey/Documents/RokeyProjects/ServiceRobotProject/B5/install/menu_order_interfaces/include/menu_order_interfaces/menu_order_interfaces/srv/detail/menu_table__struct.h
[9.076s] -- Symlinking: /home/rokey/Documents/RokeyProjects/ServiceRobotProject/B5/install/menu_order_interfaces/include/menu_order_interfaces/menu_order_interfaces/srv/detail/menu_table__type_support.h
[9.079s] -- Up-to-date symlink: /home/rokey/Documents/RokeyProjects/ServiceRobotProject/B5/install/menu_order_interfaces/include/menu_order_interfaces/menu_order_interfaces/srv/detail/menu_update__functions.h
[9.079s] -- Up-to-date symlink: /home/rokey/Documents/RokeyProjects/ServiceRobotProject/B5/install/menu_order_interfaces/include/menu_order_interfaces/menu_order_interfaces/srv/detail/menu_update__struct.h
[9.079s] -- Up-to-date symlink: /home/rokey/Documents/RokeyProjects/ServiceRobotProject/B5/install/menu_order_interfaces/include/menu_order_interfaces/menu_order_interfaces/srv/detail/menu_update__type_support.h
[9.079s] -- Symlinking: /home/rokey/Documents/RokeyProjects/ServiceRobotProject/B5/install/menu_order_interfaces/include/menu_order_interfaces/menu_order_interfaces/srv/menu_table.h
[9.083s] -- Up-to-date symlink: /home/rokey/Documents/RokeyProjects/ServiceRobotProject/B5/install/menu_order_interfaces/include/menu_order_interfaces/menu_order_interfaces/srv/menu_update.h
[9.083s] -- Up-to-date symlink: /home/rokey/Documents/RokeyProjects/ServiceRobotProject/B5/install/menu_order_interfaces/share/menu_order_interfaces/environment/library_path.sh
[9.083s] -- Up-to-date symlink: /home/rokey/Documents/RokeyProjects/ServiceRobotProject/B5/install/menu_order_interfaces/share/menu_order_interfaces/environment/library_path.dsv
[9.084s] -- Up-to-date symlink: /home/rokey/Documents/RokeyProjects/ServiceRobotProject/B5/install/menu_order_interfaces/include/menu_order_interfaces/menu_order_interfaces/action/detail/serve__rosidl_typesupport_fastrtps_c.h
[9.084s] -- Up-to-date symlink: /home/rokey/Documents/RokeyProjects/ServiceRobotProject/B5/install/menu_order_interfaces/include/menu_order_interfaces/menu_order_interfaces/msg/detail/order__rosidl_typesupport_fastrtps_c.h
[9.084s] -- Up-to-date symlink: /home/rokey/Documents/RokeyProjects/ServiceRobotProject/B5/install/menu_order_interfaces/include/menu_order_interfaces/menu_order_interfaces/msg/rosidl_typesupport_fastrtps_c__visibility_control.h
[9.084s] -- Symlinking: /home/rokey/Documents/RokeyProjects/ServiceRobotProject/B5/install/menu_order_interfaces/include/menu_order_interfaces/menu_order_interfaces/srv/detail/menu_table__rosidl_typesupport_fastrtps_c.h
[9.088s] -- Up-to-date symlink: /home/rokey/Documents/RokeyProjects/ServiceRobotProject/B5/install/menu_order_interfaces/include/menu_order_interfaces/menu_order_interfaces/srv/detail/menu_update__rosidl_typesupport_fastrtps_c.h
[9.088s] -- Up-to-date symlink: /home/rokey/Documents/RokeyProjects/ServiceRobotProject/B5/install/menu_order_interfaces/include/menu_order_interfaces/menu_order_interfaces/action/detail/serve__rosidl_typesupport_introspection_c.h
[9.088s] -- Up-to-date symlink: /home/rokey/Documents/RokeyProjects/ServiceRobotProject/B5/install/menu_order_interfaces/include/menu_order_interfaces/menu_order_interfaces/msg/detail/order__rosidl_typesupport_introspection_c.h
[9.088s] -- Up-to-date symlink: /home/rokey/Documents/RokeyProjects/ServiceRobotProject/B5/install/menu_order_interfaces/include/menu_order_interfaces/menu_order_interfaces/msg/rosidl_typesupport_introspection_c__visibility_control.h
[9.088s] -- Symlinking: /home/rokey/Documents/RokeyProjects/ServiceRobotProject/B5/install/menu_order_interfaces/include/menu_order_interfaces/menu_order_interfaces/srv/detail/menu_table__rosidl_typesupport_introspection_c.h
[9.092s] -- Up-to-date symlink: /home/rokey/Documents/RokeyProjects/ServiceRobotProject/B5/install/menu_order_interfaces/include/menu_order_interfaces/menu_order_interfaces/srv/detail/menu_update__rosidl_typesupport_introspection_c.h
[9.093s] -- Up-to-date symlink: /home/rokey/Documents/RokeyProjects/ServiceRobotProject/B5/install/menu_order_interfaces/include/menu_order_interfaces/menu_order_interfaces/action/detail/serve__builder.hpp
[9.093s] -- Up-to-date symlink: /home/rokey/Documents/RokeyProjects/ServiceRobotProject/B5/install/menu_order_interfaces/include/menu_order_interfaces/menu_order_interfaces/action/detail/serve__struct.hpp
[9.094s] -- Up-to-date symlink: /home/rokey/Documents/RokeyProjects/ServiceRobotProject/B5/install/menu_order_interfaces/include/menu_order_interfaces/menu_order_interfaces/action/detail/serve__traits.hpp
[9.094s] -- Up-to-date symlink: /home/rokey/Documents/RokeyProjects/ServiceRobotProject/B5/install/menu_order_interfaces/include/menu_order_interfaces/menu_order_interfaces/action/serve.hpp
[9.094s] -- Up-to-date symlink: /home/rokey/Documents/RokeyProjects/ServiceRobotProject/B5/install/menu_order_interfaces/include/menu_order_interfaces/menu_order_interfaces/msg/detail/order__builder.hpp
[9.094s] -- Up-to-date symlink: /home/rokey/Documents/RokeyProjects/ServiceRobotProject/B5/install/menu_order_interfaces/include/menu_order_interfaces/menu_order_interfaces/msg/detail/order__struct.hpp
[9.094s] -- Up-to-date symlink: /home/rokey/Documents/RokeyProjects/ServiceRobotProject/B5/install/menu_order_interfaces/include/menu_order_interfaces/menu_order_interfaces/msg/detail/order__traits.hpp
[9.094s] -- Up-to-date symlink: /home/rokey/Documents/RokeyProjects/ServiceRobotProject/B5/install/menu_order_interfaces/include/menu_order_interfaces/menu_order_interfaces/msg/order.hpp
[9.094s] -- Symlinking: /home/rokey/Documents/RokeyProjects/ServiceRobotProject/B5/install/menu_order_interfaces/include/menu_order_interfaces/menu_order_interfaces/srv/detail/menu_table__builder.hpp
[9.098s] -- Symlinking: /home/rokey/Documents/RokeyProjects/ServiceRobotProject/B5/install/menu_order_interfaces/include/menu_order_interfaces/menu_order_interfaces/srv/detail/menu_table__struct.hpp
[9.101s] -- Symlinking: /home/rokey/Documents/RokeyProjects/ServiceRobotProject/B5/install/menu_order_interfaces/include/menu_order_interfaces/menu_order_interfaces/srv/detail/menu_table__traits.hpp
[9.105s] -- Up-to-date symlink: /home/rokey/Documents/RokeyProjects/ServiceRobotProject/B5/install/menu_order_interfaces/include/menu_order_interfaces/menu_order_interfaces/srv/detail/menu_update__builder.hpp
[9.105s] -- Up-to-date symlink: /home/rokey/Documents/RokeyProjects/ServiceRobotProject/B5/install/menu_order_interfaces/include/menu_order_interfaces/menu_order_interfaces/srv/detail/menu_update__struct.hpp
[9.105s] -- Up-to-date symlink: /home/rokey/Documents/RokeyProjects/ServiceRobotProject/B5/install/menu_order_interfaces/include/menu_order_interfaces/menu_order_interfaces/srv/detail/menu_update__traits.hpp
[9.105s] -- Symlinking: /home/rokey/Documents/RokeyProjects/ServiceRobotProject/B5/install/menu_order_interfaces/include/menu_order_interfaces/menu_order_interfaces/srv/menu_table.hpp
[9.109s] -- Up-to-date symlink: /home/rokey/Documents/RokeyProjects/ServiceRobotProject/B5/install/menu_order_interfaces/include/menu_order_interfaces/menu_order_interfaces/srv/menu_update.hpp
[9.109s] -- Up-to-date symlink: /home/rokey/Documents/RokeyProjects/ServiceRobotProject/B5/install/menu_order_interfaces/include/menu_order_interfaces/menu_order_interfaces/action/detail/serve__rosidl_typesupport_fastrtps_cpp.hpp
[9.109s] -- Up-to-date symlink: /home/rokey/Documents/RokeyProjects/ServiceRobotProject/B5/install/menu_order_interfaces/include/menu_order_interfaces/menu_order_interfaces/msg/detail/order__rosidl_typesupport_fastrtps_cpp.hpp
[9.110s] -- Up-to-date symlink: /home/rokey/Documents/RokeyProjects/ServiceRobotProject/B5/install/menu_order_interfaces/include/menu_order_interfaces/menu_order_interfaces/msg/rosidl_typesupport_fastrtps_cpp__visibility_control.h
[9.110s] -- Symlinking: /home/rokey/Documents/RokeyProjects/ServiceRobotProject/B5/install/menu_order_interfaces/include/menu_order_interfaces/menu_order_interfaces/srv/detail/menu_table__rosidl_typesupport_fastrtps_cpp.hpp
[9.113s] -- Up-to-date symlink: /home/rokey/Documents/RokeyProjects/ServiceRobotProject/B5/install/menu_order_interfaces/include/menu_order_interfaces/menu_order_interfaces/srv/detail/menu_update__rosidl_typesupport_fastrtps_cpp.hpp
[9.114s] -- Up-to-date symlink: /home/rokey/Documents/RokeyProjects/ServiceRobotProject/B5/install/menu_order_interfaces/include/menu_order_interfaces/menu_order_interfaces/action/detail/serve__rosidl_typesupport_introspection_cpp.hpp
[9.114s] -- Up-to-date symlink: /home/rokey/Documents/RokeyProjects/ServiceRobotProject/B5/install/menu_order_interfaces/include/menu_order_interfaces/menu_order_interfaces/msg/detail/order__rosidl_typesupport_introspection_cpp.hpp
[9.114s] -- Symlinking: /home/rokey/Documents/RokeyProjects/ServiceRobotProject/B5/install/menu_order_interfaces/include/menu_order_interfaces/menu_order_interfaces/srv/detail/menu_table__rosidl_typesupport_introspection_cpp.hpp
[9.118s] -- Up-to-date symlink: /home/rokey/Documents/RokeyProjects/ServiceRobotProject/B5/install/menu_order_interfaces/include/menu_order_interfaces/menu_order_interfaces/srv/detail/menu_update__rosidl_typesupport_introspection_cpp.hpp
[9.118s] -- Up-to-date symlink: /home/rokey/Documents/RokeyProjects/ServiceRobotProject/B5/install/menu_order_interfaces/share/menu_order_interfaces/environment/pythonpath.sh
[9.118s] -- Up-to-date symlink: /home/rokey/Documents/RokeyProjects/ServiceRobotProject/B5/install/menu_order_interfaces/share/menu_order_interfaces/environment/pythonpath.dsv
[9.119s] -- Up-to-date symlink: /home/rokey/Documents/RokeyProjects/ServiceRobotProject/B5/install/menu_order_interfaces/local/lib/python3.10/dist-packages/menu_order_interfaces-0.0.0-py3.10.egg-info/PKG-INFO
[9.119s] -- Up-to-date symlink: /home/rokey/Documents/RokeyProjects/ServiceRobotProject/B5/install/menu_order_interfaces/local/lib/python3.10/dist-packages/menu_order_interfaces-0.0.0-py3.10.egg-info/SOURCES.txt
[9.119s] -- Up-to-date symlink: /home/rokey/Documents/RokeyProjects/ServiceRobotProject/B5/install/menu_order_interfaces/local/lib/python3.10/dist-packages/menu_order_interfaces-0.0.0-py3.10.egg-info/dependency_links.txt
[9.119s] -- Up-to-date symlink: /home/rokey/Documents/RokeyProjects/ServiceRobotProject/B5/install/menu_order_interfaces/local/lib/python3.10/dist-packages/menu_order_interfaces-0.0.0-py3.10.egg-info/top_level.txt
[9.120s] -- Up-to-date symlink: /home/rokey/Documents/RokeyProjects/ServiceRobotProject/B5/install/menu_order_interfaces/local/lib/python3.10/dist-packages/menu_order_interfaces/__init__.py
[9.120s] -- Up-to-date symlink: /home/rokey/Documents/RokeyProjects/ServiceRobotProject/B5/install/menu_order_interfaces/local/lib/python3.10/dist-packages/menu_order_interfaces/_menu_order_interfaces_s.ep.rosidl_typesupport_c.c
[9.120s] -- Up-to-date symlink: /home/rokey/Documents/RokeyProjects/ServiceRobotProject/B5/install/menu_order_interfaces/local/lib/python3.10/dist-packages/menu_order_interfaces/_menu_order_interfaces_s.ep.rosidl_typesupport_fastrtps_c.c
[9.120s] -- Up-to-date symlink: /home/rokey/Documents/RokeyProjects/ServiceRobotProject/B5/install/menu_order_interfaces/local/lib/python3.10/dist-packages/menu_order_interfaces/_menu_order_interfaces_s.ep.rosidl_typesupport_introspection_c.c
[9.120s] -- Up-to-date symlink: /home/rokey/Documents/RokeyProjects/ServiceRobotProject/B5/install/menu_order_interfaces/local/lib/python3.10/dist-packages/menu_order_interfaces/action/__init__.py
[9.120s] -- Up-to-date symlink: /home/rokey/Documents/RokeyProjects/ServiceRobotProject/B5/install/menu_order_interfaces/local/lib/python3.10/dist-packages/menu_order_interfaces/action/_serve.py
[9.120s] -- Up-to-date symlink: /home/rokey/Documents/RokeyProjects/ServiceRobotProject/B5/install/menu_order_interfaces/local/lib/python3.10/dist-packages/menu_order_interfaces/action/_serve_s.c
[9.120s] -- Up-to-date symlink: /home/rokey/Documents/RokeyProjects/ServiceRobotProject/B5/install/menu_order_interfaces/local/lib/python3.10/dist-packages/menu_order_interfaces/libmenu_order_interfaces__rosidl_generator_py.so
[9.121s] -- Up-to-date symlink: /home/rokey/Documents/RokeyProjects/ServiceRobotProject/B5/install/menu_order_interfaces/local/lib/python3.10/dist-packages/menu_order_interfaces/menu_order_interfaces_s__rosidl_typesupport_c.cpython-310-x86_64-linux-gnu.so
[9.121s] -- Up-to-date symlink: /home/rokey/Documents/RokeyProjects/ServiceRobotProject/B5/install/menu_order_interfaces/local/lib/python3.10/dist-packages/menu_order_interfaces/menu_order_interfaces_s__rosidl_typesupport_fastrtps_c.cpython-310-x86_64-linux-gnu.so
[9.121s] -- Up-to-date symlink: /home/rokey/Documents/RokeyProjects/ServiceRobotProject/B5/install/menu_order_interfaces/local/lib/python3.10/dist-packages/menu_order_interfaces/menu_order_interfaces_s__rosidl_typesupport_introspection_c.cpython-310-x86_64-linux-gnu.so
[9.121s] -- Up-to-date symlink: /home/rokey/Documents/RokeyProjects/ServiceRobotProject/B5/install/menu_order_interfaces/local/lib/python3.10/dist-packages/menu_order_interfaces/msg/__init__.py
[9.121s] -- Up-to-date symlink: /home/rokey/Documents/RokeyProjects/ServiceRobotProject/B5/install/menu_order_interfaces/local/lib/python3.10/dist-packages/menu_order_interfaces/msg/_order.py
[9.121s] -- Up-to-date symlink: /home/rokey/Documents/RokeyProjects/ServiceRobotProject/B5/install/menu_order_interfaces/local/lib/python3.10/dist-packages/menu_order_interfaces/msg/_order_s.c
[9.121s] -- Up-to-date symlink: /home/rokey/Documents/RokeyProjects/ServiceRobotProject/B5/install/menu_order_interfaces/local/lib/python3.10/dist-packages/menu_order_interfaces/srv/__init__.py
[9.121s] -- Symlinking: /home/rokey/Documents/RokeyProjects/ServiceRobotProject/B5/install/menu_order_interfaces/local/lib/python3.10/dist-packages/menu_order_interfaces/srv/_menu_table.py
[9.125s] -- Symlinking: /home/rokey/Documents/RokeyProjects/ServiceRobotProject/B5/install/menu_order_interfaces/local/lib/python3.10/dist-packages/menu_order_interfaces/srv/_menu_table_s.c
[9.129s] -- Up-to-date symlink: /home/rokey/Documents/RokeyProjects/ServiceRobotProject/B5/install/menu_order_interfaces/local/lib/python3.10/dist-packages/menu_order_interfaces/srv/_menu_update.py
[9.129s] -- Up-to-date symlink: /home/rokey/Documents/RokeyProjects/ServiceRobotProject/B5/install/menu_order_interfaces/local/lib/python3.10/dist-packages/menu_order_interfaces/srv/_menu_update_s.c
[9.129s] -- Up-to-date symlink: /home/rokey/Documents/RokeyProjects/ServiceRobotProject/B5/install/menu_order_interfaces/local/lib/python3.10/dist-packages/menu_order_interfaces/menu_order_interfaces_s__rosidl_typesupport_fastrtps_c.cpython-310-x86_64-linux-gnu.so
[9.129s] -- Up-to-date symlink: /home/rokey/Documents/RokeyProjects/ServiceRobotProject/B5/install/menu_order_interfaces/local/lib/python3.10/dist-packages/menu_order_interfaces/menu_order_interfaces_s__rosidl_typesupport_introspection_c.cpython-310-x86_64-linux-gnu.so
[9.130s] -- Up-to-date symlink: /home/rokey/Documents/RokeyProjects/ServiceRobotProject/B5/install/menu_order_interfaces/local/lib/python3.10/dist-packages/menu_order_interfaces/menu_order_interfaces_s__rosidl_typesupport_c.cpython-310-x86_64-linux-gnu.so
[9.130s] -- Up-to-date symlink: /home/rokey/Documents/RokeyProjects/ServiceRobotProject/B5/install/menu_order_interfaces/share/menu_order_interfaces/msg/Order.idl
[9.130s] -- Up-to-date symlink: /home/rokey/Documents/RokeyProjects/ServiceRobotProject/B5/install/menu_order_interfaces/share/menu_order_interfaces/srv/MenuUpdate.idl
[9.130s] -- Symlinking: /home/rokey/Documents/RokeyProjects/ServiceRobotProject/B5/install/menu_order_interfaces/share/menu_order_interfaces/srv/MenuTable.idl
[9.133s] -- Up-to-date symlink: /home/rokey/Documents/RokeyProjects/ServiceRobotProject/B5/install/menu_order_interfaces/share/menu_order_interfaces/action/Serve.idl
[9.133s] -- Up-to-date symlink: /home/rokey/Documents/RokeyProjects/ServiceRobotProject/B5/install/menu_order_interfaces/share/menu_order_interfaces/msg/Order.msg
[9.134s] -- Up-to-date symlink: /home/rokey/Documents/RokeyProjects/ServiceRobotProject/B5/install/menu_order_interfaces/share/menu_order_interfaces/srv/MenuUpdate.srv
[9.134s] -- Up-to-date symlink: /home/rokey/Documents/RokeyProjects/ServiceRobotProject/B5/install/menu_order_interfaces/share/menu_order_interfaces/srv/MenuUpdate_Request.msg
[9.134s] -- Up-to-date symlink: /home/rokey/Documents/RokeyProjects/ServiceRobotProject/B5/install/menu_order_interfaces/share/menu_order_interfaces/srv/MenuUpdate_Response.msg
[9.134s] -- Symlinking: /home/rokey/Documents/RokeyProjects/ServiceRobotProject/B5/install/menu_order_interfaces/share/menu_order_interfaces/srv/MenuTable.srv
[9.138s] -- Symlinking: /home/rokey/Documents/RokeyProjects/ServiceRobotProject/B5/install/menu_order_interfaces/share/menu_order_interfaces/srv/MenuTable_Request.msg
[9.141s] -- Symlinking: /home/rokey/Documents/RokeyProjects/ServiceRobotProject/B5/install/menu_order_interfaces/share/menu_order_interfaces/srv/MenuTable_Response.msg
[9.145s] -- Up-to-date symlink: /home/rokey/Documents/RokeyProjects/ServiceRobotProject/B5/install/menu_order_interfaces/share/menu_order_interfaces/action/Serve.action
[9.146s] -- Up-to-date symlink: /home/rokey/Documents/RokeyProjects/ServiceRobotProject/B5/install/menu_order_interfaces/share/ament_index/resource_index/package_run_dependencies/menu_order_interfaces
[9.146s] -- Up-to-date symlink: /home/rokey/Documents/RokeyProjects/ServiceRobotProject/B5/install/menu_order_interfaces/share/ament_index/resource_index/parent_prefix_path/menu_order_interfaces
[9.146s] -- Up-to-date symlink: /home/rokey/Documents/RokeyProjects/ServiceRobotProject/B5/install/menu_order_interfaces/share/menu_order_interfaces/environment/ament_prefix_path.sh
[9.146s] -- Up-to-date symlink: /home/rokey/Documents/RokeyProjects/ServiceRobotProject/B5/install/menu_order_interfaces/share/menu_order_interfaces/environment/ament_prefix_path.dsv
[9.146s] -- Up-to-date symlink: /home/rokey/Documents/RokeyProjects/ServiceRobotProject/B5/install/menu_order_interfaces/share/menu_order_interfaces/environment/path.sh
[9.146s] -- Up-to-date symlink: /home/rokey/Documents/RokeyProjects/ServiceRobotProject/B5/install/menu_order_interfaces/share/menu_order_interfaces/environment/path.dsv
[9.147s] -- Up-to-date symlink: /home/rokey/Documents/RokeyProjects/ServiceRobotProject/B5/install/menu_order_interfaces/share/menu_order_interfaces/local_setup.bash
[9.147s] -- Up-to-date symlink: /home/rokey/Documents/RokeyProjects/ServiceRobotProject/B5/install/menu_order_interfaces/share/menu_order_interfaces/local_setup.sh
[9.147s] -- Up-to-date symlink: /home/rokey/Documents/RokeyProjects/ServiceRobotProject/B5/install/menu_order_interfaces/share/menu_order_interfaces/local_setup.zsh
[9.147s] -- Up-to-date symlink: /home/rokey/Documents/RokeyProjects/ServiceRobotProject/B5/install/menu_order_interfaces/share/menu_order_interfaces/local_setup.dsv
[9.147s] -- Symlinking: /home/rokey/Documents/RokeyProjects/ServiceRobotProject/B5/install/menu_order_interfaces/share/menu_order_interfaces/package.dsv
[9.158s] -- Up-to-date symlink: /home/rokey/Documents/RokeyProjects/ServiceRobotProject/B5/install/menu_order_interfaces/share/ament_index/resource_index/packages/menu_order_interfaces
[9.159s] -- Up-to-date symlink: /home/rokey/Documents/RokeyProjects/ServiceRobotProject/B5/install/menu_order_interfaces/share/menu_order_interfaces/cmake/rosidl_cmake-extras.cmake
[9.159s] -- Up-to-date symlink: /home/rokey/Documents/RokeyProjects/ServiceRobotProject/B5/install/menu_order_interfaces/share/menu_order_interfaces/cmake/ament_cmake_export_dependencies-extras.cmake
[9.159s] -- Up-to-date symlink: /home/rokey/Documents/RokeyProjects/ServiceRobotProject/B5/install/menu_order_interfaces/share/menu_order_interfaces/cmake/ament_cmake_export_include_directories-extras.cmake
[9.160s] -- Up-to-date symlink: /home/rokey/Documents/RokeyProjects/ServiceRobotProject/B5/install/menu_order_interfaces/share/menu_order_interfaces/cmake/ament_cmake_export_libraries-extras.cmake
[9.160s] -- Up-to-date symlink: /home/rokey/Documents/RokeyProjects/ServiceRobotProject/B5/install/menu_order_interfaces/share/menu_order_interfaces/cmake/ament_cmake_export_targets-extras.cmake
[9.160s] -- Up-to-date symlink: /home/rokey/Documents/RokeyProjects/ServiceRobotProject/B5/install/menu_order_interfaces/share/menu_order_interfaces/cmake/rosidl_cmake_export_typesupport_targets-extras.cmake
[9.161s] -- Up-to-date symlink: /home/rokey/Documents/RokeyProjects/ServiceRobotProject/B5/install/menu_order_interfaces/share/menu_order_interfaces/cmake/rosidl_cmake_export_typesupport_libraries-extras.cmake
[9.161s] -- Up-to-date symlink: /home/rokey/Documents/RokeyProjects/ServiceRobotProject/B5/install/menu_order_interfaces/share/menu_order_interfaces/cmake/menu_order_interfacesConfig.cmake
[9.161s] -- Up-to-date symlink: /home/rokey/Documents/RokeyProjects/ServiceRobotProject/B5/install/menu_order_interfaces/share/menu_order_interfaces/cmake/menu_order_interfacesConfig-version.cmake
[9.161s] -- Up-to-date symlink: /home/rokey/Documents/RokeyProjects/ServiceRobotProject/B5/install/menu_order_interfaces/share/menu_order_interfaces/package.xml
[9.161s] -- Installing: /home/rokey/Documents/RokeyProjects/ServiceRobotProject/B5/install/menu_order_interfaces/lib/libmenu_order_interfaces__rosidl_generator_c.so
[9.162s] -- Set non-toolchain portion of runtime path of "/home/rokey/Documents/RokeyProjects/ServiceRobotProject/B5/install/menu_order_interfaces/lib/libmenu_order_interfaces__rosidl_generator_c.so" to ""
[9.162s] -- Installing: /home/rokey/Documents/RokeyProjects/ServiceRobotProject/B5/install/menu_order_interfaces/lib/libmenu_order_interfaces__rosidl_typesupport_fastrtps_c.so
[9.162s] -- Set non-toolchain portion of runtime path of "/home/rokey/Documents/RokeyProjects/ServiceRobotProject/B5/install/menu_order_interfaces/lib/libmenu_order_interfaces__rosidl_typesupport_fastrtps_c.so" to ""
[9.163s] -- Installing: /home/rokey/Documents/RokeyProjects/ServiceRobotProject/B5/install/menu_order_interfaces/lib/libmenu_order_interfaces__rosidl_typesupport_introspection_c.so
[9.163s] -- Set non-toolchain portion of runtime path of "/home/rokey/Documents/RokeyProjects/ServiceRobotProject/B5/install/menu_order_interfaces/lib/libmenu_order_interfaces__rosidl_typesupport_introspection_c.so" to ""
[9.163s] -- Installing: /home/rokey/Documents/RokeyProjects/ServiceRobotProject/B5/install/menu_order_interfaces/lib/libmenu_order_interfaces__rosidl_typesupport_c.so
[9.164s] -- Set non-toolchain portion of runtime path of "/home/rokey/Documents/RokeyProjects/ServiceRobotProject/B5/install/menu_order_interfaces/lib/libmenu_order_interfaces__rosidl_typesupport_c.so" to ""
[9.164s] -- Installing: /home/rokey/Documents/RokeyProjects/ServiceRobotProject/B5/install/menu_order_interfaces/lib/libmenu_order_interfaces__rosidl_typesupport_fastrtps_cpp.so
[9.164s] -- Set non-toolchain portion of runtime path of "/home/rokey/Documents/RokeyProjects/ServiceRobotProject/B5/install/menu_order_interfaces/lib/libmenu_order_interfaces__rosidl_typesupport_fastrtps_cpp.so" to ""
[9.164s] -- Installing: /home/rokey/Documents/RokeyProjects/ServiceRobotProject/B5/install/menu_order_interfaces/lib/libmenu_order_interfaces__rosidl_typesupport_introspection_cpp.so
[9.165s] -- Set non-toolchain portion of runtime path of "/home/rokey/Documents/RokeyProjects/ServiceRobotProject/B5/install/menu_order_interfaces/lib/libmenu_order_interfaces__rosidl_typesupport_introspection_cpp.so" to ""
[9.165s] -- Installing: /home/rokey/Documents/RokeyProjects/ServiceRobotProject/B5/install/menu_order_interfaces/lib/libmenu_order_interfaces__rosidl_typesupport_cpp.so
[9.165s] -- Set non-toolchain portion of runtime path of "/home/rokey/Documents/RokeyProjects/ServiceRobotProject/B5/install/menu_order_interfaces/lib/libmenu_order_interfaces__rosidl_typesupport_cpp.so" to ""
[9.210s] Listing '/home/rokey/Documents/RokeyProjects/ServiceRobotProject/B5/install/menu_order_interfaces/local/lib/python3.10/dist-packages/menu_order_interfaces'...
[9.210s] Compiling '/home/rokey/Documents/RokeyProjects/ServiceRobotProject/B5/install/menu_order_interfaces/local/lib/python3.10/dist-packages/menu_order_interfaces/__init__.py'...
[9.210s] Listing '/home/rokey/Documents/RokeyProjects/ServiceRobotProject/B5/install/menu_order_interfaces/local/lib/python3.10/dist-packages/menu_order_interfaces/action'...
[9.211s] Compiling '/home/rokey/Documents/RokeyProjects/ServiceRobotProject/B5/install/menu_order_interfaces/local/lib/python3.10/dist-packages/menu_order_interfaces/action/__init__.py'...
[9.211s] Compiling '/home/rokey/Documents/RokeyProjects/ServiceRobotProject/B5/install/menu_order_interfaces/local/lib/python3.10/dist-packages/menu_order_interfaces/action/_serve.py'...
[9.211s] Listing '/home/rokey/Documents/RokeyProjects/ServiceRobotProject/B5/install/menu_order_interfaces/local/lib/python3.10/dist-packages/menu_order_interfaces/msg'...
[9.211s] Compiling '/home/rokey/Documents/RokeyProjects/ServiceRobotProject/B5/install/menu_order_interfaces/local/lib/python3.10/dist-packages/menu_order_interfaces/msg/__init__.py'...
[9.211s] Compiling '/home/rokey/Documents/RokeyProjects/ServiceRobotProject/B5/install/menu_order_interfaces/local/lib/python3.10/dist-packages/menu_order_interfaces/msg/_order.py'...
[9.211s] Listing '/home/rokey/Documents/RokeyProjects/ServiceRobotProject/B5/install/menu_order_interfaces/local/lib/python3.10/dist-packages/menu_order_interfaces/srv'...
[9.211s] Compiling '/home/rokey/Documents/RokeyProjects/ServiceRobotProject/B5/install/menu_order_interfaces/local/lib/python3.10/dist-packages/menu_order_interfaces/srv/__init__.py'...
[9.211s] Compiling '/home/rokey/Documents/RokeyProjects/ServiceRobotProject/B5/install/menu_order_interfaces/local/lib/python3.10/dist-packages/menu_order_interfaces/srv/_menu_table.py'...
[9.211s] Compiling '/home/rokey/Documents/RokeyProjects/ServiceRobotProject/B5/install/menu_order_interfaces/local/lib/python3.10/dist-packages/menu_order_interfaces/srv/_menu_update.py'...
[9.215s] -- Installing: /home/rokey/Documents/RokeyProjects/ServiceRobotProject/B5/install/menu_order_interfaces/lib/libmenu_order_interfaces__rosidl_generator_py.so
[9.216s] -- Set non-toolchain portion of runtime path of "/home/rokey/Documents/RokeyProjects/ServiceRobotProject/B5/install/menu_order_interfaces/lib/libmenu_order_interfaces__rosidl_generator_py.so" to ""
[9.216s] -- Up-to-date: /home/rokey/Documents/RokeyProjects/ServiceRobotProject/B5/install/menu_order_interfaces/share/menu_order_interfaces/cmake/export_menu_order_interfaces__rosidl_generator_cExport.cmake
[9.216s] -- Up-to-date: /home/rokey/Documents/RokeyProjects/ServiceRobotProject/B5/install/menu_order_interfaces/share/menu_order_interfaces/cmake/export_menu_order_interfaces__rosidl_generator_cExport-noconfig.cmake
[9.216s] -- Up-to-date: /home/rokey/Documents/RokeyProjects/ServiceRobotProject/B5/install/menu_order_interfaces/share/menu_order_interfaces/cmake/export_menu_order_interfaces__rosidl_typesupport_fastrtps_cExport.cmake
[9.216s] -- Up-to-date: /home/rokey/Documents/RokeyProjects/ServiceRobotProject/B5/install/menu_order_interfaces/share/menu_order_interfaces/cmake/export_menu_order_interfaces__rosidl_typesupport_fastrtps_cExport-noconfig.cmake
[9.216s] -- Up-to-date: /home/rokey/Documents/RokeyProjects/ServiceRobotProject/B5/install/menu_order_interfaces/share/menu_order_interfaces/cmake/menu_order_interfaces__rosidl_typesupport_introspection_cExport.cmake
[9.217s] -- Up-to-date: /home/rokey/Documents/RokeyProjects/ServiceRobotProject/B5/install/menu_order_interfaces/share/menu_order_interfaces/cmake/menu_order_interfaces__rosidl_typesupport_introspection_cExport-noconfig.cmake
[9.217s] -- Up-to-date: /home/rokey/Documents/RokeyProjects/ServiceRobotProject/B5/install/menu_order_interfaces/share/menu_order_interfaces/cmake/menu_order_interfaces__rosidl_typesupport_cExport.cmake
[9.217s] -- Up-to-date: /home/rokey/Documents/RokeyProjects/ServiceRobotProject/B5/install/menu_order_interfaces/share/menu_order_interfaces/cmake/menu_order_interfaces__rosidl_typesupport_cExport-noconfig.cmake
[9.217s] -- Up-to-date: /home/rokey/Documents/RokeyProjects/ServiceRobotProject/B5/install/menu_order_interfaces/share/menu_order_interfaces/cmake/export_menu_order_interfaces__rosidl_generator_cppExport.cmake
[9.217s] -- Up-to-date: /home/rokey/Documents/RokeyProjects/ServiceRobotProject/B5/install/menu_order_interfaces/share/menu_order_interfaces/cmake/export_menu_order_interfaces__rosidl_typesupport_fastrtps_cppExport.cmake
[9.217s] -- Up-to-date: /home/rokey/Documents/RokeyProjects/ServiceRobotProject/B5/install/menu_order_interfaces/share/menu_order_interfaces/cmake/export_menu_order_interfaces__rosidl_typesupport_fastrtps_cppExport-noconfig.cmake
[9.217s] -- Up-to-date: /home/rokey/Documents/RokeyProjects/ServiceRobotProject/B5/install/menu_order_interfaces/share/menu_order_interfaces/cmake/menu_order_interfaces__rosidl_typesupport_introspection_cppExport.cmake
[9.217s] -- Up-to-date: /home/rokey/Documents/RokeyProjects/ServiceRobotProject/B5/install/menu_order_interfaces/share/menu_order_interfaces/cmake/menu_order_interfaces__rosidl_typesupport_introspection_cppExport-noconfig.cmake
[9.217s] -- Up-to-date: /home/rokey/Documents/RokeyProjects/ServiceRobotProject/B5/install/menu_order_interfaces/share/menu_order_interfaces/cmake/menu_order_interfaces__rosidl_typesupport_cppExport.cmake
[9.217s] -- Up-to-date: /home/rokey/Documents/RokeyProjects/ServiceRobotProject/B5/install/menu_order_interfaces/share/menu_order_interfaces/cmake/menu_order_interfaces__rosidl_typesupport_cppExport-noconfig.cmake
[9.217s] -- Up-to-date: /home/rokey/Documents/RokeyProjects/ServiceRobotProject/B5/install/menu_order_interfaces/share/menu_order_interfaces/cmake/export_menu_order_interfaces__rosidl_generator_pyExport.cmake
[9.217s] -- Up-to-date: /home/rokey/Documents/RokeyProjects/ServiceRobotProject/B5/install/menu_order_interfaces/share/menu_order_interfaces/cmake/export_menu_order_interfaces__rosidl_generator_pyExport-noconfig.cmake
[9.219s] Invoked command in '/home/rokey/Documents/RokeyProjects/ServiceRobotProject/B5/build/menu_order_interfaces' returned '0': CMAKE_PREFIX_PATH=${CMAKE_PREFIX_PATH}:/home/rokey/Documents/RokeyProjects/ServiceRobotProject/B5/install/menu_order_project:/home/rokey/turtlebot3_ws/install/turtlebot3_teleop:/home/rokey/turtlebot3_ws/install/turtlebot3_example:/opt/ros/humble /usr/local/bin/cmake --install /home/rokey/Documents/RokeyProjects/ServiceRobotProject/B5/build/menu_order_interfaces
