[0.062s] Invoking command in '/home/rokey/turtlebot3_ws/build/turtlebot3_node': CMAKE_PREFIX_PATH=/home/rokey/turtlebot3_ws/install/turtlebot3_msgs:/home/rokey/turtlebot3_ws/install/turtlebot3:/home/rokey/turtlebot3_ws/install/turtlebot3_simulations:/home/rokey/turtlebot3_ws/install/turtlebot3_bringup:/home/rokey/turtlebot3_ws/install/turtlebot3_node:/home/rokey/turtlebot3_ws/install/turtlebot3_navigation2:/home/rokey/turtlebot3_ws/install/turtlebot3_fake_node:/home/rokey/turtlebot3_ws/install/turtlebot3_manipulation:/home/rokey/turtlebot3_ws/install/turtlebot3_manipulation_teleop:/home/rokey/turtlebot3_ws/install/turtlebot3_manipulation_navigation2:/home/rokey/turtlebot3_ws/install/turtlebot3_manipulation_moveit_config:/home/rokey/turtlebot3_ws/install/turtlebot3_manipulation_hardware:/home/rokey/turtlebot3_ws/install/turtlebot3_manipulation_bringup:/home/rokey/turtlebot3_ws/install/turtlebot3_manipulation_description:/home/rokey/turtlebot3_ws/install/turtlebot3_manipulation_cartographer:/home/rokey/turtlebot3_ws/install/turtlebot3_gazebo:/home/rokey/turtlebot3_ws/install/turtlebot3_description:/home/rokey/turtlebot3_ws/install/turtlebot3_cartographer:/home/rokey/turtlebot3_ws/install/turtlebot3_teleop:/home/rokey/turtlebot3_ws/install/turtlebot3_example:/opt/ros/humble LD_LIBRARY_PATH=/home/rokey/turtlebot3_ws/install/turtlebot3_msgs/lib:/usr/lib/x86_64-linux-gnu:/home/rokey/turtlebot3_ws/install/turtlebot3_manipulation_hardware/lib:/opt/ros/humble/opt/rviz_ogre_vendor/lib:/opt/ros/humble/lib/x86_64-linux-gnu:/opt/ros/humble/lib:/usr/lib/x86_64-linux-gnu/gazebo-11/plugins /usr/local/bin/cmake /home/rokey/turtlebot3_ws/src/turtlebot3/turtlebot3_node -DAMENT_CMAKE_SYMLINK_INSTALL=1 -DCMAKE_INSTALL_PREFIX=/home/rokey/turtlebot3_ws/install/turtlebot3_node
[2.697s] -- The C compiler identification is GNU 11.4.0
[2.698s] -- The CXX compiler identification is GNU 11.4.0
[2.698s] -- Detecting C compiler ABI info
[2.698s] -- Detecting C compiler ABI info - done
[2.698s] -- Check for working C compiler: /usr/bin/cc - skipped
[2.698s] -- Detecting C compile features
[2.698s] -- Detecting C compile features - done
[2.699s] -- Detecting CXX compiler ABI info
[2.699s] -- Detecting CXX compiler ABI info - done
[2.699s] -- Check for working CXX compiler: /usr/bin/c++ - skipped
[2.699s] -- Detecting CXX compile features
[2.699s] -- Detecting CXX compile features - done
[2.699s] -- Found ament_cmake: 1.3.10 (/opt/ros/humble/share/ament_cmake/cmake)
[2.700s] -- Found Python3: /usr/bin/python3 (found version "3.10.12") found components: Interpreter
[2.700s] -- Override CMake install command with custom implementation using symlinks instead of copying resources
[2.700s] -- Found dynamixel_sdk: 3.7.60 (/opt/ros/humble/share/dynamixel_sdk/cmake)
[2.700s] -- Found geometry_msgs: 4.2.4 (/opt/ros/humble/share/geometry_msgs/cmake)
[2.700s] -- Found rosidl_generator_c: 3.1.5 (/opt/ros/humble/share/rosidl_generator_c/cmake)
[2.703s] -- Found rosidl_adapter: 3.1.5 (/opt/ros/humble/share/rosidl_adapter/cmake)
[2.703s] -- Found rosidl_generator_cpp: 3.1.5 (/opt/ros/humble/share/rosidl_generator_cpp/cmake)
[2.703s] -- Using all available rosidl_typesupport_c: rosidl_typesupport_fastrtps_c;rosidl_typesupport_introspection_c
[2.818s] -- Using all available rosidl_typesupport_cpp: rosidl_typesupport_fastrtps_cpp;rosidl_typesupport_introspection_cpp
[3.177s] -- Found message_filters: 4.3.5 (/opt/ros/humble/share/message_filters/cmake)
[3.414s] -- Found rmw_implementation_cmake: 6.1.2 (/opt/ros/humble/share/rmw_implementation_cmake/cmake)
[3.435s] -- Found rmw_fastrtps_cpp: 6.2.7 (/opt/ros/humble/share/rmw_fastrtps_cpp/cmake)
[3.810s] -- Found OpenSSL: /usr/lib/x86_64-linux-gnu/libcrypto.so (found version "3.0.2")
[3.905s] -- Found FastRTPS: /opt/ros/humble/include
[4.016s] -- Using RMW implementation 'rmw_fastrtps_cpp' as default
[4.087s] -- Performing Test CMAKE_HAVE_LIBC_PTHREAD
[4.275s] -- Performing Test CMAKE_HAVE_LIBC_PTHREAD - Success
[4.278s] -- Found Threads: TRUE
[4.528s] -- Found nav_msgs: 4.2.4 (/opt/ros/humble/share/nav_msgs/cmake)
[4.596s] -- Found sensor_msgs: 4.2.4 (/opt/ros/humble/share/sensor_msgs/cmake)
[4.753s] -- Found std_srvs: 4.2.4 (/opt/ros/humble/share/std_srvs/cmake)
[4.831s] -- Found tf2: 0.25.8 (/opt/ros/humble/share/tf2/cmake)
[4.923s] -- Found tf2_ros: 0.25.8 (/opt/ros/humble/share/tf2_ros/cmake)
[5.443s] -- Found turtlebot3_msgs: 2.2.3 (/home/rokey/turtlebot3_ws/install/turtlebot3_msgs/share/turtlebot3_msgs/cmake)
[5.745s] -- Configuring done (5.7s)
[5.799s] -- Generating done (0.1s)
[5.807s] -- Build files have been written to: /home/rokey/turtlebot3_ws/build/turtlebot3_node
[5.831s] Invoked command in '/home/rokey/turtlebot3_ws/build/turtlebot3_node' returned '0': CMAKE_PREFIX_PATH=/home/rokey/turtlebot3_ws/install/turtlebot3_msgs:/home/rokey/turtlebot3_ws/install/turtlebot3:/home/rokey/turtlebot3_ws/install/turtlebot3_simulations:/home/rokey/turtlebot3_ws/install/turtlebot3_bringup:/home/rokey/turtlebot3_ws/install/turtlebot3_node:/home/rokey/turtlebot3_ws/install/turtlebot3_navigation2:/home/rokey/turtlebot3_ws/install/turtlebot3_fake_node:/home/rokey/turtlebot3_ws/install/turtlebot3_manipulation:/home/rokey/turtlebot3_ws/install/turtlebot3_manipulation_teleop:/home/rokey/turtlebot3_ws/install/turtlebot3_manipulation_navigation2:/home/rokey/turtlebot3_ws/install/turtlebot3_manipulation_moveit_config:/home/rokey/turtlebot3_ws/install/turtlebot3_manipulation_hardware:/home/rokey/turtlebot3_ws/install/turtlebot3_manipulation_bringup:/home/rokey/turtlebot3_ws/install/turtlebot3_manipulation_description:/home/rokey/turtlebot3_ws/install/turtlebot3_manipulation_cartographer:/home/rokey/turtlebot3_ws/install/turtlebot3_gazebo:/home/rokey/turtlebot3_ws/install/turtlebot3_description:/home/rokey/turtlebot3_ws/install/turtlebot3_cartographer:/home/rokey/turtlebot3_ws/install/turtlebot3_teleop:/home/rokey/turtlebot3_ws/install/turtlebot3_example:/opt/ros/humble LD_LIBRARY_PATH=/home/rokey/turtlebot3_ws/install/turtlebot3_msgs/lib:/usr/lib/x86_64-linux-gnu:/home/rokey/turtlebot3_ws/install/turtlebot3_manipulation_hardware/lib:/opt/ros/humble/opt/rviz_ogre_vendor/lib:/opt/ros/humble/lib/x86_64-linux-gnu:/opt/ros/humble/lib:/usr/lib/x86_64-linux-gnu/gazebo-11/plugins /usr/local/bin/cmake /home/rokey/turtlebot3_ws/src/turtlebot3/turtlebot3_node -DAMENT_CMAKE_SYMLINK_INSTALL=1 -DCMAKE_INSTALL_PREFIX=/home/rokey/turtlebot3_ws/install/turtlebot3_node
[5.834s] Invoking command in '/home/rokey/turtlebot3_ws/build/turtlebot3_node': CMAKE_PREFIX_PATH=/home/rokey/turtlebot3_ws/install/turtlebot3_msgs:/home/rokey/turtlebot3_ws/install/turtlebot3:/home/rokey/turtlebot3_ws/install/turtlebot3_simulations:/home/rokey/turtlebot3_ws/install/turtlebot3_bringup:/home/rokey/turtlebot3_ws/install/turtlebot3_node:/home/rokey/turtlebot3_ws/install/turtlebot3_navigation2:/home/rokey/turtlebot3_ws/install/turtlebot3_fake_node:/home/rokey/turtlebot3_ws/install/turtlebot3_manipulation:/home/rokey/turtlebot3_ws/install/turtlebot3_manipulation_teleop:/home/rokey/turtlebot3_ws/install/turtlebot3_manipulation_navigation2:/home/rokey/turtlebot3_ws/install/turtlebot3_manipulation_moveit_config:/home/rokey/turtlebot3_ws/install/turtlebot3_manipulation_hardware:/home/rokey/turtlebot3_ws/install/turtlebot3_manipulation_bringup:/home/rokey/turtlebot3_ws/install/turtlebot3_manipulation_description:/home/rokey/turtlebot3_ws/install/turtlebot3_manipulation_cartographer:/home/rokey/turtlebot3_ws/install/turtlebot3_gazebo:/home/rokey/turtlebot3_ws/install/turtlebot3_description:/home/rokey/turtlebot3_ws/install/turtlebot3_cartographer:/home/rokey/turtlebot3_ws/install/turtlebot3_teleop:/home/rokey/turtlebot3_ws/install/turtlebot3_example:/opt/ros/humble LD_LIBRARY_PATH=/home/rokey/turtlebot3_ws/install/turtlebot3_msgs/lib:/usr/lib/x86_64-linux-gnu:/home/rokey/turtlebot3_ws/install/turtlebot3_manipulation_hardware/lib:/opt/ros/humble/opt/rviz_ogre_vendor/lib:/opt/ros/humble/lib/x86_64-linux-gnu:/opt/ros/humble/lib:/usr/lib/x86_64-linux-gnu/gazebo-11/plugins /usr/local/bin/cmake --build /home/rokey/turtlebot3_ws/build/turtlebot3_node -- -j8 -l8
[5.878s] [  7%] [32mBuilding CXX object CMakeFiles/turtlebot3_node_lib.dir/src/devices/sound.cpp.o[0m
[5.879s] [ 14%] [32mBuilding CXX object CMakeFiles/turtlebot3_node_lib.dir/src/devices/motor_power.cpp.o[0m
[5.886s] [ 21%] [32mBuilding CXX object CMakeFiles/turtlebot3_node_lib.dir/src/diff_drive_controller.cpp.o[0m
[5.886s] [ 28%] [32mBuilding CXX object CMakeFiles/turtlebot3_node_lib.dir/src/devices/reset.cpp.o[0m
[5.902s] [ 35%] [32mBuilding CXX object CMakeFiles/turtlebot3_node_lib.dir/src/dynamixel_sdk_wrapper.cpp.o[0m
[5.903s] [ 42%] [32mBuilding CXX object CMakeFiles/turtlebot3_node_lib.dir/src/odometry.cpp.o[0m
[5.911s] [ 50%] [32mBuilding CXX object CMakeFiles/turtlebot3_node_lib.dir/src/turtlebot3.cpp.o[0m
[5.919s] [ 57%] [32mBuilding CXX object CMakeFiles/turtlebot3_node_lib.dir/src/sensors/battery_state.cpp.o[0m
[7.205s] [ 64%] [32mBuilding CXX object CMakeFiles/turtlebot3_node_lib.dir/src/sensors/imu.cpp.o[0m
[18.813s] [ 71%] [32mBuilding CXX object CMakeFiles/turtlebot3_node_lib.dir/src/sensors/joint_state.cpp.o[0m
[20.558s] [ 78%] [32mBuilding CXX object CMakeFiles/turtlebot3_node_lib.dir/src/sensors/sensor_state.cpp.o[0m
[35.228s] [ 85%] [32m[1mLinking CXX static library libturtlebot3_node_lib.a[0m
[36.895s] [ 85%] Built target turtlebot3_node_lib
[36.904s] [ 92%] [32mBuilding CXX object CMakeFiles/turtlebot3_ros.dir/src/node_main.cpp.o[0m
[40.356s] [100%] [32m[1mLinking CXX executable turtlebot3_ros[0m
[42.588s] [100%] Built target turtlebot3_ros
[42.593s] Invoked command in '/home/rokey/turtlebot3_ws/build/turtlebot3_node' returned '0': CMAKE_PREFIX_PATH=/home/rokey/turtlebot3_ws/install/turtlebot3_msgs:/home/rokey/turtlebot3_ws/install/turtlebot3:/home/rokey/turtlebot3_ws/install/turtlebot3_simulations:/home/rokey/turtlebot3_ws/install/turtlebot3_bringup:/home/rokey/turtlebot3_ws/install/turtlebot3_node:/home/rokey/turtlebot3_ws/install/turtlebot3_navigation2:/home/rokey/turtlebot3_ws/install/turtlebot3_fake_node:/home/rokey/turtlebot3_ws/install/turtlebot3_manipulation:/home/rokey/turtlebot3_ws/install/turtlebot3_manipulation_teleop:/home/rokey/turtlebot3_ws/install/turtlebot3_manipulation_navigation2:/home/rokey/turtlebot3_ws/install/turtlebot3_manipulation_moveit_config:/home/rokey/turtlebot3_ws/install/turtlebot3_manipulation_hardware:/home/rokey/turtlebot3_ws/install/turtlebot3_manipulation_bringup:/home/rokey/turtlebot3_ws/install/turtlebot3_manipulation_description:/home/rokey/turtlebot3_ws/install/turtlebot3_manipulation_cartographer:/home/rokey/turtlebot3_ws/install/turtlebot3_gazebo:/home/rokey/turtlebot3_ws/install/turtlebot3_description:/home/rokey/turtlebot3_ws/install/turtlebot3_cartographer:/home/rokey/turtlebot3_ws/install/turtlebot3_teleop:/home/rokey/turtlebot3_ws/install/turtlebot3_example:/opt/ros/humble LD_LIBRARY_PATH=/home/rokey/turtlebot3_ws/install/turtlebot3_msgs/lib:/usr/lib/x86_64-linux-gnu:/home/rokey/turtlebot3_ws/install/turtlebot3_manipulation_hardware/lib:/opt/ros/humble/opt/rviz_ogre_vendor/lib:/opt/ros/humble/lib/x86_64-linux-gnu:/opt/ros/humble/lib:/usr/lib/x86_64-linux-gnu/gazebo-11/plugins /usr/local/bin/cmake --build /home/rokey/turtlebot3_ws/build/turtlebot3_node -- -j8 -l8
[42.595s] Invoking command in '/home/rokey/turtlebot3_ws/build/turtlebot3_node': CMAKE_PREFIX_PATH=/home/rokey/turtlebot3_ws/install/turtlebot3_msgs:/home/rokey/turtlebot3_ws/install/turtlebot3:/home/rokey/turtlebot3_ws/install/turtlebot3_simulations:/home/rokey/turtlebot3_ws/install/turtlebot3_bringup:/home/rokey/turtlebot3_ws/install/turtlebot3_node:/home/rokey/turtlebot3_ws/install/turtlebot3_navigation2:/home/rokey/turtlebot3_ws/install/turtlebot3_fake_node:/home/rokey/turtlebot3_ws/install/turtlebot3_manipulation:/home/rokey/turtlebot3_ws/install/turtlebot3_manipulation_teleop:/home/rokey/turtlebot3_ws/install/turtlebot3_manipulation_navigation2:/home/rokey/turtlebot3_ws/install/turtlebot3_manipulation_moveit_config:/home/rokey/turtlebot3_ws/install/turtlebot3_manipulation_hardware:/home/rokey/turtlebot3_ws/install/turtlebot3_manipulation_bringup:/home/rokey/turtlebot3_ws/install/turtlebot3_manipulation_description:/home/rokey/turtlebot3_ws/install/turtlebot3_manipulation_cartographer:/home/rokey/turtlebot3_ws/install/turtlebot3_gazebo:/home/rokey/turtlebot3_ws/install/turtlebot3_description:/home/rokey/turtlebot3_ws/install/turtlebot3_cartographer:/home/rokey/turtlebot3_ws/install/turtlebot3_teleop:/home/rokey/turtlebot3_ws/install/turtlebot3_example:/opt/ros/humble LD_LIBRARY_PATH=/home/rokey/turtlebot3_ws/install/turtlebot3_msgs/lib:/usr/lib/x86_64-linux-gnu:/home/rokey/turtlebot3_ws/install/turtlebot3_manipulation_hardware/lib:/opt/ros/humble/opt/rviz_ogre_vendor/lib:/opt/ros/humble/lib/x86_64-linux-gnu:/opt/ros/humble/lib:/usr/lib/x86_64-linux-gnu/gazebo-11/plugins /usr/local/bin/cmake --install /home/rokey/turtlebot3_ws/build/turtlebot3_node
[42.598s] -- Install configuration: ""
[42.599s] -- Execute custom install script
[42.600s] -- Symlinking: /home/rokey/turtlebot3_ws/install/turtlebot3_node/share/turtlebot3_node/param/burger.yaml
[42.603s] -- Symlinking: /home/rokey/turtlebot3_ws/install/turtlebot3_node/share/turtlebot3_node/param/waffle.yaml
[42.607s] -- Symlinking: /home/rokey/turtlebot3_ws/install/turtlebot3_node/share/turtlebot3_node/param/waffle_pi.yaml
[42.611s] -- Symlinking: /home/rokey/turtlebot3_ws/install/turtlebot3_node/lib/turtlebot3_node/turtlebot3_ros
[42.614s] -- Symlinking: /home/rokey/turtlebot3_ws/install/turtlebot3_node/share/ament_index/resource_index/package_run_dependencies/turtlebot3_node
[42.618s] -- Symlinking: /home/rokey/turtlebot3_ws/install/turtlebot3_node/share/ament_index/resource_index/parent_prefix_path/turtlebot3_node
[42.621s] -- Symlinking: /home/rokey/turtlebot3_ws/install/turtlebot3_node/share/turtlebot3_node/environment/ament_prefix_path.sh
[42.624s] -- Symlinking: /home/rokey/turtlebot3_ws/install/turtlebot3_node/share/turtlebot3_node/environment/ament_prefix_path.dsv
[42.628s] -- Symlinking: /home/rokey/turtlebot3_ws/install/turtlebot3_node/share/turtlebot3_node/environment/path.sh
[42.632s] -- Symlinking: /home/rokey/turtlebot3_ws/install/turtlebot3_node/share/turtlebot3_node/environment/path.dsv
[42.635s] -- Symlinking: /home/rokey/turtlebot3_ws/install/turtlebot3_node/share/turtlebot3_node/local_setup.bash
[42.639s] -- Symlinking: /home/rokey/turtlebot3_ws/install/turtlebot3_node/share/turtlebot3_node/local_setup.sh
[42.642s] -- Symlinking: /home/rokey/turtlebot3_ws/install/turtlebot3_node/share/turtlebot3_node/local_setup.zsh
[42.645s] -- Symlinking: /home/rokey/turtlebot3_ws/install/turtlebot3_node/share/turtlebot3_node/local_setup.dsv
[42.649s] -- Symlinking: /home/rokey/turtlebot3_ws/install/turtlebot3_node/share/turtlebot3_node/package.dsv
[42.652s] -- Symlinking: /home/rokey/turtlebot3_ws/install/turtlebot3_node/share/ament_index/resource_index/packages/turtlebot3_node
[42.656s] -- Symlinking: /home/rokey/turtlebot3_ws/install/turtlebot3_node/share/turtlebot3_node/cmake/ament_cmake_export_include_directories-extras.cmake
[42.660s] -- Symlinking: /home/rokey/turtlebot3_ws/install/turtlebot3_node/share/turtlebot3_node/cmake/turtlebot3_nodeConfig.cmake
[42.663s] -- Symlinking: /home/rokey/turtlebot3_ws/install/turtlebot3_node/share/turtlebot3_node/cmake/turtlebot3_nodeConfig-version.cmake
[42.666s] -- Symlinking: /home/rokey/turtlebot3_ws/install/turtlebot3_node/share/turtlebot3_node/package.xml
[42.671s] Invoked command in '/home/rokey/turtlebot3_ws/build/turtlebot3_node' returned '0': CMAKE_PREFIX_PATH=/home/rokey/turtlebot3_ws/install/turtlebot3_msgs:/home/rokey/turtlebot3_ws/install/turtlebot3:/home/rokey/turtlebot3_ws/install/turtlebot3_simulations:/home/rokey/turtlebot3_ws/install/turtlebot3_bringup:/home/rokey/turtlebot3_ws/install/turtlebot3_node:/home/rokey/turtlebot3_ws/install/turtlebot3_navigation2:/home/rokey/turtlebot3_ws/install/turtlebot3_fake_node:/home/rokey/turtlebot3_ws/install/turtlebot3_manipulation:/home/rokey/turtlebot3_ws/install/turtlebot3_manipulation_teleop:/home/rokey/turtlebot3_ws/install/turtlebot3_manipulation_navigation2:/home/rokey/turtlebot3_ws/install/turtlebot3_manipulation_moveit_config:/home/rokey/turtlebot3_ws/install/turtlebot3_manipulation_hardware:/home/rokey/turtlebot3_ws/install/turtlebot3_manipulation_bringup:/home/rokey/turtlebot3_ws/install/turtlebot3_manipulation_description:/home/rokey/turtlebot3_ws/install/turtlebot3_manipulation_cartographer:/home/rokey/turtlebot3_ws/install/turtlebot3_gazebo:/home/rokey/turtlebot3_ws/install/turtlebot3_description:/home/rokey/turtlebot3_ws/install/turtlebot3_cartographer:/home/rokey/turtlebot3_ws/install/turtlebot3_teleop:/home/rokey/turtlebot3_ws/install/turtlebot3_example:/opt/ros/humble LD_LIBRARY_PATH=/home/rokey/turtlebot3_ws/install/turtlebot3_msgs/lib:/usr/lib/x86_64-linux-gnu:/home/rokey/turtlebot3_ws/install/turtlebot3_manipulation_hardware/lib:/opt/ros/humble/opt/rviz_ogre_vendor/lib:/opt/ros/humble/lib/x86_64-linux-gnu:/opt/ros/humble/lib:/usr/lib/x86_64-linux-gnu/gazebo-11/plugins /usr/local/bin/cmake --install /home/rokey/turtlebot3_ws/build/turtlebot3_node
