[0.668s] Invoking command in '/home/yjh/Doosan/Real_project_ws/Week4/project4_ws/src/menu_order_project': PYTHONPATH=/home/yjh/Doosan/Real_project_ws/Week4/project4_ws/build/menu_order_project/prefix_override:/usr/lib/python3/dist-packages/colcon_core/task/python/colcon_distutils_commands:/home/yjh/Doosan/Real_project_ws/Week4/project4_ws/install/menu_order_project/lib/python3.10/site-packages:${PYTHONPATH} /usr/bin/python3 -W ignore:setup.py install is deprecated setup.py egg_info --egg-base ../../build/menu_order_project build --build-base /home/yjh/Doosan/Real_project_ws/Week4/project4_ws/build/menu_order_project/build install --record /home/yjh/Doosan/Real_project_ws/Week4/project4_ws/build/menu_order_project/install.log --single-version-externally-managed install_data
[0.890s] running egg_info
[0.907s] writing ../../build/menu_order_project/menu_order_project.egg-info/PKG-INFO
[0.907s] writing dependency_links to ../../build/menu_order_project/menu_order_project.egg-info/dependency_links.txt
[0.907s] writing requirements to ../../build/menu_order_project/menu_order_project.egg-info/requires.txt
[0.907s] writing top-level names to ../../build/menu_order_project/menu_order_project.egg-info/top_level.txt
[0.941s] reading manifest file '../../build/menu_order_project/menu_order_project.egg-info/SOURCES.txt'
[0.942s] writing manifest file '../../build/menu_order_project/menu_order_project.egg-info/SOURCES.txt'
[0.942s] running build
[0.943s] running build_py
[0.943s] copying menu_order_project/__init__.py -> /home/yjh/Doosan/Real_project_ws/Week4/project4_ws/build/menu_order_project/build/lib/menu_order_project
[0.943s] running install
[0.947s] running install_lib
[0.964s] running install_data
[0.964s] copying resource/menu_order_project -> /home/yjh/Doosan/Real_project_ws/Week4/project4_ws/install/menu_order_project/share/ament_index/resource_index/packages
[0.965s] copying package.xml -> /home/yjh/Doosan/Real_project_ws/Week4/project4_ws/install/menu_order_project/share/menu_order_project
[0.965s] running install_egg_info
[0.982s] removing '/home/yjh/Doosan/Real_project_ws/Week4/project4_ws/install/menu_order_project/lib/python3.10/site-packages/menu_order_project-0.0.0-py3.10.egg-info' (and everything under it)
[0.983s] Copying ../../build/menu_order_project/menu_order_project.egg-info to /home/yjh/Doosan/Real_project_ws/Week4/project4_ws/install/menu_order_project/lib/python3.10/site-packages/menu_order_project-0.0.0-py3.10.egg-info
[0.983s] running install_scripts
[1.115s] writing list of installed files to '/home/yjh/Doosan/Real_project_ws/Week4/project4_ws/build/menu_order_project/install.log'
[1.142s] Invoked command in '/home/yjh/Doosan/Real_project_ws/Week4/project4_ws/src/menu_order_project' returned '0': PYTHONPATH=/home/yjh/Doosan/Real_project_ws/Week4/project4_ws/build/menu_order_project/prefix_override:/usr/lib/python3/dist-packages/colcon_core/task/python/colcon_distutils_commands:/home/yjh/Doosan/Real_project_ws/Week4/project4_ws/install/menu_order_project/lib/python3.10/site-packages:${PYTHONPATH} /usr/bin/python3 -W ignore:setup.py install is deprecated setup.py egg_info --egg-base ../../build/menu_order_project build --build-base /home/yjh/Doosan/Real_project_ws/Week4/project4_ws/build/menu_order_project/build install --record /home/yjh/Doosan/Real_project_ws/Week4/project4_ws/build/menu_order_project/install.log --single-version-externally-managed install_data
