[0.659s] Invoking command in '/home/yjh/Doosan/Real_project_ws/Week5/Week5Project_ws/src/boxproject': PYTHONPATH=/home/yjh/Doosan/Real_project_ws/Week5/Week5Project_ws/build/boxproject/prefix_override:/usr/lib/python3/dist-packages/colcon_core/task/python/colcon_distutils_commands:/home/yjh/Doosan/Real_project_ws/Week5/Week5Project_ws/install/boxproject/lib/python3.10/site-packages:${PYTHONPATH} /usr/bin/python3 -W ignore:setup.py install is deprecated setup.py egg_info --egg-base ../../build/boxproject build --build-base /home/yjh/Doosan/Real_project_ws/Week5/Week5Project_ws/build/boxproject/build install --record /home/yjh/Doosan/Real_project_ws/Week5/Week5Project_ws/build/boxproject/install.log --single-version-externally-managed install_data
[0.889s] running egg_info
[0.906s] writing ../../build/boxproject/boxproject.egg-info/PKG-INFO
[0.906s] writing dependency_links to ../../build/boxproject/boxproject.egg-info/dependency_links.txt
[0.906s] writing entry points to ../../build/boxproject/boxproject.egg-info/entry_points.txt
[0.906s] writing requirements to ../../build/boxproject/boxproject.egg-info/requires.txt
[0.907s] writing top-level names to ../../build/boxproject/boxproject.egg-info/top_level.txt
[0.941s] reading manifest file '../../build/boxproject/boxproject.egg-info/SOURCES.txt'
[0.942s] writing manifest file '../../build/boxproject/boxproject.egg-info/SOURCES.txt'
[0.942s] running build
[0.942s] running build_py
[0.943s] copying boxproject/GUI_node.py -> /home/yjh/Doosan/Real_project_ws/Week5/Week5Project_ws/build/boxproject/build/lib/boxproject
[0.943s] copying boxproject/web_camera_node.py -> /home/yjh/Doosan/Real_project_ws/Week5/Week5Project_ws/build/boxproject/build/lib/boxproject
[0.943s] copying boxproject/__init__.py -> /home/yjh/Doosan/Real_project_ws/Week5/Week5Project_ws/build/boxproject/build/lib/boxproject
[0.943s] running install
[0.947s] running install_lib
[0.964s] copying /home/yjh/Doosan/Real_project_ws/Week5/Week5Project_ws/build/boxproject/build/lib/boxproject/GUI_node.py -> /home/yjh/Doosan/Real_project_ws/Week5/Week5Project_ws/install/boxproject/lib/python3.10/site-packages/boxproject
[0.964s] byte-compiling /home/yjh/Doosan/Real_project_ws/Week5/Week5Project_ws/install/boxproject/lib/python3.10/site-packages/boxproject/GUI_node.py to GUI_node.cpython-310.pyc
[0.966s] running install_data
[0.966s] copying resource/boxproject -> /home/yjh/Doosan/Real_project_ws/Week5/Week5Project_ws/install/boxproject/share/ament_index/resource_index/packages
[0.967s] copying package.xml -> /home/yjh/Doosan/Real_project_ws/Week5/Week5Project_ws/install/boxproject/share/boxproject
[0.967s] running install_egg_info
[0.985s] removing '/home/yjh/Doosan/Real_project_ws/Week5/Week5Project_ws/install/boxproject/lib/python3.10/site-packages/boxproject-0.0.0-py3.10.egg-info' (and everything under it)
[0.985s] Copying ../../build/boxproject/boxproject.egg-info to /home/yjh/Doosan/Real_project_ws/Week5/Week5Project_ws/install/boxproject/lib/python3.10/site-packages/boxproject-0.0.0-py3.10.egg-info
[0.986s] running install_scripts
[1.122s] Installing gui_node script to /home/yjh/Doosan/Real_project_ws/Week5/Week5Project_ws/install/boxproject/lib/boxproject
[1.122s] Installing webcam_node script to /home/yjh/Doosan/Real_project_ws/Week5/Week5Project_ws/install/boxproject/lib/boxproject
[1.122s] writing list of installed files to '/home/yjh/Doosan/Real_project_ws/Week5/Week5Project_ws/build/boxproject/install.log'
[1.148s] Invoked command in '/home/yjh/Doosan/Real_project_ws/Week5/Week5Project_ws/src/boxproject' returned '0': PYTHONPATH=/home/yjh/Doosan/Real_project_ws/Week5/Week5Project_ws/build/boxproject/prefix_override:/usr/lib/python3/dist-packages/colcon_core/task/python/colcon_distutils_commands:/home/yjh/Doosan/Real_project_ws/Week5/Week5Project_ws/install/boxproject/lib/python3.10/site-packages:${PYTHONPATH} /usr/bin/python3 -W ignore:setup.py install is deprecated setup.py egg_info --egg-base ../../build/boxproject build --build-base /home/yjh/Doosan/Real_project_ws/Week5/Week5Project_ws/build/boxproject/build install --record /home/yjh/Doosan/Real_project_ws/Week5/Week5Project_ws/build/boxproject/install.log --single-version-externally-managed install_data
