[0.011s] Invoking command in '/home/yjh/Doosan/Real_project_ws/Week4/B5/build/menu_order_interfaces': CMAKE_PREFIX_PATH=${CMAKE_PREFIX_PATH}:/home/yjh/Doosan/Real_project_ws/Week4/B5/install/menu_order_project:/home/yjh/turtlebot3_ws/install/turtlebot3_teleop:/home/yjh/turtlebot3_ws/install/turtlebot3_example:/opt/ros/humble /usr/bin/cmake --build /home/yjh/Doosan/Real_project_ws/Week4/B5/build/menu_order_interfaces -- -j12 -l12
[0.051s] [35m[1mConsolidate compiler generated dependencies of target menu_order_interfaces__rosidl_generator_c[0m
[0.060s] [  2%] Built target menu_order_interfaces__cpp
[0.063s] [ 12%] Built target menu_order_interfaces__rosidl_generator_c
[0.073s] [35m[1mConsolidate compiler generated dependencies of target menu_order_interfaces__rosidl_typesupport_cpp[0m
[0.073s] [ 12%] Built target ament_cmake_python_copy_menu_order_interfaces
[0.073s] [35m[1mConsolidate compiler generated dependencies of target menu_order_interfaces__rosidl_typesupport_introspection_cpp[0m
[0.075s] [35m[1mConsolidate compiler generated dependencies of target menu_order_interfaces__rosidl_typesupport_fastrtps_cpp[0m
[0.079s] [35m[1mConsolidate compiler generated dependencies of target menu_order_interfaces__rosidl_typesupport_introspection_c[0m
[0.079s] [35m[1mConsolidate compiler generated dependencies of target menu_order_interfaces__rosidl_typesupport_c[0m
[0.080s] [35m[1mConsolidate compiler generated dependencies of target menu_order_interfaces__rosidl_typesupport_fastrtps_c[0m
[0.091s] [ 23%] Built target menu_order_interfaces__rosidl_typesupport_cpp
[0.094s] [ 34%] Built target menu_order_interfaces__rosidl_typesupport_introspection_cpp
[0.094s] [ 55%] Built target menu_order_interfaces__rosidl_typesupport_c
[0.095s] [ 55%] Built target menu_order_interfaces__rosidl_typesupport_introspection_c
[0.096s] [ 65%] Built target menu_order_interfaces__rosidl_typesupport_fastrtps_cpp
[0.102s] [ 76%] Built target menu_order_interfaces__rosidl_typesupport_fastrtps_c
[0.127s] [ 76%] Built target menu_order_interfaces
[0.150s] [ 78%] Built target menu_order_interfaces__py
[0.163s] [35m[1mConsolidate compiler generated dependencies of target menu_order_interfaces__rosidl_generator_py[0m
[0.179s] [ 87%] Built target menu_order_interfaces__rosidl_generator_py
[0.191s] [35m[1mConsolidate compiler generated dependencies of target menu_order_interfaces__rosidl_typesupport_fastrtps_c__pyext[0m
[0.192s] [35m[1mConsolidate compiler generated dependencies of target menu_order_interfaces__rosidl_typesupport_c__pyext[0m
[0.193s] [35m[1mConsolidate compiler generated dependencies of target menu_order_interfaces__rosidl_typesupport_introspection_c__pyext[0m
[0.207s] [ 91%] Built target menu_order_interfaces__rosidl_typesupport_fastrtps_c__pyext
[0.207s] [ 95%] Built target menu_order_interfaces__rosidl_typesupport_c__pyext
[0.210s] [100%] Built target menu_order_interfaces__rosidl_typesupport_introspection_c__pyext
[0.307s] running egg_info
[0.329s] writing menu_order_interfaces.egg-info/PKG-INFO
[0.329s] writing dependency_links to menu_order_interfaces.egg-info/dependency_links.txt
[0.329s] writing top-level names to menu_order_interfaces.egg-info/top_level.txt
[0.390s] reading manifest file 'menu_order_interfaces.egg-info/SOURCES.txt'
[0.391s] writing manifest file 'menu_order_interfaces.egg-info/SOURCES.txt'
[0.416s] [100%] Built target ament_cmake_python_build_menu_order_interfaces_egg
[0.430s] Invoked command in '/home/yjh/Doosan/Real_project_ws/Week4/B5/build/menu_order_interfaces' returned '0': CMAKE_PREFIX_PATH=${CMAKE_PREFIX_PATH}:/home/yjh/Doosan/Real_project_ws/Week4/B5/install/menu_order_project:/home/yjh/turtlebot3_ws/install/turtlebot3_teleop:/home/yjh/turtlebot3_ws/install/turtlebot3_example:/opt/ros/humble /usr/bin/cmake --build /home/yjh/Doosan/Real_project_ws/Week4/B5/build/menu_order_interfaces -- -j12 -l12
[0.546s] Invoking command in '/home/yjh/Doosan/Real_project_ws/Week4/B5/build/menu_order_interfaces': CMAKE_PREFIX_PATH=${CMAKE_PREFIX_PATH}:/home/yjh/Doosan/Real_project_ws/Week4/B5/install/menu_order_project:/home/yjh/turtlebot3_ws/install/turtlebot3_teleop:/home/yjh/turtlebot3_ws/install/turtlebot3_example:/opt/ros/humble /usr/bin/cmake --install /home/yjh/Doosan/Real_project_ws/Week4/B5/build/menu_order_interfaces
[0.555s] -- Install configuration: ""
[0.555s] -- Up-to-date: /home/yjh/Doosan/Real_project_ws/Week4/B5/install/menu_order_interfaces/share/ament_index/resource_index/rosidl_interfaces/menu_order_interfaces
[0.556s] -- Up-to-date: /home/yjh/Doosan/Real_project_ws/Week4/B5/install/menu_order_interfaces/include/menu_order_interfaces/menu_order_interfaces
[0.556s] -- Up-to-date: /home/yjh/Doosan/Real_project_ws/Week4/B5/install/menu_order_interfaces/include/menu_order_interfaces/menu_order_interfaces/action
[0.556s] -- Up-to-date: /home/yjh/Doosan/Real_project_ws/Week4/B5/install/menu_order_interfaces/include/menu_order_interfaces/menu_order_interfaces/action/detail
[0.556s] -- Up-to-date: /home/yjh/Doosan/Real_project_ws/Week4/B5/install/menu_order_interfaces/include/menu_order_interfaces/menu_order_interfaces/action/detail/serve__functions.c
[0.556s] -- Up-to-date: /home/yjh/Doosan/Real_project_ws/Week4/B5/install/menu_order_interfaces/include/menu_order_interfaces/menu_order_interfaces/action/detail/serve__type_support.h
[0.556s] -- Up-to-date: /home/yjh/Doosan/Real_project_ws/Week4/B5/install/menu_order_interfaces/include/menu_order_interfaces/menu_order_interfaces/action/detail/serve__functions.h
[0.556s] -- Up-to-date: /home/yjh/Doosan/Real_project_ws/Week4/B5/install/menu_order_interfaces/include/menu_order_interfaces/menu_order_interfaces/action/detail/serve__struct.h
[0.556s] -- Up-to-date: /home/yjh/Doosan/Real_project_ws/Week4/B5/install/menu_order_interfaces/include/menu_order_interfaces/menu_order_interfaces/action/serve.h
[0.556s] -- Up-to-date: /home/yjh/Doosan/Real_project_ws/Week4/B5/install/menu_order_interfaces/include/menu_order_interfaces/menu_order_interfaces/srv
[0.556s] -- Up-to-date: /home/yjh/Doosan/Real_project_ws/Week4/B5/install/menu_order_interfaces/include/menu_order_interfaces/menu_order_interfaces/srv/detail
[0.556s] -- Up-to-date: /home/yjh/Doosan/Real_project_ws/Week4/B5/install/menu_order_interfaces/include/menu_order_interfaces/menu_order_interfaces/srv/detail/menu_update__struct.h
[0.556s] -- Up-to-date: /home/yjh/Doosan/Real_project_ws/Week4/B5/install/menu_order_interfaces/include/menu_order_interfaces/menu_order_interfaces/srv/detail/menu_update__functions.c
[0.557s] -- Up-to-date: /home/yjh/Doosan/Real_project_ws/Week4/B5/install/menu_order_interfaces/include/menu_order_interfaces/menu_order_interfaces/srv/detail/menu_update__functions.h
[0.557s] -- Up-to-date: /home/yjh/Doosan/Real_project_ws/Week4/B5/install/menu_order_interfaces/include/menu_order_interfaces/menu_order_interfaces/srv/detail/menu_update__type_support.h
[0.557s] -- Up-to-date: /home/yjh/Doosan/Real_project_ws/Week4/B5/install/menu_order_interfaces/include/menu_order_interfaces/menu_order_interfaces/srv/menu_update.h
[0.557s] -- Up-to-date: /home/yjh/Doosan/Real_project_ws/Week4/B5/install/menu_order_interfaces/include/menu_order_interfaces/menu_order_interfaces/msg
[0.557s] -- Up-to-date: /home/yjh/Doosan/Real_project_ws/Week4/B5/install/menu_order_interfaces/include/menu_order_interfaces/menu_order_interfaces/msg/detail
[0.557s] -- Up-to-date: /home/yjh/Doosan/Real_project_ws/Week4/B5/install/menu_order_interfaces/include/menu_order_interfaces/menu_order_interfaces/msg/detail/order__type_support.h
[0.557s] -- Up-to-date: /home/yjh/Doosan/Real_project_ws/Week4/B5/install/menu_order_interfaces/include/menu_order_interfaces/menu_order_interfaces/msg/detail/order__functions.c
[0.557s] -- Up-to-date: /home/yjh/Doosan/Real_project_ws/Week4/B5/install/menu_order_interfaces/include/menu_order_interfaces/menu_order_interfaces/msg/detail/order__struct.h
[0.557s] -- Up-to-date: /home/yjh/Doosan/Real_project_ws/Week4/B5/install/menu_order_interfaces/include/menu_order_interfaces/menu_order_interfaces/msg/detail/order__functions.h
[0.557s] -- Up-to-date: /home/yjh/Doosan/Real_project_ws/Week4/B5/install/menu_order_interfaces/include/menu_order_interfaces/menu_order_interfaces/msg/order.h
[0.557s] -- Up-to-date: /home/yjh/Doosan/Real_project_ws/Week4/B5/install/menu_order_interfaces/include/menu_order_interfaces/menu_order_interfaces/msg/rosidl_generator_c__visibility_control.h
[0.557s] -- Up-to-date: /home/yjh/Doosan/Real_project_ws/Week4/B5/install/menu_order_interfaces/share/menu_order_interfaces/environment/library_path.sh
[0.557s] -- Up-to-date: /home/yjh/Doosan/Real_project_ws/Week4/B5/install/menu_order_interfaces/share/menu_order_interfaces/environment/library_path.dsv
[0.557s] -- Up-to-date: /home/yjh/Doosan/Real_project_ws/Week4/B5/install/menu_order_interfaces/lib/libmenu_order_interfaces__rosidl_generator_c.so
[0.558s] -- Up-to-date: /home/yjh/Doosan/Real_project_ws/Week4/B5/install/menu_order_interfaces/include/menu_order_interfaces/menu_order_interfaces
[0.558s] -- Up-to-date: /home/yjh/Doosan/Real_project_ws/Week4/B5/install/menu_order_interfaces/include/menu_order_interfaces/menu_order_interfaces/action
[0.558s] -- Up-to-date: /home/yjh/Doosan/Real_project_ws/Week4/B5/install/menu_order_interfaces/include/menu_order_interfaces/menu_order_interfaces/action/detail
[0.558s] -- Up-to-date: /home/yjh/Doosan/Real_project_ws/Week4/B5/install/menu_order_interfaces/include/menu_order_interfaces/menu_order_interfaces/action/detail/serve__rosidl_typesupport_fastrtps_c.h
[0.558s] -- Up-to-date: /home/yjh/Doosan/Real_project_ws/Week4/B5/install/menu_order_interfaces/include/menu_order_interfaces/menu_order_interfaces/srv
[0.558s] -- Up-to-date: /home/yjh/Doosan/Real_project_ws/Week4/B5/install/menu_order_interfaces/include/menu_order_interfaces/menu_order_interfaces/srv/detail
[0.558s] -- Up-to-date: /home/yjh/Doosan/Real_project_ws/Week4/B5/install/menu_order_interfaces/include/menu_order_interfaces/menu_order_interfaces/srv/detail/menu_update__rosidl_typesupport_fastrtps_c.h
[0.558s] -- Up-to-date: /home/yjh/Doosan/Real_project_ws/Week4/B5/install/menu_order_interfaces/include/menu_order_interfaces/menu_order_interfaces/msg
[0.558s] -- Up-to-date: /home/yjh/Doosan/Real_project_ws/Week4/B5/install/menu_order_interfaces/include/menu_order_interfaces/menu_order_interfaces/msg/detail
[0.558s] -- Up-to-date: /home/yjh/Doosan/Real_project_ws/Week4/B5/install/menu_order_interfaces/include/menu_order_interfaces/menu_order_interfaces/msg/detail/order__rosidl_typesupport_fastrtps_c.h
[0.558s] -- Up-to-date: /home/yjh/Doosan/Real_project_ws/Week4/B5/install/menu_order_interfaces/include/menu_order_interfaces/menu_order_interfaces/msg/rosidl_typesupport_fastrtps_c__visibility_control.h
[0.558s] -- Up-to-date: /home/yjh/Doosan/Real_project_ws/Week4/B5/install/menu_order_interfaces/lib/libmenu_order_interfaces__rosidl_typesupport_fastrtps_c.so
[0.558s] -- Up-to-date: /home/yjh/Doosan/Real_project_ws/Week4/B5/install/menu_order_interfaces/include/menu_order_interfaces/menu_order_interfaces
[0.559s] -- Up-to-date: /home/yjh/Doosan/Real_project_ws/Week4/B5/install/menu_order_interfaces/include/menu_order_interfaces/menu_order_interfaces/action
[0.559s] -- Up-to-date: /home/yjh/Doosan/Real_project_ws/Week4/B5/install/menu_order_interfaces/include/menu_order_interfaces/menu_order_interfaces/action/detail
[0.559s] -- Up-to-date: /home/yjh/Doosan/Real_project_ws/Week4/B5/install/menu_order_interfaces/include/menu_order_interfaces/menu_order_interfaces/action/detail/serve__rosidl_typesupport_introspection_c.h
[0.559s] -- Up-to-date: /home/yjh/Doosan/Real_project_ws/Week4/B5/install/menu_order_interfaces/include/menu_order_interfaces/menu_order_interfaces/action/detail/serve__type_support.c
[0.559s] -- Up-to-date: /home/yjh/Doosan/Real_project_ws/Week4/B5/install/menu_order_interfaces/include/menu_order_interfaces/menu_order_interfaces/srv
[0.559s] -- Up-to-date: /home/yjh/Doosan/Real_project_ws/Week4/B5/install/menu_order_interfaces/include/menu_order_interfaces/menu_order_interfaces/srv/detail
[0.559s] -- Up-to-date: /home/yjh/Doosan/Real_project_ws/Week4/B5/install/menu_order_interfaces/include/menu_order_interfaces/menu_order_interfaces/srv/detail/menu_update__type_support.c
[0.559s] -- Up-to-date: /home/yjh/Doosan/Real_project_ws/Week4/B5/install/menu_order_interfaces/include/menu_order_interfaces/menu_order_interfaces/srv/detail/menu_update__rosidl_typesupport_introspection_c.h
[0.559s] -- Up-to-date: /home/yjh/Doosan/Real_project_ws/Week4/B5/install/menu_order_interfaces/include/menu_order_interfaces/menu_order_interfaces/msg
[0.559s] -- Up-to-date: /home/yjh/Doosan/Real_project_ws/Week4/B5/install/menu_order_interfaces/include/menu_order_interfaces/menu_order_interfaces/msg/detail
[0.559s] -- Up-to-date: /home/yjh/Doosan/Real_project_ws/Week4/B5/install/menu_order_interfaces/include/menu_order_interfaces/menu_order_interfaces/msg/detail/order__rosidl_typesupport_introspection_c.h
[0.559s] -- Up-to-date: /home/yjh/Doosan/Real_project_ws/Week4/B5/install/menu_order_interfaces/include/menu_order_interfaces/menu_order_interfaces/msg/detail/order__type_support.c
[0.560s] -- Up-to-date: /home/yjh/Doosan/Real_project_ws/Week4/B5/install/menu_order_interfaces/include/menu_order_interfaces/menu_order_interfaces/msg/rosidl_typesupport_introspection_c__visibility_control.h
[0.560s] -- Up-to-date: /home/yjh/Doosan/Real_project_ws/Week4/B5/install/menu_order_interfaces/lib/libmenu_order_interfaces__rosidl_typesupport_introspection_c.so
[0.560s] -- Up-to-date: /home/yjh/Doosan/Real_project_ws/Week4/B5/install/menu_order_interfaces/lib/libmenu_order_interfaces__rosidl_typesupport_c.so
[0.560s] -- Up-to-date: /home/yjh/Doosan/Real_project_ws/Week4/B5/install/menu_order_interfaces/include/menu_order_interfaces/menu_order_interfaces
[0.560s] -- Up-to-date: /home/yjh/Doosan/Real_project_ws/Week4/B5/install/menu_order_interfaces/include/menu_order_interfaces/menu_order_interfaces/action
[0.560s] -- Up-to-date: /home/yjh/Doosan/Real_project_ws/Week4/B5/install/menu_order_interfaces/include/menu_order_interfaces/menu_order_interfaces/action/detail
[0.560s] -- Up-to-date: /home/yjh/Doosan/Real_project_ws/Week4/B5/install/menu_order_interfaces/include/menu_order_interfaces/menu_order_interfaces/action/detail/serve__struct.hpp
[0.560s] -- Up-to-date: /home/yjh/Doosan/Real_project_ws/Week4/B5/install/menu_order_interfaces/include/menu_order_interfaces/menu_order_interfaces/action/detail/serve__traits.hpp
[0.560s] -- Up-to-date: /home/yjh/Doosan/Real_project_ws/Week4/B5/install/menu_order_interfaces/include/menu_order_interfaces/menu_order_interfaces/action/detail/serve__builder.hpp
[0.560s] -- Up-to-date: /home/yjh/Doosan/Real_project_ws/Week4/B5/install/menu_order_interfaces/include/menu_order_interfaces/menu_order_interfaces/action/serve.hpp
[0.560s] -- Up-to-date: /home/yjh/Doosan/Real_project_ws/Week4/B5/install/menu_order_interfaces/include/menu_order_interfaces/menu_order_interfaces/srv
[0.560s] -- Up-to-date: /home/yjh/Doosan/Real_project_ws/Week4/B5/install/menu_order_interfaces/include/menu_order_interfaces/menu_order_interfaces/srv/detail
[0.560s] -- Up-to-date: /home/yjh/Doosan/Real_project_ws/Week4/B5/install/menu_order_interfaces/include/menu_order_interfaces/menu_order_interfaces/srv/detail/menu_update__struct.hpp
[0.561s] -- Up-to-date: /home/yjh/Doosan/Real_project_ws/Week4/B5/install/menu_order_interfaces/include/menu_order_interfaces/menu_order_interfaces/srv/detail/menu_update__builder.hpp
[0.561s] -- Up-to-date: /home/yjh/Doosan/Real_project_ws/Week4/B5/install/menu_order_interfaces/include/menu_order_interfaces/menu_order_interfaces/srv/detail/menu_update__traits.hpp
[0.561s] -- Up-to-date: /home/yjh/Doosan/Real_project_ws/Week4/B5/install/menu_order_interfaces/include/menu_order_interfaces/menu_order_interfaces/srv/menu_update.hpp
[0.561s] -- Up-to-date: /home/yjh/Doosan/Real_project_ws/Week4/B5/install/menu_order_interfaces/include/menu_order_interfaces/menu_order_interfaces/msg
[0.561s] -- Up-to-date: /home/yjh/Doosan/Real_project_ws/Week4/B5/install/menu_order_interfaces/include/menu_order_interfaces/menu_order_interfaces/msg/detail
[0.561s] -- Up-to-date: /home/yjh/Doosan/Real_project_ws/Week4/B5/install/menu_order_interfaces/include/menu_order_interfaces/menu_order_interfaces/msg/detail/order__struct.hpp
[0.561s] -- Up-to-date: /home/yjh/Doosan/Real_project_ws/Week4/B5/install/menu_order_interfaces/include/menu_order_interfaces/menu_order_interfaces/msg/detail/order__builder.hpp
[0.561s] -- Up-to-date: /home/yjh/Doosan/Real_project_ws/Week4/B5/install/menu_order_interfaces/include/menu_order_interfaces/menu_order_interfaces/msg/detail/order__traits.hpp
[0.561s] -- Up-to-date: /home/yjh/Doosan/Real_project_ws/Week4/B5/install/menu_order_interfaces/include/menu_order_interfaces/menu_order_interfaces/msg/order.hpp
[0.561s] -- Up-to-date: /home/yjh/Doosan/Real_project_ws/Week4/B5/install/menu_order_interfaces/include/menu_order_interfaces/menu_order_interfaces
[0.561s] -- Up-to-date: /home/yjh/Doosan/Real_project_ws/Week4/B5/install/menu_order_interfaces/include/menu_order_interfaces/menu_order_interfaces/action
[0.561s] -- Up-to-date: /home/yjh/Doosan/Real_project_ws/Week4/B5/install/menu_order_interfaces/include/menu_order_interfaces/menu_order_interfaces/action/detail
[0.561s] -- Up-to-date: /home/yjh/Doosan/Real_project_ws/Week4/B5/install/menu_order_interfaces/include/menu_order_interfaces/menu_order_interfaces/action/detail/dds_fastrtps
[0.562s] -- Up-to-date: /home/yjh/Doosan/Real_project_ws/Week4/B5/install/menu_order_interfaces/include/menu_order_interfaces/menu_order_interfaces/action/detail/serve__rosidl_typesupport_fastrtps_cpp.hpp
[0.562s] -- Up-to-date: /home/yjh/Doosan/Real_project_ws/Week4/B5/install/menu_order_interfaces/include/menu_order_interfaces/menu_order_interfaces/srv
[0.562s] -- Up-to-date: /home/yjh/Doosan/Real_project_ws/Week4/B5/install/menu_order_interfaces/include/menu_order_interfaces/menu_order_interfaces/srv/detail
[0.562s] -- Up-to-date: /home/yjh/Doosan/Real_project_ws/Week4/B5/install/menu_order_interfaces/include/menu_order_interfaces/menu_order_interfaces/srv/detail/menu_update__rosidl_typesupport_fastrtps_cpp.hpp
[0.562s] -- Up-to-date: /home/yjh/Doosan/Real_project_ws/Week4/B5/install/menu_order_interfaces/include/menu_order_interfaces/menu_order_interfaces/srv/detail/dds_fastrtps
[0.562s] -- Up-to-date: /home/yjh/Doosan/Real_project_ws/Week4/B5/install/menu_order_interfaces/include/menu_order_interfaces/menu_order_interfaces/msg
[0.562s] -- Up-to-date: /home/yjh/Doosan/Real_project_ws/Week4/B5/install/menu_order_interfaces/include/menu_order_interfaces/menu_order_interfaces/msg/detail
[0.562s] -- Up-to-date: /home/yjh/Doosan/Real_project_ws/Week4/B5/install/menu_order_interfaces/include/menu_order_interfaces/menu_order_interfaces/msg/detail/dds_fastrtps
[0.562s] -- Up-to-date: /home/yjh/Doosan/Real_project_ws/Week4/B5/install/menu_order_interfaces/include/menu_order_interfaces/menu_order_interfaces/msg/detail/order__rosidl_typesupport_fastrtps_cpp.hpp
[0.562s] -- Up-to-date: /home/yjh/Doosan/Real_project_ws/Week4/B5/install/menu_order_interfaces/include/menu_order_interfaces/menu_order_interfaces/msg/rosidl_typesupport_fastrtps_cpp__visibility_control.h
[0.562s] -- Up-to-date: /home/yjh/Doosan/Real_project_ws/Week4/B5/install/menu_order_interfaces/lib/libmenu_order_interfaces__rosidl_typesupport_fastrtps_cpp.so
[0.562s] -- Up-to-date: /home/yjh/Doosan/Real_project_ws/Week4/B5/install/menu_order_interfaces/include/menu_order_interfaces/menu_order_interfaces
[0.562s] -- Up-to-date: /home/yjh/Doosan/Real_project_ws/Week4/B5/install/menu_order_interfaces/include/menu_order_interfaces/menu_order_interfaces/action
[0.562s] -- Up-to-date: /home/yjh/Doosan/Real_project_ws/Week4/B5/install/menu_order_interfaces/include/menu_order_interfaces/menu_order_interfaces/action/detail
[0.562s] -- Up-to-date: /home/yjh/Doosan/Real_project_ws/Week4/B5/install/menu_order_interfaces/include/menu_order_interfaces/menu_order_interfaces/action/detail/serve__rosidl_typesupport_introspection_cpp.hpp
[0.563s] -- Up-to-date: /home/yjh/Doosan/Real_project_ws/Week4/B5/install/menu_order_interfaces/include/menu_order_interfaces/menu_order_interfaces/action/detail/serve__type_support.cpp
[0.563s] -- Up-to-date: /home/yjh/Doosan/Real_project_ws/Week4/B5/install/menu_order_interfaces/include/menu_order_interfaces/menu_order_interfaces/srv
[0.563s] -- Up-to-date: /home/yjh/Doosan/Real_project_ws/Week4/B5/install/menu_order_interfaces/include/menu_order_interfaces/menu_order_interfaces/srv/detail
[0.563s] -- Up-to-date: /home/yjh/Doosan/Real_project_ws/Week4/B5/install/menu_order_interfaces/include/menu_order_interfaces/menu_order_interfaces/srv/detail/menu_update__rosidl_typesupport_introspection_cpp.hpp
[0.563s] -- Up-to-date: /home/yjh/Doosan/Real_project_ws/Week4/B5/install/menu_order_interfaces/include/menu_order_interfaces/menu_order_interfaces/srv/detail/menu_update__type_support.cpp
[0.563s] -- Up-to-date: /home/yjh/Doosan/Real_project_ws/Week4/B5/install/menu_order_interfaces/include/menu_order_interfaces/menu_order_interfaces/msg
[0.563s] -- Up-to-date: /home/yjh/Doosan/Real_project_ws/Week4/B5/install/menu_order_interfaces/include/menu_order_interfaces/menu_order_interfaces/msg/detail
[0.563s] -- Up-to-date: /home/yjh/Doosan/Real_project_ws/Week4/B5/install/menu_order_interfaces/include/menu_order_interfaces/menu_order_interfaces/msg/detail/order__rosidl_typesupport_introspection_cpp.hpp
[0.563s] -- Up-to-date: /home/yjh/Doosan/Real_project_ws/Week4/B5/install/menu_order_interfaces/include/menu_order_interfaces/menu_order_interfaces/msg/detail/order__type_support.cpp
[0.563s] -- Up-to-date: /home/yjh/Doosan/Real_project_ws/Week4/B5/install/menu_order_interfaces/lib/libmenu_order_interfaces__rosidl_typesupport_introspection_cpp.so
[0.563s] -- Up-to-date: /home/yjh/Doosan/Real_project_ws/Week4/B5/install/menu_order_interfaces/lib/libmenu_order_interfaces__rosidl_typesupport_cpp.so
[0.563s] -- Up-to-date: /home/yjh/Doosan/Real_project_ws/Week4/B5/install/menu_order_interfaces/share/menu_order_interfaces/environment/pythonpath.sh
[0.563s] -- Up-to-date: /home/yjh/Doosan/Real_project_ws/Week4/B5/install/menu_order_interfaces/share/menu_order_interfaces/environment/pythonpath.dsv
[0.563s] -- Up-to-date: /home/yjh/Doosan/Real_project_ws/Week4/B5/install/menu_order_interfaces/local/lib/python3.10/dist-packages/menu_order_interfaces-0.0.0-py3.10.egg-info
[0.563s] -- Installing: /home/yjh/Doosan/Real_project_ws/Week4/B5/install/menu_order_interfaces/local/lib/python3.10/dist-packages/menu_order_interfaces-0.0.0-py3.10.egg-info/dependency_links.txt
[0.563s] -- Installing: /home/yjh/Doosan/Real_project_ws/Week4/B5/install/menu_order_interfaces/local/lib/python3.10/dist-packages/menu_order_interfaces-0.0.0-py3.10.egg-info/PKG-INFO
[0.564s] -- Installing: /home/yjh/Doosan/Real_project_ws/Week4/B5/install/menu_order_interfaces/local/lib/python3.10/dist-packages/menu_order_interfaces-0.0.0-py3.10.egg-info/top_level.txt
[0.564s] -- Installing: /home/yjh/Doosan/Real_project_ws/Week4/B5/install/menu_order_interfaces/local/lib/python3.10/dist-packages/menu_order_interfaces-0.0.0-py3.10.egg-info/SOURCES.txt
[0.564s] -- Up-to-date: /home/yjh/Doosan/Real_project_ws/Week4/B5/install/menu_order_interfaces/local/lib/python3.10/dist-packages/menu_order_interfaces
[0.564s] -- Up-to-date: /home/yjh/Doosan/Real_project_ws/Week4/B5/install/menu_order_interfaces/local/lib/python3.10/dist-packages/menu_order_interfaces/_menu_order_interfaces_s.ep.rosidl_typesupport_fastrtps_c.c
[0.564s] -- Up-to-date: /home/yjh/Doosan/Real_project_ws/Week4/B5/install/menu_order_interfaces/local/lib/python3.10/dist-packages/menu_order_interfaces/menu_order_interfaces_s__rosidl_typesupport_fastrtps_c.cpython-310-x86_64-linux-gnu.so
[0.564s] -- Up-to-date: /home/yjh/Doosan/Real_project_ws/Week4/B5/install/menu_order_interfaces/local/lib/python3.10/dist-packages/menu_order_interfaces/__init__.py
[0.564s] -- Up-to-date: /home/yjh/Doosan/Real_project_ws/Week4/B5/install/menu_order_interfaces/local/lib/python3.10/dist-packages/menu_order_interfaces/action
[0.564s] -- Up-to-date: /home/yjh/Doosan/Real_project_ws/Week4/B5/install/menu_order_interfaces/local/lib/python3.10/dist-packages/menu_order_interfaces/action/_serve.py
[0.564s] -- Up-to-date: /home/yjh/Doosan/Real_project_ws/Week4/B5/install/menu_order_interfaces/local/lib/python3.10/dist-packages/menu_order_interfaces/action/_serve_s.c
[0.564s] -- Up-to-date: /home/yjh/Doosan/Real_project_ws/Week4/B5/install/menu_order_interfaces/local/lib/python3.10/dist-packages/menu_order_interfaces/action/__init__.py
[0.564s] -- Up-to-date: /home/yjh/Doosan/Real_project_ws/Week4/B5/install/menu_order_interfaces/local/lib/python3.10/dist-packages/menu_order_interfaces/srv
[0.564s] -- Up-to-date: /home/yjh/Doosan/Real_project_ws/Week4/B5/install/menu_order_interfaces/local/lib/python3.10/dist-packages/menu_order_interfaces/srv/_menu_update.py
[0.564s] -- Up-to-date: /home/yjh/Doosan/Real_project_ws/Week4/B5/install/menu_order_interfaces/local/lib/python3.10/dist-packages/menu_order_interfaces/srv/__init__.py
[0.565s] -- Up-to-date: /home/yjh/Doosan/Real_project_ws/Week4/B5/install/menu_order_interfaces/local/lib/python3.10/dist-packages/menu_order_interfaces/srv/_menu_update_s.c
[0.565s] -- Up-to-date: /home/yjh/Doosan/Real_project_ws/Week4/B5/install/menu_order_interfaces/local/lib/python3.10/dist-packages/menu_order_interfaces/msg
[0.565s] -- Up-to-date: /home/yjh/Doosan/Real_project_ws/Week4/B5/install/menu_order_interfaces/local/lib/python3.10/dist-packages/menu_order_interfaces/msg/_order_s.c
[0.565s] -- Up-to-date: /home/yjh/Doosan/Real_project_ws/Week4/B5/install/menu_order_interfaces/local/lib/python3.10/dist-packages/menu_order_interfaces/msg/__init__.py
[0.565s] -- Up-to-date: /home/yjh/Doosan/Real_project_ws/Week4/B5/install/menu_order_interfaces/local/lib/python3.10/dist-packages/menu_order_interfaces/msg/_order.py
[0.565s] -- Up-to-date: /home/yjh/Doosan/Real_project_ws/Week4/B5/install/menu_order_interfaces/local/lib/python3.10/dist-packages/menu_order_interfaces/_menu_order_interfaces_s.ep.rosidl_typesupport_c.c
[0.565s] -- Up-to-date: /home/yjh/Doosan/Real_project_ws/Week4/B5/install/menu_order_interfaces/local/lib/python3.10/dist-packages/menu_order_interfaces/menu_order_interfaces_s__rosidl_typesupport_introspection_c.cpython-310-x86_64-linux-gnu.so
[0.565s] -- Up-to-date: /home/yjh/Doosan/Real_project_ws/Week4/B5/install/menu_order_interfaces/local/lib/python3.10/dist-packages/menu_order_interfaces/libmenu_order_interfaces__rosidl_generator_py.so
[0.565s] -- Up-to-date: /home/yjh/Doosan/Real_project_ws/Week4/B5/install/menu_order_interfaces/local/lib/python3.10/dist-packages/menu_order_interfaces/menu_order_interfaces_s__rosidl_typesupport_c.cpython-310-x86_64-linux-gnu.so
[0.565s] -- Up-to-date: /home/yjh/Doosan/Real_project_ws/Week4/B5/install/menu_order_interfaces/local/lib/python3.10/dist-packages/menu_order_interfaces/_menu_order_interfaces_s.ep.rosidl_typesupport_introspection_c.c
[0.595s] Listing '/home/yjh/Doosan/Real_project_ws/Week4/B5/install/menu_order_interfaces/local/lib/python3.10/dist-packages/menu_order_interfaces'...
[0.596s] Listing '/home/yjh/Doosan/Real_project_ws/Week4/B5/install/menu_order_interfaces/local/lib/python3.10/dist-packages/menu_order_interfaces/action'...
[0.596s] Listing '/home/yjh/Doosan/Real_project_ws/Week4/B5/install/menu_order_interfaces/local/lib/python3.10/dist-packages/menu_order_interfaces/msg'...
[0.596s] Listing '/home/yjh/Doosan/Real_project_ws/Week4/B5/install/menu_order_interfaces/local/lib/python3.10/dist-packages/menu_order_interfaces/srv'...
[0.599s] -- Up-to-date: /home/yjh/Doosan/Real_project_ws/Week4/B5/install/menu_order_interfaces/local/lib/python3.10/dist-packages/menu_order_interfaces/menu_order_interfaces_s__rosidl_typesupport_fastrtps_c.cpython-310-x86_64-linux-gnu.so
[0.600s] -- Up-to-date: /home/yjh/Doosan/Real_project_ws/Week4/B5/install/menu_order_interfaces/local/lib/python3.10/dist-packages/menu_order_interfaces/menu_order_interfaces_s__rosidl_typesupport_introspection_c.cpython-310-x86_64-linux-gnu.so
[0.600s] -- Up-to-date: /home/yjh/Doosan/Real_project_ws/Week4/B5/install/menu_order_interfaces/local/lib/python3.10/dist-packages/menu_order_interfaces/menu_order_interfaces_s__rosidl_typesupport_c.cpython-310-x86_64-linux-gnu.so
[0.601s] -- Up-to-date: /home/yjh/Doosan/Real_project_ws/Week4/B5/install/menu_order_interfaces/lib/libmenu_order_interfaces__rosidl_generator_py.so
[0.601s] -- Up-to-date: /home/yjh/Doosan/Real_project_ws/Week4/B5/install/menu_order_interfaces/share/menu_order_interfaces/msg/Order.idl
[0.601s] -- Up-to-date: /home/yjh/Doosan/Real_project_ws/Week4/B5/install/menu_order_interfaces/share/menu_order_interfaces/srv/MenuUpdate.idl
[0.601s] -- Up-to-date: /home/yjh/Doosan/Real_project_ws/Week4/B5/install/menu_order_interfaces/share/menu_order_interfaces/action/Serve.idl
[0.601s] -- Up-to-date: /home/yjh/Doosan/Real_project_ws/Week4/B5/install/menu_order_interfaces/share/menu_order_interfaces/msg/Order.msg
[0.601s] -- Up-to-date: /home/yjh/Doosan/Real_project_ws/Week4/B5/install/menu_order_interfaces/share/menu_order_interfaces/srv/MenuUpdate.srv
[0.602s] -- Up-to-date: /home/yjh/Doosan/Real_project_ws/Week4/B5/install/menu_order_interfaces/share/menu_order_interfaces/srv/MenuUpdate_Request.msg
[0.602s] -- Up-to-date: /home/yjh/Doosan/Real_project_ws/Week4/B5/install/menu_order_interfaces/share/menu_order_interfaces/srv/MenuUpdate_Response.msg
[0.602s] -- Up-to-date: /home/yjh/Doosan/Real_project_ws/Week4/B5/install/menu_order_interfaces/share/menu_order_interfaces/action/Serve.action
[0.602s] -- Up-to-date: /home/yjh/Doosan/Real_project_ws/Week4/B5/install/menu_order_interfaces/share/ament_index/resource_index/package_run_dependencies/menu_order_interfaces
[0.602s] -- Up-to-date: /home/yjh/Doosan/Real_project_ws/Week4/B5/install/menu_order_interfaces/share/ament_index/resource_index/parent_prefix_path/menu_order_interfaces
[0.602s] -- Up-to-date: /home/yjh/Doosan/Real_project_ws/Week4/B5/install/menu_order_interfaces/share/menu_order_interfaces/environment/ament_prefix_path.sh
[0.602s] -- Up-to-date: /home/yjh/Doosan/Real_project_ws/Week4/B5/install/menu_order_interfaces/share/menu_order_interfaces/environment/ament_prefix_path.dsv
[0.602s] -- Up-to-date: /home/yjh/Doosan/Real_project_ws/Week4/B5/install/menu_order_interfaces/share/menu_order_interfaces/environment/path.sh
[0.602s] -- Up-to-date: /home/yjh/Doosan/Real_project_ws/Week4/B5/install/menu_order_interfaces/share/menu_order_interfaces/environment/path.dsv
[0.602s] -- Up-to-date: /home/yjh/Doosan/Real_project_ws/Week4/B5/install/menu_order_interfaces/share/menu_order_interfaces/local_setup.bash
[0.602s] -- Up-to-date: /home/yjh/Doosan/Real_project_ws/Week4/B5/install/menu_order_interfaces/share/menu_order_interfaces/local_setup.sh
[0.603s] -- Up-to-date: /home/yjh/Doosan/Real_project_ws/Week4/B5/install/menu_order_interfaces/share/menu_order_interfaces/local_setup.zsh
[0.603s] -- Up-to-date: /home/yjh/Doosan/Real_project_ws/Week4/B5/install/menu_order_interfaces/share/menu_order_interfaces/local_setup.dsv
[0.603s] -- Installing: /home/yjh/Doosan/Real_project_ws/Week4/B5/install/menu_order_interfaces/share/menu_order_interfaces/package.dsv
[0.603s] -- Up-to-date: /home/yjh/Doosan/Real_project_ws/Week4/B5/install/menu_order_interfaces/share/ament_index/resource_index/packages/menu_order_interfaces
[0.603s] -- Up-to-date: /home/yjh/Doosan/Real_project_ws/Week4/B5/install/menu_order_interfaces/share/menu_order_interfaces/cmake/export_menu_order_interfaces__rosidl_generator_cExport.cmake
[0.603s] -- Up-to-date: /home/yjh/Doosan/Real_project_ws/Week4/B5/install/menu_order_interfaces/share/menu_order_interfaces/cmake/export_menu_order_interfaces__rosidl_generator_cExport-noconfig.cmake
[0.603s] -- Up-to-date: /home/yjh/Doosan/Real_project_ws/Week4/B5/install/menu_order_interfaces/share/menu_order_interfaces/cmake/export_menu_order_interfaces__rosidl_typesupport_fastrtps_cExport.cmake
[0.603s] -- Up-to-date: /home/yjh/Doosan/Real_project_ws/Week4/B5/install/menu_order_interfaces/share/menu_order_interfaces/cmake/export_menu_order_interfaces__rosidl_typesupport_fastrtps_cExport-noconfig.cmake
[0.603s] -- Up-to-date: /home/yjh/Doosan/Real_project_ws/Week4/B5/install/menu_order_interfaces/share/menu_order_interfaces/cmake/menu_order_interfaces__rosidl_typesupport_introspection_cExport.cmake
[0.603s] -- Up-to-date: /home/yjh/Doosan/Real_project_ws/Week4/B5/install/menu_order_interfaces/share/menu_order_interfaces/cmake/menu_order_interfaces__rosidl_typesupport_introspection_cExport-noconfig.cmake
[0.603s] -- Up-to-date: /home/yjh/Doosan/Real_project_ws/Week4/B5/install/menu_order_interfaces/share/menu_order_interfaces/cmake/menu_order_interfaces__rosidl_typesupport_cExport.cmake
[0.603s] -- Up-to-date: /home/yjh/Doosan/Real_project_ws/Week4/B5/install/menu_order_interfaces/share/menu_order_interfaces/cmake/menu_order_interfaces__rosidl_typesupport_cExport-noconfig.cmake
[0.604s] -- Up-to-date: /home/yjh/Doosan/Real_project_ws/Week4/B5/install/menu_order_interfaces/share/menu_order_interfaces/cmake/export_menu_order_interfaces__rosidl_generator_cppExport.cmake
[0.604s] -- Up-to-date: /home/yjh/Doosan/Real_project_ws/Week4/B5/install/menu_order_interfaces/share/menu_order_interfaces/cmake/export_menu_order_interfaces__rosidl_typesupport_fastrtps_cppExport.cmake
[0.604s] -- Up-to-date: /home/yjh/Doosan/Real_project_ws/Week4/B5/install/menu_order_interfaces/share/menu_order_interfaces/cmake/export_menu_order_interfaces__rosidl_typesupport_fastrtps_cppExport-noconfig.cmake
[0.604s] -- Up-to-date: /home/yjh/Doosan/Real_project_ws/Week4/B5/install/menu_order_interfaces/share/menu_order_interfaces/cmake/menu_order_interfaces__rosidl_typesupport_introspection_cppExport.cmake
[0.604s] -- Up-to-date: /home/yjh/Doosan/Real_project_ws/Week4/B5/install/menu_order_interfaces/share/menu_order_interfaces/cmake/menu_order_interfaces__rosidl_typesupport_introspection_cppExport-noconfig.cmake
[0.604s] -- Up-to-date: /home/yjh/Doosan/Real_project_ws/Week4/B5/install/menu_order_interfaces/share/menu_order_interfaces/cmake/menu_order_interfaces__rosidl_typesupport_cppExport.cmake
[0.604s] -- Up-to-date: /home/yjh/Doosan/Real_project_ws/Week4/B5/install/menu_order_interfaces/share/menu_order_interfaces/cmake/menu_order_interfaces__rosidl_typesupport_cppExport-noconfig.cmake
[0.604s] -- Up-to-date: /home/yjh/Doosan/Real_project_ws/Week4/B5/install/menu_order_interfaces/share/menu_order_interfaces/cmake/export_menu_order_interfaces__rosidl_generator_pyExport.cmake
[0.604s] -- Up-to-date: /home/yjh/Doosan/Real_project_ws/Week4/B5/install/menu_order_interfaces/share/menu_order_interfaces/cmake/export_menu_order_interfaces__rosidl_generator_pyExport-noconfig.cmake
[0.604s] -- Up-to-date: /home/yjh/Doosan/Real_project_ws/Week4/B5/install/menu_order_interfaces/share/menu_order_interfaces/cmake/rosidl_cmake-extras.cmake
[0.604s] -- Up-to-date: /home/yjh/Doosan/Real_project_ws/Week4/B5/install/menu_order_interfaces/share/menu_order_interfaces/cmake/ament_cmake_export_dependencies-extras.cmake
[0.604s] -- Up-to-date: /home/yjh/Doosan/Real_project_ws/Week4/B5/install/menu_order_interfaces/share/menu_order_interfaces/cmake/ament_cmake_export_include_directories-extras.cmake
[0.604s] -- Up-to-date: /home/yjh/Doosan/Real_project_ws/Week4/B5/install/menu_order_interfaces/share/menu_order_interfaces/cmake/ament_cmake_export_libraries-extras.cmake
[0.604s] -- Up-to-date: /home/yjh/Doosan/Real_project_ws/Week4/B5/install/menu_order_interfaces/share/menu_order_interfaces/cmake/ament_cmake_export_targets-extras.cmake
[0.605s] -- Up-to-date: /home/yjh/Doosan/Real_project_ws/Week4/B5/install/menu_order_interfaces/share/menu_order_interfaces/cmake/rosidl_cmake_export_typesupport_targets-extras.cmake
[0.605s] -- Up-to-date: /home/yjh/Doosan/Real_project_ws/Week4/B5/install/menu_order_interfaces/share/menu_order_interfaces/cmake/rosidl_cmake_export_typesupport_libraries-extras.cmake
[0.605s] -- Up-to-date: /home/yjh/Doosan/Real_project_ws/Week4/B5/install/menu_order_interfaces/share/menu_order_interfaces/cmake/menu_order_interfacesConfig.cmake
[0.605s] -- Up-to-date: /home/yjh/Doosan/Real_project_ws/Week4/B5/install/menu_order_interfaces/share/menu_order_interfaces/cmake/menu_order_interfacesConfig-version.cmake
[0.605s] -- Up-to-date: /home/yjh/Doosan/Real_project_ws/Week4/B5/install/menu_order_interfaces/share/menu_order_interfaces/package.xml
[0.608s] Invoked command in '/home/yjh/Doosan/Real_project_ws/Week4/B5/build/menu_order_interfaces' returned '0': CMAKE_PREFIX_PATH=${CMAKE_PREFIX_PATH}:/home/yjh/Doosan/Real_project_ws/Week4/B5/install/menu_order_project:/home/yjh/turtlebot3_ws/install/turtlebot3_teleop:/home/yjh/turtlebot3_ws/install/turtlebot3_example:/opt/ros/humble /usr/bin/cmake --install /home/yjh/Doosan/Real_project_ws/Week4/B5/build/menu_order_interfaces
