[0.009s] Invoking command in '/home/yjh/Doosan/Real_project_ws/Week4/B5/build/menu_order_interfaces': CMAKE_PREFIX_PATH=/opt/ros/humble /usr/bin/cmake /home/yjh/Doosan/Real_project_ws/Week4/B5/src/menu_order_interfaces -DCMAKE_INSTALL_PREFIX=/home/yjh/Doosan/Real_project_ws/Week4/B5/install/menu_order_interfaces
[0.020s] -- Found ament_cmake: 1.3.10 (/opt/ros/humble/share/ament_cmake/cmake)
[0.114s] -- Found rosidl_default_generators: 1.2.0 (/opt/ros/humble/share/rosidl_default_generators/cmake)
[0.115s] -- Using all available rosidl_typesupport_c: rosidl_typesupport_fastrtps_c;rosidl_typesupport_introspection_c
[0.117s] -- Found rosidl_adapter: 3.1.5 (/opt/ros/humble/share/rosidl_adapter/cmake)
[0.141s] -- Using all available rosidl_typesupport_cpp: rosidl_typesupport_fastrtps_cpp;rosidl_typesupport_introspection_cpp
[0.388s] -- Found ament_cmake_ros: 0.10.0 (/opt/ros/humble/share/ament_cmake_ros/cmake)
[0.544s] -- Using all available rosidl_typesupport_c: rosidl_typesupport_fastrtps_c;rosidl_typesupport_introspection_c
[0.742s] -- Using all available rosidl_typesupport_cpp: rosidl_typesupport_fastrtps_cpp;rosidl_typesupport_introspection_cpp
[0.760s] -- Found PythonInterp: /usr/bin/python3 (found suitable version "3.10.12", minimum required is "3.6") 
[0.762s] -- Found python_cmake_module: 0.10.0 (/opt/ros/humble/share/python_cmake_module/cmake)
[0.786s] -- Found PythonLibs: /usr/lib/x86_64-linux-gnu/libpython3.10.so (found suitable version "3.10.12", minimum required is "3.5") 
[0.786s] -- Using PYTHON_EXECUTABLE: /usr/bin/python3
[0.786s] -- Using PYTHON_INCLUDE_DIRS: /usr/include/python3.10
[0.786s] -- Using PYTHON_LIBRARIES: /usr/lib/x86_64-linux-gnu/libpython3.10.so
[0.803s] -- Found PythonExtra: .so  
[0.836s] -- Found ament_lint_auto: 0.12.11 (/opt/ros/humble/share/ament_lint_auto/cmake)
[0.862s] -- Added test 'lint_cmake' to check CMake code style
[0.864s] -- Added test 'xmllint' to check XML markup files
[0.867s] -- Configuring done
[0.901s] -- Generating done
[0.903s] -- Build files have been written to: /home/yjh/Doosan/Real_project_ws/Week4/B5/build/menu_order_interfaces
[0.913s] Invoked command in '/home/yjh/Doosan/Real_project_ws/Week4/B5/build/menu_order_interfaces' returned '0': CMAKE_PREFIX_PATH=/opt/ros/humble /usr/bin/cmake /home/yjh/Doosan/Real_project_ws/Week4/B5/src/menu_order_interfaces -DCMAKE_INSTALL_PREFIX=/home/yjh/Doosan/Real_project_ws/Week4/B5/install/menu_order_interfaces
[0.915s] Invoking command in '/home/yjh/Doosan/Real_project_ws/Week4/B5/build/menu_order_interfaces': CMAKE_PREFIX_PATH=/opt/ros/humble /usr/bin/cmake --build /home/yjh/Doosan/Real_project_ws/Week4/B5/build/menu_order_interfaces -- -j12 -l12
[0.953s] [  2%] [34m[1mGenerating C code for ROS interfaces[0m
[0.962s] [  4%] [34m[1mGenerating C++ code for ROS interfaces[0m
[0.969s] [  4%] Built target ament_cmake_python_copy_menu_order_interfaces
[1.176s] running egg_info
[1.177s] creating menu_order_interfaces.egg-info
[1.196s] writing menu_order_interfaces.egg-info/PKG-INFO
[1.196s] writing dependency_links to menu_order_interfaces.egg-info/dependency_links.txt
[1.196s] writing top-level names to menu_order_interfaces.egg-info/top_level.txt
[1.196s] writing manifest file 'menu_order_interfaces.egg-info/SOURCES.txt'
[1.254s] reading manifest file 'menu_order_interfaces.egg-info/SOURCES.txt'
[1.255s] writing manifest file 'menu_order_interfaces.egg-info/SOURCES.txt'
[1.282s] [  4%] Built target ament_cmake_python_build_menu_order_interfaces_egg
[1.478s] [  4%] Built target menu_order_interfaces__cpp
[1.479s] [  8%] [32mBuilding C object CMakeFiles/menu_order_interfaces__rosidl_generator_c.dir/rosidl_generator_c/menu_order_interfaces/action/detail/serve__functions.c.o[0m
[1.479s] [ 10%] [32mBuilding C object CMakeFiles/menu_order_interfaces__rosidl_generator_c.dir/rosidl_generator_c/menu_order_interfaces/srv/detail/menu_update__functions.c.o[0m
[1.479s] [ 10%] [32mBuilding C object CMakeFiles/menu_order_interfaces__rosidl_generator_c.dir/rosidl_generator_c/menu_order_interfaces/msg/detail/order__functions.c.o[0m
[1.489s] [ 14%] [34m[1mGenerating C++ type support for eProsima Fast-RTPS[0m
[1.489s] [ 14%] [34m[1mGenerating C++ introspection for ROS interfaces[0m
[1.489s] [ 17%] [34m[1mGenerating C++ type support dispatch for ROS interfaces[0m
[1.613s] [ 19%] [32m[1mLinking C shared library libmenu_order_interfaces__rosidl_generator_c.so[0m
[1.653s] [ 19%] Built target menu_order_interfaces__rosidl_generator_c
[1.664s] [ 25%] [34m[1mGenerating C introspection for ROS interfaces[0m
[1.664s] [ 25%] [34m[1mGenerating C type support dispatch for ROS interfaces[0m
[1.664s] [ 25%] [34m[1mGenerating C type support for eProsima Fast-RTPS[0m
[1.929s] [ 27%] [32mBuilding CXX object CMakeFiles/menu_order_interfaces__rosidl_typesupport_cpp.dir/rosidl_typesupport_cpp/menu_order_interfaces/msg/order__type_support.cpp.o[0m
[1.932s] [ 31%] [32mBuilding CXX object CMakeFiles/menu_order_interfaces__rosidl_typesupport_cpp.dir/rosidl_typesupport_cpp/menu_order_interfaces/srv/menu_update__type_support.cpp.o[0m
[1.932s] [ 31%] [32mBuilding CXX object CMakeFiles/menu_order_interfaces__rosidl_typesupport_cpp.dir/rosidl_typesupport_cpp/menu_order_interfaces/action/serve__type_support.cpp.o[0m
[2.002s] [ 36%] [32mBuilding CXX object CMakeFiles/menu_order_interfaces__rosidl_typesupport_introspection_cpp.dir/rosidl_typesupport_introspection_cpp/menu_order_interfaces/srv/detail/menu_update__type_support.cpp.o[0m
[2.003s] [ 36%] [32mBuilding CXX object CMakeFiles/menu_order_interfaces__rosidl_typesupport_introspection_cpp.dir/rosidl_typesupport_introspection_cpp/menu_order_interfaces/msg/detail/order__type_support.cpp.o[0m
[2.003s] [ 38%] [32mBuilding CXX object CMakeFiles/menu_order_interfaces__rosidl_typesupport_introspection_cpp.dir/rosidl_typesupport_introspection_cpp/menu_order_interfaces/action/detail/serve__type_support.cpp.o[0m
[2.152s] [ 40%] [32mBuilding CXX object CMakeFiles/menu_order_interfaces__rosidl_typesupport_c.dir/rosidl_typesupport_c/menu_order_interfaces/msg/order__type_support.cpp.o[0m
[2.153s] [ 42%] [32mBuilding CXX object CMakeFiles/menu_order_interfaces__rosidl_typesupport_c.dir/rosidl_typesupport_c/menu_order_interfaces/srv/menu_update__type_support.cpp.o[0m
[2.156s] [ 44%] [32mBuilding CXX object CMakeFiles/menu_order_interfaces__rosidl_typesupport_c.dir/rosidl_typesupport_c/menu_order_interfaces/action/serve__type_support.cpp.o[0m
[2.186s] [ 46%] [32mBuilding CXX object CMakeFiles/menu_order_interfaces__rosidl_typesupport_fastrtps_cpp.dir/rosidl_typesupport_fastrtps_cpp/menu_order_interfaces/msg/detail/dds_fastrtps/order__type_support.cpp.o[0m
[2.206s] [ 48%] [32mBuilding CXX object CMakeFiles/menu_order_interfaces__rosidl_typesupport_fastrtps_cpp.dir/rosidl_typesupport_fastrtps_cpp/menu_order_interfaces/srv/detail/dds_fastrtps/menu_update__type_support.cpp.o[0m
[2.207s] [ 51%] [32mBuilding CXX object CMakeFiles/menu_order_interfaces__rosidl_typesupport_fastrtps_cpp.dir/rosidl_typesupport_fastrtps_cpp/menu_order_interfaces/action/detail/dds_fastrtps/serve__type_support.cpp.o[0m
[2.244s] [ 53%] [32m[1mLinking CXX shared library libmenu_order_interfaces__rosidl_typesupport_c.so[0m
[2.318s] [ 53%] Built target menu_order_interfaces__rosidl_typesupport_c
[2.401s] [ 55%] [32mBuilding C object CMakeFiles/menu_order_interfaces__rosidl_typesupport_introspection_c.dir/rosidl_typesupport_introspection_c/menu_order_interfaces/srv/detail/menu_update__type_support.c.o[0m
[2.402s] [ 57%] [32mBuilding C object CMakeFiles/menu_order_interfaces__rosidl_typesupport_introspection_c.dir/rosidl_typesupport_introspection_c/menu_order_interfaces/action/detail/serve__type_support.c.o[0m
[2.403s] [ 59%] [32mBuilding C object CMakeFiles/menu_order_interfaces__rosidl_typesupport_introspection_c.dir/rosidl_typesupport_introspection_c/menu_order_interfaces/msg/detail/order__type_support.c.o[0m
[2.484s] [ 63%] [32mBuilding CXX object CMakeFiles/menu_order_interfaces__rosidl_typesupport_fastrtps_c.dir/rosidl_typesupport_fastrtps_c/menu_order_interfaces/msg/detail/order__type_support_c.cpp.o[0m
[2.484s] [ 63%] [32mBuilding CXX object CMakeFiles/menu_order_interfaces__rosidl_typesupport_fastrtps_c.dir/rosidl_typesupport_fastrtps_c/menu_order_interfaces/action/detail/serve__type_support_c.cpp.o[0m
[2.484s] [ 65%] [32mBuilding CXX object CMakeFiles/menu_order_interfaces__rosidl_typesupport_fastrtps_c.dir/rosidl_typesupport_fastrtps_c/menu_order_interfaces/srv/detail/menu_update__type_support_c.cpp.o[0m
[2.485s] [ 68%] [32m[1mLinking C shared library libmenu_order_interfaces__rosidl_typesupport_introspection_c.so[0m
[2.544s] [ 68%] Built target menu_order_interfaces__rosidl_typesupport_introspection_c
[2.618s] [ 70%] [32m[1mLinking CXX shared library libmenu_order_interfaces__rosidl_typesupport_cpp.so[0m
[2.668s] [ 70%] Built target menu_order_interfaces__rosidl_typesupport_cpp
[2.825s] [ 72%] [32m[1mLinking CXX shared library libmenu_order_interfaces__rosidl_typesupport_introspection_cpp.so[0m
[2.858s] [ 74%] [32m[1mLinking CXX shared library libmenu_order_interfaces__rosidl_typesupport_fastrtps_cpp.so[0m
[2.899s] [ 74%] Built target menu_order_interfaces__rosidl_typesupport_introspection_cpp
[2.930s] [ 74%] Built target menu_order_interfaces__rosidl_typesupport_fastrtps_cpp
[2.934s] [ 76%] [32m[1mLinking CXX shared library libmenu_order_interfaces__rosidl_typesupport_fastrtps_c.so[0m
[2.998s] [ 76%] Built target menu_order_interfaces__rosidl_typesupport_fastrtps_c
[3.016s] [ 76%] Built target menu_order_interfaces
[3.036s] [ 78%] [34m[1mGenerating Python code for ROS interfaces[0m
[3.874s] [ 78%] Built target menu_order_interfaces__py
[3.893s] [ 85%] [32mBuilding C object CMakeFiles/menu_order_interfaces__rosidl_generator_py.dir/rosidl_generator_py/menu_order_interfaces/action/_serve_s.c.o[0m
[3.893s] [ 85%] [32mBuilding C object CMakeFiles/menu_order_interfaces__rosidl_generator_py.dir/rosidl_generator_py/menu_order_interfaces/msg/_order_s.c.o[0m
[3.894s] [ 85%] [32mBuilding C object CMakeFiles/menu_order_interfaces__rosidl_generator_py.dir/rosidl_generator_py/menu_order_interfaces/srv/_menu_update_s.c.o[0m
[4.028s] [ 87%] [32m[1mLinking C shared library rosidl_generator_py/menu_order_interfaces/libmenu_order_interfaces__rosidl_generator_py.so[0m
[4.066s] [ 87%] Built target menu_order_interfaces__rosidl_generator_py
[4.085s] [ 93%] [32mBuilding C object CMakeFiles/menu_order_interfaces__rosidl_typesupport_c__pyext.dir/rosidl_generator_py/menu_order_interfaces/_menu_order_interfaces_s.ep.rosidl_typesupport_c.c.o[0m
[4.085s] [ 93%] [32mBuilding C object CMakeFiles/menu_order_interfaces__rosidl_typesupport_introspection_c__pyext.dir/rosidl_generator_py/menu_order_interfaces/_menu_order_interfaces_s.ep.rosidl_typesupport_introspection_c.c.o[0m
[4.085s] [ 93%] [32mBuilding C object CMakeFiles/menu_order_interfaces__rosidl_typesupport_fastrtps_c__pyext.dir/rosidl_generator_py/menu_order_interfaces/_menu_order_interfaces_s.ep.rosidl_typesupport_fastrtps_c.c.o[0m
[4.188s] [ 95%] [32m[1mLinking C shared library rosidl_generator_py/menu_order_interfaces/menu_order_interfaces_s__rosidl_typesupport_introspection_c.cpython-310-x86_64-linux-gnu.so[0m
[4.189s] [100%] [32m[1mLinking C shared library rosidl_generator_py/menu_order_interfaces/menu_order_interfaces_s__rosidl_typesupport_fastrtps_c.cpython-310-x86_64-linux-gnu.so[0m
[4.189s] [100%] [32m[1mLinking C shared library rosidl_generator_py/menu_order_interfaces/menu_order_interfaces_s__rosidl_typesupport_c.cpython-310-x86_64-linux-gnu.so[0m
[4.224s] [100%] Built target menu_order_interfaces__rosidl_typesupport_fastrtps_c__pyext
[4.224s] [100%] Built target menu_order_interfaces__rosidl_typesupport_c__pyext
[4.224s] [100%] Built target menu_order_interfaces__rosidl_typesupport_introspection_c__pyext
[4.235s] Invoked command in '/home/yjh/Doosan/Real_project_ws/Week4/B5/build/menu_order_interfaces' returned '0': CMAKE_PREFIX_PATH=/opt/ros/humble /usr/bin/cmake --build /home/yjh/Doosan/Real_project_ws/Week4/B5/build/menu_order_interfaces -- -j12 -l12
[4.334s] Invoking command in '/home/yjh/Doosan/Real_project_ws/Week4/B5/build/menu_order_interfaces': CMAKE_PREFIX_PATH=/opt/ros/humble /usr/bin/cmake --install /home/yjh/Doosan/Real_project_ws/Week4/B5/build/menu_order_interfaces
[4.342s] -- Install configuration: ""
[4.342s] -- Installing: /home/yjh/Doosan/Real_project_ws/Week4/B5/install/menu_order_interfaces/share/ament_index/resource_index/rosidl_interfaces/menu_order_interfaces
[4.342s] -- Installing: /home/yjh/Doosan/Real_project_ws/Week4/B5/install/menu_order_interfaces/include/menu_order_interfaces/menu_order_interfaces
[4.342s] -- Installing: /home/yjh/Doosan/Real_project_ws/Week4/B5/install/menu_order_interfaces/include/menu_order_interfaces/menu_order_interfaces/action
[4.342s] -- Installing: /home/yjh/Doosan/Real_project_ws/Week4/B5/install/menu_order_interfaces/include/menu_order_interfaces/menu_order_interfaces/action/detail
[4.342s] -- Installing: /home/yjh/Doosan/Real_project_ws/Week4/B5/install/menu_order_interfaces/include/menu_order_interfaces/menu_order_interfaces/action/detail/serve__functions.c
[4.343s] -- Installing: /home/yjh/Doosan/Real_project_ws/Week4/B5/install/menu_order_interfaces/include/menu_order_interfaces/menu_order_interfaces/action/detail/serve__type_support.h
[4.343s] -- Installing: /home/yjh/Doosan/Real_project_ws/Week4/B5/install/menu_order_interfaces/include/menu_order_interfaces/menu_order_interfaces/action/detail/serve__functions.h
[4.343s] -- Installing: /home/yjh/Doosan/Real_project_ws/Week4/B5/install/menu_order_interfaces/include/menu_order_interfaces/menu_order_interfaces/action/detail/serve__struct.h
[4.343s] -- Installing: /home/yjh/Doosan/Real_project_ws/Week4/B5/install/menu_order_interfaces/include/menu_order_interfaces/menu_order_interfaces/action/serve.h
[4.343s] -- Installing: /home/yjh/Doosan/Real_project_ws/Week4/B5/install/menu_order_interfaces/include/menu_order_interfaces/menu_order_interfaces/srv
[4.343s] -- Installing: /home/yjh/Doosan/Real_project_ws/Week4/B5/install/menu_order_interfaces/include/menu_order_interfaces/menu_order_interfaces/srv/detail
[4.343s] -- Installing: /home/yjh/Doosan/Real_project_ws/Week4/B5/install/menu_order_interfaces/include/menu_order_interfaces/menu_order_interfaces/srv/detail/menu_update__struct.h
[4.343s] -- Installing: /home/yjh/Doosan/Real_project_ws/Week4/B5/install/menu_order_interfaces/include/menu_order_interfaces/menu_order_interfaces/srv/detail/menu_update__functions.c
[4.344s] -- Installing: /home/yjh/Doosan/Real_project_ws/Week4/B5/install/menu_order_interfaces/include/menu_order_interfaces/menu_order_interfaces/srv/detail/menu_update__functions.h
[4.344s] -- Installing: /home/yjh/Doosan/Real_project_ws/Week4/B5/install/menu_order_interfaces/include/menu_order_interfaces/menu_order_interfaces/srv/detail/menu_update__type_support.h
[4.344s] -- Installing: /home/yjh/Doosan/Real_project_ws/Week4/B5/install/menu_order_interfaces/include/menu_order_interfaces/menu_order_interfaces/srv/menu_update.h
[4.344s] -- Installing: /home/yjh/Doosan/Real_project_ws/Week4/B5/install/menu_order_interfaces/include/menu_order_interfaces/menu_order_interfaces/msg
[4.344s] -- Installing: /home/yjh/Doosan/Real_project_ws/Week4/B5/install/menu_order_interfaces/include/menu_order_interfaces/menu_order_interfaces/msg/detail
[4.344s] -- Installing: /home/yjh/Doosan/Real_project_ws/Week4/B5/install/menu_order_interfaces/include/menu_order_interfaces/menu_order_interfaces/msg/detail/order__type_support.h
[4.344s] -- Installing: /home/yjh/Doosan/Real_project_ws/Week4/B5/install/menu_order_interfaces/include/menu_order_interfaces/menu_order_interfaces/msg/detail/order__functions.c
[4.344s] -- Installing: /home/yjh/Doosan/Real_project_ws/Week4/B5/install/menu_order_interfaces/include/menu_order_interfaces/menu_order_interfaces/msg/detail/order__struct.h
[4.344s] -- Installing: /home/yjh/Doosan/Real_project_ws/Week4/B5/install/menu_order_interfaces/include/menu_order_interfaces/menu_order_interfaces/msg/detail/order__functions.h
[4.344s] -- Installing: /home/yjh/Doosan/Real_project_ws/Week4/B5/install/menu_order_interfaces/include/menu_order_interfaces/menu_order_interfaces/msg/order.h
[4.345s] -- Installing: /home/yjh/Doosan/Real_project_ws/Week4/B5/install/menu_order_interfaces/include/menu_order_interfaces/menu_order_interfaces/msg/rosidl_generator_c__visibility_control.h
[4.345s] -- Installing: /home/yjh/Doosan/Real_project_ws/Week4/B5/install/menu_order_interfaces/share/menu_order_interfaces/environment/library_path.sh
[4.345s] -- Installing: /home/yjh/Doosan/Real_project_ws/Week4/B5/install/menu_order_interfaces/share/menu_order_interfaces/environment/library_path.dsv
[4.345s] -- Installing: /home/yjh/Doosan/Real_project_ws/Week4/B5/install/menu_order_interfaces/lib/libmenu_order_interfaces__rosidl_generator_c.so
[4.345s] -- Set runtime path of "/home/yjh/Doosan/Real_project_ws/Week4/B5/install/menu_order_interfaces/lib/libmenu_order_interfaces__rosidl_generator_c.so" to ""
[4.346s] -- Up-to-date: /home/yjh/Doosan/Real_project_ws/Week4/B5/install/menu_order_interfaces/include/menu_order_interfaces/menu_order_interfaces
[4.346s] -- Up-to-date: /home/yjh/Doosan/Real_project_ws/Week4/B5/install/menu_order_interfaces/include/menu_order_interfaces/menu_order_interfaces/action
[4.346s] -- Up-to-date: /home/yjh/Doosan/Real_project_ws/Week4/B5/install/menu_order_interfaces/include/menu_order_interfaces/menu_order_interfaces/action/detail
[4.346s] -- Installing: /home/yjh/Doosan/Real_project_ws/Week4/B5/install/menu_order_interfaces/include/menu_order_interfaces/menu_order_interfaces/action/detail/serve__rosidl_typesupport_fastrtps_c.h
[4.346s] -- Up-to-date: /home/yjh/Doosan/Real_project_ws/Week4/B5/install/menu_order_interfaces/include/menu_order_interfaces/menu_order_interfaces/srv
[4.346s] -- Up-to-date: /home/yjh/Doosan/Real_project_ws/Week4/B5/install/menu_order_interfaces/include/menu_order_interfaces/menu_order_interfaces/srv/detail
[4.346s] -- Installing: /home/yjh/Doosan/Real_project_ws/Week4/B5/install/menu_order_interfaces/include/menu_order_interfaces/menu_order_interfaces/srv/detail/menu_update__rosidl_typesupport_fastrtps_c.h
[4.346s] -- Up-to-date: /home/yjh/Doosan/Real_project_ws/Week4/B5/install/menu_order_interfaces/include/menu_order_interfaces/menu_order_interfaces/msg
[4.346s] -- Up-to-date: /home/yjh/Doosan/Real_project_ws/Week4/B5/install/menu_order_interfaces/include/menu_order_interfaces/menu_order_interfaces/msg/detail
[4.346s] -- Installing: /home/yjh/Doosan/Real_project_ws/Week4/B5/install/menu_order_interfaces/include/menu_order_interfaces/menu_order_interfaces/msg/detail/order__rosidl_typesupport_fastrtps_c.h
[4.346s] -- Installing: /home/yjh/Doosan/Real_project_ws/Week4/B5/install/menu_order_interfaces/include/menu_order_interfaces/menu_order_interfaces/msg/rosidl_typesupport_fastrtps_c__visibility_control.h
[4.346s] -- Installing: /home/yjh/Doosan/Real_project_ws/Week4/B5/install/menu_order_interfaces/lib/libmenu_order_interfaces__rosidl_typesupport_fastrtps_c.so
[4.347s] -- Set runtime path of "/home/yjh/Doosan/Real_project_ws/Week4/B5/install/menu_order_interfaces/lib/libmenu_order_interfaces__rosidl_typesupport_fastrtps_c.so" to ""
[4.347s] -- Up-to-date: /home/yjh/Doosan/Real_project_ws/Week4/B5/install/menu_order_interfaces/include/menu_order_interfaces/menu_order_interfaces
[4.347s] -- Up-to-date: /home/yjh/Doosan/Real_project_ws/Week4/B5/install/menu_order_interfaces/include/menu_order_interfaces/menu_order_interfaces/action
[4.347s] -- Up-to-date: /home/yjh/Doosan/Real_project_ws/Week4/B5/install/menu_order_interfaces/include/menu_order_interfaces/menu_order_interfaces/action/detail
[4.347s] -- Installing: /home/yjh/Doosan/Real_project_ws/Week4/B5/install/menu_order_interfaces/include/menu_order_interfaces/menu_order_interfaces/action/detail/serve__rosidl_typesupport_introspection_c.h
[4.347s] -- Installing: /home/yjh/Doosan/Real_project_ws/Week4/B5/install/menu_order_interfaces/include/menu_order_interfaces/menu_order_interfaces/action/detail/serve__type_support.c
[4.347s] -- Up-to-date: /home/yjh/Doosan/Real_project_ws/Week4/B5/install/menu_order_interfaces/include/menu_order_interfaces/menu_order_interfaces/srv
[4.347s] -- Up-to-date: /home/yjh/Doosan/Real_project_ws/Week4/B5/install/menu_order_interfaces/include/menu_order_interfaces/menu_order_interfaces/srv/detail
[4.347s] -- Installing: /home/yjh/Doosan/Real_project_ws/Week4/B5/install/menu_order_interfaces/include/menu_order_interfaces/menu_order_interfaces/srv/detail/menu_update__type_support.c
[4.347s] -- Installing: /home/yjh/Doosan/Real_project_ws/Week4/B5/install/menu_order_interfaces/include/menu_order_interfaces/menu_order_interfaces/srv/detail/menu_update__rosidl_typesupport_introspection_c.h
[4.347s] -- Up-to-date: /home/yjh/Doosan/Real_project_ws/Week4/B5/install/menu_order_interfaces/include/menu_order_interfaces/menu_order_interfaces/msg
[4.347s] -- Up-to-date: /home/yjh/Doosan/Real_project_ws/Week4/B5/install/menu_order_interfaces/include/menu_order_interfaces/menu_order_interfaces/msg/detail
[4.347s] -- Installing: /home/yjh/Doosan/Real_project_ws/Week4/B5/install/menu_order_interfaces/include/menu_order_interfaces/menu_order_interfaces/msg/detail/order__rosidl_typesupport_introspection_c.h
[4.347s] -- Installing: /home/yjh/Doosan/Real_project_ws/Week4/B5/install/menu_order_interfaces/include/menu_order_interfaces/menu_order_interfaces/msg/detail/order__type_support.c
[4.348s] -- Installing: /home/yjh/Doosan/Real_project_ws/Week4/B5/install/menu_order_interfaces/include/menu_order_interfaces/menu_order_interfaces/msg/rosidl_typesupport_introspection_c__visibility_control.h
[4.348s] -- Installing: /home/yjh/Doosan/Real_project_ws/Week4/B5/install/menu_order_interfaces/lib/libmenu_order_interfaces__rosidl_typesupport_introspection_c.so
[4.348s] -- Set runtime path of "/home/yjh/Doosan/Real_project_ws/Week4/B5/install/menu_order_interfaces/lib/libmenu_order_interfaces__rosidl_typesupport_introspection_c.so" to ""
[4.348s] -- Installing: /home/yjh/Doosan/Real_project_ws/Week4/B5/install/menu_order_interfaces/lib/libmenu_order_interfaces__rosidl_typesupport_c.so
[4.348s] -- Set runtime path of "/home/yjh/Doosan/Real_project_ws/Week4/B5/install/menu_order_interfaces/lib/libmenu_order_interfaces__rosidl_typesupport_c.so" to ""
[4.348s] -- Up-to-date: /home/yjh/Doosan/Real_project_ws/Week4/B5/install/menu_order_interfaces/include/menu_order_interfaces/menu_order_interfaces
[4.349s] -- Up-to-date: /home/yjh/Doosan/Real_project_ws/Week4/B5/install/menu_order_interfaces/include/menu_order_interfaces/menu_order_interfaces/action
[4.349s] -- Up-to-date: /home/yjh/Doosan/Real_project_ws/Week4/B5/install/menu_order_interfaces/include/menu_order_interfaces/menu_order_interfaces/action/detail
[4.349s] -- Installing: /home/yjh/Doosan/Real_project_ws/Week4/B5/install/menu_order_interfaces/include/menu_order_interfaces/menu_order_interfaces/action/detail/serve__struct.hpp
[4.349s] -- Installing: /home/yjh/Doosan/Real_project_ws/Week4/B5/install/menu_order_interfaces/include/menu_order_interfaces/menu_order_interfaces/action/detail/serve__traits.hpp
[4.349s] -- Installing: /home/yjh/Doosan/Real_project_ws/Week4/B5/install/menu_order_interfaces/include/menu_order_interfaces/menu_order_interfaces/action/detail/serve__builder.hpp
[4.349s] -- Installing: /home/yjh/Doosan/Real_project_ws/Week4/B5/install/menu_order_interfaces/include/menu_order_interfaces/menu_order_interfaces/action/serve.hpp
[4.349s] -- Up-to-date: /home/yjh/Doosan/Real_project_ws/Week4/B5/install/menu_order_interfaces/include/menu_order_interfaces/menu_order_interfaces/srv
[4.349s] -- Up-to-date: /home/yjh/Doosan/Real_project_ws/Week4/B5/install/menu_order_interfaces/include/menu_order_interfaces/menu_order_interfaces/srv/detail
[4.349s] -- Installing: /home/yjh/Doosan/Real_project_ws/Week4/B5/install/menu_order_interfaces/include/menu_order_interfaces/menu_order_interfaces/srv/detail/menu_update__struct.hpp
[4.349s] -- Installing: /home/yjh/Doosan/Real_project_ws/Week4/B5/install/menu_order_interfaces/include/menu_order_interfaces/menu_order_interfaces/srv/detail/menu_update__builder.hpp
[4.349s] -- Installing: /home/yjh/Doosan/Real_project_ws/Week4/B5/install/menu_order_interfaces/include/menu_order_interfaces/menu_order_interfaces/srv/detail/menu_update__traits.hpp
[4.349s] -- Installing: /home/yjh/Doosan/Real_project_ws/Week4/B5/install/menu_order_interfaces/include/menu_order_interfaces/menu_order_interfaces/srv/menu_update.hpp
[4.350s] -- Up-to-date: /home/yjh/Doosan/Real_project_ws/Week4/B5/install/menu_order_interfaces/include/menu_order_interfaces/menu_order_interfaces/msg
[4.350s] -- Up-to-date: /home/yjh/Doosan/Real_project_ws/Week4/B5/install/menu_order_interfaces/include/menu_order_interfaces/menu_order_interfaces/msg/detail
[4.350s] -- Installing: /home/yjh/Doosan/Real_project_ws/Week4/B5/install/menu_order_interfaces/include/menu_order_interfaces/menu_order_interfaces/msg/detail/order__struct.hpp
[4.350s] -- Installing: /home/yjh/Doosan/Real_project_ws/Week4/B5/install/menu_order_interfaces/include/menu_order_interfaces/menu_order_interfaces/msg/detail/order__builder.hpp
[4.350s] -- Installing: /home/yjh/Doosan/Real_project_ws/Week4/B5/install/menu_order_interfaces/include/menu_order_interfaces/menu_order_interfaces/msg/detail/order__traits.hpp
[4.350s] -- Installing: /home/yjh/Doosan/Real_project_ws/Week4/B5/install/menu_order_interfaces/include/menu_order_interfaces/menu_order_interfaces/msg/order.hpp
[4.350s] -- Up-to-date: /home/yjh/Doosan/Real_project_ws/Week4/B5/install/menu_order_interfaces/include/menu_order_interfaces/menu_order_interfaces
[4.350s] -- Up-to-date: /home/yjh/Doosan/Real_project_ws/Week4/B5/install/menu_order_interfaces/include/menu_order_interfaces/menu_order_interfaces/action
[4.350s] -- Up-to-date: /home/yjh/Doosan/Real_project_ws/Week4/B5/install/menu_order_interfaces/include/menu_order_interfaces/menu_order_interfaces/action/detail
[4.350s] -- Installing: /home/yjh/Doosan/Real_project_ws/Week4/B5/install/menu_order_interfaces/include/menu_order_interfaces/menu_order_interfaces/action/detail/dds_fastrtps
[4.350s] -- Installing: /home/yjh/Doosan/Real_project_ws/Week4/B5/install/menu_order_interfaces/include/menu_order_interfaces/menu_order_interfaces/action/detail/serve__rosidl_typesupport_fastrtps_cpp.hpp
[4.350s] -- Up-to-date: /home/yjh/Doosan/Real_project_ws/Week4/B5/install/menu_order_interfaces/include/menu_order_interfaces/menu_order_interfaces/srv
[4.350s] -- Up-to-date: /home/yjh/Doosan/Real_project_ws/Week4/B5/install/menu_order_interfaces/include/menu_order_interfaces/menu_order_interfaces/srv/detail
[4.351s] -- Installing: /home/yjh/Doosan/Real_project_ws/Week4/B5/install/menu_order_interfaces/include/menu_order_interfaces/menu_order_interfaces/srv/detail/menu_update__rosidl_typesupport_fastrtps_cpp.hpp
[4.351s] -- Installing: /home/yjh/Doosan/Real_project_ws/Week4/B5/install/menu_order_interfaces/include/menu_order_interfaces/menu_order_interfaces/srv/detail/dds_fastrtps
[4.351s] -- Up-to-date: /home/yjh/Doosan/Real_project_ws/Week4/B5/install/menu_order_interfaces/include/menu_order_interfaces/menu_order_interfaces/msg
[4.351s] -- Up-to-date: /home/yjh/Doosan/Real_project_ws/Week4/B5/install/menu_order_interfaces/include/menu_order_interfaces/menu_order_interfaces/msg/detail
[4.351s] -- Installing: /home/yjh/Doosan/Real_project_ws/Week4/B5/install/menu_order_interfaces/include/menu_order_interfaces/menu_order_interfaces/msg/detail/dds_fastrtps
[4.351s] -- Installing: /home/yjh/Doosan/Real_project_ws/Week4/B5/install/menu_order_interfaces/include/menu_order_interfaces/menu_order_interfaces/msg/detail/order__rosidl_typesupport_fastrtps_cpp.hpp
[4.351s] -- Installing: /home/yjh/Doosan/Real_project_ws/Week4/B5/install/menu_order_interfaces/include/menu_order_interfaces/menu_order_interfaces/msg/rosidl_typesupport_fastrtps_cpp__visibility_control.h
[4.351s] -- Installing: /home/yjh/Doosan/Real_project_ws/Week4/B5/install/menu_order_interfaces/lib/libmenu_order_interfaces__rosidl_typesupport_fastrtps_cpp.so
[4.351s] -- Set runtime path of "/home/yjh/Doosan/Real_project_ws/Week4/B5/install/menu_order_interfaces/lib/libmenu_order_interfaces__rosidl_typesupport_fastrtps_cpp.so" to ""
[4.351s] -- Up-to-date: /home/yjh/Doosan/Real_project_ws/Week4/B5/install/menu_order_interfaces/include/menu_order_interfaces/menu_order_interfaces
[4.352s] -- Up-to-date: /home/yjh/Doosan/Real_project_ws/Week4/B5/install/menu_order_interfaces/include/menu_order_interfaces/menu_order_interfaces/action
[4.352s] -- Up-to-date: /home/yjh/Doosan/Real_project_ws/Week4/B5/install/menu_order_interfaces/include/menu_order_interfaces/menu_order_interfaces/action/detail
[4.352s] -- Installing: /home/yjh/Doosan/Real_project_ws/Week4/B5/install/menu_order_interfaces/include/menu_order_interfaces/menu_order_interfaces/action/detail/serve__rosidl_typesupport_introspection_cpp.hpp
[4.352s] -- Installing: /home/yjh/Doosan/Real_project_ws/Week4/B5/install/menu_order_interfaces/include/menu_order_interfaces/menu_order_interfaces/action/detail/serve__type_support.cpp
[4.352s] -- Up-to-date: /home/yjh/Doosan/Real_project_ws/Week4/B5/install/menu_order_interfaces/include/menu_order_interfaces/menu_order_interfaces/srv
[4.352s] -- Up-to-date: /home/yjh/Doosan/Real_project_ws/Week4/B5/install/menu_order_interfaces/include/menu_order_interfaces/menu_order_interfaces/srv/detail
[4.352s] -- Installing: /home/yjh/Doosan/Real_project_ws/Week4/B5/install/menu_order_interfaces/include/menu_order_interfaces/menu_order_interfaces/srv/detail/menu_update__rosidl_typesupport_introspection_cpp.hpp
[4.352s] -- Installing: /home/yjh/Doosan/Real_project_ws/Week4/B5/install/menu_order_interfaces/include/menu_order_interfaces/menu_order_interfaces/srv/detail/menu_update__type_support.cpp
[4.352s] -- Up-to-date: /home/yjh/Doosan/Real_project_ws/Week4/B5/install/menu_order_interfaces/include/menu_order_interfaces/menu_order_interfaces/msg
[4.352s] -- Up-to-date: /home/yjh/Doosan/Real_project_ws/Week4/B5/install/menu_order_interfaces/include/menu_order_interfaces/menu_order_interfaces/msg/detail
[4.352s] -- Installing: /home/yjh/Doosan/Real_project_ws/Week4/B5/install/menu_order_interfaces/include/menu_order_interfaces/menu_order_interfaces/msg/detail/order__rosidl_typesupport_introspection_cpp.hpp
[4.352s] -- Installing: /home/yjh/Doosan/Real_project_ws/Week4/B5/install/menu_order_interfaces/include/menu_order_interfaces/menu_order_interfaces/msg/detail/order__type_support.cpp
[4.352s] -- Installing: /home/yjh/Doosan/Real_project_ws/Week4/B5/install/menu_order_interfaces/lib/libmenu_order_interfaces__rosidl_typesupport_introspection_cpp.so
[4.353s] -- Set runtime path of "/home/yjh/Doosan/Real_project_ws/Week4/B5/install/menu_order_interfaces/lib/libmenu_order_interfaces__rosidl_typesupport_introspection_cpp.so" to ""
[4.353s] -- Installing: /home/yjh/Doosan/Real_project_ws/Week4/B5/install/menu_order_interfaces/lib/libmenu_order_interfaces__rosidl_typesupport_cpp.so
[4.353s] -- Set runtime path of "/home/yjh/Doosan/Real_project_ws/Week4/B5/install/menu_order_interfaces/lib/libmenu_order_interfaces__rosidl_typesupport_cpp.so" to ""
[4.353s] -- Installing: /home/yjh/Doosan/Real_project_ws/Week4/B5/install/menu_order_interfaces/share/menu_order_interfaces/environment/pythonpath.sh
[4.353s] -- Installing: /home/yjh/Doosan/Real_project_ws/Week4/B5/install/menu_order_interfaces/share/menu_order_interfaces/environment/pythonpath.dsv
[4.353s] -- Installing: /home/yjh/Doosan/Real_project_ws/Week4/B5/install/menu_order_interfaces/local/lib/python3.10/dist-packages/menu_order_interfaces-0.0.0-py3.10.egg-info
[4.354s] -- Installing: /home/yjh/Doosan/Real_project_ws/Week4/B5/install/menu_order_interfaces/local/lib/python3.10/dist-packages/menu_order_interfaces-0.0.0-py3.10.egg-info/dependency_links.txt
[4.354s] -- Installing: /home/yjh/Doosan/Real_project_ws/Week4/B5/install/menu_order_interfaces/local/lib/python3.10/dist-packages/menu_order_interfaces-0.0.0-py3.10.egg-info/PKG-INFO
[4.354s] -- Installing: /home/yjh/Doosan/Real_project_ws/Week4/B5/install/menu_order_interfaces/local/lib/python3.10/dist-packages/menu_order_interfaces-0.0.0-py3.10.egg-info/top_level.txt
[4.354s] -- Installing: /home/yjh/Doosan/Real_project_ws/Week4/B5/install/menu_order_interfaces/local/lib/python3.10/dist-packages/menu_order_interfaces-0.0.0-py3.10.egg-info/SOURCES.txt
[4.354s] -- Installing: /home/yjh/Doosan/Real_project_ws/Week4/B5/install/menu_order_interfaces/local/lib/python3.10/dist-packages/menu_order_interfaces
[4.354s] -- Installing: /home/yjh/Doosan/Real_project_ws/Week4/B5/install/menu_order_interfaces/local/lib/python3.10/dist-packages/menu_order_interfaces/_menu_order_interfaces_s.ep.rosidl_typesupport_fastrtps_c.c
[4.354s] -- Installing: /home/yjh/Doosan/Real_project_ws/Week4/B5/install/menu_order_interfaces/local/lib/python3.10/dist-packages/menu_order_interfaces/menu_order_interfaces_s__rosidl_typesupport_fastrtps_c.cpython-310-x86_64-linux-gnu.so
[4.355s] -- Installing: /home/yjh/Doosan/Real_project_ws/Week4/B5/install/menu_order_interfaces/local/lib/python3.10/dist-packages/menu_order_interfaces/__init__.py
[4.355s] -- Installing: /home/yjh/Doosan/Real_project_ws/Week4/B5/install/menu_order_interfaces/local/lib/python3.10/dist-packages/menu_order_interfaces/action
[4.355s] -- Installing: /home/yjh/Doosan/Real_project_ws/Week4/B5/install/menu_order_interfaces/local/lib/python3.10/dist-packages/menu_order_interfaces/action/_serve.py
[4.355s] -- Installing: /home/yjh/Doosan/Real_project_ws/Week4/B5/install/menu_order_interfaces/local/lib/python3.10/dist-packages/menu_order_interfaces/action/_serve_s.c
[4.355s] -- Installing: /home/yjh/Doosan/Real_project_ws/Week4/B5/install/menu_order_interfaces/local/lib/python3.10/dist-packages/menu_order_interfaces/action/__init__.py
[4.355s] -- Installing: /home/yjh/Doosan/Real_project_ws/Week4/B5/install/menu_order_interfaces/local/lib/python3.10/dist-packages/menu_order_interfaces/srv
[4.355s] -- Installing: /home/yjh/Doosan/Real_project_ws/Week4/B5/install/menu_order_interfaces/local/lib/python3.10/dist-packages/menu_order_interfaces/srv/_menu_update.py
[4.355s] -- Installing: /home/yjh/Doosan/Real_project_ws/Week4/B5/install/menu_order_interfaces/local/lib/python3.10/dist-packages/menu_order_interfaces/srv/__init__.py
[4.356s] -- Installing: /home/yjh/Doosan/Real_project_ws/Week4/B5/install/menu_order_interfaces/local/lib/python3.10/dist-packages/menu_order_interfaces/srv/_menu_update_s.c
[4.356s] -- Installing: /home/yjh/Doosan/Real_project_ws/Week4/B5/install/menu_order_interfaces/local/lib/python3.10/dist-packages/menu_order_interfaces/msg
[4.356s] -- Installing: /home/yjh/Doosan/Real_project_ws/Week4/B5/install/menu_order_interfaces/local/lib/python3.10/dist-packages/menu_order_interfaces/msg/_order_s.c
[4.356s] -- Installing: /home/yjh/Doosan/Real_project_ws/Week4/B5/install/menu_order_interfaces/local/lib/python3.10/dist-packages/menu_order_interfaces/msg/__init__.py
[4.356s] -- Installing: /home/yjh/Doosan/Real_project_ws/Week4/B5/install/menu_order_interfaces/local/lib/python3.10/dist-packages/menu_order_interfaces/msg/_order.py
[4.356s] -- Installing: /home/yjh/Doosan/Real_project_ws/Week4/B5/install/menu_order_interfaces/local/lib/python3.10/dist-packages/menu_order_interfaces/_menu_order_interfaces_s.ep.rosidl_typesupport_c.c
[4.356s] -- Installing: /home/yjh/Doosan/Real_project_ws/Week4/B5/install/menu_order_interfaces/local/lib/python3.10/dist-packages/menu_order_interfaces/menu_order_interfaces_s__rosidl_typesupport_introspection_c.cpython-310-x86_64-linux-gnu.so
[4.356s] -- Installing: /home/yjh/Doosan/Real_project_ws/Week4/B5/install/menu_order_interfaces/local/lib/python3.10/dist-packages/menu_order_interfaces/libmenu_order_interfaces__rosidl_generator_py.so
[4.357s] -- Installing: /home/yjh/Doosan/Real_project_ws/Week4/B5/install/menu_order_interfaces/local/lib/python3.10/dist-packages/menu_order_interfaces/menu_order_interfaces_s__rosidl_typesupport_c.cpython-310-x86_64-linux-gnu.so
[4.357s] -- Installing: /home/yjh/Doosan/Real_project_ws/Week4/B5/install/menu_order_interfaces/local/lib/python3.10/dist-packages/menu_order_interfaces/_menu_order_interfaces_s.ep.rosidl_typesupport_introspection_c.c
[4.394s] Listing '/home/yjh/Doosan/Real_project_ws/Week4/B5/install/menu_order_interfaces/local/lib/python3.10/dist-packages/menu_order_interfaces'...
[4.394s] Compiling '/home/yjh/Doosan/Real_project_ws/Week4/B5/install/menu_order_interfaces/local/lib/python3.10/dist-packages/menu_order_interfaces/__init__.py'...
[4.394s] Listing '/home/yjh/Doosan/Real_project_ws/Week4/B5/install/menu_order_interfaces/local/lib/python3.10/dist-packages/menu_order_interfaces/action'...
[4.394s] Compiling '/home/yjh/Doosan/Real_project_ws/Week4/B5/install/menu_order_interfaces/local/lib/python3.10/dist-packages/menu_order_interfaces/action/__init__.py'...
[4.395s] Compiling '/home/yjh/Doosan/Real_project_ws/Week4/B5/install/menu_order_interfaces/local/lib/python3.10/dist-packages/menu_order_interfaces/action/_serve.py'...
[4.395s] Listing '/home/yjh/Doosan/Real_project_ws/Week4/B5/install/menu_order_interfaces/local/lib/python3.10/dist-packages/menu_order_interfaces/msg'...
[4.395s] Compiling '/home/yjh/Doosan/Real_project_ws/Week4/B5/install/menu_order_interfaces/local/lib/python3.10/dist-packages/menu_order_interfaces/msg/__init__.py'...
[4.395s] Compiling '/home/yjh/Doosan/Real_project_ws/Week4/B5/install/menu_order_interfaces/local/lib/python3.10/dist-packages/menu_order_interfaces/msg/_order.py'...
[4.395s] Listing '/home/yjh/Doosan/Real_project_ws/Week4/B5/install/menu_order_interfaces/local/lib/python3.10/dist-packages/menu_order_interfaces/srv'...
[4.395s] Compiling '/home/yjh/Doosan/Real_project_ws/Week4/B5/install/menu_order_interfaces/local/lib/python3.10/dist-packages/menu_order_interfaces/srv/__init__.py'...
[4.395s] Compiling '/home/yjh/Doosan/Real_project_ws/Week4/B5/install/menu_order_interfaces/local/lib/python3.10/dist-packages/menu_order_interfaces/srv/_menu_update.py'...
[4.398s] -- Installing: /home/yjh/Doosan/Real_project_ws/Week4/B5/install/menu_order_interfaces/local/lib/python3.10/dist-packages/menu_order_interfaces/menu_order_interfaces_s__rosidl_typesupport_fastrtps_c.cpython-310-x86_64-linux-gnu.so
[4.399s] -- Set runtime path of "/home/yjh/Doosan/Real_project_ws/Week4/B5/install/menu_order_interfaces/local/lib/python3.10/dist-packages/menu_order_interfaces/menu_order_interfaces_s__rosidl_typesupport_fastrtps_c.cpython-310-x86_64-linux-gnu.so" to ""
[4.399s] -- Installing: /home/yjh/Doosan/Real_project_ws/Week4/B5/install/menu_order_interfaces/local/lib/python3.10/dist-packages/menu_order_interfaces/menu_order_interfaces_s__rosidl_typesupport_introspection_c.cpython-310-x86_64-linux-gnu.so
[4.399s] -- Set runtime path of "/home/yjh/Doosan/Real_project_ws/Week4/B5/install/menu_order_interfaces/local/lib/python3.10/dist-packages/menu_order_interfaces/menu_order_interfaces_s__rosidl_typesupport_introspection_c.cpython-310-x86_64-linux-gnu.so" to ""
[4.399s] -- Installing: /home/yjh/Doosan/Real_project_ws/Week4/B5/install/menu_order_interfaces/local/lib/python3.10/dist-packages/menu_order_interfaces/menu_order_interfaces_s__rosidl_typesupport_c.cpython-310-x86_64-linux-gnu.so
[4.400s] -- Set runtime path of "/home/yjh/Doosan/Real_project_ws/Week4/B5/install/menu_order_interfaces/local/lib/python3.10/dist-packages/menu_order_interfaces/menu_order_interfaces_s__rosidl_typesupport_c.cpython-310-x86_64-linux-gnu.so" to ""
[4.400s] -- Installing: /home/yjh/Doosan/Real_project_ws/Week4/B5/install/menu_order_interfaces/lib/libmenu_order_interfaces__rosidl_generator_py.so
[4.400s] -- Set runtime path of "/home/yjh/Doosan/Real_project_ws/Week4/B5/install/menu_order_interfaces/lib/libmenu_order_interfaces__rosidl_generator_py.so" to ""
[4.400s] -- Installing: /home/yjh/Doosan/Real_project_ws/Week4/B5/install/menu_order_interfaces/share/menu_order_interfaces/msg/Order.idl
[4.400s] -- Installing: /home/yjh/Doosan/Real_project_ws/Week4/B5/install/menu_order_interfaces/share/menu_order_interfaces/srv/MenuUpdate.idl
[4.400s] -- Installing: /home/yjh/Doosan/Real_project_ws/Week4/B5/install/menu_order_interfaces/share/menu_order_interfaces/action/Serve.idl
[4.400s] -- Installing: /home/yjh/Doosan/Real_project_ws/Week4/B5/install/menu_order_interfaces/share/menu_order_interfaces/msg/Order.msg
[4.401s] -- Installing: /home/yjh/Doosan/Real_project_ws/Week4/B5/install/menu_order_interfaces/share/menu_order_interfaces/srv/MenuUpdate.srv
[4.401s] -- Installing: /home/yjh/Doosan/Real_project_ws/Week4/B5/install/menu_order_interfaces/share/menu_order_interfaces/srv/MenuUpdate_Request.msg
[4.401s] -- Installing: /home/yjh/Doosan/Real_project_ws/Week4/B5/install/menu_order_interfaces/share/menu_order_interfaces/srv/MenuUpdate_Response.msg
[4.401s] -- Installing: /home/yjh/Doosan/Real_project_ws/Week4/B5/install/menu_order_interfaces/share/menu_order_interfaces/action/Serve.action
[4.401s] -- Installing: /home/yjh/Doosan/Real_project_ws/Week4/B5/install/menu_order_interfaces/share/ament_index/resource_index/package_run_dependencies/menu_order_interfaces
[4.401s] -- Installing: /home/yjh/Doosan/Real_project_ws/Week4/B5/install/menu_order_interfaces/share/ament_index/resource_index/parent_prefix_path/menu_order_interfaces
[4.402s] -- Installing: /home/yjh/Doosan/Real_project_ws/Week4/B5/install/menu_order_interfaces/share/menu_order_interfaces/environment/ament_prefix_path.sh
[4.402s] -- Installing: /home/yjh/Doosan/Real_project_ws/Week4/B5/install/menu_order_interfaces/share/menu_order_interfaces/environment/ament_prefix_path.dsv
[4.402s] -- Installing: /home/yjh/Doosan/Real_project_ws/Week4/B5/install/menu_order_interfaces/share/menu_order_interfaces/environment/path.sh
[4.402s] -- Installing: /home/yjh/Doosan/Real_project_ws/Week4/B5/install/menu_order_interfaces/share/menu_order_interfaces/environment/path.dsv
[4.402s] -- Installing: /home/yjh/Doosan/Real_project_ws/Week4/B5/install/menu_order_interfaces/share/menu_order_interfaces/local_setup.bash
[4.402s] -- Installing: /home/yjh/Doosan/Real_project_ws/Week4/B5/install/menu_order_interfaces/share/menu_order_interfaces/local_setup.sh
[4.402s] -- Installing: /home/yjh/Doosan/Real_project_ws/Week4/B5/install/menu_order_interfaces/share/menu_order_interfaces/local_setup.zsh
[4.402s] -- Installing: /home/yjh/Doosan/Real_project_ws/Week4/B5/install/menu_order_interfaces/share/menu_order_interfaces/local_setup.dsv
[4.403s] -- Installing: /home/yjh/Doosan/Real_project_ws/Week4/B5/install/menu_order_interfaces/share/menu_order_interfaces/package.dsv
[4.403s] -- Installing: /home/yjh/Doosan/Real_project_ws/Week4/B5/install/menu_order_interfaces/share/ament_index/resource_index/packages/menu_order_interfaces
[4.403s] -- Installing: /home/yjh/Doosan/Real_project_ws/Week4/B5/install/menu_order_interfaces/share/menu_order_interfaces/cmake/export_menu_order_interfaces__rosidl_generator_cExport.cmake
[4.403s] -- Installing: /home/yjh/Doosan/Real_project_ws/Week4/B5/install/menu_order_interfaces/share/menu_order_interfaces/cmake/export_menu_order_interfaces__rosidl_generator_cExport-noconfig.cmake
[4.403s] -- Installing: /home/yjh/Doosan/Real_project_ws/Week4/B5/install/menu_order_interfaces/share/menu_order_interfaces/cmake/export_menu_order_interfaces__rosidl_typesupport_fastrtps_cExport.cmake
[4.403s] -- Installing: /home/yjh/Doosan/Real_project_ws/Week4/B5/install/menu_order_interfaces/share/menu_order_interfaces/cmake/export_menu_order_interfaces__rosidl_typesupport_fastrtps_cExport-noconfig.cmake
[4.403s] -- Installing: /home/yjh/Doosan/Real_project_ws/Week4/B5/install/menu_order_interfaces/share/menu_order_interfaces/cmake/menu_order_interfaces__rosidl_typesupport_introspection_cExport.cmake
[4.404s] -- Installing: /home/yjh/Doosan/Real_project_ws/Week4/B5/install/menu_order_interfaces/share/menu_order_interfaces/cmake/menu_order_interfaces__rosidl_typesupport_introspection_cExport-noconfig.cmake
[4.404s] -- Installing: /home/yjh/Doosan/Real_project_ws/Week4/B5/install/menu_order_interfaces/share/menu_order_interfaces/cmake/menu_order_interfaces__rosidl_typesupport_cExport.cmake
[4.404s] -- Installing: /home/yjh/Doosan/Real_project_ws/Week4/B5/install/menu_order_interfaces/share/menu_order_interfaces/cmake/menu_order_interfaces__rosidl_typesupport_cExport-noconfig.cmake
[4.404s] -- Installing: /home/yjh/Doosan/Real_project_ws/Week4/B5/install/menu_order_interfaces/share/menu_order_interfaces/cmake/export_menu_order_interfaces__rosidl_generator_cppExport.cmake
[4.404s] -- Installing: /home/yjh/Doosan/Real_project_ws/Week4/B5/install/menu_order_interfaces/share/menu_order_interfaces/cmake/export_menu_order_interfaces__rosidl_typesupport_fastrtps_cppExport.cmake
[4.404s] -- Installing: /home/yjh/Doosan/Real_project_ws/Week4/B5/install/menu_order_interfaces/share/menu_order_interfaces/cmake/export_menu_order_interfaces__rosidl_typesupport_fastrtps_cppExport-noconfig.cmake
[4.405s] -- Installing: /home/yjh/Doosan/Real_project_ws/Week4/B5/install/menu_order_interfaces/share/menu_order_interfaces/cmake/menu_order_interfaces__rosidl_typesupport_introspection_cppExport.cmake
[4.405s] -- Installing: /home/yjh/Doosan/Real_project_ws/Week4/B5/install/menu_order_interfaces/share/menu_order_interfaces/cmake/menu_order_interfaces__rosidl_typesupport_introspection_cppExport-noconfig.cmake
[4.405s] -- Installing: /home/yjh/Doosan/Real_project_ws/Week4/B5/install/menu_order_interfaces/share/menu_order_interfaces/cmake/menu_order_interfaces__rosidl_typesupport_cppExport.cmake
[4.405s] -- Installing: /home/yjh/Doosan/Real_project_ws/Week4/B5/install/menu_order_interfaces/share/menu_order_interfaces/cmake/menu_order_interfaces__rosidl_typesupport_cppExport-noconfig.cmake
[4.405s] -- Installing: /home/yjh/Doosan/Real_project_ws/Week4/B5/install/menu_order_interfaces/share/menu_order_interfaces/cmake/export_menu_order_interfaces__rosidl_generator_pyExport.cmake
[4.405s] -- Installing: /home/yjh/Doosan/Real_project_ws/Week4/B5/install/menu_order_interfaces/share/menu_order_interfaces/cmake/export_menu_order_interfaces__rosidl_generator_pyExport-noconfig.cmake
[4.405s] -- Installing: /home/yjh/Doosan/Real_project_ws/Week4/B5/install/menu_order_interfaces/share/menu_order_interfaces/cmake/rosidl_cmake-extras.cmake
[4.406s] -- Installing: /home/yjh/Doosan/Real_project_ws/Week4/B5/install/menu_order_interfaces/share/menu_order_interfaces/cmake/ament_cmake_export_dependencies-extras.cmake
[4.406s] -- Installing: /home/yjh/Doosan/Real_project_ws/Week4/B5/install/menu_order_interfaces/share/menu_order_interfaces/cmake/ament_cmake_export_include_directories-extras.cmake
[4.406s] -- Installing: /home/yjh/Doosan/Real_project_ws/Week4/B5/install/menu_order_interfaces/share/menu_order_interfaces/cmake/ament_cmake_export_libraries-extras.cmake
[4.406s] -- Installing: /home/yjh/Doosan/Real_project_ws/Week4/B5/install/menu_order_interfaces/share/menu_order_interfaces/cmake/ament_cmake_export_targets-extras.cmake
[4.406s] -- Installing: /home/yjh/Doosan/Real_project_ws/Week4/B5/install/menu_order_interfaces/share/menu_order_interfaces/cmake/rosidl_cmake_export_typesupport_targets-extras.cmake
[4.406s] -- Installing: /home/yjh/Doosan/Real_project_ws/Week4/B5/install/menu_order_interfaces/share/menu_order_interfaces/cmake/rosidl_cmake_export_typesupport_libraries-extras.cmake
[4.406s] -- Installing: /home/yjh/Doosan/Real_project_ws/Week4/B5/install/menu_order_interfaces/share/menu_order_interfaces/cmake/menu_order_interfacesConfig.cmake
[4.406s] -- Installing: /home/yjh/Doosan/Real_project_ws/Week4/B5/install/menu_order_interfaces/share/menu_order_interfaces/cmake/menu_order_interfacesConfig-version.cmake
[4.407s] -- Installing: /home/yjh/Doosan/Real_project_ws/Week4/B5/install/menu_order_interfaces/share/menu_order_interfaces/package.xml
[4.409s] Invoked command in '/home/yjh/Doosan/Real_project_ws/Week4/B5/build/menu_order_interfaces' returned '0': CMAKE_PREFIX_PATH=/opt/ros/humble /usr/bin/cmake --install /home/yjh/Doosan/Real_project_ws/Week4/B5/build/menu_order_interfaces
