[0.015s] Invoking command in '/home/rokey/Documents/RokeyProjects/ServiceRobotProject/B5/build/menu_order_interfaces': CMAKE_PREFIX_PATH=${CMAKE_PREFIX_PATH}:/home/rokey/Documents/RokeyProjects/ServiceRobotProject/B5/install/menu_order_project:/home/rokey/turtlebot3_ws/install/turtlebot3_teleop:/home/rokey/turtlebot3_ws/install/turtlebot3_example:/opt/ros/humble /usr/local/bin/cmake --build /home/rokey/Documents/RokeyProjects/ServiceRobotProject/B5/build/menu_order_interfaces -- -j8 -l8
[0.050s] -- Found ament_cmake: 1.3.10 (/opt/ros/humble/share/ament_cmake/cmake)
[0.264s] -- Override CMake install command with custom implementation using symlinks instead of copying resources
[0.280s] -- Found rosidl_default_generators: 1.2.0 (/opt/ros/humble/share/rosidl_default_generators/cmake)
[0.284s] -- Using all available rosidl_typesupport_c: rosidl_typesupport_fastrtps_c;rosidl_typesupport_introspection_c
[0.288s] -- Found rosidl_adapter: 3.1.5 (/opt/ros/humble/share/rosidl_adapter/cmake)
[0.335s] -- Using all available rosidl_typesupport_cpp: rosidl_typesupport_fastrtps_cpp;rosidl_typesupport_introspection_cpp
[0.370s] -- Found std_msgs: 4.2.4 (/opt/ros/humble/share/std_msgs/cmake)
[0.952s] -- Found ament_cmake_ros: 0.10.0 (/opt/ros/humble/share/ament_cmake_ros/cmake)
[1.521s] -- Using all available rosidl_typesupport_c: rosidl_typesupport_fastrtps_c;rosidl_typesupport_introspection_c
[2.264s] -- Using all available rosidl_typesupport_cpp: rosidl_typesupport_fastrtps_cpp;rosidl_typesupport_introspection_cpp
[2.272s] [33mCMake Warning (dev) at /opt/ros/humble/share/rosidl_generator_py/cmake/rosidl_generator_py_generate_interfaces.cmake:20 (find_package):
[2.272s]   Policy CMP0148 is not set: The FindPythonInterp and FindPythonLibs modules
[2.272s]   are removed.  Run "cmake --help-policy CMP0148" for policy details.  Use
[2.273s]   the cmake_policy command to set the policy and suppress this warning.
[2.273s] 
[2.273s] Call Stack (most recent call first):
[2.273s]   /opt/ros/humble/share/ament_cmake_core/cmake/core/ament_execute_extensions.cmake:48 (include)
[2.273s]   /opt/ros/humble/share/rosidl_cmake/cmake/rosidl_generate_interfaces.cmake:286 (ament_execute_extensions)
[2.273s]   CMakeLists.txt:18 (rosidl_generate_interfaces)
[2.273s] This warning is for project developers.  Use -Wno-dev to suppress it.
[2.273s] [0m
[2.294s] -- Found python_cmake_module: 0.10.0 (/opt/ros/humble/share/python_cmake_module/cmake)
[2.294s] [33mCMake Warning (dev) at /opt/ros/humble/share/python_cmake_module/cmake/Modules/FindPythonExtra.cmake:52 (find_package):
[2.295s]   Policy CMP0148 is not set: The FindPythonInterp and FindPythonLibs modules
[2.295s]   are removed.  Run "cmake --help-policy CMP0148" for policy details.  Use
[2.295s]   the cmake_policy command to set the policy and suppress this warning.
[2.295s] 
[2.295s] Call Stack (most recent call first):
[2.295s]   /opt/ros/humble/share/rosidl_generator_py/cmake/rosidl_generator_py_generate_interfaces.cmake:23 (find_package)
[2.295s]   /opt/ros/humble/share/ament_cmake_core/cmake/core/ament_execute_extensions.cmake:48 (include)
[2.295s]   /opt/ros/humble/share/rosidl_cmake/cmake/rosidl_generate_interfaces.cmake:286 (ament_execute_extensions)
[2.295s]   CMakeLists.txt:18 (rosidl_generate_interfaces)
[2.295s] This warning is for project developers.  Use -Wno-dev to suppress it.
[2.295s] [0m
[2.318s] [33mCMake Warning (dev) at /opt/ros/humble/share/python_cmake_module/cmake/Modules/FindPythonExtra.cmake:140 (find_package):
[2.318s]   Policy CMP0148 is not set: The FindPythonInterp and FindPythonLibs modules
[2.318s]   are removed.  Run "cmake --help-policy CMP0148" for policy details.  Use
[2.318s]   the cmake_policy command to set the policy and suppress this warning.
[2.318s] 
[2.318s] Call Stack (most recent call first):
[2.318s]   /opt/ros/humble/share/rosidl_generator_py/cmake/rosidl_generator_py_generate_interfaces.cmake:23 (find_package)
[2.318s]   /opt/ros/humble/share/ament_cmake_core/cmake/core/ament_execute_extensions.cmake:48 (include)
[2.318s]   /opt/ros/humble/share/rosidl_cmake/cmake/rosidl_generate_interfaces.cmake:286 (ament_execute_extensions)
[2.319s]   CMakeLists.txt:18 (rosidl_generate_interfaces)
[2.319s] This warning is for project developers.  Use -Wno-dev to suppress it.
[2.319s] [0m
[2.321s] -- Using PYTHON_EXECUTABLE: /usr/bin/python3
[2.321s] -- Using PYTHON_INCLUDE_DIRS: /usr/include/python3.10
[2.321s] -- Using PYTHON_LIBRARIES: /usr/lib/x86_64-linux-gnu/libpython3.10.so
[2.376s] -- Found ament_lint_auto: 0.12.11 (/opt/ros/humble/share/ament_lint_auto/cmake)
[2.397s] -- Added test 'lint_cmake' to check CMake code style
[2.399s] -- Added test 'xmllint' to check XML markup files
[2.404s] -- Configuring done (2.4s)
[2.475s] -- Generating done (0.1s)
[2.475s] -- Build files have been written to: /home/rokey/Documents/RokeyProjects/ServiceRobotProject/B5/build/menu_order_interfaces
[2.491s] [  1%] [34m[1mGenerating C code for ROS interfaces[0m
[2.496s] [  3%] [34m[1mGenerating C++ code for ROS interfaces[0m
[2.499s] [  3%] Built target ament_cmake_python_symlink_menu_order_interfaces
[2.813s] running egg_info
[2.816s] writing menu_order_interfaces.egg-info/PKG-INFO
[2.816s] writing dependency_links to menu_order_interfaces.egg-info/dependency_links.txt
[2.817s] writing top-level names to menu_order_interfaces.egg-info/top_level.txt
[2.829s] reading manifest file 'menu_order_interfaces.egg-info/SOURCES.txt'
[2.831s] writing manifest file 'menu_order_interfaces.egg-info/SOURCES.txt'
[2.867s] [  3%] Built target ament_cmake_python_build_menu_order_interfaces_egg
[3.421s] [  3%] Built target menu_order_interfaces__cpp
[3.432s] [  7%] [34m[1mGenerating C++ type support dispatch for ROS interfaces[0m
[3.432s] [  7%] [34m[1mGenerating C++ type support for eProsima Fast-RTPS[0m
[3.434s] [  9%] [34m[1mGenerating C++ introspection for ROS interfaces[0m
[3.542s] [ 12%] [32mBuilding C object CMakeFiles/menu_order_interfaces__rosidl_generator_c.dir/rosidl_generator_c/menu_order_interfaces/msg/detail/order__functions.c.o[0m
[3.544s] [ 12%] [32mBuilding C object CMakeFiles/menu_order_interfaces__rosidl_generator_c.dir/rosidl_generator_c/menu_order_interfaces/srv/detail/menu_update__functions.c.o[0m
[3.545s] [ 14%] [32mBuilding C object CMakeFiles/menu_order_interfaces__rosidl_generator_c.dir/rosidl_generator_c/menu_order_interfaces/action/detail/serve__functions.c.o[0m
[3.550s] [ 16%] [32mBuilding C object CMakeFiles/menu_order_interfaces__rosidl_generator_c.dir/rosidl_generator_c/menu_order_interfaces/srv/detail/menu_table__functions.c.o[0m
[3.823s] [ 18%] [32m[1mLinking C shared library libmenu_order_interfaces__rosidl_generator_c.so[0m
[3.895s] [ 18%] Built target menu_order_interfaces__rosidl_generator_c
[3.911s] [ 20%] [34m[1mGenerating C introspection for ROS interfaces[0m
[3.911s] [ 21%] [34m[1mGenerating C type support for eProsima Fast-RTPS[0m
[3.911s] [ 23%] [34m[1mGenerating C type support dispatch for ROS interfaces[0m
[4.525s] [ 25%] [32mBuilding CXX object CMakeFiles/menu_order_interfaces__rosidl_typesupport_cpp.dir/rosidl_typesupport_cpp/menu_order_interfaces/msg/order__type_support.cpp.o[0m
[4.526s] [ 27%] [32mBuilding CXX object CMakeFiles/menu_order_interfaces__rosidl_typesupport_cpp.dir/rosidl_typesupport_cpp/menu_order_interfaces/srv/menu_table__type_support.cpp.o[0m
[4.526s] [ 29%] [32mBuilding CXX object CMakeFiles/menu_order_interfaces__rosidl_typesupport_cpp.dir/rosidl_typesupport_cpp/menu_order_interfaces/srv/menu_update__type_support.cpp.o[0m
[4.803s] [ 30%] [32mBuilding CXX object CMakeFiles/menu_order_interfaces__rosidl_typesupport_introspection_cpp.dir/rosidl_typesupport_introspection_cpp/menu_order_interfaces/msg/detail/order__type_support.cpp.o[0m
[5.150s] [ 32%] [32mBuilding CXX object CMakeFiles/menu_order_interfaces__rosidl_typesupport_fastrtps_cpp.dir/rosidl_typesupport_fastrtps_cpp/menu_order_interfaces/msg/detail/dds_fastrtps/order__type_support.cpp.o[0m
[5.198s] [ 34%] [32mBuilding CXX object CMakeFiles/menu_order_interfaces__rosidl_typesupport_c.dir/rosidl_typesupport_c/menu_order_interfaces/msg/order__type_support.cpp.o[0m
[5.291s] [ 36%] [32mBuilding CXX object CMakeFiles/menu_order_interfaces__rosidl_typesupport_c.dir/rosidl_typesupport_c/menu_order_interfaces/srv/menu_update__type_support.cpp.o[0m
[5.472s] [ 38%] [32mBuilding CXX object CMakeFiles/menu_order_interfaces__rosidl_typesupport_c.dir/rosidl_typesupport_c/menu_order_interfaces/srv/menu_table__type_support.cpp.o[0m
[5.530s] [ 40%] [32mBuilding CXX object CMakeFiles/menu_order_interfaces__rosidl_typesupport_cpp.dir/rosidl_typesupport_cpp/menu_order_interfaces/action/serve__type_support.cpp.o[0m
[5.549s] [ 41%] [32mBuilding CXX object CMakeFiles/menu_order_interfaces__rosidl_typesupport_introspection_cpp.dir/rosidl_typesupport_introspection_cpp/menu_order_interfaces/srv/detail/menu_update__type_support.cpp.o[0m
[5.555s] [ 45%] [32mBuilding CXX object CMakeFiles/menu_order_interfaces__rosidl_typesupport_c.dir/rosidl_typesupport_c/menu_order_interfaces/action/serve__type_support.cpp.o[0m
[5.555s] [ 45%] [32mBuilding CXX object CMakeFiles/menu_order_interfaces__rosidl_typesupport_fastrtps_c.dir/rosidl_typesupport_fastrtps_c/menu_order_interfaces/msg/detail/order__type_support_c.cpp.o[0m
[5.600s] [ 47%] [32mBuilding CXX object CMakeFiles/menu_order_interfaces__rosidl_typesupport_introspection_cpp.dir/rosidl_typesupport_introspection_cpp/menu_order_interfaces/srv/detail/menu_table__type_support.cpp.o[0m
[5.707s] [ 49%] [32m[1mLinking CXX shared library libmenu_order_interfaces__rosidl_typesupport_c.so[0m
[5.838s] [ 49%] Built target menu_order_interfaces__rosidl_typesupport_c
[5.857s] [ 50%] [32mBuilding CXX object CMakeFiles/menu_order_interfaces__rosidl_typesupport_fastrtps_cpp.dir/rosidl_typesupport_fastrtps_cpp/menu_order_interfaces/srv/detail/dds_fastrtps/menu_update__type_support.cpp.o[0m
[5.884s] [ 52%] [32mBuilding C object CMakeFiles/menu_order_interfaces__rosidl_typesupport_introspection_c.dir/rosidl_typesupport_introspection_c/menu_order_interfaces/msg/detail/order__type_support.c.o[0m
[5.960s] [ 54%] [32mBuilding CXX object CMakeFiles/menu_order_interfaces__rosidl_typesupport_fastrtps_c.dir/rosidl_typesupport_fastrtps_c/menu_order_interfaces/srv/detail/menu_update__type_support_c.cpp.o[0m
[6.024s] [ 56%] [32mBuilding C object CMakeFiles/menu_order_interfaces__rosidl_typesupport_introspection_c.dir/rosidl_typesupport_introspection_c/menu_order_interfaces/srv/detail/menu_update__type_support.c.o[0m
[6.152s] [ 58%] [32mBuilding C object CMakeFiles/menu_order_interfaces__rosidl_typesupport_introspection_c.dir/rosidl_typesupport_introspection_c/menu_order_interfaces/srv/detail/menu_table__type_support.c.o[0m
[6.270s] [ 60%] [32mBuilding C object CMakeFiles/menu_order_interfaces__rosidl_typesupport_introspection_c.dir/rosidl_typesupport_introspection_c/menu_order_interfaces/action/detail/serve__type_support.c.o[0m
[6.493s] [ 61%] [32m[1mLinking C shared library libmenu_order_interfaces__rosidl_typesupport_introspection_c.so[0m
[6.523s] [ 63%] [32mBuilding CXX object CMakeFiles/menu_order_interfaces__rosidl_typesupport_fastrtps_c.dir/rosidl_typesupport_fastrtps_c/menu_order_interfaces/srv/detail/menu_table__type_support_c.cpp.o[0m
[6.607s] [ 63%] Built target menu_order_interfaces__rosidl_typesupport_introspection_c
[6.626s] [ 65%] [32mBuilding CXX object CMakeFiles/menu_order_interfaces__rosidl_typesupport_introspection_cpp.dir/rosidl_typesupport_introspection_cpp/menu_order_interfaces/action/detail/serve__type_support.cpp.o[0m
[6.689s] [ 67%] [32mBuilding CXX object CMakeFiles/menu_order_interfaces__rosidl_typesupport_fastrtps_c.dir/rosidl_typesupport_fastrtps_c/menu_order_interfaces/action/detail/serve__type_support_c.cpp.o[0m
[6.793s] [ 69%] [32m[1mLinking CXX shared library libmenu_order_interfaces__rosidl_typesupport_cpp.so[0m
[6.814s] [ 70%] [32mBuilding CXX object CMakeFiles/menu_order_interfaces__rosidl_typesupport_fastrtps_cpp.dir/rosidl_typesupport_fastrtps_cpp/menu_order_interfaces/srv/detail/dds_fastrtps/menu_table__type_support.cpp.o[0m
[6.885s] [ 72%] [32mBuilding CXX object CMakeFiles/menu_order_interfaces__rosidl_typesupport_fastrtps_cpp.dir/rosidl_typesupport_fastrtps_cpp/menu_order_interfaces/action/detail/dds_fastrtps/serve__type_support.cpp.o[0m
[6.889s] [ 72%] Built target menu_order_interfaces__rosidl_typesupport_cpp
[7.825s] [ 74%] [32m[1mLinking CXX shared library libmenu_order_interfaces__rosidl_typesupport_fastrtps_c.so[0m
[8.051s] [ 74%] Built target menu_order_interfaces__rosidl_typesupport_fastrtps_c
[8.206s] [ 76%] [32m[1mLinking CXX shared library libmenu_order_interfaces__rosidl_typesupport_introspection_cpp.so[0m
[8.269s] [ 78%] [32m[1mLinking CXX shared library libmenu_order_interfaces__rosidl_typesupport_fastrtps_cpp.so[0m
[8.285s] [ 78%] Built target menu_order_interfaces__rosidl_typesupport_introspection_cpp
[8.350s] [ 78%] Built target menu_order_interfaces__rosidl_typesupport_fastrtps_cpp
[8.362s] [ 78%] Built target menu_order_interfaces
[8.382s] [ 80%] Built target menu_order_interfaces__py
[8.402s] [ 83%] [32mBuilding C object CMakeFiles/menu_order_interfaces__rosidl_generator_py.dir/rosidl_generator_py/menu_order_interfaces/msg/_order_s.c.o[0m
[8.402s] [ 83%] [32mBuilding C object CMakeFiles/menu_order_interfaces__rosidl_generator_py.dir/rosidl_generator_py/menu_order_interfaces/srv/_menu_update_s.c.o[0m
[8.403s] [ 85%] [32mBuilding C object CMakeFiles/menu_order_interfaces__rosidl_generator_py.dir/rosidl_generator_py/menu_order_interfaces/srv/_menu_table_s.c.o[0m
[8.403s] [ 87%] [32mBuilding C object CMakeFiles/menu_order_interfaces__rosidl_generator_py.dir/rosidl_generator_py/menu_order_interfaces/action/_serve_s.c.o[0m
[8.672s] [ 89%] [32m[1mLinking C shared library rosidl_generator_py/menu_order_interfaces/libmenu_order_interfaces__rosidl_generator_py.so[0m
[8.705s] [ 89%] Built target menu_order_interfaces__rosidl_generator_py
[8.719s] [ 92%] [32mBuilding C object CMakeFiles/menu_order_interfaces__rosidl_typesupport_fastrtps_c__pyext.dir/rosidl_generator_py/menu_order_interfaces/_menu_order_interfaces_s.ep.rosidl_typesupport_fastrtps_c.c.o[0m
[8.719s] [ 92%] [32mBuilding C object CMakeFiles/menu_order_interfaces__rosidl_typesupport_c__pyext.dir/rosidl_generator_py/menu_order_interfaces/_menu_order_interfaces_s.ep.rosidl_typesupport_c.c.o[0m
[8.719s] [ 94%] [32mBuilding C object CMakeFiles/menu_order_interfaces__rosidl_typesupport_introspection_c__pyext.dir/rosidl_generator_py/menu_order_interfaces/_menu_order_interfaces_s.ep.rosidl_typesupport_introspection_c.c.o[0m
[8.948s] [ 96%] [32m[1mLinking C shared library rosidl_generator_py/menu_order_interfaces/menu_order_interfaces_s__rosidl_typesupport_fastrtps_c.cpython-310-x86_64-linux-gnu.so[0m
[8.958s] [ 98%] [32m[1mLinking C shared library rosidl_generator_py/menu_order_interfaces/menu_order_interfaces_s__rosidl_typesupport_introspection_c.cpython-310-x86_64-linux-gnu.so[0m
[8.959s] [100%] [32m[1mLinking C shared library rosidl_generator_py/menu_order_interfaces/menu_order_interfaces_s__rosidl_typesupport_c.cpython-310-x86_64-linux-gnu.so[0m
[9.000s] [100%] Built target menu_order_interfaces__rosidl_typesupport_fastrtps_c__pyext
[9.003s] [100%] Built target menu_order_interfaces__rosidl_typesupport_introspection_c__pyext
[9.003s] [100%] Built target menu_order_interfaces__rosidl_typesupport_c__pyext
[9.009s] Invoked command in '/home/rokey/Documents/RokeyProjects/ServiceRobotProject/B5/build/menu_order_interfaces' returned '0': CMAKE_PREFIX_PATH=${CMAKE_PREFIX_PATH}:/home/rokey/Documents/RokeyProjects/ServiceRobotProject/B5/install/menu_order_project:/home/rokey/turtlebot3_ws/install/turtlebot3_teleop:/home/rokey/turtlebot3_ws/install/turtlebot3_example:/opt/ros/humble /usr/local/bin/cmake --build /home/rokey/Documents/RokeyProjects/ServiceRobotProject/B5/build/menu_order_interfaces -- -j8 -l8
[9.106s] Invoking command in '/home/rokey/Documents/RokeyProjects/ServiceRobotProject/B5/build/menu_order_interfaces': CMAKE_PREFIX_PATH=${CMAKE_PREFIX_PATH}:/home/rokey/Documents/RokeyProjects/ServiceRobotProject/B5/install/menu_order_project:/home/rokey/turtlebot3_ws/install/turtlebot3_teleop:/home/rokey/turtlebot3_ws/install/turtlebot3_example:/opt/ros/humble /usr/local/bin/cmake --install /home/rokey/Documents/RokeyProjects/ServiceRobotProject/B5/build/menu_order_interfaces
[9.111s] -- Install configuration: ""
[9.111s] -- Execute custom install script
[9.111s] -- Up-to-date symlink: /home/rokey/Documents/RokeyProjects/ServiceRobotProject/B5/install/menu_order_interfaces/share/ament_index/resource_index/rosidl_interfaces/menu_order_interfaces
[9.112s] -- Up-to-date symlink: /home/rokey/Documents/RokeyProjects/ServiceRobotProject/B5/install/menu_order_interfaces/include/menu_order_interfaces/menu_order_interfaces/action/detail/serve__functions.h
[9.112s] -- Up-to-date symlink: /home/rokey/Documents/RokeyProjects/ServiceRobotProject/B5/install/menu_order_interfaces/include/menu_order_interfaces/menu_order_interfaces/action/detail/serve__struct.h
[9.112s] -- Up-to-date symlink: /home/rokey/Documents/RokeyProjects/ServiceRobotProject/B5/install/menu_order_interfaces/include/menu_order_interfaces/menu_order_interfaces/action/detail/serve__type_support.h
[9.112s] -- Up-to-date symlink: /home/rokey/Documents/RokeyProjects/ServiceRobotProject/B5/install/menu_order_interfaces/include/menu_order_interfaces/menu_order_interfaces/action/serve.h
[9.112s] -- Up-to-date symlink: /home/rokey/Documents/RokeyProjects/ServiceRobotProject/B5/install/menu_order_interfaces/include/menu_order_interfaces/menu_order_interfaces/msg/detail/order__functions.h
[9.113s] -- Up-to-date symlink: /home/rokey/Documents/RokeyProjects/ServiceRobotProject/B5/install/menu_order_interfaces/include/menu_order_interfaces/menu_order_interfaces/msg/detail/order__struct.h
[9.113s] -- Up-to-date symlink: /home/rokey/Documents/RokeyProjects/ServiceRobotProject/B5/install/menu_order_interfaces/include/menu_order_interfaces/menu_order_interfaces/msg/detail/order__type_support.h
[9.113s] -- Up-to-date symlink: /home/rokey/Documents/RokeyProjects/ServiceRobotProject/B5/install/menu_order_interfaces/include/menu_order_interfaces/menu_order_interfaces/msg/order.h
[9.113s] -- Up-to-date symlink: /home/rokey/Documents/RokeyProjects/ServiceRobotProject/B5/install/menu_order_interfaces/include/menu_order_interfaces/menu_order_interfaces/msg/rosidl_generator_c__visibility_control.h
[9.113s] -- Up-to-date symlink: /home/rokey/Documents/RokeyProjects/ServiceRobotProject/B5/install/menu_order_interfaces/include/menu_order_interfaces/menu_order_interfaces/srv/detail/menu_table__functions.h
[9.113s] -- Up-to-date symlink: /home/rokey/Documents/RokeyProjects/ServiceRobotProject/B5/install/menu_order_interfaces/include/menu_order_interfaces/menu_order_interfaces/srv/detail/menu_table__struct.h
[9.113s] -- Up-to-date symlink: /home/rokey/Documents/RokeyProjects/ServiceRobotProject/B5/install/menu_order_interfaces/include/menu_order_interfaces/menu_order_interfaces/srv/detail/menu_table__type_support.h
[9.113s] -- Up-to-date symlink: /home/rokey/Documents/RokeyProjects/ServiceRobotProject/B5/install/menu_order_interfaces/include/menu_order_interfaces/menu_order_interfaces/srv/detail/menu_update__functions.h
[9.113s] -- Up-to-date symlink: /home/rokey/Documents/RokeyProjects/ServiceRobotProject/B5/install/menu_order_interfaces/include/menu_order_interfaces/menu_order_interfaces/srv/detail/menu_update__struct.h
[9.113s] -- Up-to-date symlink: /home/rokey/Documents/RokeyProjects/ServiceRobotProject/B5/install/menu_order_interfaces/include/menu_order_interfaces/menu_order_interfaces/srv/detail/menu_update__type_support.h
[9.114s] -- Up-to-date symlink: /home/rokey/Documents/RokeyProjects/ServiceRobotProject/B5/install/menu_order_interfaces/include/menu_order_interfaces/menu_order_interfaces/srv/menu_table.h
[9.114s] -- Up-to-date symlink: /home/rokey/Documents/RokeyProjects/ServiceRobotProject/B5/install/menu_order_interfaces/include/menu_order_interfaces/menu_order_interfaces/srv/menu_update.h
[9.114s] -- Up-to-date symlink: /home/rokey/Documents/RokeyProjects/ServiceRobotProject/B5/install/menu_order_interfaces/share/menu_order_interfaces/environment/library_path.sh
[9.114s] -- Up-to-date symlink: /home/rokey/Documents/RokeyProjects/ServiceRobotProject/B5/install/menu_order_interfaces/share/menu_order_interfaces/environment/library_path.dsv
[9.115s] -- Up-to-date symlink: /home/rokey/Documents/RokeyProjects/ServiceRobotProject/B5/install/menu_order_interfaces/include/menu_order_interfaces/menu_order_interfaces/action/detail/serve__rosidl_typesupport_fastrtps_c.h
[9.115s] -- Up-to-date symlink: /home/rokey/Documents/RokeyProjects/ServiceRobotProject/B5/install/menu_order_interfaces/include/menu_order_interfaces/menu_order_interfaces/msg/detail/order__rosidl_typesupport_fastrtps_c.h
[9.115s] -- Up-to-date symlink: /home/rokey/Documents/RokeyProjects/ServiceRobotProject/B5/install/menu_order_interfaces/include/menu_order_interfaces/menu_order_interfaces/msg/rosidl_typesupport_fastrtps_c__visibility_control.h
[9.115s] -- Up-to-date symlink: /home/rokey/Documents/RokeyProjects/ServiceRobotProject/B5/install/menu_order_interfaces/include/menu_order_interfaces/menu_order_interfaces/srv/detail/menu_table__rosidl_typesupport_fastrtps_c.h
[9.115s] -- Up-to-date symlink: /home/rokey/Documents/RokeyProjects/ServiceRobotProject/B5/install/menu_order_interfaces/include/menu_order_interfaces/menu_order_interfaces/srv/detail/menu_update__rosidl_typesupport_fastrtps_c.h
[9.116s] -- Up-to-date symlink: /home/rokey/Documents/RokeyProjects/ServiceRobotProject/B5/install/menu_order_interfaces/include/menu_order_interfaces/menu_order_interfaces/action/detail/serve__rosidl_typesupport_introspection_c.h
[9.116s] -- Up-to-date symlink: /home/rokey/Documents/RokeyProjects/ServiceRobotProject/B5/install/menu_order_interfaces/include/menu_order_interfaces/menu_order_interfaces/msg/detail/order__rosidl_typesupport_introspection_c.h
[9.116s] -- Up-to-date symlink: /home/rokey/Documents/RokeyProjects/ServiceRobotProject/B5/install/menu_order_interfaces/include/menu_order_interfaces/menu_order_interfaces/msg/rosidl_typesupport_introspection_c__visibility_control.h
[9.116s] -- Up-to-date symlink: /home/rokey/Documents/RokeyProjects/ServiceRobotProject/B5/install/menu_order_interfaces/include/menu_order_interfaces/menu_order_interfaces/srv/detail/menu_table__rosidl_typesupport_introspection_c.h
[9.116s] -- Up-to-date symlink: /home/rokey/Documents/RokeyProjects/ServiceRobotProject/B5/install/menu_order_interfaces/include/menu_order_interfaces/menu_order_interfaces/srv/detail/menu_update__rosidl_typesupport_introspection_c.h
[9.116s] -- Up-to-date symlink: /home/rokey/Documents/RokeyProjects/ServiceRobotProject/B5/install/menu_order_interfaces/include/menu_order_interfaces/menu_order_interfaces/action/detail/serve__builder.hpp
[9.117s] -- Up-to-date symlink: /home/rokey/Documents/RokeyProjects/ServiceRobotProject/B5/install/menu_order_interfaces/include/menu_order_interfaces/menu_order_interfaces/action/detail/serve__struct.hpp
[9.117s] -- Up-to-date symlink: /home/rokey/Documents/RokeyProjects/ServiceRobotProject/B5/install/menu_order_interfaces/include/menu_order_interfaces/menu_order_interfaces/action/detail/serve__traits.hpp
[9.117s] -- Up-to-date symlink: /home/rokey/Documents/RokeyProjects/ServiceRobotProject/B5/install/menu_order_interfaces/include/menu_order_interfaces/menu_order_interfaces/action/serve.hpp
[9.117s] -- Up-to-date symlink: /home/rokey/Documents/RokeyProjects/ServiceRobotProject/B5/install/menu_order_interfaces/include/menu_order_interfaces/menu_order_interfaces/msg/detail/order__builder.hpp
[9.117s] -- Up-to-date symlink: /home/rokey/Documents/RokeyProjects/ServiceRobotProject/B5/install/menu_order_interfaces/include/menu_order_interfaces/menu_order_interfaces/msg/detail/order__struct.hpp
[9.117s] -- Up-to-date symlink: /home/rokey/Documents/RokeyProjects/ServiceRobotProject/B5/install/menu_order_interfaces/include/menu_order_interfaces/menu_order_interfaces/msg/detail/order__traits.hpp
[9.117s] -- Up-to-date symlink: /home/rokey/Documents/RokeyProjects/ServiceRobotProject/B5/install/menu_order_interfaces/include/menu_order_interfaces/menu_order_interfaces/msg/order.hpp
[9.117s] -- Up-to-date symlink: /home/rokey/Documents/RokeyProjects/ServiceRobotProject/B5/install/menu_order_interfaces/include/menu_order_interfaces/menu_order_interfaces/srv/detail/menu_table__builder.hpp
[9.117s] -- Up-to-date symlink: /home/rokey/Documents/RokeyProjects/ServiceRobotProject/B5/install/menu_order_interfaces/include/menu_order_interfaces/menu_order_interfaces/srv/detail/menu_table__struct.hpp
[9.117s] -- Up-to-date symlink: /home/rokey/Documents/RokeyProjects/ServiceRobotProject/B5/install/menu_order_interfaces/include/menu_order_interfaces/menu_order_interfaces/srv/detail/menu_table__traits.hpp
[9.118s] -- Up-to-date symlink: /home/rokey/Documents/RokeyProjects/ServiceRobotProject/B5/install/menu_order_interfaces/include/menu_order_interfaces/menu_order_interfaces/srv/detail/menu_update__builder.hpp
[9.118s] -- Up-to-date symlink: /home/rokey/Documents/RokeyProjects/ServiceRobotProject/B5/install/menu_order_interfaces/include/menu_order_interfaces/menu_order_interfaces/srv/detail/menu_update__struct.hpp
[9.118s] -- Up-to-date symlink: /home/rokey/Documents/RokeyProjects/ServiceRobotProject/B5/install/menu_order_interfaces/include/menu_order_interfaces/menu_order_interfaces/srv/detail/menu_update__traits.hpp
[9.118s] -- Up-to-date symlink: /home/rokey/Documents/RokeyProjects/ServiceRobotProject/B5/install/menu_order_interfaces/include/menu_order_interfaces/menu_order_interfaces/srv/menu_table.hpp
[9.118s] -- Up-to-date symlink: /home/rokey/Documents/RokeyProjects/ServiceRobotProject/B5/install/menu_order_interfaces/include/menu_order_interfaces/menu_order_interfaces/srv/menu_update.hpp
[9.119s] -- Up-to-date symlink: /home/rokey/Documents/RokeyProjects/ServiceRobotProject/B5/install/menu_order_interfaces/include/menu_order_interfaces/menu_order_interfaces/action/detail/serve__rosidl_typesupport_fastrtps_cpp.hpp
[9.119s] -- Up-to-date symlink: /home/rokey/Documents/RokeyProjects/ServiceRobotProject/B5/install/menu_order_interfaces/include/menu_order_interfaces/menu_order_interfaces/msg/detail/order__rosidl_typesupport_fastrtps_cpp.hpp
[9.119s] -- Up-to-date symlink: /home/rokey/Documents/RokeyProjects/ServiceRobotProject/B5/install/menu_order_interfaces/include/menu_order_interfaces/menu_order_interfaces/msg/rosidl_typesupport_fastrtps_cpp__visibility_control.h
[9.119s] -- Up-to-date symlink: /home/rokey/Documents/RokeyProjects/ServiceRobotProject/B5/install/menu_order_interfaces/include/menu_order_interfaces/menu_order_interfaces/srv/detail/menu_table__rosidl_typesupport_fastrtps_cpp.hpp
[9.119s] -- Up-to-date symlink: /home/rokey/Documents/RokeyProjects/ServiceRobotProject/B5/install/menu_order_interfaces/include/menu_order_interfaces/menu_order_interfaces/srv/detail/menu_update__rosidl_typesupport_fastrtps_cpp.hpp
[9.120s] -- Up-to-date symlink: /home/rokey/Documents/RokeyProjects/ServiceRobotProject/B5/install/menu_order_interfaces/include/menu_order_interfaces/menu_order_interfaces/action/detail/serve__rosidl_typesupport_introspection_cpp.hpp
[9.120s] -- Up-to-date symlink: /home/rokey/Documents/RokeyProjects/ServiceRobotProject/B5/install/menu_order_interfaces/include/menu_order_interfaces/menu_order_interfaces/msg/detail/order__rosidl_typesupport_introspection_cpp.hpp
[9.120s] -- Up-to-date symlink: /home/rokey/Documents/RokeyProjects/ServiceRobotProject/B5/install/menu_order_interfaces/include/menu_order_interfaces/menu_order_interfaces/srv/detail/menu_table__rosidl_typesupport_introspection_cpp.hpp
[9.120s] -- Up-to-date symlink: /home/rokey/Documents/RokeyProjects/ServiceRobotProject/B5/install/menu_order_interfaces/include/menu_order_interfaces/menu_order_interfaces/srv/detail/menu_update__rosidl_typesupport_introspection_cpp.hpp
[9.120s] -- Up-to-date symlink: /home/rokey/Documents/RokeyProjects/ServiceRobotProject/B5/install/menu_order_interfaces/share/menu_order_interfaces/environment/pythonpath.sh
[9.120s] -- Up-to-date symlink: /home/rokey/Documents/RokeyProjects/ServiceRobotProject/B5/install/menu_order_interfaces/share/menu_order_interfaces/environment/pythonpath.dsv
[9.121s] -- Up-to-date symlink: /home/rokey/Documents/RokeyProjects/ServiceRobotProject/B5/install/menu_order_interfaces/local/lib/python3.10/dist-packages/menu_order_interfaces-0.0.0-py3.10.egg-info/PKG-INFO
[9.121s] -- Up-to-date symlink: /home/rokey/Documents/RokeyProjects/ServiceRobotProject/B5/install/menu_order_interfaces/local/lib/python3.10/dist-packages/menu_order_interfaces-0.0.0-py3.10.egg-info/SOURCES.txt
[9.121s] -- Up-to-date symlink: /home/rokey/Documents/RokeyProjects/ServiceRobotProject/B5/install/menu_order_interfaces/local/lib/python3.10/dist-packages/menu_order_interfaces-0.0.0-py3.10.egg-info/dependency_links.txt
[9.121s] -- Up-to-date symlink: /home/rokey/Documents/RokeyProjects/ServiceRobotProject/B5/install/menu_order_interfaces/local/lib/python3.10/dist-packages/menu_order_interfaces-0.0.0-py3.10.egg-info/top_level.txt
[9.121s] -- Up-to-date symlink: /home/rokey/Documents/RokeyProjects/ServiceRobotProject/B5/install/menu_order_interfaces/local/lib/python3.10/dist-packages/menu_order_interfaces/__init__.py
[9.122s] -- Up-to-date symlink: /home/rokey/Documents/RokeyProjects/ServiceRobotProject/B5/install/menu_order_interfaces/local/lib/python3.10/dist-packages/menu_order_interfaces/_menu_order_interfaces_s.ep.rosidl_typesupport_c.c
[9.122s] -- Up-to-date symlink: /home/rokey/Documents/RokeyProjects/ServiceRobotProject/B5/install/menu_order_interfaces/local/lib/python3.10/dist-packages/menu_order_interfaces/_menu_order_interfaces_s.ep.rosidl_typesupport_fastrtps_c.c
[9.122s] -- Up-to-date symlink: /home/rokey/Documents/RokeyProjects/ServiceRobotProject/B5/install/menu_order_interfaces/local/lib/python3.10/dist-packages/menu_order_interfaces/_menu_order_interfaces_s.ep.rosidl_typesupport_introspection_c.c
[9.122s] -- Up-to-date symlink: /home/rokey/Documents/RokeyProjects/ServiceRobotProject/B5/install/menu_order_interfaces/local/lib/python3.10/dist-packages/menu_order_interfaces/action/__init__.py
[9.122s] -- Up-to-date symlink: /home/rokey/Documents/RokeyProjects/ServiceRobotProject/B5/install/menu_order_interfaces/local/lib/python3.10/dist-packages/menu_order_interfaces/action/_serve.py
[9.122s] -- Up-to-date symlink: /home/rokey/Documents/RokeyProjects/ServiceRobotProject/B5/install/menu_order_interfaces/local/lib/python3.10/dist-packages/menu_order_interfaces/action/_serve_s.c
[9.122s] -- Up-to-date symlink: /home/rokey/Documents/RokeyProjects/ServiceRobotProject/B5/install/menu_order_interfaces/local/lib/python3.10/dist-packages/menu_order_interfaces/libmenu_order_interfaces__rosidl_generator_py.so
[9.122s] -- Up-to-date symlink: /home/rokey/Documents/RokeyProjects/ServiceRobotProject/B5/install/menu_order_interfaces/local/lib/python3.10/dist-packages/menu_order_interfaces/menu_order_interfaces_s__rosidl_typesupport_c.cpython-310-x86_64-linux-gnu.so
[9.122s] -- Up-to-date symlink: /home/rokey/Documents/RokeyProjects/ServiceRobotProject/B5/install/menu_order_interfaces/local/lib/python3.10/dist-packages/menu_order_interfaces/menu_order_interfaces_s__rosidl_typesupport_fastrtps_c.cpython-310-x86_64-linux-gnu.so
[9.122s] -- Up-to-date symlink: /home/rokey/Documents/RokeyProjects/ServiceRobotProject/B5/install/menu_order_interfaces/local/lib/python3.10/dist-packages/menu_order_interfaces/menu_order_interfaces_s__rosidl_typesupport_introspection_c.cpython-310-x86_64-linux-gnu.so
[9.123s] -- Up-to-date symlink: /home/rokey/Documents/RokeyProjects/ServiceRobotProject/B5/install/menu_order_interfaces/local/lib/python3.10/dist-packages/menu_order_interfaces/msg/__init__.py
[9.123s] -- Up-to-date symlink: /home/rokey/Documents/RokeyProjects/ServiceRobotProject/B5/install/menu_order_interfaces/local/lib/python3.10/dist-packages/menu_order_interfaces/msg/_order.py
[9.123s] -- Up-to-date symlink: /home/rokey/Documents/RokeyProjects/ServiceRobotProject/B5/install/menu_order_interfaces/local/lib/python3.10/dist-packages/menu_order_interfaces/msg/_order_s.c
[9.123s] -- Up-to-date symlink: /home/rokey/Documents/RokeyProjects/ServiceRobotProject/B5/install/menu_order_interfaces/local/lib/python3.10/dist-packages/menu_order_interfaces/srv/__init__.py
[9.123s] -- Up-to-date symlink: /home/rokey/Documents/RokeyProjects/ServiceRobotProject/B5/install/menu_order_interfaces/local/lib/python3.10/dist-packages/menu_order_interfaces/srv/_menu_table.py
[9.123s] -- Up-to-date symlink: /home/rokey/Documents/RokeyProjects/ServiceRobotProject/B5/install/menu_order_interfaces/local/lib/python3.10/dist-packages/menu_order_interfaces/srv/_menu_table_s.c
[9.123s] -- Up-to-date symlink: /home/rokey/Documents/RokeyProjects/ServiceRobotProject/B5/install/menu_order_interfaces/local/lib/python3.10/dist-packages/menu_order_interfaces/srv/_menu_update.py
[9.123s] -- Up-to-date symlink: /home/rokey/Documents/RokeyProjects/ServiceRobotProject/B5/install/menu_order_interfaces/local/lib/python3.10/dist-packages/menu_order_interfaces/srv/_menu_update_s.c
[9.124s] -- Up-to-date symlink: /home/rokey/Documents/RokeyProjects/ServiceRobotProject/B5/install/menu_order_interfaces/local/lib/python3.10/dist-packages/menu_order_interfaces/menu_order_interfaces_s__rosidl_typesupport_fastrtps_c.cpython-310-x86_64-linux-gnu.so
[9.124s] -- Up-to-date symlink: /home/rokey/Documents/RokeyProjects/ServiceRobotProject/B5/install/menu_order_interfaces/local/lib/python3.10/dist-packages/menu_order_interfaces/menu_order_interfaces_s__rosidl_typesupport_introspection_c.cpython-310-x86_64-linux-gnu.so
[9.124s] -- Up-to-date symlink: /home/rokey/Documents/RokeyProjects/ServiceRobotProject/B5/install/menu_order_interfaces/local/lib/python3.10/dist-packages/menu_order_interfaces/menu_order_interfaces_s__rosidl_typesupport_c.cpython-310-x86_64-linux-gnu.so
[9.124s] -- Up-to-date symlink: /home/rokey/Documents/RokeyProjects/ServiceRobotProject/B5/install/menu_order_interfaces/share/menu_order_interfaces/msg/Order.idl
[9.124s] -- Up-to-date symlink: /home/rokey/Documents/RokeyProjects/ServiceRobotProject/B5/install/menu_order_interfaces/share/menu_order_interfaces/srv/MenuUpdate.idl
[9.125s] -- Up-to-date symlink: /home/rokey/Documents/RokeyProjects/ServiceRobotProject/B5/install/menu_order_interfaces/share/menu_order_interfaces/srv/MenuTable.idl
[9.125s] -- Up-to-date symlink: /home/rokey/Documents/RokeyProjects/ServiceRobotProject/B5/install/menu_order_interfaces/share/menu_order_interfaces/action/Serve.idl
[9.125s] -- Up-to-date symlink: /home/rokey/Documents/RokeyProjects/ServiceRobotProject/B5/install/menu_order_interfaces/share/menu_order_interfaces/msg/Order.msg
[9.125s] -- Up-to-date symlink: /home/rokey/Documents/RokeyProjects/ServiceRobotProject/B5/install/menu_order_interfaces/share/menu_order_interfaces/srv/MenuUpdate.srv
[9.125s] -- Up-to-date symlink: /home/rokey/Documents/RokeyProjects/ServiceRobotProject/B5/install/menu_order_interfaces/share/menu_order_interfaces/srv/MenuUpdate_Request.msg
[9.125s] -- Up-to-date symlink: /home/rokey/Documents/RokeyProjects/ServiceRobotProject/B5/install/menu_order_interfaces/share/menu_order_interfaces/srv/MenuUpdate_Response.msg
[9.126s] -- Up-to-date symlink: /home/rokey/Documents/RokeyProjects/ServiceRobotProject/B5/install/menu_order_interfaces/share/menu_order_interfaces/srv/MenuTable.srv
[9.126s] -- Up-to-date symlink: /home/rokey/Documents/RokeyProjects/ServiceRobotProject/B5/install/menu_order_interfaces/share/menu_order_interfaces/srv/MenuTable_Request.msg
[9.126s] -- Up-to-date symlink: /home/rokey/Documents/RokeyProjects/ServiceRobotProject/B5/install/menu_order_interfaces/share/menu_order_interfaces/srv/MenuTable_Response.msg
[9.126s] -- Up-to-date symlink: /home/rokey/Documents/RokeyProjects/ServiceRobotProject/B5/install/menu_order_interfaces/share/menu_order_interfaces/action/Serve.action
[9.126s] -- Up-to-date symlink: /home/rokey/Documents/RokeyProjects/ServiceRobotProject/B5/install/menu_order_interfaces/share/ament_index/resource_index/package_run_dependencies/menu_order_interfaces
[9.126s] -- Up-to-date symlink: /home/rokey/Documents/RokeyProjects/ServiceRobotProject/B5/install/menu_order_interfaces/share/ament_index/resource_index/parent_prefix_path/menu_order_interfaces
[9.126s] -- Up-to-date symlink: /home/rokey/Documents/RokeyProjects/ServiceRobotProject/B5/install/menu_order_interfaces/share/menu_order_interfaces/environment/ament_prefix_path.sh
[9.127s] -- Up-to-date symlink: /home/rokey/Documents/RokeyProjects/ServiceRobotProject/B5/install/menu_order_interfaces/share/menu_order_interfaces/environment/ament_prefix_path.dsv
[9.127s] -- Up-to-date symlink: /home/rokey/Documents/RokeyProjects/ServiceRobotProject/B5/install/menu_order_interfaces/share/menu_order_interfaces/environment/path.sh
[9.127s] -- Up-to-date symlink: /home/rokey/Documents/RokeyProjects/ServiceRobotProject/B5/install/menu_order_interfaces/share/menu_order_interfaces/environment/path.dsv
[9.127s] -- Up-to-date symlink: /home/rokey/Documents/RokeyProjects/ServiceRobotProject/B5/install/menu_order_interfaces/share/menu_order_interfaces/local_setup.bash
[9.127s] -- Up-to-date symlink: /home/rokey/Documents/RokeyProjects/ServiceRobotProject/B5/install/menu_order_interfaces/share/menu_order_interfaces/local_setup.sh
[9.127s] -- Up-to-date symlink: /home/rokey/Documents/RokeyProjects/ServiceRobotProject/B5/install/menu_order_interfaces/share/menu_order_interfaces/local_setup.zsh
[9.128s] -- Up-to-date symlink: /home/rokey/Documents/RokeyProjects/ServiceRobotProject/B5/install/menu_order_interfaces/share/menu_order_interfaces/local_setup.dsv
[9.128s] -- Symlinking: /home/rokey/Documents/RokeyProjects/ServiceRobotProject/B5/install/menu_order_interfaces/share/menu_order_interfaces/package.dsv
[9.132s] -- Up-to-date symlink: /home/rokey/Documents/RokeyProjects/ServiceRobotProject/B5/install/menu_order_interfaces/share/ament_index/resource_index/packages/menu_order_interfaces
[9.132s] -- Up-to-date symlink: /home/rokey/Documents/RokeyProjects/ServiceRobotProject/B5/install/menu_order_interfaces/share/menu_order_interfaces/cmake/rosidl_cmake-extras.cmake
[9.132s] -- Up-to-date symlink: /home/rokey/Documents/RokeyProjects/ServiceRobotProject/B5/install/menu_order_interfaces/share/menu_order_interfaces/cmake/ament_cmake_export_dependencies-extras.cmake
[9.132s] -- Up-to-date symlink: /home/rokey/Documents/RokeyProjects/ServiceRobotProject/B5/install/menu_order_interfaces/share/menu_order_interfaces/cmake/ament_cmake_export_include_directories-extras.cmake
[9.132s] -- Up-to-date symlink: /home/rokey/Documents/RokeyProjects/ServiceRobotProject/B5/install/menu_order_interfaces/share/menu_order_interfaces/cmake/ament_cmake_export_libraries-extras.cmake
[9.132s] -- Up-to-date symlink: /home/rokey/Documents/RokeyProjects/ServiceRobotProject/B5/install/menu_order_interfaces/share/menu_order_interfaces/cmake/ament_cmake_export_targets-extras.cmake
[9.133s] -- Up-to-date symlink: /home/rokey/Documents/RokeyProjects/ServiceRobotProject/B5/install/menu_order_interfaces/share/menu_order_interfaces/cmake/rosidl_cmake_export_typesupport_targets-extras.cmake
[9.133s] -- Up-to-date symlink: /home/rokey/Documents/RokeyProjects/ServiceRobotProject/B5/install/menu_order_interfaces/share/menu_order_interfaces/cmake/rosidl_cmake_export_typesupport_libraries-extras.cmake
[9.133s] -- Up-to-date symlink: /home/rokey/Documents/RokeyProjects/ServiceRobotProject/B5/install/menu_order_interfaces/share/menu_order_interfaces/cmake/menu_order_interfacesConfig.cmake
[9.133s] -- Up-to-date symlink: /home/rokey/Documents/RokeyProjects/ServiceRobotProject/B5/install/menu_order_interfaces/share/menu_order_interfaces/cmake/menu_order_interfacesConfig-version.cmake
[9.133s] -- Up-to-date symlink: /home/rokey/Documents/RokeyProjects/ServiceRobotProject/B5/install/menu_order_interfaces/share/menu_order_interfaces/package.xml
[9.133s] -- Installing: /home/rokey/Documents/RokeyProjects/ServiceRobotProject/B5/install/menu_order_interfaces/lib/libmenu_order_interfaces__rosidl_generator_c.so
[9.134s] -- Set non-toolchain portion of runtime path of "/home/rokey/Documents/RokeyProjects/ServiceRobotProject/B5/install/menu_order_interfaces/lib/libmenu_order_interfaces__rosidl_generator_c.so" to ""
[9.134s] -- Installing: /home/rokey/Documents/RokeyProjects/ServiceRobotProject/B5/install/menu_order_interfaces/lib/libmenu_order_interfaces__rosidl_typesupport_fastrtps_c.so
[9.134s] -- Set non-toolchain portion of runtime path of "/home/rokey/Documents/RokeyProjects/ServiceRobotProject/B5/install/menu_order_interfaces/lib/libmenu_order_interfaces__rosidl_typesupport_fastrtps_c.so" to ""
[9.134s] -- Installing: /home/rokey/Documents/RokeyProjects/ServiceRobotProject/B5/install/menu_order_interfaces/lib/libmenu_order_interfaces__rosidl_typesupport_introspection_c.so
[9.135s] -- Set non-toolchain portion of runtime path of "/home/rokey/Documents/RokeyProjects/ServiceRobotProject/B5/install/menu_order_interfaces/lib/libmenu_order_interfaces__rosidl_typesupport_introspection_c.so" to ""
[9.135s] -- Installing: /home/rokey/Documents/RokeyProjects/ServiceRobotProject/B5/install/menu_order_interfaces/lib/libmenu_order_interfaces__rosidl_typesupport_c.so
[9.135s] -- Set non-toolchain portion of runtime path of "/home/rokey/Documents/RokeyProjects/ServiceRobotProject/B5/install/menu_order_interfaces/lib/libmenu_order_interfaces__rosidl_typesupport_c.so" to ""
[9.135s] -- Installing: /home/rokey/Documents/RokeyProjects/ServiceRobotProject/B5/install/menu_order_interfaces/lib/libmenu_order_interfaces__rosidl_typesupport_fastrtps_cpp.so
[9.136s] -- Set non-toolchain portion of runtime path of "/home/rokey/Documents/RokeyProjects/ServiceRobotProject/B5/install/menu_order_interfaces/lib/libmenu_order_interfaces__rosidl_typesupport_fastrtps_cpp.so" to ""
[9.136s] -- Installing: /home/rokey/Documents/RokeyProjects/ServiceRobotProject/B5/install/menu_order_interfaces/lib/libmenu_order_interfaces__rosidl_typesupport_introspection_cpp.so
[9.136s] -- Set non-toolchain portion of runtime path of "/home/rokey/Documents/RokeyProjects/ServiceRobotProject/B5/install/menu_order_interfaces/lib/libmenu_order_interfaces__rosidl_typesupport_introspection_cpp.so" to ""
[9.136s] -- Installing: /home/rokey/Documents/RokeyProjects/ServiceRobotProject/B5/install/menu_order_interfaces/lib/libmenu_order_interfaces__rosidl_typesupport_cpp.so
[9.137s] -- Set non-toolchain portion of runtime path of "/home/rokey/Documents/RokeyProjects/ServiceRobotProject/B5/install/menu_order_interfaces/lib/libmenu_order_interfaces__rosidl_typesupport_cpp.so" to ""
[9.188s] Listing '/home/rokey/Documents/RokeyProjects/ServiceRobotProject/B5/install/menu_order_interfaces/local/lib/python3.10/dist-packages/menu_order_interfaces'...
[9.188s] Compiling '/home/rokey/Documents/RokeyProjects/ServiceRobotProject/B5/install/menu_order_interfaces/local/lib/python3.10/dist-packages/menu_order_interfaces/__init__.py'...
[9.188s] Listing '/home/rokey/Documents/RokeyProjects/ServiceRobotProject/B5/install/menu_order_interfaces/local/lib/python3.10/dist-packages/menu_order_interfaces/action'...
[9.188s] Compiling '/home/rokey/Documents/RokeyProjects/ServiceRobotProject/B5/install/menu_order_interfaces/local/lib/python3.10/dist-packages/menu_order_interfaces/action/__init__.py'...
[9.188s] Compiling '/home/rokey/Documents/RokeyProjects/ServiceRobotProject/B5/install/menu_order_interfaces/local/lib/python3.10/dist-packages/menu_order_interfaces/action/_serve.py'...
[9.188s] Listing '/home/rokey/Documents/RokeyProjects/ServiceRobotProject/B5/install/menu_order_interfaces/local/lib/python3.10/dist-packages/menu_order_interfaces/msg'...
[9.188s] Compiling '/home/rokey/Documents/RokeyProjects/ServiceRobotProject/B5/install/menu_order_interfaces/local/lib/python3.10/dist-packages/menu_order_interfaces/msg/__init__.py'...
[9.188s] Compiling '/home/rokey/Documents/RokeyProjects/ServiceRobotProject/B5/install/menu_order_interfaces/local/lib/python3.10/dist-packages/menu_order_interfaces/msg/_order.py'...
[9.188s] Listing '/home/rokey/Documents/RokeyProjects/ServiceRobotProject/B5/install/menu_order_interfaces/local/lib/python3.10/dist-packages/menu_order_interfaces/srv'...
[9.188s] Compiling '/home/rokey/Documents/RokeyProjects/ServiceRobotProject/B5/install/menu_order_interfaces/local/lib/python3.10/dist-packages/menu_order_interfaces/srv/_menu_update.py'...
[9.193s] -- Installing: /home/rokey/Documents/RokeyProjects/ServiceRobotProject/B5/install/menu_order_interfaces/lib/libmenu_order_interfaces__rosidl_generator_py.so
[9.193s] -- Set non-toolchain portion of runtime path of "/home/rokey/Documents/RokeyProjects/ServiceRobotProject/B5/install/menu_order_interfaces/lib/libmenu_order_interfaces__rosidl_generator_py.so" to ""
[9.194s] -- Up-to-date: /home/rokey/Documents/RokeyProjects/ServiceRobotProject/B5/install/menu_order_interfaces/share/menu_order_interfaces/cmake/export_menu_order_interfaces__rosidl_generator_cExport.cmake
[9.194s] -- Up-to-date: /home/rokey/Documents/RokeyProjects/ServiceRobotProject/B5/install/menu_order_interfaces/share/menu_order_interfaces/cmake/export_menu_order_interfaces__rosidl_generator_cExport-noconfig.cmake
[9.194s] -- Up-to-date: /home/rokey/Documents/RokeyProjects/ServiceRobotProject/B5/install/menu_order_interfaces/share/menu_order_interfaces/cmake/export_menu_order_interfaces__rosidl_typesupport_fastrtps_cExport.cmake
[9.194s] -- Up-to-date: /home/rokey/Documents/RokeyProjects/ServiceRobotProject/B5/install/menu_order_interfaces/share/menu_order_interfaces/cmake/export_menu_order_interfaces__rosidl_typesupport_fastrtps_cExport-noconfig.cmake
[9.194s] -- Up-to-date: /home/rokey/Documents/RokeyProjects/ServiceRobotProject/B5/install/menu_order_interfaces/share/menu_order_interfaces/cmake/menu_order_interfaces__rosidl_typesupport_introspection_cExport.cmake
[9.194s] -- Up-to-date: /home/rokey/Documents/RokeyProjects/ServiceRobotProject/B5/install/menu_order_interfaces/share/menu_order_interfaces/cmake/menu_order_interfaces__rosidl_typesupport_introspection_cExport-noconfig.cmake
[9.194s] -- Up-to-date: /home/rokey/Documents/RokeyProjects/ServiceRobotProject/B5/install/menu_order_interfaces/share/menu_order_interfaces/cmake/menu_order_interfaces__rosidl_typesupport_cExport.cmake
[9.194s] -- Up-to-date: /home/rokey/Documents/RokeyProjects/ServiceRobotProject/B5/install/menu_order_interfaces/share/menu_order_interfaces/cmake/menu_order_interfaces__rosidl_typesupport_cExport-noconfig.cmake
[9.195s] -- Up-to-date: /home/rokey/Documents/RokeyProjects/ServiceRobotProject/B5/install/menu_order_interfaces/share/menu_order_interfaces/cmake/export_menu_order_interfaces__rosidl_generator_cppExport.cmake
[9.195s] -- Up-to-date: /home/rokey/Documents/RokeyProjects/ServiceRobotProject/B5/install/menu_order_interfaces/share/menu_order_interfaces/cmake/export_menu_order_interfaces__rosidl_typesupport_fastrtps_cppExport.cmake
[9.195s] -- Up-to-date: /home/rokey/Documents/RokeyProjects/ServiceRobotProject/B5/install/menu_order_interfaces/share/menu_order_interfaces/cmake/export_menu_order_interfaces__rosidl_typesupport_fastrtps_cppExport-noconfig.cmake
[9.195s] -- Up-to-date: /home/rokey/Documents/RokeyProjects/ServiceRobotProject/B5/install/menu_order_interfaces/share/menu_order_interfaces/cmake/menu_order_interfaces__rosidl_typesupport_introspection_cppExport.cmake
[9.195s] -- Up-to-date: /home/rokey/Documents/RokeyProjects/ServiceRobotProject/B5/install/menu_order_interfaces/share/menu_order_interfaces/cmake/menu_order_interfaces__rosidl_typesupport_introspection_cppExport-noconfig.cmake
[9.195s] -- Up-to-date: /home/rokey/Documents/RokeyProjects/ServiceRobotProject/B5/install/menu_order_interfaces/share/menu_order_interfaces/cmake/menu_order_interfaces__rosidl_typesupport_cppExport.cmake
[9.195s] -- Up-to-date: /home/rokey/Documents/RokeyProjects/ServiceRobotProject/B5/install/menu_order_interfaces/share/menu_order_interfaces/cmake/menu_order_interfaces__rosidl_typesupport_cppExport-noconfig.cmake
[9.195s] -- Up-to-date: /home/rokey/Documents/RokeyProjects/ServiceRobotProject/B5/install/menu_order_interfaces/share/menu_order_interfaces/cmake/export_menu_order_interfaces__rosidl_generator_pyExport.cmake
[9.195s] -- Up-to-date: /home/rokey/Documents/RokeyProjects/ServiceRobotProject/B5/install/menu_order_interfaces/share/menu_order_interfaces/cmake/export_menu_order_interfaces__rosidl_generator_pyExport-noconfig.cmake
[9.197s] Invoked command in '/home/rokey/Documents/RokeyProjects/ServiceRobotProject/B5/build/menu_order_interfaces' returned '0': CMAKE_PREFIX_PATH=${CMAKE_PREFIX_PATH}:/home/rokey/Documents/RokeyProjects/ServiceRobotProject/B5/install/menu_order_project:/home/rokey/turtlebot3_ws/install/turtlebot3_teleop:/home/rokey/turtlebot3_ws/install/turtlebot3_example:/opt/ros/humble /usr/local/bin/cmake --install /home/rokey/Documents/RokeyProjects/ServiceRobotProject/B5/build/menu_order_interfaces
