-- The C compiler identification is GNU 11.4.0
-- The CXX compiler identification is GNU 11.4.0
-- Detecting C compiler ABI info
-- Detecting C compiler ABI info - done
-- Check for working C compiler: /usr/bin/cc - skipped
-- Detecting C compile features
-- Detecting C compile features - done
-- Detecting CXX compiler ABI info
-- Detecting CXX compiler ABI info - done
-- Check for working CXX compiler: /usr/bin/c++ - skipped
-- Detecting CXX compile features
-- Detecting CXX compile features - done
-- Found ament_cmake: 1.3.11 (/opt/ros/humble/share/ament_cmake/cmake)
-- Found Python3: /usr/bin/python3 (found version "3.10.12") found components: Interpreter
-- Override CMake install command with custom implementation using symlinks instead of copying resources
-- Found rosidl_default_generators: 1.2.0 (/opt/ros/humble/share/rosidl_default_generators/cmake)
-- Using all available rosidl_typesupport_c: rosidl_typesupport_fastrtps_c;rosidl_typesupport_introspection_c
-- Found rosidl_adapter: 3.1.6 (/opt/ros/humble/share/rosidl_adapter/cmake)
-- Using all available rosidl_typesupport_cpp: rosidl_typesupport_fastrtps_cpp;rosidl_typesupport_introspection_cpp
-- Found std_msgs: 4.2.4 (/opt/ros/humble/share/std_msgs/cmake)
-- Found ament_cmake_ros: 0.10.0 (/opt/ros/humble/share/ament_cmake_ros/cmake)
-- Using all available rosidl_typesupport_c: rosidl_typesupport_fastrtps_c;rosidl_typesupport_introspection_c
-- Using all available rosidl_typesupport_cpp: rosidl_typesupport_fastrtps_cpp;rosidl_typesupport_introspection_cpp
[33mCMake Warning (dev) at /opt/ros/humble/share/rosidl_generator_py/cmake/rosidl_generator_py_generate_interfaces.cmake:20 (find_package):
  Policy CMP0148 is not set: The FindPythonInterp and FindPythonLibs modules
  are removed.  Run "cmake --help-policy CMP0148" for policy details.  Use
  the cmake_policy command to set the policy and suppress this warning.

Call Stack (most recent call first):
  /opt/ros/humble/share/ament_cmake_core/cmake/core/ament_execute_extensions.cmake:48 (include)
  /opt/ros/humble/share/rosidl_cmake/cmake/rosidl_generate_interfaces.cmake:286 (ament_execute_extensions)
  CMakeLists.txt:21 (rosidl_generate_interfaces)
This warning is for project developers.  Use -Wno-dev to suppress it.
[0m
-- Found PythonInterp: /usr/bin/python3 (found suitable version "3.10.12", minimum required is "3.6")
-- Found python_cmake_module: 0.10.0 (/opt/ros/humble/share/python_cmake_module/cmake)
[33mCMake Warning (dev) at /opt/ros/humble/share/python_cmake_module/cmake/Modules/FindPythonExtra.cmake:52 (find_package):
  Policy CMP0148 is not set: The FindPythonInterp and FindPythonLibs modules
  are removed.  Run "cmake --help-policy CMP0148" for policy details.  Use
  the cmake_policy command to set the policy and suppress this warning.

Call Stack (most recent call first):
  /opt/ros/humble/share/rosidl_generator_py/cmake/rosidl_generator_py_generate_interfaces.cmake:23 (find_package)
  /opt/ros/humble/share/ament_cmake_core/cmake/core/ament_execute_extensions.cmake:48 (include)
  /opt/ros/humble/share/rosidl_cmake/cmake/rosidl_generate_interfaces.cmake:286 (ament_execute_extensions)
  CMakeLists.txt:21 (rosidl_generate_interfaces)
This warning is for project developers.  Use -Wno-dev to suppress it.
[0m
[33mCMake Warning (dev) at /opt/ros/humble/share/python_cmake_module/cmake/Modules/FindPythonExtra.cmake:140 (find_package):
  Policy CMP0148 is not set: The FindPythonInterp and FindPythonLibs modules
  are removed.  Run "cmake --help-policy CMP0148" for policy details.  Use
  the cmake_policy command to set the policy and suppress this warning.

Call Stack (most recent call first):
  /opt/ros/humble/share/rosidl_generator_py/cmake/rosidl_generator_py_generate_interfaces.cmake:23 (find_package)
  /opt/ros/humble/share/ament_cmake_core/cmake/core/ament_execute_extensions.cmake:48 (include)
  /opt/ros/humble/share/rosidl_cmake/cmake/rosidl_generate_interfaces.cmake:286 (ament_execute_extensions)
  CMakeLists.txt:21 (rosidl_generate_interfaces)
This warning is for project developers.  Use -Wno-dev to suppress it.
[0m
-- Found PythonLibs: /usr/lib/x86_64-linux-gnu/libpython3.10.so (found suitable version "3.10.12", minimum required is "3.5")
-- Using PYTHON_EXECUTABLE: /usr/bin/python3
-- Using PYTHON_INCLUDE_DIRS: /usr/include/python3.10
-- Using PYTHON_LIBRARIES: /usr/lib/x86_64-linux-gnu/libpython3.10.so
-- Found PythonExtra: .so
-- Found ament_lint_auto: 0.12.11 (/opt/ros/humble/share/ament_lint_auto/cmake)
-- Added test 'lint_cmake' to check CMake code style
-- Added test 'xmllint' to check XML markup files
-- Configuring done (2.7s)
-- Generating done (0.1s)
-- Build files have been written to: /home/rokey/Documents/RokeyProjects/multitb_ws/build/turtlebot3_interfaces
[  2%] [34m[1mGenerating C code for ROS interfaces[0m
[  5%] [34m[1mGenerating C++ code for ROS interfaces[0m
[  5%] Built target ament_cmake_python_symlink_turtlebot3_interfaces
running egg_info
creating turtlebot3_interfaces.egg-info
writing turtlebot3_interfaces.egg-info/PKG-INFO
writing dependency_links to turtlebot3_interfaces.egg-info/dependency_links.txt
writing top-level names to turtlebot3_interfaces.egg-info/top_level.txt
writing manifest file 'turtlebot3_interfaces.egg-info/SOURCES.txt'
reading manifest file 'turtlebot3_interfaces.egg-info/SOURCES.txt'
writing manifest file 'turtlebot3_interfaces.egg-info/SOURCES.txt'
[  7%] [32mBuilding C object CMakeFiles/turtlebot3_interfaces__rosidl_generator_c.dir/rosidl_generator_c/turtlebot3_interfaces/srv/detail/exit_request__functions.c.o[0m
[  7%] Built target turtlebot3_interfaces__cpp
[ 10%] [32mBuilding C object CMakeFiles/turtlebot3_interfaces__rosidl_generator_c.dir/rosidl_generator_c/turtlebot3_interfaces/srv/detail/get_system_state__functions.c.o[0m
[ 10%] Built target ament_cmake_python_build_turtlebot3_interfaces_egg
[ 12%] [34m[1mGenerating C++ introspection for ROS interfaces[0m
[ 15%] [34m[1mGenerating C++ type support dispatch for ROS interfaces[0m
[ 17%] [34m[1mGenerating C++ type support for eProsima Fast-RTPS[0m
[ 20%] [32m[1mLinking C shared library libturtlebot3_interfaces__rosidl_generator_c.so[0m
[ 20%] Built target turtlebot3_interfaces__rosidl_generator_c
[ 23%] [34m[1mGenerating C type support for eProsima Fast-RTPS[0m
[ 28%] [34m[1mGenerating C introspection for ROS interfaces[0m
[ 28%] [34m[1mGenerating C type support dispatch for ROS interfaces[0m
[ 33%] [32mBuilding CXX object CMakeFiles/turtlebot3_interfaces__rosidl_typesupport_cpp.dir/rosidl_typesupport_cpp/turtlebot3_interfaces/srv/exit_request__type_support.cpp.o[0m
[ 33%] [32mBuilding CXX object CMakeFiles/turtlebot3_interfaces__rosidl_typesupport_cpp.dir/rosidl_typesupport_cpp/turtlebot3_interfaces/srv/get_system_state__type_support.cpp.o[0m
[ 38%] [32mBuilding CXX object CMakeFiles/turtlebot3_interfaces__rosidl_typesupport_fastrtps_cpp.dir/rosidl_typesupport_fastrtps_cpp/turtlebot3_interfaces/srv/detail/dds_fastrtps/get_system_state__type_support.cpp.o[0m
[ 38%] [32mBuilding CXX object CMakeFiles/turtlebot3_interfaces__rosidl_typesupport_fastrtps_cpp.dir/rosidl_typesupport_fastrtps_cpp/turtlebot3_interfaces/srv/detail/dds_fastrtps/exit_request__type_support.cpp.o[0m
[ 41%] [32mBuilding CXX object CMakeFiles/turtlebot3_interfaces__rosidl_typesupport_introspection_cpp.dir/rosidl_typesupport_introspection_cpp/turtlebot3_interfaces/srv/detail/exit_request__type_support.cpp.o[0m
[ 43%] [32mBuilding CXX object CMakeFiles/turtlebot3_interfaces__rosidl_typesupport_c.dir/rosidl_typesupport_c/turtlebot3_interfaces/srv/exit_request__type_support.cpp.o[0m
[ 46%] [32mBuilding CXX object CMakeFiles/turtlebot3_interfaces__rosidl_typesupport_c.dir/rosidl_typesupport_c/turtlebot3_interfaces/srv/get_system_state__type_support.cpp.o[0m
[ 48%] [32m[1mLinking CXX shared library libturtlebot3_interfaces__rosidl_typesupport_c.so[0m
[ 51%] [32mBuilding CXX object CMakeFiles/turtlebot3_interfaces__rosidl_typesupport_introspection_cpp.dir/rosidl_typesupport_introspection_cpp/turtlebot3_interfaces/srv/detail/get_system_state__type_support.cpp.o[0m
[ 53%] [32mBuilding C object CMakeFiles/turtlebot3_interfaces__rosidl_typesupport_introspection_c.dir/rosidl_typesupport_introspection_c/turtlebot3_interfaces/srv/detail/exit_request__type_support.c.o[0m
[ 56%] [32mBuilding CXX object CMakeFiles/turtlebot3_interfaces__rosidl_typesupport_fastrtps_c.dir/rosidl_typesupport_fastrtps_c/turtlebot3_interfaces/srv/detail/exit_request__type_support_c.cpp.o[0m
[ 58%] [32m[1mLinking CXX shared library libturtlebot3_interfaces__rosidl_typesupport_cpp.so[0m
[ 58%] Built target turtlebot3_interfaces__rosidl_typesupport_c
[ 61%] [32mBuilding C object CMakeFiles/turtlebot3_interfaces__rosidl_typesupport_introspection_c.dir/rosidl_typesupport_introspection_c/turtlebot3_interfaces/srv/detail/get_system_state__type_support.c.o[0m
[ 64%] [32mBuilding CXX object CMakeFiles/turtlebot3_interfaces__rosidl_typesupport_fastrtps_c.dir/rosidl_typesupport_fastrtps_c/turtlebot3_interfaces/srv/detail/get_system_state__type_support_c.cpp.o[0m
[ 64%] Built target turtlebot3_interfaces__rosidl_typesupport_cpp
[ 66%] [32m[1mLinking C shared library libturtlebot3_interfaces__rosidl_typesupport_introspection_c.so[0m
[ 66%] Built target turtlebot3_interfaces__rosidl_typesupport_introspection_c
[ 69%] [32m[1mLinking CXX shared library libturtlebot3_interfaces__rosidl_typesupport_fastrtps_cpp.so[0m
[ 69%] Built target turtlebot3_interfaces__rosidl_typesupport_fastrtps_cpp
[ 71%] [32m[1mLinking CXX shared library libturtlebot3_interfaces__rosidl_typesupport_fastrtps_c.so[0m
[ 74%] [32m[1mLinking CXX shared library libturtlebot3_interfaces__rosidl_typesupport_introspection_cpp.so[0m
[ 74%] Built target turtlebot3_interfaces__rosidl_typesupport_fastrtps_c
[ 74%] Built target turtlebot3_interfaces__rosidl_typesupport_introspection_cpp
[ 74%] Built target turtlebot3_interfaces
[ 76%] [34m[1mGenerating Python code for ROS interfaces[0m
[ 76%] Built target turtlebot3_interfaces__py
[ 82%] [32mBuilding C object CMakeFiles/turtlebot3_interfaces__rosidl_generator_py.dir/rosidl_generator_py/turtlebot3_interfaces/srv/_get_system_state_s.c.o[0m
[ 82%] [32mBuilding C object CMakeFiles/turtlebot3_interfaces__rosidl_generator_py.dir/rosidl_generator_py/turtlebot3_interfaces/srv/_exit_request_s.c.o[0m
[ 84%] [32m[1mLinking C shared library rosidl_generator_py/turtlebot3_interfaces/libturtlebot3_interfaces__rosidl_generator_py.so[0m
[ 84%] Built target turtlebot3_interfaces__rosidl_generator_py
[ 92%] [32mBuilding C object CMakeFiles/turtlebot3_interfaces__rosidl_typesupport_c__pyext.dir/rosidl_generator_py/turtlebot3_interfaces/_turtlebot3_interfaces_s.ep.rosidl_typesupport_c.c.o[0m
[ 92%] [32mBuilding C object CMakeFiles/turtlebot3_interfaces__rosidl_typesupport_fastrtps_c__pyext.dir/rosidl_generator_py/turtlebot3_interfaces/_turtlebot3_interfaces_s.ep.rosidl_typesupport_fastrtps_c.c.o[0m
[ 92%] [32mBuilding C object CMakeFiles/turtlebot3_interfaces__rosidl_typesupport_introspection_c__pyext.dir/rosidl_generator_py/turtlebot3_interfaces/_turtlebot3_interfaces_s.ep.rosidl_typesupport_introspection_c.c.o[0m
[100%] [32m[1mLinking C shared library rosidl_generator_py/turtlebot3_interfaces/turtlebot3_interfaces_s__rosidl_typesupport_fastrtps_c.cpython-310-x86_64-linux-gnu.so[0m
[100%] [32m[1mLinking C shared library rosidl_generator_py/turtlebot3_interfaces/turtlebot3_interfaces_s__rosidl_typesupport_c.cpython-310-x86_64-linux-gnu.so[0m
[100%] [32m[1mLinking C shared library rosidl_generator_py/turtlebot3_interfaces/turtlebot3_interfaces_s__rosidl_typesupport_introspection_c.cpython-310-x86_64-linux-gnu.so[0m
[100%] Built target turtlebot3_interfaces__rosidl_typesupport_c__pyext
[100%] Built target turtlebot3_interfaces__rosidl_typesupport_introspection_c__pyext
[100%] Built target turtlebot3_interfaces__rosidl_typesupport_fastrtps_c__pyext
-- Install configuration: ""
-- Execute custom install script
-- Symlinking: /home/rokey/Documents/RokeyProjects/multitb_ws/install/turtlebot3_interfaces/share/ament_index/resource_index/rosidl_interfaces/turtlebot3_interfaces
-- Symlinking: /home/rokey/Documents/RokeyProjects/multitb_ws/install/turtlebot3_interfaces/include/turtlebot3_interfaces/turtlebot3_interfaces/msg/rosidl_generator_c__visibility_control.h
-- Symlinking: /home/rokey/Documents/RokeyProjects/multitb_ws/install/turtlebot3_interfaces/include/turtlebot3_interfaces/turtlebot3_interfaces/srv/detail/exit_request__functions.h
-- Symlinking: /home/rokey/Documents/RokeyProjects/multitb_ws/install/turtlebot3_interfaces/include/turtlebot3_interfaces/turtlebot3_interfaces/srv/detail/exit_request__struct.h
-- Symlinking: /home/rokey/Documents/RokeyProjects/multitb_ws/install/turtlebot3_interfaces/include/turtlebot3_interfaces/turtlebot3_interfaces/srv/detail/exit_request__type_support.h
-- Symlinking: /home/rokey/Documents/RokeyProjects/multitb_ws/install/turtlebot3_interfaces/include/turtlebot3_interfaces/turtlebot3_interfaces/srv/detail/get_system_state__functions.h
-- Symlinking: /home/rokey/Documents/RokeyProjects/multitb_ws/install/turtlebot3_interfaces/include/turtlebot3_interfaces/turtlebot3_interfaces/srv/detail/get_system_state__struct.h
-- Symlinking: /home/rokey/Documents/RokeyProjects/multitb_ws/install/turtlebot3_interfaces/include/turtlebot3_interfaces/turtlebot3_interfaces/srv/detail/get_system_state__type_support.h
-- Symlinking: /home/rokey/Documents/RokeyProjects/multitb_ws/install/turtlebot3_interfaces/include/turtlebot3_interfaces/turtlebot3_interfaces/srv/exit_request.h
-- Symlinking: /home/rokey/Documents/RokeyProjects/multitb_ws/install/turtlebot3_interfaces/include/turtlebot3_interfaces/turtlebot3_interfaces/srv/get_system_state.h
-- Symlinking: /home/rokey/Documents/RokeyProjects/multitb_ws/install/turtlebot3_interfaces/share/turtlebot3_interfaces/environment/library_path.sh
-- Symlinking: /home/rokey/Documents/RokeyProjects/multitb_ws/install/turtlebot3_interfaces/share/turtlebot3_interfaces/environment/library_path.dsv
-- Symlinking: /home/rokey/Documents/RokeyProjects/multitb_ws/install/turtlebot3_interfaces/include/turtlebot3_interfaces/turtlebot3_interfaces/msg/rosidl_typesupport_fastrtps_c__visibility_control.h
-- Symlinking: /home/rokey/Documents/RokeyProjects/multitb_ws/install/turtlebot3_interfaces/include/turtlebot3_interfaces/turtlebot3_interfaces/srv/detail/exit_request__rosidl_typesupport_fastrtps_c.h
-- Symlinking: /home/rokey/Documents/RokeyProjects/multitb_ws/install/turtlebot3_interfaces/include/turtlebot3_interfaces/turtlebot3_interfaces/srv/detail/get_system_state__rosidl_typesupport_fastrtps_c.h
-- Symlinking: /home/rokey/Documents/RokeyProjects/multitb_ws/install/turtlebot3_interfaces/include/turtlebot3_interfaces/turtlebot3_interfaces/msg/rosidl_typesupport_introspection_c__visibility_control.h
-- Symlinking: /home/rokey/Documents/RokeyProjects/multitb_ws/install/turtlebot3_interfaces/include/turtlebot3_interfaces/turtlebot3_interfaces/srv/detail/exit_request__rosidl_typesupport_introspection_c.h
-- Symlinking: /home/rokey/Documents/RokeyProjects/multitb_ws/install/turtlebot3_interfaces/include/turtlebot3_interfaces/turtlebot3_interfaces/srv/detail/get_system_state__rosidl_typesupport_introspection_c.h
-- Symlinking: /home/rokey/Documents/RokeyProjects/multitb_ws/install/turtlebot3_interfaces/include/turtlebot3_interfaces/turtlebot3_interfaces/msg/rosidl_generator_cpp__visibility_control.hpp
-- Symlinking: /home/rokey/Documents/RokeyProjects/multitb_ws/install/turtlebot3_interfaces/include/turtlebot3_interfaces/turtlebot3_interfaces/srv/detail/exit_request__builder.hpp
-- Symlinking: /home/rokey/Documents/RokeyProjects/multitb_ws/install/turtlebot3_interfaces/include/turtlebot3_interfaces/turtlebot3_interfaces/srv/detail/exit_request__struct.hpp
-- Symlinking: /home/rokey/Documents/RokeyProjects/multitb_ws/install/turtlebot3_interfaces/include/turtlebot3_interfaces/turtlebot3_interfaces/srv/detail/exit_request__traits.hpp
-- Symlinking: /home/rokey/Documents/RokeyProjects/multitb_ws/install/turtlebot3_interfaces/include/turtlebot3_interfaces/turtlebot3_interfaces/srv/detail/exit_request__type_support.hpp
-- Symlinking: /home/rokey/Documents/RokeyProjects/multitb_ws/install/turtlebot3_interfaces/include/turtlebot3_interfaces/turtlebot3_interfaces/srv/detail/get_system_state__builder.hpp
-- Symlinking: /home/rokey/Documents/RokeyProjects/multitb_ws/install/turtlebot3_interfaces/include/turtlebot3_interfaces/turtlebot3_interfaces/srv/detail/get_system_state__struct.hpp
-- Symlinking: /home/rokey/Documents/RokeyProjects/multitb_ws/install/turtlebot3_interfaces/include/turtlebot3_interfaces/turtlebot3_interfaces/srv/detail/get_system_state__traits.hpp
-- Symlinking: /home/rokey/Documents/RokeyProjects/multitb_ws/install/turtlebot3_interfaces/include/turtlebot3_interfaces/turtlebot3_interfaces/srv/detail/get_system_state__type_support.hpp
-- Symlinking: /home/rokey/Documents/RokeyProjects/multitb_ws/install/turtlebot3_interfaces/include/turtlebot3_interfaces/turtlebot3_interfaces/srv/exit_request.hpp
-- Symlinking: /home/rokey/Documents/RokeyProjects/multitb_ws/install/turtlebot3_interfaces/include/turtlebot3_interfaces/turtlebot3_interfaces/srv/get_system_state.hpp
-- Symlinking: /home/rokey/Documents/RokeyProjects/multitb_ws/install/turtlebot3_interfaces/include/turtlebot3_interfaces/turtlebot3_interfaces/msg/rosidl_typesupport_fastrtps_cpp__visibility_control.h
-- Symlinking: /home/rokey/Documents/RokeyProjects/multitb_ws/install/turtlebot3_interfaces/include/turtlebot3_interfaces/turtlebot3_interfaces/srv/detail/exit_request__rosidl_typesupport_fastrtps_cpp.hpp
-- Symlinking: /home/rokey/Documents/RokeyProjects/multitb_ws/install/turtlebot3_interfaces/include/turtlebot3_interfaces/turtlebot3_interfaces/srv/detail/get_system_state__rosidl_typesupport_fastrtps_cpp.hpp
-- Symlinking: /home/rokey/Documents/RokeyProjects/multitb_ws/install/turtlebot3_interfaces/include/turtlebot3_interfaces/turtlebot3_interfaces/srv/detail/exit_request__rosidl_typesupport_introspection_cpp.hpp
-- Symlinking: /home/rokey/Documents/RokeyProjects/multitb_ws/install/turtlebot3_interfaces/include/turtlebot3_interfaces/turtlebot3_interfaces/srv/detail/get_system_state__rosidl_typesupport_introspection_cpp.hpp
-- Symlinking: /home/rokey/Documents/RokeyProjects/multitb_ws/install/turtlebot3_interfaces/share/turtlebot3_interfaces/environment/pythonpath.sh
-- Symlinking: /home/rokey/Documents/RokeyProjects/multitb_ws/install/turtlebot3_interfaces/share/turtlebot3_interfaces/environment/pythonpath.dsv
-- Symlinking: /home/rokey/Documents/RokeyProjects/multitb_ws/install/turtlebot3_interfaces/local/lib/python3.10/dist-packages/turtlebot3_interfaces-0.0.0-py3.10.egg-info/PKG-INFO
-- Symlinking: /home/rokey/Documents/RokeyProjects/multitb_ws/install/turtlebot3_interfaces/local/lib/python3.10/dist-packages/turtlebot3_interfaces-0.0.0-py3.10.egg-info/SOURCES.txt
-- Symlinking: /home/rokey/Documents/RokeyProjects/multitb_ws/install/turtlebot3_interfaces/local/lib/python3.10/dist-packages/turtlebot3_interfaces-0.0.0-py3.10.egg-info/dependency_links.txt
-- Symlinking: /home/rokey/Documents/RokeyProjects/multitb_ws/install/turtlebot3_interfaces/local/lib/python3.10/dist-packages/turtlebot3_interfaces-0.0.0-py3.10.egg-info/top_level.txt
-- Symlinking: /home/rokey/Documents/RokeyProjects/multitb_ws/install/turtlebot3_interfaces/local/lib/python3.10/dist-packages/turtlebot3_interfaces/__init__.py
-- Symlinking: /home/rokey/Documents/RokeyProjects/multitb_ws/install/turtlebot3_interfaces/local/lib/python3.10/dist-packages/turtlebot3_interfaces/_turtlebot3_interfaces_s.ep.rosidl_typesupport_c.c
-- Symlinking: /home/rokey/Documents/RokeyProjects/multitb_ws/install/turtlebot3_interfaces/local/lib/python3.10/dist-packages/turtlebot3_interfaces/_turtlebot3_interfaces_s.ep.rosidl_typesupport_fastrtps_c.c
-- Symlinking: /home/rokey/Documents/RokeyProjects/multitb_ws/install/turtlebot3_interfaces/local/lib/python3.10/dist-packages/turtlebot3_interfaces/_turtlebot3_interfaces_s.ep.rosidl_typesupport_introspection_c.c
-- Symlinking: /home/rokey/Documents/RokeyProjects/multitb_ws/install/turtlebot3_interfaces/local/lib/python3.10/dist-packages/turtlebot3_interfaces/libturtlebot3_interfaces__rosidl_generator_py.so
-- Symlinking: /home/rokey/Documents/RokeyProjects/multitb_ws/install/turtlebot3_interfaces/local/lib/python3.10/dist-packages/turtlebot3_interfaces/srv/__init__.py
-- Symlinking: /home/rokey/Documents/RokeyProjects/multitb_ws/install/turtlebot3_interfaces/local/lib/python3.10/dist-packages/turtlebot3_interfaces/srv/_exit_request.py
-- Symlinking: /home/rokey/Documents/RokeyProjects/multitb_ws/install/turtlebot3_interfaces/local/lib/python3.10/dist-packages/turtlebot3_interfaces/srv/_exit_request_s.c
-- Symlinking: /home/rokey/Documents/RokeyProjects/multitb_ws/install/turtlebot3_interfaces/local/lib/python3.10/dist-packages/turtlebot3_interfaces/srv/_get_system_state.py
-- Symlinking: /home/rokey/Documents/RokeyProjects/multitb_ws/install/turtlebot3_interfaces/local/lib/python3.10/dist-packages/turtlebot3_interfaces/srv/_get_system_state_s.c
-- Symlinking: /home/rokey/Documents/RokeyProjects/multitb_ws/install/turtlebot3_interfaces/local/lib/python3.10/dist-packages/turtlebot3_interfaces/turtlebot3_interfaces_s__rosidl_typesupport_c.cpython-310-x86_64-linux-gnu.so
-- Symlinking: /home/rokey/Documents/RokeyProjects/multitb_ws/install/turtlebot3_interfaces/local/lib/python3.10/dist-packages/turtlebot3_interfaces/turtlebot3_interfaces_s__rosidl_typesupport_fastrtps_c.cpython-310-x86_64-linux-gnu.so
-- Symlinking: /home/rokey/Documents/RokeyProjects/multitb_ws/install/turtlebot3_interfaces/local/lib/python3.10/dist-packages/turtlebot3_interfaces/turtlebot3_interfaces_s__rosidl_typesupport_introspection_c.cpython-310-x86_64-linux-gnu.so
-- Up-to-date symlink: /home/rokey/Documents/RokeyProjects/multitb_ws/install/turtlebot3_interfaces/local/lib/python3.10/dist-packages/turtlebot3_interfaces/turtlebot3_interfaces_s__rosidl_typesupport_fastrtps_c.cpython-310-x86_64-linux-gnu.so
-- Up-to-date symlink: /home/rokey/Documents/RokeyProjects/multitb_ws/install/turtlebot3_interfaces/local/lib/python3.10/dist-packages/turtlebot3_interfaces/turtlebot3_interfaces_s__rosidl_typesupport_introspection_c.cpython-310-x86_64-linux-gnu.so
-- Up-to-date symlink: /home/rokey/Documents/RokeyProjects/multitb_ws/install/turtlebot3_interfaces/local/lib/python3.10/dist-packages/turtlebot3_interfaces/turtlebot3_interfaces_s__rosidl_typesupport_c.cpython-310-x86_64-linux-gnu.so
-- Symlinking: /home/rokey/Documents/RokeyProjects/multitb_ws/install/turtlebot3_interfaces/share/turtlebot3_interfaces/srv/ExitRequest.idl
-- Symlinking: /home/rokey/Documents/RokeyProjects/multitb_ws/install/turtlebot3_interfaces/share/turtlebot3_interfaces/srv/GetSystemState.idl
-- Symlinking: /home/rokey/Documents/RokeyProjects/multitb_ws/install/turtlebot3_interfaces/share/turtlebot3_interfaces/srv/ExitRequest.srv
-- Symlinking: /home/rokey/Documents/RokeyProjects/multitb_ws/install/turtlebot3_interfaces/share/turtlebot3_interfaces/srv/ExitRequest_Request.msg
-- Symlinking: /home/rokey/Documents/RokeyProjects/multitb_ws/install/turtlebot3_interfaces/share/turtlebot3_interfaces/srv/ExitRequest_Response.msg
-- Symlinking: /home/rokey/Documents/RokeyProjects/multitb_ws/install/turtlebot3_interfaces/share/turtlebot3_interfaces/srv/GetSystemState.srv
-- Symlinking: /home/rokey/Documents/RokeyProjects/multitb_ws/install/turtlebot3_interfaces/share/turtlebot3_interfaces/srv/GetSystemState_Request.msg
-- Symlinking: /home/rokey/Documents/RokeyProjects/multitb_ws/install/turtlebot3_interfaces/share/turtlebot3_interfaces/srv/GetSystemState_Response.msg
-- Symlinking: /home/rokey/Documents/RokeyProjects/multitb_ws/install/turtlebot3_interfaces/share/ament_index/resource_index/package_run_dependencies/turtlebot3_interfaces
-- Symlinking: /home/rokey/Documents/RokeyProjects/multitb_ws/install/turtlebot3_interfaces/share/ament_index/resource_index/parent_prefix_path/turtlebot3_interfaces
-- Symlinking: /home/rokey/Documents/RokeyProjects/multitb_ws/install/turtlebot3_interfaces/share/turtlebot3_interfaces/environment/ament_prefix_path.sh
-- Symlinking: /home/rokey/Documents/RokeyProjects/multitb_ws/install/turtlebot3_interfaces/share/turtlebot3_interfaces/environment/ament_prefix_path.dsv
-- Symlinking: /home/rokey/Documents/RokeyProjects/multitb_ws/install/turtlebot3_interfaces/share/turtlebot3_interfaces/environment/path.sh
-- Symlinking: /home/rokey/Documents/RokeyProjects/multitb_ws/install/turtlebot3_interfaces/share/turtlebot3_interfaces/environment/path.dsv
-- Symlinking: /home/rokey/Documents/RokeyProjects/multitb_ws/install/turtlebot3_interfaces/share/turtlebot3_interfaces/local_setup.bash
-- Symlinking: /home/rokey/Documents/RokeyProjects/multitb_ws/install/turtlebot3_interfaces/share/turtlebot3_interfaces/local_setup.sh
-- Symlinking: /home/rokey/Documents/RokeyProjects/multitb_ws/install/turtlebot3_interfaces/share/turtlebot3_interfaces/local_setup.zsh
-- Symlinking: /home/rokey/Documents/RokeyProjects/multitb_ws/install/turtlebot3_interfaces/share/turtlebot3_interfaces/local_setup.dsv
-- Symlinking: /home/rokey/Documents/RokeyProjects/multitb_ws/install/turtlebot3_interfaces/share/turtlebot3_interfaces/package.dsv
-- Symlinking: /home/rokey/Documents/RokeyProjects/multitb_ws/install/turtlebot3_interfaces/share/ament_index/resource_index/packages/turtlebot3_interfaces
-- Symlinking: /home/rokey/Documents/RokeyProjects/multitb_ws/install/turtlebot3_interfaces/share/turtlebot3_interfaces/cmake/rosidl_cmake-extras.cmake
-- Symlinking: /home/rokey/Documents/RokeyProjects/multitb_ws/install/turtlebot3_interfaces/share/turtlebot3_interfaces/cmake/ament_cmake_export_dependencies-extras.cmake
-- Symlinking: /home/rokey/Documents/RokeyProjects/multitb_ws/install/turtlebot3_interfaces/share/turtlebot3_interfaces/cmake/ament_cmake_export_include_directories-extras.cmake
-- Symlinking: /home/rokey/Documents/RokeyProjects/multitb_ws/install/turtlebot3_interfaces/share/turtlebot3_interfaces/cmake/ament_cmake_export_libraries-extras.cmake
-- Symlinking: /home/rokey/Documents/RokeyProjects/multitb_ws/install/turtlebot3_interfaces/share/turtlebot3_interfaces/cmake/ament_cmake_export_targets-extras.cmake
-- Symlinking: /home/rokey/Documents/RokeyProjects/multitb_ws/install/turtlebot3_interfaces/share/turtlebot3_interfaces/cmake/rosidl_cmake_export_typesupport_targets-extras.cmake
-- Symlinking: /home/rokey/Documents/RokeyProjects/multitb_ws/install/turtlebot3_interfaces/share/turtlebot3_interfaces/cmake/rosidl_cmake_export_typesupport_libraries-extras.cmake
-- Symlinking: /home/rokey/Documents/RokeyProjects/multitb_ws/install/turtlebot3_interfaces/share/turtlebot3_interfaces/cmake/turtlebot3_interfacesConfig.cmake
-- Symlinking: /home/rokey/Documents/RokeyProjects/multitb_ws/install/turtlebot3_interfaces/share/turtlebot3_interfaces/cmake/turtlebot3_interfacesConfig-version.cmake
-- Symlinking: /home/rokey/Documents/RokeyProjects/multitb_ws/install/turtlebot3_interfaces/share/turtlebot3_interfaces/package.xml
-- Installing: /home/rokey/Documents/RokeyProjects/multitb_ws/install/turtlebot3_interfaces/lib/libturtlebot3_interfaces__rosidl_generator_c.so
-- Set non-toolchain portion of runtime path of "/home/rokey/Documents/RokeyProjects/multitb_ws/install/turtlebot3_interfaces/lib/libturtlebot3_interfaces__rosidl_generator_c.so" to ""
-- Installing: /home/rokey/Documents/RokeyProjects/multitb_ws/install/turtlebot3_interfaces/lib/libturtlebot3_interfaces__rosidl_typesupport_fastrtps_c.so
-- Set non-toolchain portion of runtime path of "/home/rokey/Documents/RokeyProjects/multitb_ws/install/turtlebot3_interfaces/lib/libturtlebot3_interfaces__rosidl_typesupport_fastrtps_c.so" to ""
-- Installing: /home/rokey/Documents/RokeyProjects/multitb_ws/install/turtlebot3_interfaces/lib/libturtlebot3_interfaces__rosidl_typesupport_introspection_c.so
-- Set non-toolchain portion of runtime path of "/home/rokey/Documents/RokeyProjects/multitb_ws/install/turtlebot3_interfaces/lib/libturtlebot3_interfaces__rosidl_typesupport_introspection_c.so" to ""
-- Installing: /home/rokey/Documents/RokeyProjects/multitb_ws/install/turtlebot3_interfaces/lib/libturtlebot3_interfaces__rosidl_typesupport_c.so
-- Set non-toolchain portion of runtime path of "/home/rokey/Documents/RokeyProjects/multitb_ws/install/turtlebot3_interfaces/lib/libturtlebot3_interfaces__rosidl_typesupport_c.so" to ""
-- Installing: /home/rokey/Documents/RokeyProjects/multitb_ws/install/turtlebot3_interfaces/lib/libturtlebot3_interfaces__rosidl_typesupport_fastrtps_cpp.so
-- Set non-toolchain portion of runtime path of "/home/rokey/Documents/RokeyProjects/multitb_ws/install/turtlebot3_interfaces/lib/libturtlebot3_interfaces__rosidl_typesupport_fastrtps_cpp.so" to ""
-- Installing: /home/rokey/Documents/RokeyProjects/multitb_ws/install/turtlebot3_interfaces/lib/libturtlebot3_interfaces__rosidl_typesupport_introspection_cpp.so
-- Set non-toolchain portion of runtime path of "/home/rokey/Documents/RokeyProjects/multitb_ws/install/turtlebot3_interfaces/lib/libturtlebot3_interfaces__rosidl_typesupport_introspection_cpp.so" to ""
-- Installing: /home/rokey/Documents/RokeyProjects/multitb_ws/install/turtlebot3_interfaces/lib/libturtlebot3_interfaces__rosidl_typesupport_cpp.so
-- Set non-toolchain portion of runtime path of "/home/rokey/Documents/RokeyProjects/multitb_ws/install/turtlebot3_interfaces/lib/libturtlebot3_interfaces__rosidl_typesupport_cpp.so" to ""
Listing '/home/rokey/Documents/RokeyProjects/multitb_ws/install/turtlebot3_interfaces/local/lib/python3.10/dist-packages/turtlebot3_interfaces'...
Compiling '/home/rokey/Documents/RokeyProjects/multitb_ws/install/turtlebot3_interfaces/local/lib/python3.10/dist-packages/turtlebot3_interfaces/__init__.py'...
Listing '/home/rokey/Documents/RokeyProjects/multitb_ws/install/turtlebot3_interfaces/local/lib/python3.10/dist-packages/turtlebot3_interfaces/srv'...
Compiling '/home/rokey/Documents/RokeyProjects/multitb_ws/install/turtlebot3_interfaces/local/lib/python3.10/dist-packages/turtlebot3_interfaces/srv/__init__.py'...
Compiling '/home/rokey/Documents/RokeyProjects/multitb_ws/install/turtlebot3_interfaces/local/lib/python3.10/dist-packages/turtlebot3_interfaces/srv/_exit_request.py'...
Compiling '/home/rokey/Documents/RokeyProjects/multitb_ws/install/turtlebot3_interfaces/local/lib/python3.10/dist-packages/turtlebot3_interfaces/srv/_get_system_state.py'...
-- Installing: /home/rokey/Documents/RokeyProjects/multitb_ws/install/turtlebot3_interfaces/lib/libturtlebot3_interfaces__rosidl_generator_py.so
-- Set non-toolchain portion of runtime path of "/home/rokey/Documents/RokeyProjects/multitb_ws/install/turtlebot3_interfaces/lib/libturtlebot3_interfaces__rosidl_generator_py.so" to ""
-- Installing: /home/rokey/Documents/RokeyProjects/multitb_ws/install/turtlebot3_interfaces/share/turtlebot3_interfaces/cmake/export_turtlebot3_interfaces__rosidl_generator_cExport.cmake
-- Installing: /home/rokey/Documents/RokeyProjects/multitb_ws/install/turtlebot3_interfaces/share/turtlebot3_interfaces/cmake/export_turtlebot3_interfaces__rosidl_generator_cExport-noconfig.cmake
-- Installing: /home/rokey/Documents/RokeyProjects/multitb_ws/install/turtlebot3_interfaces/share/turtlebot3_interfaces/cmake/export_turtlebot3_interfaces__rosidl_typesupport_fastrtps_cExport.cmake
-- Installing: /home/rokey/Documents/RokeyProjects/multitb_ws/install/turtlebot3_interfaces/share/turtlebot3_interfaces/cmake/export_turtlebot3_interfaces__rosidl_typesupport_fastrtps_cExport-noconfig.cmake
-- Installing: /home/rokey/Documents/RokeyProjects/multitb_ws/install/turtlebot3_interfaces/share/turtlebot3_interfaces/cmake/turtlebot3_interfaces__rosidl_typesupport_introspection_cExport.cmake
-- Installing: /home/rokey/Documents/RokeyProjects/multitb_ws/install/turtlebot3_interfaces/share/turtlebot3_interfaces/cmake/turtlebot3_interfaces__rosidl_typesupport_introspection_cExport-noconfig.cmake
-- Installing: /home/rokey/Documents/RokeyProjects/multitb_ws/install/turtlebot3_interfaces/share/turtlebot3_interfaces/cmake/turtlebot3_interfaces__rosidl_typesupport_cExport.cmake
-- Installing: /home/rokey/Documents/RokeyProjects/multitb_ws/install/turtlebot3_interfaces/share/turtlebot3_interfaces/cmake/turtlebot3_interfaces__rosidl_typesupport_cExport-noconfig.cmake
-- Installing: /home/rokey/Documents/RokeyProjects/multitb_ws/install/turtlebot3_interfaces/share/turtlebot3_interfaces/cmake/export_turtlebot3_interfaces__rosidl_generator_cppExport.cmake
-- Installing: /home/rokey/Documents/RokeyProjects/multitb_ws/install/turtlebot3_interfaces/share/turtlebot3_interfaces/cmake/export_turtlebot3_interfaces__rosidl_typesupport_fastrtps_cppExport.cmake
-- Installing: /home/rokey/Documents/RokeyProjects/multitb_ws/install/turtlebot3_interfaces/share/turtlebot3_interfaces/cmake/export_turtlebot3_interfaces__rosidl_typesupport_fastrtps_cppExport-noconfig.cmake
-- Installing: /home/rokey/Documents/RokeyProjects/multitb_ws/install/turtlebot3_interfaces/share/turtlebot3_interfaces/cmake/turtlebot3_interfaces__rosidl_typesupport_introspection_cppExport.cmake
-- Installing: /home/rokey/Documents/RokeyProjects/multitb_ws/install/turtlebot3_interfaces/share/turtlebot3_interfaces/cmake/turtlebot3_interfaces__rosidl_typesupport_introspection_cppExport-noconfig.cmake
-- Installing: /home/rokey/Documents/RokeyProjects/multitb_ws/install/turtlebot3_interfaces/share/turtlebot3_interfaces/cmake/turtlebot3_interfaces__rosidl_typesupport_cppExport.cmake
-- Installing: /home/rokey/Documents/RokeyProjects/multitb_ws/install/turtlebot3_interfaces/share/turtlebot3_interfaces/cmake/turtlebot3_interfaces__rosidl_typesupport_cppExport-noconfig.cmake
-- Installing: /home/rokey/Documents/RokeyProjects/multitb_ws/install/turtlebot3_interfaces/share/turtlebot3_interfaces/cmake/export_turtlebot3_interfaces__rosidl_generator_pyExport.cmake
-- Installing: /home/rokey/Documents/RokeyProjects/multitb_ws/install/turtlebot3_interfaces/share/turtlebot3_interfaces/cmake/export_turtlebot3_interfaces__rosidl_generator_pyExport-noconfig.cmake
