[0.026s] Invoking command in '/home/rokey/Documents/RokeyProjects/multitb_ws/build/turtlebot3_interfaces': CMAKE_PREFIX_PATH=${CMAKE_PREFIX_PATH}:/home/rokey/Documents/RokeyProjects/multitb_ws/install/turtlebot3_python_nodes:/opt/ros/humble /usr/local/bin/cmake /home/rokey/Documents/RokeyProjects/multitb_ws/src/turtlebot3_interfaces -DAMENT_CMAKE_SYMLINK_INSTALL=1 -DCMAKE_INSTALL_PREFIX=/home/rokey/Documents/RokeyProjects/multitb_ws/install/turtlebot3_interfaces
[0.081s] -- The C compiler identification is GNU 11.4.0
[0.144s] -- The CXX compiler identification is GNU 11.4.0
[0.155s] -- Detecting C compiler ABI info
[0.219s] -- Detecting C compiler ABI info - done
[0.254s] -- Check for working C compiler: /usr/bin/cc - skipped
[0.254s] -- Detecting C compile features
[0.255s] -- Detecting C compile features - done
[0.259s] -- Detecting CXX compiler ABI info
[0.352s] -- Detecting CXX compiler ABI info - done
[0.382s] -- Check for working CXX compiler: /usr/bin/c++ - skipped
[0.382s] -- Detecting CXX compile features
[0.385s] -- Detecting CXX compile features - done
[0.390s] -- Found ament_cmake: 1.3.11 (/opt/ros/humble/share/ament_cmake/cmake)
[0.572s] -- Found Python3: /usr/bin/python3 (found version "3.10.12") found components: Interpreter
[0.638s] -- Override CMake install command with custom implementation using symlinks instead of copying resources
[0.666s] -- Found rosidl_default_generators: 1.2.0 (/opt/ros/humble/share/rosidl_default_generators/cmake)
[0.669s] -- Using all available rosidl_typesupport_c: rosidl_typesupport_fastrtps_c;rosidl_typesupport_introspection_c
[0.676s] -- Found rosidl_adapter: 3.1.6 (/opt/ros/humble/share/rosidl_adapter/cmake)
[0.722s] -- Using all available rosidl_typesupport_cpp: rosidl_typesupport_fastrtps_cpp;rosidl_typesupport_introspection_cpp
[0.762s] -- Found std_msgs: 4.2.4 (/opt/ros/humble/share/std_msgs/cmake)
[1.518s] -- Found ament_cmake_ros: 0.10.0 (/opt/ros/humble/share/ament_cmake_ros/cmake)
[2.018s] -- Using all available rosidl_typesupport_c: rosidl_typesupport_fastrtps_c;rosidl_typesupport_introspection_c
[2.605s] -- Using all available rosidl_typesupport_cpp: rosidl_typesupport_fastrtps_cpp;rosidl_typesupport_introspection_cpp
[2.607s] [33mCMake Warning (dev) at /opt/ros/humble/share/rosidl_generator_py/cmake/rosidl_generator_py_generate_interfaces.cmake:20 (find_package):
[2.607s]   Policy CMP0148 is not set: The FindPythonInterp and FindPythonLibs modules
[2.607s]   are removed.  Run "cmake --help-policy CMP0148" for policy details.  Use
[2.607s]   the cmake_policy command to set the policy and suppress this warning.
[2.607s] 
[2.607s] Call Stack (most recent call first):
[2.607s]   /opt/ros/humble/share/ament_cmake_core/cmake/core/ament_execute_extensions.cmake:48 (include)
[2.607s]   /opt/ros/humble/share/rosidl_cmake/cmake/rosidl_generate_interfaces.cmake:286 (ament_execute_extensions)
[2.608s]   CMakeLists.txt:21 (rosidl_generate_interfaces)
[2.608s] This warning is for project developers.  Use -Wno-dev to suppress it.
[2.608s] [0m
[2.629s] -- Found PythonInterp: /usr/bin/python3 (found suitable version "3.10.12", minimum required is "3.6")
[2.631s] -- Found python_cmake_module: 0.10.0 (/opt/ros/humble/share/python_cmake_module/cmake)
[2.631s] [33mCMake Warning (dev) at /opt/ros/humble/share/python_cmake_module/cmake/Modules/FindPythonExtra.cmake:52 (find_package):
[2.631s]   Policy CMP0148 is not set: The FindPythonInterp and FindPythonLibs modules
[2.631s]   are removed.  Run "cmake --help-policy CMP0148" for policy details.  Use
[2.631s]   the cmake_policy command to set the policy and suppress this warning.
[2.631s] 
[2.631s] Call Stack (most recent call first):
[2.631s]   /opt/ros/humble/share/rosidl_generator_py/cmake/rosidl_generator_py_generate_interfaces.cmake:23 (find_package)
[2.632s]   /opt/ros/humble/share/ament_cmake_core/cmake/core/ament_execute_extensions.cmake:48 (include)
[2.632s]   /opt/ros/humble/share/rosidl_cmake/cmake/rosidl_generate_interfaces.cmake:286 (ament_execute_extensions)
[2.632s]   CMakeLists.txt:21 (rosidl_generate_interfaces)
[2.632s] This warning is for project developers.  Use -Wno-dev to suppress it.
[2.632s] [0m
[2.653s] [33mCMake Warning (dev) at /opt/ros/humble/share/python_cmake_module/cmake/Modules/FindPythonExtra.cmake:140 (find_package):
[2.653s]   Policy CMP0148 is not set: The FindPythonInterp and FindPythonLibs modules
[2.653s]   are removed.  Run "cmake --help-policy CMP0148" for policy details.  Use
[2.653s]   the cmake_policy command to set the policy and suppress this warning.
[2.653s] 
[2.653s] Call Stack (most recent call first):
[2.653s]   /opt/ros/humble/share/rosidl_generator_py/cmake/rosidl_generator_py_generate_interfaces.cmake:23 (find_package)
[2.653s]   /opt/ros/humble/share/ament_cmake_core/cmake/core/ament_execute_extensions.cmake:48 (include)
[2.653s]   /opt/ros/humble/share/rosidl_cmake/cmake/rosidl_generate_interfaces.cmake:286 (ament_execute_extensions)
[2.653s]   CMakeLists.txt:21 (rosidl_generate_interfaces)
[2.653s] This warning is for project developers.  Use -Wno-dev to suppress it.
[2.653s] [0m
[2.659s] -- Found PythonLibs: /usr/lib/x86_64-linux-gnu/libpython3.10.so (found suitable version "3.10.12", minimum required is "3.5")
[2.660s] -- Using PYTHON_EXECUTABLE: /usr/bin/python3
[2.660s] -- Using PYTHON_INCLUDE_DIRS: /usr/include/python3.10
[2.660s] -- Using PYTHON_LIBRARIES: /usr/lib/x86_64-linux-gnu/libpython3.10.so
[2.680s] -- Found PythonExtra: .so
[2.737s] -- Found ament_lint_auto: 0.12.11 (/opt/ros/humble/share/ament_lint_auto/cmake)
[2.763s] -- Added test 'lint_cmake' to check CMake code style
[2.765s] -- Added test 'xmllint' to check XML markup files
[2.770s] -- Configuring done (2.7s)
[2.823s] -- Generating done (0.1s)
[2.831s] -- Build files have been written to: /home/rokey/Documents/RokeyProjects/multitb_ws/build/turtlebot3_interfaces
[2.838s] Invoked command in '/home/rokey/Documents/RokeyProjects/multitb_ws/build/turtlebot3_interfaces' returned '0': CMAKE_PREFIX_PATH=${CMAKE_PREFIX_PATH}:/home/rokey/Documents/RokeyProjects/multitb_ws/install/turtlebot3_python_nodes:/opt/ros/humble /usr/local/bin/cmake /home/rokey/Documents/RokeyProjects/multitb_ws/src/turtlebot3_interfaces -DAMENT_CMAKE_SYMLINK_INSTALL=1 -DCMAKE_INSTALL_PREFIX=/home/rokey/Documents/RokeyProjects/multitb_ws/install/turtlebot3_interfaces
[2.840s] Invoking command in '/home/rokey/Documents/RokeyProjects/multitb_ws/build/turtlebot3_interfaces': CMAKE_PREFIX_PATH=${CMAKE_PREFIX_PATH}:/home/rokey/Documents/RokeyProjects/multitb_ws/install/turtlebot3_python_nodes:/opt/ros/humble /usr/local/bin/cmake --build /home/rokey/Documents/RokeyProjects/multitb_ws/build/turtlebot3_interfaces -- -j8 -l8
[2.863s] [  2%] [34m[1mGenerating C code for ROS interfaces[0m
[2.869s] [  5%] [34m[1mGenerating C++ code for ROS interfaces[0m
[2.872s] [  5%] Built target ament_cmake_python_symlink_turtlebot3_interfaces
[3.136s] running egg_info
[3.161s] creating turtlebot3_interfaces.egg-info
[3.161s] writing turtlebot3_interfaces.egg-info/PKG-INFO
[3.161s] writing dependency_links to turtlebot3_interfaces.egg-info/dependency_links.txt
[3.161s] writing top-level names to turtlebot3_interfaces.egg-info/top_level.txt
[3.162s] writing manifest file 'turtlebot3_interfaces.egg-info/SOURCES.txt'
[3.228s] reading manifest file 'turtlebot3_interfaces.egg-info/SOURCES.txt'
[3.229s] writing manifest file 'turtlebot3_interfaces.egg-info/SOURCES.txt'
[3.280s] [  7%] [32mBuilding C object CMakeFiles/turtlebot3_interfaces__rosidl_generator_c.dir/rosidl_generator_c/turtlebot3_interfaces/srv/detail/exit_request__functions.c.o[0m
[3.281s] [  7%] Built target turtlebot3_interfaces__cpp
[3.281s] [ 10%] [32mBuilding C object CMakeFiles/turtlebot3_interfaces__rosidl_generator_c.dir/rosidl_generator_c/turtlebot3_interfaces/srv/detail/get_system_state__functions.c.o[0m
[3.285s] [ 10%] Built target ament_cmake_python_build_turtlebot3_interfaces_egg
[3.288s] [ 12%] [34m[1mGenerating C++ introspection for ROS interfaces[0m
[3.288s] [ 15%] [34m[1mGenerating C++ type support dispatch for ROS interfaces[0m
[3.288s] [ 17%] [34m[1mGenerating C++ type support for eProsima Fast-RTPS[0m
[3.361s] [ 20%] [32m[1mLinking C shared library libturtlebot3_interfaces__rosidl_generator_c.so[0m
[3.387s] [ 20%] Built target turtlebot3_interfaces__rosidl_generator_c
[3.394s] [ 23%] [34m[1mGenerating C type support for eProsima Fast-RTPS[0m
[3.394s] [ 28%] [34m[1mGenerating C introspection for ROS interfaces[0m
[3.395s] [ 28%] [34m[1mGenerating C type support dispatch for ROS interfaces[0m
[3.654s] [ 33%] [32mBuilding CXX object CMakeFiles/turtlebot3_interfaces__rosidl_typesupport_cpp.dir/rosidl_typesupport_cpp/turtlebot3_interfaces/srv/exit_request__type_support.cpp.o[0m
[3.655s] [ 33%] [32mBuilding CXX object CMakeFiles/turtlebot3_interfaces__rosidl_typesupport_cpp.dir/rosidl_typesupport_cpp/turtlebot3_interfaces/srv/get_system_state__type_support.cpp.o[0m
[3.763s] [ 38%] [32mBuilding CXX object CMakeFiles/turtlebot3_interfaces__rosidl_typesupport_fastrtps_cpp.dir/rosidl_typesupport_fastrtps_cpp/turtlebot3_interfaces/srv/detail/dds_fastrtps/get_system_state__type_support.cpp.o[0m
[3.763s] [ 38%] [32mBuilding CXX object CMakeFiles/turtlebot3_interfaces__rosidl_typesupport_fastrtps_cpp.dir/rosidl_typesupport_fastrtps_cpp/turtlebot3_interfaces/srv/detail/dds_fastrtps/exit_request__type_support.cpp.o[0m
[3.931s] [ 41%] [32mBuilding CXX object CMakeFiles/turtlebot3_interfaces__rosidl_typesupport_introspection_cpp.dir/rosidl_typesupport_introspection_cpp/turtlebot3_interfaces/srv/detail/exit_request__type_support.cpp.o[0m
[3.992s] [ 43%] [32mBuilding CXX object CMakeFiles/turtlebot3_interfaces__rosidl_typesupport_c.dir/rosidl_typesupport_c/turtlebot3_interfaces/srv/exit_request__type_support.cpp.o[0m
[4.035s] [ 46%] [32mBuilding CXX object CMakeFiles/turtlebot3_interfaces__rosidl_typesupport_c.dir/rosidl_typesupport_c/turtlebot3_interfaces/srv/get_system_state__type_support.cpp.o[0m
[4.083s] [ 48%] [32m[1mLinking CXX shared library libturtlebot3_interfaces__rosidl_typesupport_c.so[0m
[4.116s] [ 51%] [32mBuilding CXX object CMakeFiles/turtlebot3_interfaces__rosidl_typesupport_introspection_cpp.dir/rosidl_typesupport_introspection_cpp/turtlebot3_interfaces/srv/detail/get_system_state__type_support.cpp.o[0m
[4.129s] [ 53%] [32mBuilding C object CMakeFiles/turtlebot3_interfaces__rosidl_typesupport_introspection_c.dir/rosidl_typesupport_introspection_c/turtlebot3_interfaces/srv/detail/exit_request__type_support.c.o[0m
[4.136s] [ 56%] [32mBuilding CXX object CMakeFiles/turtlebot3_interfaces__rosidl_typesupport_fastrtps_c.dir/rosidl_typesupport_fastrtps_c/turtlebot3_interfaces/srv/detail/exit_request__type_support_c.cpp.o[0m
[4.142s] [ 58%] [32m[1mLinking CXX shared library libturtlebot3_interfaces__rosidl_typesupport_cpp.so[0m
[4.148s] [ 58%] Built target turtlebot3_interfaces__rosidl_typesupport_c
[4.154s] [ 61%] [32mBuilding C object CMakeFiles/turtlebot3_interfaces__rosidl_typesupport_introspection_c.dir/rosidl_typesupport_introspection_c/turtlebot3_interfaces/srv/detail/get_system_state__type_support.c.o[0m
[4.181s] [ 64%] [32mBuilding CXX object CMakeFiles/turtlebot3_interfaces__rosidl_typesupport_fastrtps_c.dir/rosidl_typesupport_fastrtps_c/turtlebot3_interfaces/srv/detail/get_system_state__type_support_c.cpp.o[0m
[4.195s] [ 64%] Built target turtlebot3_interfaces__rosidl_typesupport_cpp
[4.208s] [ 66%] [32m[1mLinking C shared library libturtlebot3_interfaces__rosidl_typesupport_introspection_c.so[0m
[4.244s] [ 66%] Built target turtlebot3_interfaces__rosidl_typesupport_introspection_c
[4.488s] [ 69%] [32m[1mLinking CXX shared library libturtlebot3_interfaces__rosidl_typesupport_fastrtps_cpp.so[0m
[4.576s] [ 69%] Built target turtlebot3_interfaces__rosidl_typesupport_fastrtps_cpp
[4.641s] [ 71%] [32m[1mLinking CXX shared library libturtlebot3_interfaces__rosidl_typesupport_fastrtps_c.so[0m
[4.658s] [ 74%] [32m[1mLinking CXX shared library libturtlebot3_interfaces__rosidl_typesupport_introspection_cpp.so[0m
[4.731s] [ 74%] Built target turtlebot3_interfaces__rosidl_typesupport_fastrtps_c
[4.735s] [ 74%] Built target turtlebot3_interfaces__rosidl_typesupport_introspection_cpp
[4.751s] [ 74%] Built target turtlebot3_interfaces
[4.766s] [ 76%] [34m[1mGenerating Python code for ROS interfaces[0m
[5.315s] [ 76%] Built target turtlebot3_interfaces__py
[5.325s] [ 82%] [32mBuilding C object CMakeFiles/turtlebot3_interfaces__rosidl_generator_py.dir/rosidl_generator_py/turtlebot3_interfaces/srv/_get_system_state_s.c.o[0m
[5.325s] [ 82%] [32mBuilding C object CMakeFiles/turtlebot3_interfaces__rosidl_generator_py.dir/rosidl_generator_py/turtlebot3_interfaces/srv/_exit_request_s.c.o[0m
[5.422s] [ 84%] [32m[1mLinking C shared library rosidl_generator_py/turtlebot3_interfaces/libturtlebot3_interfaces__rosidl_generator_py.so[0m
[5.449s] [ 84%] Built target turtlebot3_interfaces__rosidl_generator_py
[5.460s] [ 92%] [32mBuilding C object CMakeFiles/turtlebot3_interfaces__rosidl_typesupport_c__pyext.dir/rosidl_generator_py/turtlebot3_interfaces/_turtlebot3_interfaces_s.ep.rosidl_typesupport_c.c.o[0m
[5.460s] [ 92%] [32mBuilding C object CMakeFiles/turtlebot3_interfaces__rosidl_typesupport_fastrtps_c__pyext.dir/rosidl_generator_py/turtlebot3_interfaces/_turtlebot3_interfaces_s.ep.rosidl_typesupport_fastrtps_c.c.o[0m
[5.460s] [ 92%] [32mBuilding C object CMakeFiles/turtlebot3_interfaces__rosidl_typesupport_introspection_c__pyext.dir/rosidl_generator_py/turtlebot3_interfaces/_turtlebot3_interfaces_s.ep.rosidl_typesupport_introspection_c.c.o[0m
[5.559s] [100%] [32m[1mLinking C shared library rosidl_generator_py/turtlebot3_interfaces/turtlebot3_interfaces_s__rosidl_typesupport_fastrtps_c.cpython-310-x86_64-linux-gnu.so[0m
[5.559s] [100%] [32m[1mLinking C shared library rosidl_generator_py/turtlebot3_interfaces/turtlebot3_interfaces_s__rosidl_typesupport_c.cpython-310-x86_64-linux-gnu.so[0m
[5.559s] [100%] [32m[1mLinking C shared library rosidl_generator_py/turtlebot3_interfaces/turtlebot3_interfaces_s__rosidl_typesupport_introspection_c.cpython-310-x86_64-linux-gnu.so[0m
[5.585s] [100%] Built target turtlebot3_interfaces__rosidl_typesupport_c__pyext
[5.585s] [100%] Built target turtlebot3_interfaces__rosidl_typesupport_introspection_c__pyext
[5.585s] [100%] Built target turtlebot3_interfaces__rosidl_typesupport_fastrtps_c__pyext
[5.591s] Invoked command in '/home/rokey/Documents/RokeyProjects/multitb_ws/build/turtlebot3_interfaces' returned '0': CMAKE_PREFIX_PATH=${CMAKE_PREFIX_PATH}:/home/rokey/Documents/RokeyProjects/multitb_ws/install/turtlebot3_python_nodes:/opt/ros/humble /usr/local/bin/cmake --build /home/rokey/Documents/RokeyProjects/multitb_ws/build/turtlebot3_interfaces -- -j8 -l8
[5.592s] Invoking command in '/home/rokey/Documents/RokeyProjects/multitb_ws/build/turtlebot3_interfaces': CMAKE_PREFIX_PATH=${CMAKE_PREFIX_PATH}:/home/rokey/Documents/RokeyProjects/multitb_ws/install/turtlebot3_python_nodes:/opt/ros/humble /usr/local/bin/cmake --install /home/rokey/Documents/RokeyProjects/multitb_ws/build/turtlebot3_interfaces
[5.596s] -- Install configuration: ""
[5.596s] -- Execute custom install script
[5.597s] -- Symlinking: /home/rokey/Documents/RokeyProjects/multitb_ws/install/turtlebot3_interfaces/share/ament_index/resource_index/rosidl_interfaces/turtlebot3_interfaces
[5.601s] -- Symlinking: /home/rokey/Documents/RokeyProjects/multitb_ws/install/turtlebot3_interfaces/include/turtlebot3_interfaces/turtlebot3_interfaces/msg/rosidl_generator_c__visibility_control.h
[5.604s] -- Symlinking: /home/rokey/Documents/RokeyProjects/multitb_ws/install/turtlebot3_interfaces/include/turtlebot3_interfaces/turtlebot3_interfaces/srv/detail/exit_request__functions.h
[5.607s] -- Symlinking: /home/rokey/Documents/RokeyProjects/multitb_ws/install/turtlebot3_interfaces/include/turtlebot3_interfaces/turtlebot3_interfaces/srv/detail/exit_request__struct.h
[5.610s] -- Symlinking: /home/rokey/Documents/RokeyProjects/multitb_ws/install/turtlebot3_interfaces/include/turtlebot3_interfaces/turtlebot3_interfaces/srv/detail/exit_request__type_support.h
[5.614s] -- Symlinking: /home/rokey/Documents/RokeyProjects/multitb_ws/install/turtlebot3_interfaces/include/turtlebot3_interfaces/turtlebot3_interfaces/srv/detail/get_system_state__functions.h
[5.617s] -- Symlinking: /home/rokey/Documents/RokeyProjects/multitb_ws/install/turtlebot3_interfaces/include/turtlebot3_interfaces/turtlebot3_interfaces/srv/detail/get_system_state__struct.h
[5.621s] -- Symlinking: /home/rokey/Documents/RokeyProjects/multitb_ws/install/turtlebot3_interfaces/include/turtlebot3_interfaces/turtlebot3_interfaces/srv/detail/get_system_state__type_support.h
[5.624s] -- Symlinking: /home/rokey/Documents/RokeyProjects/multitb_ws/install/turtlebot3_interfaces/include/turtlebot3_interfaces/turtlebot3_interfaces/srv/exit_request.h
[5.628s] -- Symlinking: /home/rokey/Documents/RokeyProjects/multitb_ws/install/turtlebot3_interfaces/include/turtlebot3_interfaces/turtlebot3_interfaces/srv/get_system_state.h
[5.631s] -- Symlinking: /home/rokey/Documents/RokeyProjects/multitb_ws/install/turtlebot3_interfaces/share/turtlebot3_interfaces/environment/library_path.sh
[5.635s] -- Symlinking: /home/rokey/Documents/RokeyProjects/multitb_ws/install/turtlebot3_interfaces/share/turtlebot3_interfaces/environment/library_path.dsv
[5.639s] -- Symlinking: /home/rokey/Documents/RokeyProjects/multitb_ws/install/turtlebot3_interfaces/include/turtlebot3_interfaces/turtlebot3_interfaces/msg/rosidl_typesupport_fastrtps_c__visibility_control.h
[5.642s] -- Symlinking: /home/rokey/Documents/RokeyProjects/multitb_ws/install/turtlebot3_interfaces/include/turtlebot3_interfaces/turtlebot3_interfaces/srv/detail/exit_request__rosidl_typesupport_fastrtps_c.h
[5.646s] -- Symlinking: /home/rokey/Documents/RokeyProjects/multitb_ws/install/turtlebot3_interfaces/include/turtlebot3_interfaces/turtlebot3_interfaces/srv/detail/get_system_state__rosidl_typesupport_fastrtps_c.h
[5.652s] -- Symlinking: /home/rokey/Documents/RokeyProjects/multitb_ws/install/turtlebot3_interfaces/include/turtlebot3_interfaces/turtlebot3_interfaces/msg/rosidl_typesupport_introspection_c__visibility_control.h
[5.655s] -- Symlinking: /home/rokey/Documents/RokeyProjects/multitb_ws/install/turtlebot3_interfaces/include/turtlebot3_interfaces/turtlebot3_interfaces/srv/detail/exit_request__rosidl_typesupport_introspection_c.h
[5.658s] -- Symlinking: /home/rokey/Documents/RokeyProjects/multitb_ws/install/turtlebot3_interfaces/include/turtlebot3_interfaces/turtlebot3_interfaces/srv/detail/get_system_state__rosidl_typesupport_introspection_c.h
[5.662s] -- Symlinking: /home/rokey/Documents/RokeyProjects/multitb_ws/install/turtlebot3_interfaces/include/turtlebot3_interfaces/turtlebot3_interfaces/msg/rosidl_generator_cpp__visibility_control.hpp
[5.666s] -- Symlinking: /home/rokey/Documents/RokeyProjects/multitb_ws/install/turtlebot3_interfaces/include/turtlebot3_interfaces/turtlebot3_interfaces/srv/detail/exit_request__builder.hpp
[5.669s] -- Symlinking: /home/rokey/Documents/RokeyProjects/multitb_ws/install/turtlebot3_interfaces/include/turtlebot3_interfaces/turtlebot3_interfaces/srv/detail/exit_request__struct.hpp
[5.673s] -- Symlinking: /home/rokey/Documents/RokeyProjects/multitb_ws/install/turtlebot3_interfaces/include/turtlebot3_interfaces/turtlebot3_interfaces/srv/detail/exit_request__traits.hpp
[5.676s] -- Symlinking: /home/rokey/Documents/RokeyProjects/multitb_ws/install/turtlebot3_interfaces/include/turtlebot3_interfaces/turtlebot3_interfaces/srv/detail/exit_request__type_support.hpp
[5.680s] -- Symlinking: /home/rokey/Documents/RokeyProjects/multitb_ws/install/turtlebot3_interfaces/include/turtlebot3_interfaces/turtlebot3_interfaces/srv/detail/get_system_state__builder.hpp
[5.683s] -- Symlinking: /home/rokey/Documents/RokeyProjects/multitb_ws/install/turtlebot3_interfaces/include/turtlebot3_interfaces/turtlebot3_interfaces/srv/detail/get_system_state__struct.hpp
[5.687s] -- Symlinking: /home/rokey/Documents/RokeyProjects/multitb_ws/install/turtlebot3_interfaces/include/turtlebot3_interfaces/turtlebot3_interfaces/srv/detail/get_system_state__traits.hpp
[5.690s] -- Symlinking: /home/rokey/Documents/RokeyProjects/multitb_ws/install/turtlebot3_interfaces/include/turtlebot3_interfaces/turtlebot3_interfaces/srv/detail/get_system_state__type_support.hpp
[5.694s] -- Symlinking: /home/rokey/Documents/RokeyProjects/multitb_ws/install/turtlebot3_interfaces/include/turtlebot3_interfaces/turtlebot3_interfaces/srv/exit_request.hpp
[5.697s] -- Symlinking: /home/rokey/Documents/RokeyProjects/multitb_ws/install/turtlebot3_interfaces/include/turtlebot3_interfaces/turtlebot3_interfaces/srv/get_system_state.hpp
[5.701s] -- Symlinking: /home/rokey/Documents/RokeyProjects/multitb_ws/install/turtlebot3_interfaces/include/turtlebot3_interfaces/turtlebot3_interfaces/msg/rosidl_typesupport_fastrtps_cpp__visibility_control.h
[5.705s] -- Symlinking: /home/rokey/Documents/RokeyProjects/multitb_ws/install/turtlebot3_interfaces/include/turtlebot3_interfaces/turtlebot3_interfaces/srv/detail/exit_request__rosidl_typesupport_fastrtps_cpp.hpp
[5.708s] -- Symlinking: /home/rokey/Documents/RokeyProjects/multitb_ws/install/turtlebot3_interfaces/include/turtlebot3_interfaces/turtlebot3_interfaces/srv/detail/get_system_state__rosidl_typesupport_fastrtps_cpp.hpp
[5.712s] -- Symlinking: /home/rokey/Documents/RokeyProjects/multitb_ws/install/turtlebot3_interfaces/include/turtlebot3_interfaces/turtlebot3_interfaces/srv/detail/exit_request__rosidl_typesupport_introspection_cpp.hpp
[5.715s] -- Symlinking: /home/rokey/Documents/RokeyProjects/multitb_ws/install/turtlebot3_interfaces/include/turtlebot3_interfaces/turtlebot3_interfaces/srv/detail/get_system_state__rosidl_typesupport_introspection_cpp.hpp
[5.719s] -- Symlinking: /home/rokey/Documents/RokeyProjects/multitb_ws/install/turtlebot3_interfaces/share/turtlebot3_interfaces/environment/pythonpath.sh
[5.723s] -- Symlinking: /home/rokey/Documents/RokeyProjects/multitb_ws/install/turtlebot3_interfaces/share/turtlebot3_interfaces/environment/pythonpath.dsv
[5.727s] -- Symlinking: /home/rokey/Documents/RokeyProjects/multitb_ws/install/turtlebot3_interfaces/local/lib/python3.10/dist-packages/turtlebot3_interfaces-0.0.0-py3.10.egg-info/PKG-INFO
[5.730s] -- Symlinking: /home/rokey/Documents/RokeyProjects/multitb_ws/install/turtlebot3_interfaces/local/lib/python3.10/dist-packages/turtlebot3_interfaces-0.0.0-py3.10.egg-info/SOURCES.txt
[5.734s] -- Symlinking: /home/rokey/Documents/RokeyProjects/multitb_ws/install/turtlebot3_interfaces/local/lib/python3.10/dist-packages/turtlebot3_interfaces-0.0.0-py3.10.egg-info/dependency_links.txt
[5.737s] -- Symlinking: /home/rokey/Documents/RokeyProjects/multitb_ws/install/turtlebot3_interfaces/local/lib/python3.10/dist-packages/turtlebot3_interfaces-0.0.0-py3.10.egg-info/top_level.txt
[5.741s] -- Symlinking: /home/rokey/Documents/RokeyProjects/multitb_ws/install/turtlebot3_interfaces/local/lib/python3.10/dist-packages/turtlebot3_interfaces/__init__.py
[5.745s] -- Symlinking: /home/rokey/Documents/RokeyProjects/multitb_ws/install/turtlebot3_interfaces/local/lib/python3.10/dist-packages/turtlebot3_interfaces/_turtlebot3_interfaces_s.ep.rosidl_typesupport_c.c
[5.749s] -- Symlinking: /home/rokey/Documents/RokeyProjects/multitb_ws/install/turtlebot3_interfaces/local/lib/python3.10/dist-packages/turtlebot3_interfaces/_turtlebot3_interfaces_s.ep.rosidl_typesupport_fastrtps_c.c
[5.752s] -- Symlinking: /home/rokey/Documents/RokeyProjects/multitb_ws/install/turtlebot3_interfaces/local/lib/python3.10/dist-packages/turtlebot3_interfaces/_turtlebot3_interfaces_s.ep.rosidl_typesupport_introspection_c.c
[5.756s] -- Symlinking: /home/rokey/Documents/RokeyProjects/multitb_ws/install/turtlebot3_interfaces/local/lib/python3.10/dist-packages/turtlebot3_interfaces/libturtlebot3_interfaces__rosidl_generator_py.so
[5.759s] -- Symlinking: /home/rokey/Documents/RokeyProjects/multitb_ws/install/turtlebot3_interfaces/local/lib/python3.10/dist-packages/turtlebot3_interfaces/srv/__init__.py
[5.762s] -- Symlinking: /home/rokey/Documents/RokeyProjects/multitb_ws/install/turtlebot3_interfaces/local/lib/python3.10/dist-packages/turtlebot3_interfaces/srv/_exit_request.py
[5.765s] -- Symlinking: /home/rokey/Documents/RokeyProjects/multitb_ws/install/turtlebot3_interfaces/local/lib/python3.10/dist-packages/turtlebot3_interfaces/srv/_exit_request_s.c
[5.769s] -- Symlinking: /home/rokey/Documents/RokeyProjects/multitb_ws/install/turtlebot3_interfaces/local/lib/python3.10/dist-packages/turtlebot3_interfaces/srv/_get_system_state.py
[5.772s] -- Symlinking: /home/rokey/Documents/RokeyProjects/multitb_ws/install/turtlebot3_interfaces/local/lib/python3.10/dist-packages/turtlebot3_interfaces/srv/_get_system_state_s.c
[5.775s] -- Symlinking: /home/rokey/Documents/RokeyProjects/multitb_ws/install/turtlebot3_interfaces/local/lib/python3.10/dist-packages/turtlebot3_interfaces/turtlebot3_interfaces_s__rosidl_typesupport_c.cpython-310-x86_64-linux-gnu.so
[5.779s] -- Symlinking: /home/rokey/Documents/RokeyProjects/multitb_ws/install/turtlebot3_interfaces/local/lib/python3.10/dist-packages/turtlebot3_interfaces/turtlebot3_interfaces_s__rosidl_typesupport_fastrtps_c.cpython-310-x86_64-linux-gnu.so
[5.782s] -- Symlinking: /home/rokey/Documents/RokeyProjects/multitb_ws/install/turtlebot3_interfaces/local/lib/python3.10/dist-packages/turtlebot3_interfaces/turtlebot3_interfaces_s__rosidl_typesupport_introspection_c.cpython-310-x86_64-linux-gnu.so
[5.785s] -- Up-to-date symlink: /home/rokey/Documents/RokeyProjects/multitb_ws/install/turtlebot3_interfaces/local/lib/python3.10/dist-packages/turtlebot3_interfaces/turtlebot3_interfaces_s__rosidl_typesupport_fastrtps_c.cpython-310-x86_64-linux-gnu.so
[5.786s] -- Up-to-date symlink: /home/rokey/Documents/RokeyProjects/multitb_ws/install/turtlebot3_interfaces/local/lib/python3.10/dist-packages/turtlebot3_interfaces/turtlebot3_interfaces_s__rosidl_typesupport_introspection_c.cpython-310-x86_64-linux-gnu.so
[5.786s] -- Up-to-date symlink: /home/rokey/Documents/RokeyProjects/multitb_ws/install/turtlebot3_interfaces/local/lib/python3.10/dist-packages/turtlebot3_interfaces/turtlebot3_interfaces_s__rosidl_typesupport_c.cpython-310-x86_64-linux-gnu.so
[5.786s] -- Symlinking: /home/rokey/Documents/RokeyProjects/multitb_ws/install/turtlebot3_interfaces/share/turtlebot3_interfaces/srv/ExitRequest.idl
[5.790s] -- Symlinking: /home/rokey/Documents/RokeyProjects/multitb_ws/install/turtlebot3_interfaces/share/turtlebot3_interfaces/srv/GetSystemState.idl
[5.793s] -- Symlinking: /home/rokey/Documents/RokeyProjects/multitb_ws/install/turtlebot3_interfaces/share/turtlebot3_interfaces/srv/ExitRequest.srv
[5.797s] -- Symlinking: /home/rokey/Documents/RokeyProjects/multitb_ws/install/turtlebot3_interfaces/share/turtlebot3_interfaces/srv/ExitRequest_Request.msg
[5.800s] -- Symlinking: /home/rokey/Documents/RokeyProjects/multitb_ws/install/turtlebot3_interfaces/share/turtlebot3_interfaces/srv/ExitRequest_Response.msg
[5.804s] -- Symlinking: /home/rokey/Documents/RokeyProjects/multitb_ws/install/turtlebot3_interfaces/share/turtlebot3_interfaces/srv/GetSystemState.srv
[5.807s] -- Symlinking: /home/rokey/Documents/RokeyProjects/multitb_ws/install/turtlebot3_interfaces/share/turtlebot3_interfaces/srv/GetSystemState_Request.msg
[5.811s] -- Symlinking: /home/rokey/Documents/RokeyProjects/multitb_ws/install/turtlebot3_interfaces/share/turtlebot3_interfaces/srv/GetSystemState_Response.msg
[5.815s] -- Symlinking: /home/rokey/Documents/RokeyProjects/multitb_ws/install/turtlebot3_interfaces/share/ament_index/resource_index/package_run_dependencies/turtlebot3_interfaces
[5.818s] -- Symlinking: /home/rokey/Documents/RokeyProjects/multitb_ws/install/turtlebot3_interfaces/share/ament_index/resource_index/parent_prefix_path/turtlebot3_interfaces
[5.822s] -- Symlinking: /home/rokey/Documents/RokeyProjects/multitb_ws/install/turtlebot3_interfaces/share/turtlebot3_interfaces/environment/ament_prefix_path.sh
[5.826s] -- Symlinking: /home/rokey/Documents/RokeyProjects/multitb_ws/install/turtlebot3_interfaces/share/turtlebot3_interfaces/environment/ament_prefix_path.dsv
[5.829s] -- Symlinking: /home/rokey/Documents/RokeyProjects/multitb_ws/install/turtlebot3_interfaces/share/turtlebot3_interfaces/environment/path.sh
[5.833s] -- Symlinking: /home/rokey/Documents/RokeyProjects/multitb_ws/install/turtlebot3_interfaces/share/turtlebot3_interfaces/environment/path.dsv
[5.837s] -- Symlinking: /home/rokey/Documents/RokeyProjects/multitb_ws/install/turtlebot3_interfaces/share/turtlebot3_interfaces/local_setup.bash
[5.841s] -- Symlinking: /home/rokey/Documents/RokeyProjects/multitb_ws/install/turtlebot3_interfaces/share/turtlebot3_interfaces/local_setup.sh
[5.844s] -- Symlinking: /home/rokey/Documents/RokeyProjects/multitb_ws/install/turtlebot3_interfaces/share/turtlebot3_interfaces/local_setup.zsh
[5.848s] -- Symlinking: /home/rokey/Documents/RokeyProjects/multitb_ws/install/turtlebot3_interfaces/share/turtlebot3_interfaces/local_setup.dsv
[5.852s] -- Symlinking: /home/rokey/Documents/RokeyProjects/multitb_ws/install/turtlebot3_interfaces/share/turtlebot3_interfaces/package.dsv
[5.855s] -- Symlinking: /home/rokey/Documents/RokeyProjects/multitb_ws/install/turtlebot3_interfaces/share/ament_index/resource_index/packages/turtlebot3_interfaces
[5.859s] -- Symlinking: /home/rokey/Documents/RokeyProjects/multitb_ws/install/turtlebot3_interfaces/share/turtlebot3_interfaces/cmake/rosidl_cmake-extras.cmake
[5.862s] -- Symlinking: /home/rokey/Documents/RokeyProjects/multitb_ws/install/turtlebot3_interfaces/share/turtlebot3_interfaces/cmake/ament_cmake_export_dependencies-extras.cmake
[5.866s] -- Symlinking: /home/rokey/Documents/RokeyProjects/multitb_ws/install/turtlebot3_interfaces/share/turtlebot3_interfaces/cmake/ament_cmake_export_include_directories-extras.cmake
[5.870s] -- Symlinking: /home/rokey/Documents/RokeyProjects/multitb_ws/install/turtlebot3_interfaces/share/turtlebot3_interfaces/cmake/ament_cmake_export_libraries-extras.cmake
[5.874s] -- Symlinking: /home/rokey/Documents/RokeyProjects/multitb_ws/install/turtlebot3_interfaces/share/turtlebot3_interfaces/cmake/ament_cmake_export_targets-extras.cmake
[5.877s] -- Symlinking: /home/rokey/Documents/RokeyProjects/multitb_ws/install/turtlebot3_interfaces/share/turtlebot3_interfaces/cmake/rosidl_cmake_export_typesupport_targets-extras.cmake
[5.881s] -- Symlinking: /home/rokey/Documents/RokeyProjects/multitb_ws/install/turtlebot3_interfaces/share/turtlebot3_interfaces/cmake/rosidl_cmake_export_typesupport_libraries-extras.cmake
[5.886s] -- Symlinking: /home/rokey/Documents/RokeyProjects/multitb_ws/install/turtlebot3_interfaces/share/turtlebot3_interfaces/cmake/turtlebot3_interfacesConfig.cmake
[5.889s] -- Symlinking: /home/rokey/Documents/RokeyProjects/multitb_ws/install/turtlebot3_interfaces/share/turtlebot3_interfaces/cmake/turtlebot3_interfacesConfig-version.cmake
[5.893s] -- Symlinking: /home/rokey/Documents/RokeyProjects/multitb_ws/install/turtlebot3_interfaces/share/turtlebot3_interfaces/package.xml
[5.896s] -- Installing: /home/rokey/Documents/RokeyProjects/multitb_ws/install/turtlebot3_interfaces/lib/libturtlebot3_interfaces__rosidl_generator_c.so
[5.897s] -- Set non-toolchain portion of runtime path of "/home/rokey/Documents/RokeyProjects/multitb_ws/install/turtlebot3_interfaces/lib/libturtlebot3_interfaces__rosidl_generator_c.so" to ""
[5.897s] -- Installing: /home/rokey/Documents/RokeyProjects/multitb_ws/install/turtlebot3_interfaces/lib/libturtlebot3_interfaces__rosidl_typesupport_fastrtps_c.so
[5.897s] -- Set non-toolchain portion of runtime path of "/home/rokey/Documents/RokeyProjects/multitb_ws/install/turtlebot3_interfaces/lib/libturtlebot3_interfaces__rosidl_typesupport_fastrtps_c.so" to ""
[5.897s] -- Installing: /home/rokey/Documents/RokeyProjects/multitb_ws/install/turtlebot3_interfaces/lib/libturtlebot3_interfaces__rosidl_typesupport_introspection_c.so
[5.898s] -- Set non-toolchain portion of runtime path of "/home/rokey/Documents/RokeyProjects/multitb_ws/install/turtlebot3_interfaces/lib/libturtlebot3_interfaces__rosidl_typesupport_introspection_c.so" to ""
[5.898s] -- Installing: /home/rokey/Documents/RokeyProjects/multitb_ws/install/turtlebot3_interfaces/lib/libturtlebot3_interfaces__rosidl_typesupport_c.so
[5.898s] -- Set non-toolchain portion of runtime path of "/home/rokey/Documents/RokeyProjects/multitb_ws/install/turtlebot3_interfaces/lib/libturtlebot3_interfaces__rosidl_typesupport_c.so" to ""
[5.898s] -- Installing: /home/rokey/Documents/RokeyProjects/multitb_ws/install/turtlebot3_interfaces/lib/libturtlebot3_interfaces__rosidl_typesupport_fastrtps_cpp.so
[5.899s] -- Set non-toolchain portion of runtime path of "/home/rokey/Documents/RokeyProjects/multitb_ws/install/turtlebot3_interfaces/lib/libturtlebot3_interfaces__rosidl_typesupport_fastrtps_cpp.so" to ""
[5.899s] -- Installing: /home/rokey/Documents/RokeyProjects/multitb_ws/install/turtlebot3_interfaces/lib/libturtlebot3_interfaces__rosidl_typesupport_introspection_cpp.so
[5.899s] -- Set non-toolchain portion of runtime path of "/home/rokey/Documents/RokeyProjects/multitb_ws/install/turtlebot3_interfaces/lib/libturtlebot3_interfaces__rosidl_typesupport_introspection_cpp.so" to ""
[5.899s] -- Installing: /home/rokey/Documents/RokeyProjects/multitb_ws/install/turtlebot3_interfaces/lib/libturtlebot3_interfaces__rosidl_typesupport_cpp.so
[5.900s] -- Set non-toolchain portion of runtime path of "/home/rokey/Documents/RokeyProjects/multitb_ws/install/turtlebot3_interfaces/lib/libturtlebot3_interfaces__rosidl_typesupport_cpp.so" to ""
[5.934s] Listing '/home/rokey/Documents/RokeyProjects/multitb_ws/install/turtlebot3_interfaces/local/lib/python3.10/dist-packages/turtlebot3_interfaces'...
[5.934s] Compiling '/home/rokey/Documents/RokeyProjects/multitb_ws/install/turtlebot3_interfaces/local/lib/python3.10/dist-packages/turtlebot3_interfaces/__init__.py'...
[5.935s] Listing '/home/rokey/Documents/RokeyProjects/multitb_ws/install/turtlebot3_interfaces/local/lib/python3.10/dist-packages/turtlebot3_interfaces/srv'...
[5.935s] Compiling '/home/rokey/Documents/RokeyProjects/multitb_ws/install/turtlebot3_interfaces/local/lib/python3.10/dist-packages/turtlebot3_interfaces/srv/__init__.py'...
[5.935s] Compiling '/home/rokey/Documents/RokeyProjects/multitb_ws/install/turtlebot3_interfaces/local/lib/python3.10/dist-packages/turtlebot3_interfaces/srv/_exit_request.py'...
[5.935s] Compiling '/home/rokey/Documents/RokeyProjects/multitb_ws/install/turtlebot3_interfaces/local/lib/python3.10/dist-packages/turtlebot3_interfaces/srv/_get_system_state.py'...
[5.940s] -- Installing: /home/rokey/Documents/RokeyProjects/multitb_ws/install/turtlebot3_interfaces/lib/libturtlebot3_interfaces__rosidl_generator_py.so
[5.941s] -- Set non-toolchain portion of runtime path of "/home/rokey/Documents/RokeyProjects/multitb_ws/install/turtlebot3_interfaces/lib/libturtlebot3_interfaces__rosidl_generator_py.so" to ""
[5.941s] -- Installing: /home/rokey/Documents/RokeyProjects/multitb_ws/install/turtlebot3_interfaces/share/turtlebot3_interfaces/cmake/export_turtlebot3_interfaces__rosidl_generator_cExport.cmake
[5.941s] -- Installing: /home/rokey/Documents/RokeyProjects/multitb_ws/install/turtlebot3_interfaces/share/turtlebot3_interfaces/cmake/export_turtlebot3_interfaces__rosidl_generator_cExport-noconfig.cmake
[5.941s] -- Installing: /home/rokey/Documents/RokeyProjects/multitb_ws/install/turtlebot3_interfaces/share/turtlebot3_interfaces/cmake/export_turtlebot3_interfaces__rosidl_typesupport_fastrtps_cExport.cmake
[5.941s] -- Installing: /home/rokey/Documents/RokeyProjects/multitb_ws/install/turtlebot3_interfaces/share/turtlebot3_interfaces/cmake/export_turtlebot3_interfaces__rosidl_typesupport_fastrtps_cExport-noconfig.cmake
[5.942s] -- Installing: /home/rokey/Documents/RokeyProjects/multitb_ws/install/turtlebot3_interfaces/share/turtlebot3_interfaces/cmake/turtlebot3_interfaces__rosidl_typesupport_introspection_cExport.cmake
[5.942s] -- Installing: /home/rokey/Documents/RokeyProjects/multitb_ws/install/turtlebot3_interfaces/share/turtlebot3_interfaces/cmake/turtlebot3_interfaces__rosidl_typesupport_introspection_cExport-noconfig.cmake
[5.942s] -- Installing: /home/rokey/Documents/RokeyProjects/multitb_ws/install/turtlebot3_interfaces/share/turtlebot3_interfaces/cmake/turtlebot3_interfaces__rosidl_typesupport_cExport.cmake
[5.942s] -- Installing: /home/rokey/Documents/RokeyProjects/multitb_ws/install/turtlebot3_interfaces/share/turtlebot3_interfaces/cmake/turtlebot3_interfaces__rosidl_typesupport_cExport-noconfig.cmake
[5.942s] -- Installing: /home/rokey/Documents/RokeyProjects/multitb_ws/install/turtlebot3_interfaces/share/turtlebot3_interfaces/cmake/export_turtlebot3_interfaces__rosidl_generator_cppExport.cmake
[5.942s] -- Installing: /home/rokey/Documents/RokeyProjects/multitb_ws/install/turtlebot3_interfaces/share/turtlebot3_interfaces/cmake/export_turtlebot3_interfaces__rosidl_typesupport_fastrtps_cppExport.cmake
[5.942s] -- Installing: /home/rokey/Documents/RokeyProjects/multitb_ws/install/turtlebot3_interfaces/share/turtlebot3_interfaces/cmake/export_turtlebot3_interfaces__rosidl_typesupport_fastrtps_cppExport-noconfig.cmake
[5.942s] -- Installing: /home/rokey/Documents/RokeyProjects/multitb_ws/install/turtlebot3_interfaces/share/turtlebot3_interfaces/cmake/turtlebot3_interfaces__rosidl_typesupport_introspection_cppExport.cmake
[5.943s] -- Installing: /home/rokey/Documents/RokeyProjects/multitb_ws/install/turtlebot3_interfaces/share/turtlebot3_interfaces/cmake/turtlebot3_interfaces__rosidl_typesupport_introspection_cppExport-noconfig.cmake
[5.943s] -- Installing: /home/rokey/Documents/RokeyProjects/multitb_ws/install/turtlebot3_interfaces/share/turtlebot3_interfaces/cmake/turtlebot3_interfaces__rosidl_typesupport_cppExport.cmake
[5.943s] -- Installing: /home/rokey/Documents/RokeyProjects/multitb_ws/install/turtlebot3_interfaces/share/turtlebot3_interfaces/cmake/turtlebot3_interfaces__rosidl_typesupport_cppExport-noconfig.cmake
[5.943s] -- Installing: /home/rokey/Documents/RokeyProjects/multitb_ws/install/turtlebot3_interfaces/share/turtlebot3_interfaces/cmake/export_turtlebot3_interfaces__rosidl_generator_pyExport.cmake
[5.943s] -- Installing: /home/rokey/Documents/RokeyProjects/multitb_ws/install/turtlebot3_interfaces/share/turtlebot3_interfaces/cmake/export_turtlebot3_interfaces__rosidl_generator_pyExport-noconfig.cmake
[5.945s] Invoked command in '/home/rokey/Documents/RokeyProjects/multitb_ws/build/turtlebot3_interfaces' returned '0': CMAKE_PREFIX_PATH=${CMAKE_PREFIX_PATH}:/home/rokey/Documents/RokeyProjects/multitb_ws/install/turtlebot3_python_nodes:/opt/ros/humble /usr/local/bin/cmake --install /home/rokey/Documents/RokeyProjects/multitb_ws/build/turtlebot3_interfaces
