[1.292s] Invoking command in '/home/yjh/Doosan/Real_project_ws/Week2/ros2_week2_ws/src/multi_image_package': PS1=\[\e]0;\u@\h: \w\a\]${debian_chroot:+($debian_chroot)}\[\033[01;32m\]\u@\h\[\033[00m\]:\[\033[01;34m\]\w\[\033[00m\]\$ PYTHONPATH=/home/yjh/Doosan/Real_project_ws/Week2/ros2_week2_ws/build/multi_image_package/prefix_override:/usr/lib/python3/dist-packages/colcon_core/task/python/colcon_distutils_commands:/home/yjh/Doosan/Real_project_ws/Week2/ros2_week2_ws/install/multi_image_package/lib/python3.10/site-packages:${PYTHONPATH} /usr/bin/python3 -W ignore:setup.py install is deprecated setup.py egg_info --egg-base ../../build/multi_image_package build --build-base /home/yjh/Doosan/Real_project_ws/Week2/ros2_week2_ws/build/multi_image_package/build install --record /home/yjh/Doosan/Real_project_ws/Week2/ros2_week2_ws/build/multi_image_package/install.log --single-version-externally-managed install_data
[1.522s] running egg_info
[1.539s] writing ../../build/multi_image_package/multi_image_package.egg-info/PKG-INFO
[1.539s] writing dependency_links to ../../build/multi_image_package/multi_image_package.egg-info/dependency_links.txt
[1.539s] writing entry points to ../../build/multi_image_package/multi_image_package.egg-info/entry_points.txt
[1.540s] writing requirements to ../../build/multi_image_package/multi_image_package.egg-info/requires.txt
[1.540s] writing top-level names to ../../build/multi_image_package/multi_image_package.egg-info/top_level.txt
[1.572s] reading manifest file '../../build/multi_image_package/multi_image_package.egg-info/SOURCES.txt'
[1.573s] writing manifest file '../../build/multi_image_package/multi_image_package.egg-info/SOURCES.txt'
[1.574s] running build
[1.574s] running build_py
[1.574s] copying multi_image_package/__init__.py -> /home/yjh/Doosan/Real_project_ws/Week2/ros2_week2_ws/build/multi_image_package/build/lib/multi_image_package
[1.574s] copying multi_image_package/image_publisher_1.py -> /home/yjh/Doosan/Real_project_ws/Week2/ros2_week2_ws/build/multi_image_package/build/lib/multi_image_package
[1.574s] copying multi_image_package/image_publisher_2.py -> /home/yjh/Doosan/Real_project_ws/Week2/ros2_week2_ws/build/multi_image_package/build/lib/multi_image_package
[1.574s] copying multi_image_package/image_sub_init.py -> /home/yjh/Doosan/Real_project_ws/Week2/ros2_week2_ws/build/multi_image_package/build/lib/multi_image_package
[1.575s] copying multi_image_package/image_subscriber.py -> /home/yjh/Doosan/Real_project_ws/Week2/ros2_week2_ws/build/multi_image_package/build/lib/multi_image_package
[1.575s] running install
[1.578s] running install_lib
[1.594s] copying /home/yjh/Doosan/Real_project_ws/Week2/ros2_week2_ws/build/multi_image_package/build/lib/multi_image_package/image_subscriber.py -> /home/yjh/Doosan/Real_project_ws/Week2/ros2_week2_ws/install/multi_image_package/lib/python3.10/site-packages/multi_image_package
[1.595s] byte-compiling /home/yjh/Doosan/Real_project_ws/Week2/ros2_week2_ws/install/multi_image_package/lib/python3.10/site-packages/multi_image_package/image_subscriber.py to image_subscriber.cpython-310.pyc
[1.595s] running install_data
[1.596s] copying resource/multi_image_package -> /home/yjh/Doosan/Real_project_ws/Week2/ros2_week2_ws/install/multi_image_package/share/ament_index/resource_index/packages
[1.596s] copying package.xml -> /home/yjh/Doosan/Real_project_ws/Week2/ros2_week2_ws/install/multi_image_package/share/multi_image_package
[1.596s] running install_egg_info
[1.612s] removing '/home/yjh/Doosan/Real_project_ws/Week2/ros2_week2_ws/install/multi_image_package/lib/python3.10/site-packages/multi_image_package-0.0.0-py3.10.egg-info' (and everything under it)
[1.612s] Copying ../../build/multi_image_package/multi_image_package.egg-info to /home/yjh/Doosan/Real_project_ws/Week2/ros2_week2_ws/install/multi_image_package/lib/python3.10/site-packages/multi_image_package-0.0.0-py3.10.egg-info
[1.613s] running install_scripts
[1.734s] Installing image_publisher_1 script to /home/yjh/Doosan/Real_project_ws/Week2/ros2_week2_ws/install/multi_image_package/lib/multi_image_package
[1.734s] Installing image_publisher_2 script to /home/yjh/Doosan/Real_project_ws/Week2/ros2_week2_ws/install/multi_image_package/lib/multi_image_package
[1.734s] Installing image_subscriber script to /home/yjh/Doosan/Real_project_ws/Week2/ros2_week2_ws/install/multi_image_package/lib/multi_image_package
[1.734s] writing list of installed files to '/home/yjh/Doosan/Real_project_ws/Week2/ros2_week2_ws/build/multi_image_package/install.log'
[1.758s] Invoked command in '/home/yjh/Doosan/Real_project_ws/Week2/ros2_week2_ws/src/multi_image_package' returned '0': PS1=\[\e]0;\u@\h: \w\a\]${debian_chroot:+($debian_chroot)}\[\033[01;32m\]\u@\h\[\033[00m\]:\[\033[01;34m\]\w\[\033[00m\]\$ PYTHONPATH=/home/yjh/Doosan/Real_project_ws/Week2/ros2_week2_ws/build/multi_image_package/prefix_override:/usr/lib/python3/dist-packages/colcon_core/task/python/colcon_distutils_commands:/home/yjh/Doosan/Real_project_ws/Week2/ros2_week2_ws/install/multi_image_package/lib/python3.10/site-packages:${PYTHONPATH} /usr/bin/python3 -W ignore:setup.py install is deprecated setup.py egg_info --egg-base ../../build/multi_image_package build --build-base /home/yjh/Doosan/Real_project_ws/Week2/ros2_week2_ws/build/multi_image_package/build install --record /home/yjh/Doosan/Real_project_ws/Week2/ros2_week2_ws/build/multi_image_package/install.log --single-version-externally-managed install_data
