[0.010s] Invoking command in '/home/rokey/turtlebot3_ws/src/build/turtlebot3_gazebo': CMAKE_PREFIX_PATH=${CMAKE_PREFIX_PATH}:/opt/ros/humble /usr/local/bin/cmake /home/rokey/turtlebot3_ws/src/turtlebot3_simulations/turtlebot3_gazebo -DAMENT_CMAKE_SYMLINK_INSTALL=1 -DCMAKE_INSTALL_PREFIX=/home/rokey/turtlebot3_ws/src/install/turtlebot3_gazebo
[0.180s] -- The C compiler identification is GNU 11.4.0
[0.292s] -- The CXX compiler identification is GNU 11.4.0
[0.305s] -- Detecting C compiler ABI info
[0.360s] -- Detecting C compiler ABI info - done
[0.377s] -- Check for working C compiler: /usr/bin/cc - skipped
[0.377s] -- Detecting C compile features
[0.378s] -- Detecting C compile features - done
[0.382s] -- Detecting CXX compiler ABI info
[0.451s] -- Detecting CXX compiler ABI info - done
[0.467s] -- Check for working CXX compiler: /usr/bin/c++ - skipped
[0.468s] -- Detecting CXX compile features
[0.468s] -- Detecting CXX compile features - done
[0.473s] -- Found ament_cmake: 1.3.10 (/opt/ros/humble/share/ament_cmake/cmake)
[0.607s] -- Found Python3: /usr/bin/python3 (found version "3.10.12") found components: Interpreter
[0.713s] -- Override CMake install command with custom implementation using symlinks instead of copying resources
[0.766s] [33mCMake Warning (dev) at /usr/local/share/cmake-3.30/Modules/FindPackageHandleStandardArgs.cmake:441 (message):
[0.766s]   The package name passed to `find_package_handle_standard_args` (PkgConfig)
[0.766s]   does not match the name of the calling package (gazebo).  This can lead to
[0.767s]   problems in calling code that expects `find_package` result variables
[0.767s]   (e.g., `_FOUND`) to follow a certain pattern.
[0.767s] Call Stack (most recent call first):
[0.767s]   /usr/local/share/cmake-3.30/Modules/FindPkgConfig.cmake:114 (find_package_handle_standard_args)
[0.767s]   /usr/lib/x86_64-linux-gnu/cmake/gazebo/gazebo-config.cmake:72 (include)
[0.767s]   CMakeLists.txt:23 (find_package)
[0.767s] This warning is for project developers.  Use -Wno-dev to suppress it.
[0.767s] [0m
[0.767s] -- Found PkgConfig: /usr/bin/pkg-config (found version "0.29.2")
[0.771s] -- Checking for module 'bullet>=2.82'
[0.781s] --   Found bullet, version 3.05
[0.865s] -- Found fcl: /usr/include (found suitable version "0.7.0", minimum required is "0.5.0")
[0.903s] -- Found assimp: /usr/include (found version "5.2.0")
[0.903s] [33mCMake Warning (dev) at /usr/share/dart/cmake/DARTFindBoost.cmake:20 (find_package):
[0.903s]   Policy CMP0167 is not set: The FindBoost module is removed.  Run "cmake
[0.903s]   --help-policy CMP0167" for policy details.  Use the cmake_policy command to
[0.903s]   set the policy and suppress this warning.
[0.903s] 
[0.903s] Call Stack (most recent call first):
[0.903s]   /usr/share/dart/cmake/dart_dartComponent.cmake:6 (include)
[0.903s]   /usr/share/dart/cmake/DARTConfig.cmake:73 (include)
[0.904s]   /usr/share/dart/cmake/DARTConfig.cmake:133 (dart_traverse_components)
[0.904s]   /usr/share/dart/cmake/DARTConfig.cmake:181 (dart_package_init)
[0.904s]   /usr/lib/x86_64-linux-gnu/cmake/gazebo/gazebo-config.cmake:166 (find_package)
[0.904s]   CMakeLists.txt:23 (find_package)
[0.904s] This warning is for project developers.  Use -Wno-dev to suppress it.
[0.904s] [0m
[0.930s] -- Found DART: /usr/include (Required is at least version "6.6") found components: dart
[0.938s] [33mCMake Warning (dev) at /usr/lib/x86_64-linux-gnu/cmake/gazebo/gazebo-config.cmake:197 (find_package):
[0.938s]   Policy CMP0167 is not set: The FindBoost module is removed.  Run "cmake
[0.938s]   --help-policy CMP0167" for policy details.  Use the cmake_policy command to
[0.939s]   set the policy and suppress this warning.
[0.939s] 
[0.939s] Call Stack (most recent call first):
[0.939s]   CMakeLists.txt:23 (find_package)
[0.939s] This warning is for project developers.  Use -Wno-dev to suppress it.
[0.939s] [0m
[1.035s] -- Found Boost: /usr/lib/x86_64-linux-gnu/cmake/Boost-1.74.0/BoostConfig.cmake (found suitable version "1.74.0", minimum required is "1.40.0") found components: thread system filesystem program_options regex iostreams date_time
[1.063s] -- Found Protobuf: /usr/lib/x86_64-linux-gnu/libprotobuf.so (found version "3.12.4")
[1.069s] -- Looking for ignition-math6 -- found version 6.15.1
[1.078s] -- Searching for dependencies of ignition-math6
[1.080s] -- Looking for OGRE...
[1.081s] -- OGRE_PREFIX_WATCH changed.
[1.086s] -- Checking for module 'OGRE'
[1.096s] --   Found OGRE, version 1.9.0
[1.123s] -- Found Ogre Ghadamon (1.9.0)
[1.143s] -- Found OGRE: optimized;/usr/lib/x86_64-linux-gnu/libOgreMain.so;debug;/usr/lib/x86_64-linux-gnu/libOgreMain.so
[1.143s] [33mCMake Warning (dev) at /usr/share/OGRE/cmake/modules/FindOGRE.cmake:309 (find_package):
[1.143s]   Policy CMP0167 is not set: The FindBoost module is removed.  Run "cmake
[1.143s]   --help-policy CMP0167" for policy details.  Use the cmake_policy command to
[1.143s]   set the policy and suppress this warning.
[1.143s] 
[1.143s] Call Stack (most recent call first):
[1.143s]   /usr/lib/x86_64-linux-gnu/cmake/gazebo/gazebo-config.cmake:213 (find_package)
[1.143s]   CMakeLists.txt:23 (find_package)
[1.143s] This warning is for project developers.  Use -Wno-dev to suppress it.
[1.143s] [0m
[1.148s] [33mCMake Warning (dev) at /usr/share/OGRE/cmake/modules/FindOGRE.cmake:318 (find_package):
[1.148s]   Policy CMP0167 is not set: The FindBoost module is removed.  Run "cmake
[1.148s]   --help-policy CMP0167" for policy details.  Use the cmake_policy command to
[1.148s]   set the policy and suppress this warning.
[1.148s] 
[1.148s] Call Stack (most recent call first):
[1.148s]   /usr/lib/x86_64-linux-gnu/cmake/gazebo/gazebo-config.cmake:213 (find_package)
[1.148s]   CMakeLists.txt:23 (find_package)
[1.149s] This warning is for project developers.  Use -Wno-dev to suppress it.
[1.149s] [0m
[1.153s] -- Looking for OGRE_Paging...
[1.164s] -- Found OGRE_Paging: optimized;/usr/lib/x86_64-linux-gnu/libOgrePaging.so;debug;/usr/lib/x86_64-linux-gnu/libOgrePaging.so
[1.164s] -- Looking for OGRE_Terrain...
[1.174s] -- Found OGRE_Terrain: optimized;/usr/lib/x86_64-linux-gnu/libOgreTerrain.so;debug;/usr/lib/x86_64-linux-gnu/libOgreTerrain.so
[1.175s] -- Looking for OGRE_Property...
[1.185s] -- Found OGRE_Property: optimized;/usr/lib/x86_64-linux-gnu/libOgreProperty.so;debug;/usr/lib/x86_64-linux-gnu/libOgreProperty.so
[1.185s] -- Looking for OGRE_RTShaderSystem...
[1.195s] -- Found OGRE_RTShaderSystem: optimized;/usr/lib/x86_64-linux-gnu/libOgreRTShaderSystem.so;debug;/usr/lib/x86_64-linux-gnu/libOgreRTShaderSystem.so
[1.195s] -- Looking for OGRE_Volume...
[1.205s] -- Found OGRE_Volume: optimized;/usr/lib/x86_64-linux-gnu/libOgreVolume.so;debug;/usr/lib/x86_64-linux-gnu/libOgreVolume.so
[1.205s] -- Looking for OGRE_Overlay...
[1.216s] -- Found OGRE_Overlay: optimized;/usr/lib/x86_64-linux-gnu/libOgreOverlay.so;debug;/usr/lib/x86_64-linux-gnu/libOgreOverlay.so
[1.426s] -- Looking for ignition-math6 -- found version 6.15.1
[1.429s] -- Looking for ignition-transport8 -- found version 8.2.1
[1.430s] -- Searching for dependencies of ignition-transport8
[1.447s] -- Found Protobuf: /usr/lib/x86_64-linux-gnu/libprotobuf.so (found suitable version "3.12.4", minimum required is "3")
[1.457s] -- Config-file not installed for ZeroMQ -- checking for pkg-config
[1.461s] -- Checking for module 'libzmq >= 4'
[1.473s] --   Found libzmq, version 4.3.4
[1.502s] -- Found ZeroMQ: TRUE (Required is at least version "4")
[1.508s] -- Checking for module 'uuid'
[1.518s] --   Found uuid, version 2.37.2
[1.543s] -- Found UUID: TRUE
[1.546s] -- Looking for ignition-msgs5 -- found version 5.8.1
[1.546s] -- Searching for dependencies of ignition-msgs5
[1.569s] -- Looking for ignition-math6 -- found version 6.15.1
[1.576s] -- Checking for module 'tinyxml2'
[1.589s] --   Found tinyxml2, version 9.0.0
[1.614s] -- Looking for ignition-msgs5 -- found version 5.8.1
[1.617s] -- Looking for ignition-common3 -- found version 3.14.0
[1.617s] -- Searching for dependencies of ignition-common3
[1.618s] -- Looking for dlfcn.h - found
[1.619s] -- Looking for libdl - found
[1.621s] -- Found DL: TRUE
[1.633s] -- Found tinyobjloader: /usr/lib/x86_64-linux-gnu/cmake/tinyobjloader/tinyobjloader-config.cmake (found version "2.0.0")
[1.634s] -- Searching for <ignition-common3> component [graphics]
[1.636s] -- Looking for ignition-common3-graphics -- found version 3.14.0
[1.636s] -- Searching for dependencies of ignition-common3-graphics
[1.636s] -- Looking for ignition-math6 -- found version 6.15.1
[1.640s] -- Looking for ignition-fuel_tools4 -- found version 4.4.0
[1.640s] -- Searching for dependencies of ignition-fuel_tools4
[1.706s] -- Found CURL: /usr/lib/x86_64-linux-gnu/libcurl.so (found version "7.81.0")
[1.709s] [0mCMake Deprecation Warning at /usr/lib/x86_64-linux-gnu/cmake/jsoncpp/jsoncppConfig.cmake:2 (cmake_policy):
[1.710s]   Compatibility with CMake < 3.5 will be removed from a future version of
[1.710s]   CMake.
[1.710s] 
[1.710s]   Update the VERSION argument <min> value or use a ...<max> suffix to tell
[1.710s]   CMake that the project does not need compatibility with older versions.
[1.710s] Call Stack (most recent call first):
[1.710s]   /usr/share/cmake/ignition-cmake2/cmake2/FindJSONCPP.cmake:34 (find_package)
[1.710s]   /usr/lib/x86_64-linux-gnu/cmake/ignition-fuel_tools4/ignition-fuel_tools4-config.cmake:94 (find_package)
[1.710s]   /usr/lib/x86_64-linux-gnu/cmake/gazebo/gazebo-config.cmake:251 (find_package)
[1.710s]   CMakeLists.txt:23 (find_package)
[1.710s] 
[1.710s] [0m
[1.715s] -- Checking for module 'jsoncpp'
[1.726s] --   Found jsoncpp, version 1.9.5
[1.750s] -- Found JSONCPP: TRUE
[1.757s] -- Checking for module 'libzip'
[1.767s] --   Found libzip, version 1.7.3
[1.792s] -- Found ZIP: TRUE
[1.792s] -- Looking for ignition-common3 -- found version 3.14.0
[1.793s] -- Looking for ignition-math6 -- found version 6.15.1
[1.793s] -- Looking for ignition-msgs5 -- found version 5.8.1
[1.799s] -- Found gazebo_ros_pkgs: 3.7.0 (/opt/ros/humble/share/gazebo_ros_pkgs/cmake)
[1.801s] -- Found geometry_msgs: 4.2.4 (/opt/ros/humble/share/geometry_msgs/cmake)
[1.835s] -- Found rosidl_generator_c: 3.1.5 (/opt/ros/humble/share/rosidl_generator_c/cmake)
[1.841s] -- Found rosidl_adapter: 3.1.5 (/opt/ros/humble/share/rosidl_adapter/cmake)
[1.850s] -- Found rosidl_generator_cpp: 3.1.5 (/opt/ros/humble/share/rosidl_generator_cpp/cmake)
[1.864s] -- Using all available rosidl_typesupport_c: rosidl_typesupport_fastrtps_c;rosidl_typesupport_introspection_c
[1.883s] -- Using all available rosidl_typesupport_cpp: rosidl_typesupport_fastrtps_cpp;rosidl_typesupport_introspection_cpp
[1.936s] -- Found nav_msgs: 4.2.4 (/opt/ros/humble/share/nav_msgs/cmake)
[1.961s] -- Found rclcpp: 16.0.10 (/opt/ros/humble/share/rclcpp/cmake)
[2.006s] -- Found rmw_implementation_cmake: 6.1.2 (/opt/ros/humble/share/rmw_implementation_cmake/cmake)
[2.009s] -- Found rmw_fastrtps_cpp: 6.2.7 (/opt/ros/humble/share/rmw_fastrtps_cpp/cmake)
[2.095s] -- Found OpenSSL: /usr/lib/x86_64-linux-gnu/libcrypto.so (found version "3.0.2")
[2.124s] -- Found FastRTPS: /opt/ros/humble/include
[2.170s] -- Using RMW implementation 'rmw_fastrtps_cpp' as default
[2.180s] -- Found Threads: TRUE
[2.234s] -- Found sensor_msgs: 4.2.4 (/opt/ros/humble/share/sensor_msgs/cmake)
[2.260s] -- Found tf2: 0.25.8 (/opt/ros/humble/share/tf2/cmake)
[2.344s] -- Configuring done (2.3s)
[2.387s] -- Generating done (0.0s)
[2.388s] -- Build files have been written to: /home/rokey/turtlebot3_ws/src/build/turtlebot3_gazebo
[2.403s] Invoked command in '/home/rokey/turtlebot3_ws/src/build/turtlebot3_gazebo' returned '0': CMAKE_PREFIX_PATH=${CMAKE_PREFIX_PATH}:/opt/ros/humble /usr/local/bin/cmake /home/rokey/turtlebot3_ws/src/turtlebot3_simulations/turtlebot3_gazebo -DAMENT_CMAKE_SYMLINK_INSTALL=1 -DCMAKE_INSTALL_PREFIX=/home/rokey/turtlebot3_ws/src/install/turtlebot3_gazebo
[2.405s] Invoking command in '/home/rokey/turtlebot3_ws/src/build/turtlebot3_gazebo': CMAKE_PREFIX_PATH=${CMAKE_PREFIX_PATH}:/opt/ros/humble /usr/local/bin/cmake --build /home/rokey/turtlebot3_ws/src/build/turtlebot3_gazebo -- -j8 -l8
[2.434s] [ 37%] [32mBuilding CXX object CMakeFiles/obstacle1.dir/models/turtlebot3_dqn_world/obstacle_plugin/obstacle1.cc.o[0m
[2.434s] [ 37%] [32mBuilding CXX object CMakeFiles/obstacle2.dir/models/turtlebot3_dqn_world/obstacle_plugin/obstacle2.cc.o[0m
[2.434s] [ 37%] [32mBuilding CXX object CMakeFiles/turtlebot3_drive.dir/src/turtlebot3_drive.cpp.o[0m
[2.434s] [ 50%] [32mBuilding CXX object CMakeFiles/obstacles.dir/models/turtlebot3_dqn_world/obstacle_plugin/obstacles.cc.o[0m
[20.516s] [ 62%] [32m[1mLinking CXX executable turtlebot3_drive[0m
[21.533s] [ 75%] [32m[1mLinking CXX shared library libobstacles.so[0m
[21.951s] [ 75%] Built target turtlebot3_drive
[22.225s] [ 75%] Built target obstacles
[24.479s] [ 87%] [32m[1mLinking CXX shared library libobstacle2.so[0m
[24.498s] [100%] [32m[1mLinking CXX shared library libobstacle1.so[0m
[25.188s] [100%] Built target obstacle2
[25.241s] [100%] Built target obstacle1
[25.261s] Invoked command in '/home/rokey/turtlebot3_ws/src/build/turtlebot3_gazebo' returned '0': CMAKE_PREFIX_PATH=${CMAKE_PREFIX_PATH}:/opt/ros/humble /usr/local/bin/cmake --build /home/rokey/turtlebot3_ws/src/build/turtlebot3_gazebo -- -j8 -l8
[25.324s] Invoking command in '/home/rokey/turtlebot3_ws/src/build/turtlebot3_gazebo': CMAKE_PREFIX_PATH=${CMAKE_PREFIX_PATH}:/opt/ros/humble /usr/local/bin/cmake --install /home/rokey/turtlebot3_ws/src/build/turtlebot3_gazebo
[25.330s] -- Install configuration: ""
[25.333s] -- Execute custom install script
[25.334s] -- Symlinking: /home/rokey/turtlebot3_ws/src/install/turtlebot3_gazebo/lib/turtlebot3_gazebo/turtlebot3_drive
[25.341s] -- Symlinking: /home/rokey/turtlebot3_ws/src/install/turtlebot3_gazebo/share/turtlebot3_gazebo//launch/empty_world.launch.py
[25.345s] -- Symlinking: /home/rokey/turtlebot3_ws/src/install/turtlebot3_gazebo/share/turtlebot3_gazebo//launch/robot_state_publisher.launch.py
[25.351s] -- Symlinking: /home/rokey/turtlebot3_ws/src/install/turtlebot3_gazebo/share/turtlebot3_gazebo//launch/spawn_turtlebot3.launch.py
[25.356s] -- Symlinking: /home/rokey/turtlebot3_ws/src/install/turtlebot3_gazebo/share/turtlebot3_gazebo//launch/turtlebot3_dqn_stage1.launch.py
[25.360s] -- Symlinking: /home/rokey/turtlebot3_ws/src/install/turtlebot3_gazebo/share/turtlebot3_gazebo//launch/turtlebot3_dqn_stage2.launch.py
[25.365s] -- Symlinking: /home/rokey/turtlebot3_ws/src/install/turtlebot3_gazebo/share/turtlebot3_gazebo//launch/turtlebot3_dqn_stage3.launch.py
[25.372s] -- Symlinking: /home/rokey/turtlebot3_ws/src/install/turtlebot3_gazebo/share/turtlebot3_gazebo//launch/turtlebot3_dqn_stage4.launch.py
[25.380s] -- Symlinking: /home/rokey/turtlebot3_ws/src/install/turtlebot3_gazebo/share/turtlebot3_gazebo//launch/turtlebot3_house.launch.py
[25.385s] -- Symlinking: /home/rokey/turtlebot3_ws/src/install/turtlebot3_gazebo/share/turtlebot3_gazebo//launch/turtlebot3_world.launch.py
[25.393s] -- Symlinking: /home/rokey/turtlebot3_ws/src/install/turtlebot3_gazebo/share/turtlebot3_gazebo//models/turtlebot3_burger/model-1_4.sdf
[25.400s] -- Symlinking: /home/rokey/turtlebot3_ws/src/install/turtlebot3_gazebo/share/turtlebot3_gazebo//models/turtlebot3_burger/model.config
[25.406s] -- Symlinking: /home/rokey/turtlebot3_ws/src/install/turtlebot3_gazebo/share/turtlebot3_gazebo//models/turtlebot3_burger/model.sdf
[25.410s] -- Symlinking: /home/rokey/turtlebot3_ws/src/install/turtlebot3_gazebo/share/turtlebot3_gazebo//models/turtlebot3_common/meshes/burger_base.dae
[25.418s] -- Symlinking: /home/rokey/turtlebot3_ws/src/install/turtlebot3_gazebo/share/turtlebot3_gazebo//models/turtlebot3_common/meshes/lds.dae
[25.423s] -- Symlinking: /home/rokey/turtlebot3_ws/src/install/turtlebot3_gazebo/share/turtlebot3_gazebo//models/turtlebot3_common/meshes/r200.dae
[25.427s] -- Symlinking: /home/rokey/turtlebot3_ws/src/install/turtlebot3_gazebo/share/turtlebot3_gazebo//models/turtlebot3_common/meshes/tire.dae
[25.435s] -- Symlinking: /home/rokey/turtlebot3_ws/src/install/turtlebot3_gazebo/share/turtlebot3_gazebo//models/turtlebot3_common/meshes/waffle_base.dae
[25.441s] -- Symlinking: /home/rokey/turtlebot3_ws/src/install/turtlebot3_gazebo/share/turtlebot3_gazebo//models/turtlebot3_common/meshes/waffle_pi_base.dae
[25.447s] -- Symlinking: /home/rokey/turtlebot3_ws/src/install/turtlebot3_gazebo/share/turtlebot3_gazebo//models/turtlebot3_common/model.config
[25.455s] -- Symlinking: /home/rokey/turtlebot3_ws/src/install/turtlebot3_gazebo/share/turtlebot3_gazebo//models/turtlebot3_dqn_world/goal_box/model.config
[25.469s] -- Symlinking: /home/rokey/turtlebot3_ws/src/install/turtlebot3_gazebo/share/turtlebot3_gazebo//models/turtlebot3_dqn_world/goal_box/model.sdf
[25.477s] -- Symlinking: /home/rokey/turtlebot3_ws/src/install/turtlebot3_gazebo/share/turtlebot3_gazebo//models/turtlebot3_dqn_world/inner_walls/model.config
[25.487s] -- Symlinking: /home/rokey/turtlebot3_ws/src/install/turtlebot3_gazebo/share/turtlebot3_gazebo//models/turtlebot3_dqn_world/inner_walls/model.sdf
[25.495s] -- Symlinking: /home/rokey/turtlebot3_ws/src/install/turtlebot3_gazebo/share/turtlebot3_gazebo//models/turtlebot3_dqn_world/model.config
[25.505s] -- Symlinking: /home/rokey/turtlebot3_ws/src/install/turtlebot3_gazebo/share/turtlebot3_gazebo//models/turtlebot3_dqn_world/model.sdf
[25.516s] -- Symlinking: /home/rokey/turtlebot3_ws/src/install/turtlebot3_gazebo/share/turtlebot3_gazebo//models/turtlebot3_dqn_world/obstacle1/model.config
[25.525s] -- Symlinking: /home/rokey/turtlebot3_ws/src/install/turtlebot3_gazebo/share/turtlebot3_gazebo//models/turtlebot3_dqn_world/obstacle1/model.sdf
[25.534s] -- Symlinking: /home/rokey/turtlebot3_ws/src/install/turtlebot3_gazebo/share/turtlebot3_gazebo//models/turtlebot3_dqn_world/obstacle2/model.config
[25.542s] -- Symlinking: /home/rokey/turtlebot3_ws/src/install/turtlebot3_gazebo/share/turtlebot3_gazebo//models/turtlebot3_dqn_world/obstacle2/model.sdf
[25.554s] -- Symlinking: /home/rokey/turtlebot3_ws/src/install/turtlebot3_gazebo/share/turtlebot3_gazebo//models/turtlebot3_dqn_world/obstacle_plugin/CMakeLists.txt
[25.563s] -- Symlinking: /home/rokey/turtlebot3_ws/src/install/turtlebot3_gazebo/share/turtlebot3_gazebo//models/turtlebot3_dqn_world/obstacle_plugin/obstacle1.cc
[25.576s] -- Symlinking: /home/rokey/turtlebot3_ws/src/install/turtlebot3_gazebo/share/turtlebot3_gazebo//models/turtlebot3_dqn_world/obstacle_plugin/obstacle2.cc
[25.587s] -- Symlinking: /home/rokey/turtlebot3_ws/src/install/turtlebot3_gazebo/share/turtlebot3_gazebo//models/turtlebot3_dqn_world/obstacle_plugin/obstacles.cc
[25.596s] -- Symlinking: /home/rokey/turtlebot3_ws/src/install/turtlebot3_gazebo/share/turtlebot3_gazebo//models/turtlebot3_dqn_world/obstacles/model.config
[25.612s] -- Symlinking: /home/rokey/turtlebot3_ws/src/install/turtlebot3_gazebo/share/turtlebot3_gazebo//models/turtlebot3_dqn_world/obstacles/model.sdf
[25.627s] -- Symlinking: /home/rokey/turtlebot3_ws/src/install/turtlebot3_gazebo/share/turtlebot3_gazebo//models/turtlebot3_house/model.config
[25.635s] -- Symlinking: /home/rokey/turtlebot3_ws/src/install/turtlebot3_gazebo/share/turtlebot3_gazebo//models/turtlebot3_house/model.sdf
[25.647s] -- Symlinking: /home/rokey/turtlebot3_ws/src/install/turtlebot3_gazebo/share/turtlebot3_gazebo//models/turtlebot3_waffle/model-1_4.sdf
[25.652s] -- Symlinking: /home/rokey/turtlebot3_ws/src/install/turtlebot3_gazebo/share/turtlebot3_gazebo//models/turtlebot3_waffle/model.config
[25.663s] -- Symlinking: /home/rokey/turtlebot3_ws/src/install/turtlebot3_gazebo/share/turtlebot3_gazebo//models/turtlebot3_waffle/model.sdf
[25.677s] -- Symlinking: /home/rokey/turtlebot3_ws/src/install/turtlebot3_gazebo/share/turtlebot3_gazebo//models/turtlebot3_waffle_pi/model-1_4_.sdf
[25.684s] -- Symlinking: /home/rokey/turtlebot3_ws/src/install/turtlebot3_gazebo/share/turtlebot3_gazebo//models/turtlebot3_waffle_pi/model.config
[25.694s] -- Symlinking: /home/rokey/turtlebot3_ws/src/install/turtlebot3_gazebo/share/turtlebot3_gazebo//models/turtlebot3_waffle_pi/model.sdf
[25.706s] -- Symlinking: /home/rokey/turtlebot3_ws/src/install/turtlebot3_gazebo/share/turtlebot3_gazebo//models/turtlebot3_world/meshes/hexagon.dae
[25.715s] -- Symlinking: /home/rokey/turtlebot3_ws/src/install/turtlebot3_gazebo/share/turtlebot3_gazebo//models/turtlebot3_world/meshes/wall.dae
[25.726s] -- Symlinking: /home/rokey/turtlebot3_ws/src/install/turtlebot3_gazebo/share/turtlebot3_gazebo//models/turtlebot3_world/model-1_4.sdf
[25.735s] -- Symlinking: /home/rokey/turtlebot3_ws/src/install/turtlebot3_gazebo/share/turtlebot3_gazebo//models/turtlebot3_world/model.config
[25.747s] -- Symlinking: /home/rokey/turtlebot3_ws/src/install/turtlebot3_gazebo/share/turtlebot3_gazebo//models/turtlebot3_world/model.sdf
[25.756s] -- Symlinking: /home/rokey/turtlebot3_ws/src/install/turtlebot3_gazebo/share/turtlebot3_gazebo//rviz/tb3_gazebo.rviz
[25.764s] -- Symlinking: /home/rokey/turtlebot3_ws/src/install/turtlebot3_gazebo/share/turtlebot3_gazebo//urdf/common_properties.urdf
[25.772s] -- Symlinking: /home/rokey/turtlebot3_ws/src/install/turtlebot3_gazebo/share/turtlebot3_gazebo//urdf/turtlebot3_burger.urdf
[25.780s] -- Symlinking: /home/rokey/turtlebot3_ws/src/install/turtlebot3_gazebo/share/turtlebot3_gazebo//urdf/turtlebot3_waffle.urdf
[25.788s] -- Symlinking: /home/rokey/turtlebot3_ws/src/install/turtlebot3_gazebo/share/turtlebot3_gazebo//urdf/turtlebot3_waffle_pi.urdf
[25.798s] -- Symlinking: /home/rokey/turtlebot3_ws/src/install/turtlebot3_gazebo/share/turtlebot3_gazebo//worlds/empty_world.world
[25.804s] -- Symlinking: /home/rokey/turtlebot3_ws/src/install/turtlebot3_gazebo/share/turtlebot3_gazebo//worlds/turtlebot3_dqn_stage1.world
[25.810s] -- Symlinking: /home/rokey/turtlebot3_ws/src/install/turtlebot3_gazebo/share/turtlebot3_gazebo//worlds/turtlebot3_dqn_stage2.world
[25.821s] -- Symlinking: /home/rokey/turtlebot3_ws/src/install/turtlebot3_gazebo/share/turtlebot3_gazebo//worlds/turtlebot3_dqn_stage3.world
[25.831s] -- Symlinking: /home/rokey/turtlebot3_ws/src/install/turtlebot3_gazebo/share/turtlebot3_gazebo//worlds/turtlebot3_dqn_stage4.world
[25.836s] -- Symlinking: /home/rokey/turtlebot3_ws/src/install/turtlebot3_gazebo/share/turtlebot3_gazebo//worlds/turtlebot3_house.world
[25.848s] -- Symlinking: /home/rokey/turtlebot3_ws/src/install/turtlebot3_gazebo/share/turtlebot3_gazebo//worlds/turtlebot3_world.world
[25.858s] -- Symlinking: /home/rokey/turtlebot3_ws/src/install/turtlebot3_gazebo/include//turtlebot3_gazebo/turtlebot3_drive.hpp
[25.869s] -- Symlinking: /home/rokey/turtlebot3_ws/src/install/turtlebot3_gazebo/share/ament_index/resource_index/package_run_dependencies/turtlebot3_gazebo
[25.883s] -- Symlinking: /home/rokey/turtlebot3_ws/src/install/turtlebot3_gazebo/share/ament_index/resource_index/parent_prefix_path/turtlebot3_gazebo
[25.890s] -- Symlinking: /home/rokey/turtlebot3_ws/src/install/turtlebot3_gazebo/share/turtlebot3_gazebo/environment/ament_prefix_path.sh
[25.901s] -- Symlinking: /home/rokey/turtlebot3_ws/src/install/turtlebot3_gazebo/share/turtlebot3_gazebo/environment/ament_prefix_path.dsv
[25.910s] -- Symlinking: /home/rokey/turtlebot3_ws/src/install/turtlebot3_gazebo/share/turtlebot3_gazebo/environment/path.sh
[25.920s] -- Symlinking: /home/rokey/turtlebot3_ws/src/install/turtlebot3_gazebo/share/turtlebot3_gazebo/environment/path.dsv
[25.927s] -- Symlinking: /home/rokey/turtlebot3_ws/src/install/turtlebot3_gazebo/share/turtlebot3_gazebo/local_setup.bash
[25.932s] -- Symlinking: /home/rokey/turtlebot3_ws/src/install/turtlebot3_gazebo/share/turtlebot3_gazebo/local_setup.sh
[25.942s] -- Symlinking: /home/rokey/turtlebot3_ws/src/install/turtlebot3_gazebo/share/turtlebot3_gazebo/local_setup.zsh
[25.951s] -- Symlinking: /home/rokey/turtlebot3_ws/src/install/turtlebot3_gazebo/share/turtlebot3_gazebo/local_setup.dsv
[25.959s] -- Symlinking: /home/rokey/turtlebot3_ws/src/install/turtlebot3_gazebo/share/turtlebot3_gazebo/package.dsv
[25.965s] -- Symlinking: /home/rokey/turtlebot3_ws/src/install/turtlebot3_gazebo/share/ament_index/resource_index/packages/turtlebot3_gazebo
[25.974s] -- Symlinking: /home/rokey/turtlebot3_ws/src/install/turtlebot3_gazebo/share/turtlebot3_gazebo/cmake/ament_cmake_export_include_directories-extras.cmake
[25.979s] -- Symlinking: /home/rokey/turtlebot3_ws/src/install/turtlebot3_gazebo/share/turtlebot3_gazebo/cmake/ament_cmake_export_dependencies-extras.cmake
[25.984s] -- Symlinking: /home/rokey/turtlebot3_ws/src/install/turtlebot3_gazebo/share/turtlebot3_gazebo/cmake/turtlebot3_gazeboConfig.cmake
[25.995s] -- Symlinking: /home/rokey/turtlebot3_ws/src/install/turtlebot3_gazebo/share/turtlebot3_gazebo/cmake/turtlebot3_gazeboConfig-version.cmake
[26.001s] -- Symlinking: /home/rokey/turtlebot3_ws/src/install/turtlebot3_gazebo/share/turtlebot3_gazebo/package.xml
[26.014s] Invoked command in '/home/rokey/turtlebot3_ws/src/build/turtlebot3_gazebo' returned '0': CMAKE_PREFIX_PATH=${CMAKE_PREFIX_PATH}:/opt/ros/humble /usr/local/bin/cmake --install /home/rokey/turtlebot3_ws/src/build/turtlebot3_gazebo
